[4.358s] Invoking command in '/home/ubuntu/ros2-rover/build/tractor_bringup': PYTHONPATH=/home/ubuntu/ros2-rover/build/tractor_bringup/prefix_override:/usr/lib/python3/dist-packages/colcon_core/task/python/colcon_distutils_commands:/home/ubuntu/ros2-rover/install/tractor_bringup/lib/python3.12/site-packages:${PYTHONPATH} /usr/bin/python3 -W ignore:setup.py install is deprecated -W ignore:easy_install command is deprecated setup.py develop --editable --build-directory /home/ubuntu/ros2-rover/build/tractor_bringup/build --no-deps symlink_data --force
[5.131s] running develop
[5.458s] running egg_info
[5.489s] writing tractor_bringup.egg-info/PKG-INFO
[5.490s] writing dependency_links to tractor_bringup.egg-info/dependency_links.txt
[5.491s] writing requirements to tractor_bringup.egg-info/requires.txt
[5.492s] writing top-level names to tractor_bringup.egg-info/top_level.txt
[5.554s] reading manifest file 'tractor_bringup.egg-info/SOURCES.txt'
[5.555s] writing manifest file 'tractor_bringup.egg-info/SOURCES.txt'
[5.589s] running build_ext
[5.590s] Creating /home/ubuntu/ros2-rover/install/tractor_bringup/lib/python3.12/site-packages/tractor-bringup.egg-link (link to .)
[5.590s] 
[5.591s] Installed /home/ubuntu/ros2-rover/build/tractor_bringup
[5.592s] running symlink_data
[5.592s] symbolically linking /home/ubuntu/ros2-rover/build/tractor_bringup/resource/tractor_bringup -> /home/ubuntu/ros2-rover/install/tractor_bringup/share/ament_index/resource_index/packages
[5.593s] symbolically linking /home/ubuntu/ros2-rover/build/tractor_bringup/package.xml -> /home/ubuntu/ros2-rover/install/tractor_bringup/share/tractor_bringup
[5.593s] symbolically linking /home/ubuntu/ros2-rover/build/tractor_bringup/launch/control.launch.py -> /home/ubuntu/ros2-rover/install/tractor_bringup/share/tractor_bringup/launch
[5.594s] symbolically linking /home/ubuntu/ros2-rover/build/tractor_bringup/launch/implements.launch.py -> /home/ubuntu/ros2-rover/install/tractor_bringup/share/tractor_bringup/launch
[5.594s] symbolically linking /home/ubuntu/ros2-rover/build/tractor_bringup/launch/navigation.launch.py -> /home/ubuntu/ros2-rover/install/tractor_bringup/share/tractor_bringup/launch
[5.596s] symbolically linking /home/ubuntu/ros2-rover/build/tractor_bringup/launch/robot_description.launch.py -> /home/ubuntu/ros2-rover/install/tractor_bringup/share/tractor_bringup/launch
[5.596s] symbolically linking /home/ubuntu/ros2-rover/build/tractor_bringup/launch/sensors.launch.py -> /home/ubuntu/ros2-rover/install/tractor_bringup/share/tractor_bringup/launch
[5.597s] symbolically linking /home/ubuntu/ros2-rover/build/tractor_bringup/launch/tractor_bringup.launch.py -> /home/ubuntu/ros2-rover/install/tractor_bringup/share/tractor_bringup/launch
[5.597s] symbolically linking /home/ubuntu/ros2-rover/build/tractor_bringup/launch/tractor_gazebo.launch.py -> /home/ubuntu/ros2-rover/install/tractor_bringup/share/tractor_bringup/launch
[5.598s] symbolically linking /home/ubuntu/ros2-rover/build/tractor_bringup/launch/tractor_sim.launch.py -> /home/ubuntu/ros2-rover/install/tractor_bringup/share/tractor_bringup/launch
[5.598s] symbolically linking /home/ubuntu/ros2-rover/build/tractor_bringup/launch/vision.launch.py -> /home/ubuntu/ros2-rover/install/tractor_bringup/share/tractor_bringup/launch
[5.599s] symbolically linking /home/ubuntu/ros2-rover/build/tractor_bringup/launch/hiwonder_control.launch.py -> /home/ubuntu/ros2-rover/install/tractor_bringup/share/tractor_bringup/launch
[5.599s] symbolically linking /home/ubuntu/ros2-rover/build/tractor_bringup/launch/robot_localization.launch.py -> /home/ubuntu/ros2-rover/install/tractor_bringup/share/tractor_bringup/launch
[5.600s] symbolically linking /home/ubuntu/ros2-rover/build/tractor_bringup/launch/slam_mapping.launch.py -> /home/ubuntu/ros2-rover/install/tractor_bringup/share/tractor_bringup/launch
[5.600s] symbolically linking /home/ubuntu/ros2-rover/build/tractor_bringup/launch/control_with_feedback.launch.py -> /home/ubuntu/ros2-rover/install/tractor_bringup/share/tractor_bringup/launch
[5.601s] symbolically linking /home/ubuntu/ros2-rover/build/tractor_bringup/launch/xbox_teleop_with_feedback.launch.py -> /home/ubuntu/ros2-rover/install/tractor_bringup/share/tractor_bringup/launch
[5.601s] symbolically linking /home/ubuntu/ros2-rover/build/tractor_bringup/urdf/tractor.urdf.xacro -> /home/ubuntu/ros2-rover/install/tractor_bringup/share/tractor_bringup/urdf
[5.603s] symbolically linking /home/ubuntu/ros2-rover/build/tractor_bringup/config/nav2_params.yaml -> /home/ubuntu/ros2-rover/install/tractor_bringup/share/tractor_bringup/config
[5.604s] symbolically linking /home/ubuntu/ros2-rover/build/tractor_bringup/config/robot_localization.yaml -> /home/ubuntu/ros2-rover/install/tractor_bringup/share/tractor_bringup/config
[5.607s] symbolically linking /home/ubuntu/ros2-rover/build/tractor_bringup/config/slam_toolbox_params.yaml -> /home/ubuntu/ros2-rover/install/tractor_bringup/share/tractor_bringup/config
[5.608s] symbolically linking /home/ubuntu/ros2-rover/build/tractor_bringup/config/hiwonder_motor_params.yaml -> /home/ubuntu/ros2-rover/install/tractor_bringup/share/tractor_bringup/config
[5.616s] symbolically linking /home/ubuntu/ros2-rover/build/tractor_bringup/maps/yard_map.yaml -> /home/ubuntu/ros2-rover/install/tractor_bringup/share/tractor_bringup/maps
[5.618s] symbolically linking /home/ubuntu/ros2-rover/build/tractor_bringup/maps/yard_map.pgm -> /home/ubuntu/ros2-rover/install/tractor_bringup/share/tractor_bringup/maps
[5.699s] Invoked command in '/home/ubuntu/ros2-rover/build/tractor_bringup' returned '0': PYTHONPATH=/home/ubuntu/ros2-rover/build/tractor_bringup/prefix_override:/usr/lib/python3/dist-packages/colcon_core/task/python/colcon_distutils_commands:/home/ubuntu/ros2-rover/install/tractor_bringup/lib/python3.12/site-packages:${PYTHONPATH} /usr/bin/python3 -W ignore:setup.py install is deprecated -W ignore:easy_install command is deprecated setup.py develop --editable --build-directory /home/ubuntu/ros2-rover/build/tractor_bringup/build --no-deps symlink_data --force
