[4.123s] Invoking command in '/home/ubuntu/ros2-rover/build/tractor_coverage': PYTHONPATH=/home/ubuntu/ros2-rover/build/tractor_coverage/prefix_override:/usr/lib/python3/dist-packages/colcon_core/task/python/colcon_distutils_commands:/home/ubuntu/ros2-rover/install/tractor_coverage/lib/python3.12/site-packages:${PYTHONPATH} /usr/bin/python3 -W ignore:setup.py install is deprecated -W ignore:easy_install command is deprecated setup.py develop --uninstall --editable --build-directory /home/ubuntu/ros2-rover/build/tractor_coverage/build
[5.313s] running develop
[5.637s] Removing /home/ubuntu/ros2-rover/install/tractor_coverage/lib/python3.12/site-packages/tractor-coverage.egg-link (link to .)
[5.732s] Invoked command in '/home/ubuntu/ros2-rover/build/tractor_coverage' returned '0': PYTHONPATH=/home/ubuntu/ros2-rover/build/tractor_coverage/prefix_override:/usr/lib/python3/dist-packages/colcon_core/task/python/colcon_distutils_commands:/home/ubuntu/ros2-rover/install/tractor_coverage/lib/python3.12/site-packages:${PYTHONPATH} /usr/bin/python3 -W ignore:setup.py install is deprecated -W ignore:easy_install command is deprecated setup.py develop --uninstall --editable --build-directory /home/ubuntu/ros2-rover/build/tractor_coverage/build
[5.735s] Invoking command in '/home/ubuntu/ros2-rover/src/tractor_coverage': PYTHONPATH=/home/ubuntu/ros2-rover/build/tractor_coverage/prefix_override:/usr/lib/python3/dist-packages/colcon_core/task/python/colcon_distutils_commands:/home/ubuntu/ros2-rover/install/tractor_coverage/lib/python3.12/site-packages:${PYTHONPATH} /usr/bin/python3 -W ignore:setup.py install is deprecated -W ignore:easy_install command is deprecated setup.py egg_info --egg-base ../../build/tractor_coverage build --build-base /home/ubuntu/ros2-rover/build/tractor_coverage/build install --record /home/ubuntu/ros2-rover/build/tractor_coverage/install.log --single-version-externally-managed install_data --force
[6.344s] running egg_info
[6.374s] writing ../../build/tractor_coverage/tractor_coverage.egg-info/PKG-INFO
[6.375s] writing dependency_links to ../../build/tractor_coverage/tractor_coverage.egg-info/dependency_links.txt
[6.376s] writing entry points to ../../build/tractor_coverage/tractor_coverage.egg-info/entry_points.txt
[6.376s] writing requirements to ../../build/tractor_coverage/tractor_coverage.egg-info/requires.txt
[6.377s] writing top-level names to ../../build/tractor_coverage/tractor_coverage.egg-info/top_level.txt
[6.441s] reading manifest file '../../build/tractor_coverage/tractor_coverage.egg-info/SOURCES.txt'
[6.441s] writing manifest file '../../build/tractor_coverage/tractor_coverage.egg-info/SOURCES.txt'
[6.442s] running build
[6.443s] running build_py
[6.443s] creating /home/ubuntu/ros2-rover/build/tractor_coverage/build
[6.444s] creating /home/ubuntu/ros2-rover/build/tractor_coverage/build/lib
[6.444s] creating /home/ubuntu/ros2-rover/build/tractor_coverage/build/lib/tractor_coverage
[6.444s] copying tractor_coverage/coverage_visualizer.py -> /home/ubuntu/ros2-rover/build/tractor_coverage/build/lib/tractor_coverage
[6.445s] copying tractor_coverage/coverage_client.py -> /home/ubuntu/ros2-rover/build/tractor_coverage/build/lib/tractor_coverage
[6.445s] copying tractor_coverage/coverage_action_server.py -> /home/ubuntu/ros2-rover/build/tractor_coverage/build/lib/tractor_coverage
[6.446s] copying tractor_coverage/__init__.py -> /home/ubuntu/ros2-rover/build/tractor_coverage/build/lib/tractor_coverage
[6.446s] copying tractor_coverage/coverage_planner.py -> /home/ubuntu/ros2-rover/build/tractor_coverage/build/lib/tractor_coverage
[6.447s] running install
[6.451s] running install_lib
[6.486s] creating /home/ubuntu/ros2-rover/install/tractor_coverage/lib/python3.12/site-packages/tractor_coverage
[6.487s] copying /home/ubuntu/ros2-rover/build/tractor_coverage/build/lib/tractor_coverage/coverage_visualizer.py -> /home/ubuntu/ros2-rover/install/tractor_coverage/lib/python3.12/site-packages/tractor_coverage
[6.488s] copying /home/ubuntu/ros2-rover/build/tractor_coverage/build/lib/tractor_coverage/coverage_client.py -> /home/ubuntu/ros2-rover/install/tractor_coverage/lib/python3.12/site-packages/tractor_coverage
[6.488s] copying /home/ubuntu/ros2-rover/build/tractor_coverage/build/lib/tractor_coverage/coverage_action_server.py -> /home/ubuntu/ros2-rover/install/tractor_coverage/lib/python3.12/site-packages/tractor_coverage
[6.490s] copying /home/ubuntu/ros2-rover/build/tractor_coverage/build/lib/tractor_coverage/__init__.py -> /home/ubuntu/ros2-rover/install/tractor_coverage/lib/python3.12/site-packages/tractor_coverage
[6.491s] copying /home/ubuntu/ros2-rover/build/tractor_coverage/build/lib/tractor_coverage/coverage_planner.py -> /home/ubuntu/ros2-rover/install/tractor_coverage/lib/python3.12/site-packages/tractor_coverage
[6.491s] byte-compiling /home/ubuntu/ros2-rover/install/tractor_coverage/lib/python3.12/site-packages/tractor_coverage/coverage_visualizer.py to coverage_visualizer.cpython-312.pyc
[6.492s] byte-compiling /home/ubuntu/ros2-rover/install/tractor_coverage/lib/python3.12/site-packages/tractor_coverage/coverage_client.py to coverage_client.cpython-312.pyc
[6.493s] byte-compiling /home/ubuntu/ros2-rover/install/tractor_coverage/lib/python3.12/site-packages/tractor_coverage/coverage_action_server.py to coverage_action_server.cpython-312.pyc
[6.498s] byte-compiling /home/ubuntu/ros2-rover/install/tractor_coverage/lib/python3.12/site-packages/tractor_coverage/__init__.py to __init__.cpython-312.pyc
[6.498s] byte-compiling /home/ubuntu/ros2-rover/install/tractor_coverage/lib/python3.12/site-packages/tractor_coverage/coverage_planner.py to coverage_planner.cpython-312.pyc
[6.502s] running install_data
[6.502s] copying resource/tractor_coverage -> /home/ubuntu/ros2-rover/install/tractor_coverage/share/ament_index/resource_index/packages
[6.503s] copying package.xml -> /home/ubuntu/ros2-rover/install/tractor_coverage/share/tractor_coverage
[6.503s] copying launch/coverage_system.launch.py -> /home/ubuntu/ros2-rover/install/tractor_coverage/share/tractor_coverage/launch
[6.504s] running install_egg_info
[6.537s] Copying ../../build/tractor_coverage/tractor_coverage.egg-info to /home/ubuntu/ros2-rover/install/tractor_coverage/lib/python3.12/site-packages/tractor_coverage-0.0.0-py3.12.egg-info
[6.538s] running install_scripts
[6.749s] Installing coverage_action_server script to /home/ubuntu/ros2-rover/install/tractor_coverage/lib/tractor_coverage
[6.750s] Installing coverage_client script to /home/ubuntu/ros2-rover/install/tractor_coverage/lib/tractor_coverage
[6.751s] Installing coverage_visualizer script to /home/ubuntu/ros2-rover/install/tractor_coverage/lib/tractor_coverage
[6.751s] writing list of installed files to '/home/ubuntu/ros2-rover/build/tractor_coverage/install.log'
[6.854s] Invoked command in '/home/ubuntu/ros2-rover/src/tractor_coverage' returned '0': PYTHONPATH=/home/ubuntu/ros2-rover/build/tractor_coverage/prefix_override:/usr/lib/python3/dist-packages/colcon_core/task/python/colcon_distutils_commands:/home/ubuntu/ros2-rover/install/tractor_coverage/lib/python3.12/site-packages:${PYTHONPATH} /usr/bin/python3 -W ignore:setup.py install is deprecated -W ignore:easy_install command is deprecated setup.py egg_info --egg-base ../../build/tractor_coverage build --build-base /home/ubuntu/ros2-rover/build/tractor_coverage/build install --record /home/ubuntu/ros2-rover/build/tractor_coverage/install.log --single-version-externally-managed install_data --force
