[4.552s] Invoking command in '/home/ubuntu/ros2-rover/src/tractor_control': PYTHONPATH=/home/ubuntu/ros2-rover/build/tractor_control/prefix_override:/usr/lib/python3/dist-packages/colcon_core/task/python/colcon_distutils_commands:/home/ubuntu/ros2-rover/install/tractor_control/lib/python3.12/site-packages:${PYTHONPATH} /usr/bin/python3 -W ignore:setup.py install is deprecated -W ignore:easy_install command is deprecated setup.py egg_info --egg-base ../../build/tractor_control build --build-base /home/ubuntu/ros2-rover/build/tractor_control/build install --record /home/ubuntu/ros2-rover/build/tractor_control/install.log --single-version-externally-managed install_data
[5.300s] running egg_info
[5.331s] writing ../../build/tractor_control/tractor_control.egg-info/PKG-INFO
[5.332s] writing dependency_links to ../../build/tractor_control/tractor_control.egg-info/dependency_links.txt
[5.332s] writing entry points to ../../build/tractor_control/tractor_control.egg-info/entry_points.txt
[5.333s] writing requirements to ../../build/tractor_control/tractor_control.egg-info/requires.txt
[5.333s] writing top-level names to ../../build/tractor_control/tractor_control.egg-info/top_level.txt
[5.401s] reading manifest file '../../build/tractor_control/tractor_control.egg-info/SOURCES.txt'
[5.406s] writing manifest file '../../build/tractor_control/tractor_control.egg-info/SOURCES.txt'
[5.407s] running build
[5.408s] running build_py
[5.409s] copying tractor_control/hiwonder_motor_driver.py -> /home/ubuntu/ros2-rover/build/tractor_control/build/lib/tractor_control
[5.411s] copying tractor_control/xbox_controller_teleop.py -> /home/ubuntu/ros2-rover/build/tractor_control/build/lib/tractor_control
[5.413s] running install
[5.453s] running install_lib
[5.511s] copying /home/ubuntu/ros2-rover/build/tractor_control/build/lib/tractor_control/hiwonder_motor_driver.py -> /home/ubuntu/ros2-rover/install/tractor_control/lib/python3.12/site-packages/tractor_control
[5.512s] copying /home/ubuntu/ros2-rover/build/tractor_control/build/lib/tractor_control/xbox_controller_teleop.py -> /home/ubuntu/ros2-rover/install/tractor_control/lib/python3.12/site-packages/tractor_control
[5.513s] byte-compiling /home/ubuntu/ros2-rover/install/tractor_control/lib/python3.12/site-packages/tractor_control/hiwonder_motor_driver.py to hiwonder_motor_driver.cpython-312.pyc
[5.514s] byte-compiling /home/ubuntu/ros2-rover/install/tractor_control/lib/python3.12/site-packages/tractor_control/xbox_controller_teleop.py to xbox_controller_teleop.cpython-312.pyc
[5.515s] running install_data
[5.516s] running install_egg_info
[5.543s] removing '/home/ubuntu/ros2-rover/install/tractor_control/lib/python3.12/site-packages/tractor_control-0.0.0-py3.12.egg-info' (and everything under it)
[5.543s] Copying ../../build/tractor_control/tractor_control.egg-info to /home/ubuntu/ros2-rover/install/tractor_control/lib/python3.12/site-packages/tractor_control-0.0.0-py3.12.egg-info
[5.544s] running install_scripts
[5.757s] Installing hiwonder_motor_driver script to /home/ubuntu/ros2-rover/install/tractor_control/lib/tractor_control
[5.758s] Installing xbox_controller_teleop script to /home/ubuntu/ros2-rover/install/tractor_control/lib/tractor_control
[5.759s] writing list of installed files to '/home/ubuntu/ros2-rover/build/tractor_control/install.log'
[5.831s] Invoked command in '/home/ubuntu/ros2-rover/src/tractor_control' returned '0': PYTHONPATH=/home/ubuntu/ros2-rover/build/tractor_control/prefix_override:/usr/lib/python3/dist-packages/colcon_core/task/python/colcon_distutils_commands:/home/ubuntu/ros2-rover/install/tractor_control/lib/python3.12/site-packages:${PYTHONPATH} /usr/bin/python3 -W ignore:setup.py install is deprecated -W ignore:easy_install command is deprecated setup.py egg_info --egg-base ../../build/tractor_control build --build-base /home/ubuntu/ros2-rover/build/tractor_control/build install --record /home/ubuntu/ros2-rover/build/tractor_control/install.log --single-version-externally-managed install_data
