[2.080s] Invoking command in '/home/ubuntu/ros2-rover/src/tractor_control': PYTHONPATH=/home/ubuntu/ros2-rover/build/tractor_control/prefix_override:/usr/lib/python3/dist-packages/colcon_core/task/python/colcon_distutils_commands:/home/ubuntu/ros2-rover/install/tractor_control/lib/python3.12/site-packages:${PYTHONPATH} /usr/bin/python3 -W ignore:setup.py install is deprecated -W ignore:easy_install command is deprecated setup.py egg_info --egg-base ../../build/tractor_control build --build-base /home/ubuntu/ros2-rover/build/tractor_control/build install --record /home/ubuntu/ros2-rover/build/tractor_control/install.log --single-version-externally-managed install_data
[2.564s] running egg_info
[2.597s] writing ../../build/tractor_control/tractor_control.egg-info/PKG-INFO
[2.598s] writing dependency_links to ../../build/tractor_control/tractor_control.egg-info/dependency_links.txt
[2.599s] writing entry points to ../../build/tractor_control/tractor_control.egg-info/entry_points.txt
[2.599s] writing requirements to ../../build/tractor_control/tractor_control.egg-info/requires.txt
[2.600s] writing top-level names to ../../build/tractor_control/tractor_control.egg-info/top_level.txt
[2.668s] reading manifest file '../../build/tractor_control/tractor_control.egg-info/SOURCES.txt'
[2.669s] writing manifest file '../../build/tractor_control/tractor_control.egg-info/SOURCES.txt'
[2.670s] running build
[2.670s] running build_py
[2.670s] running install
[2.680s] running install_lib
[2.717s] running install_data
[2.717s] running install_egg_info
[2.754s] removing '/home/ubuntu/ros2-rover/install/tractor_control/lib/python3.12/site-packages/tractor_control-0.0.0-py3.12.egg-info' (and everything under it)
[2.754s] Copying ../../build/tractor_control/tractor_control.egg-info to /home/ubuntu/ros2-rover/install/tractor_control/lib/python3.12/site-packages/tractor_control-0.0.0-py3.12.egg-info
[2.755s] running install_scripts
[2.993s] Installing hiwonder_motor_driver script to /home/ubuntu/ros2-rover/install/tractor_control/lib/tractor_control
[2.994s] Installing velocity_feedback_controller script to /home/ubuntu/ros2-rover/install/tractor_control/lib/tractor_control
[2.995s] Installing xbox_controller_teleop script to /home/ubuntu/ros2-rover/install/tractor_control/lib/tractor_control
[2.995s] writing list of installed files to '/home/ubuntu/ros2-rover/build/tractor_control/install.log'
[3.148s] Invoked command in '/home/ubuntu/ros2-rover/src/tractor_control' returned '0': PYTHONPATH=/home/ubuntu/ros2-rover/build/tractor_control/prefix_override:/usr/lib/python3/dist-packages/colcon_core/task/python/colcon_distutils_commands:/home/ubuntu/ros2-rover/install/tractor_control/lib/python3.12/site-packages:${PYTHONPATH} /usr/bin/python3 -W ignore:setup.py install is deprecated -W ignore:easy_install command is deprecated setup.py egg_info --egg-base ../../build/tractor_control build --build-base /home/ubuntu/ros2-rover/build/tractor_control/build install --record /home/ubuntu/ros2-rover/build/tractor_control/install.log --single-version-externally-managed install_data
