[1.960s] Invoking command in '/home/ubuntu/ros2-rover/build/tractor_vision': PYTHONPATH=/home/ubuntu/ros2-rover/build/tractor_vision/prefix_override:/usr/lib/python3/dist-packages/colcon_core/task/python/colcon_distutils_commands:/home/ubuntu/ros2-rover/install/tractor_vision/lib/python3.12/site-packages:${PYTHONPATH} /usr/bin/python3 -W ignore:setup.py install is deprecated -W ignore:easy_install command is deprecated setup.py develop --uninstall --editable --build-directory /home/ubuntu/ros2-rover/build/tractor_vision/build
[2.506s] running develop
[2.971s] Invoked command in '/home/ubuntu/ros2-rover/build/tractor_vision' returned '0': PYTHONPATH=/home/ubuntu/ros2-rover/build/tractor_vision/prefix_override:/usr/lib/python3/dist-packages/colcon_core/task/python/colcon_distutils_commands:/home/ubuntu/ros2-rover/install/tractor_vision/lib/python3.12/site-packages:${PYTHONPATH} /usr/bin/python3 -W ignore:setup.py install is deprecated -W ignore:easy_install command is deprecated setup.py develop --uninstall --editable --build-directory /home/ubuntu/ros2-rover/build/tractor_vision/build
[2.973s] Invoking command in '/home/ubuntu/ros2-rover/src/tractor_vision': PYTHONPATH=/home/ubuntu/ros2-rover/build/tractor_vision/prefix_override:/usr/lib/python3/dist-packages/colcon_core/task/python/colcon_distutils_commands:/home/ubuntu/ros2-rover/install/tractor_vision/lib/python3.12/site-packages:${PYTHONPATH} /usr/bin/python3 -W ignore:setup.py install is deprecated -W ignore:easy_install command is deprecated setup.py egg_info --egg-base ../../build/tractor_vision build --build-base /home/ubuntu/ros2-rover/build/tractor_vision/build install --record /home/ubuntu/ros2-rover/build/tractor_vision/install.log --single-version-externally-managed install_data --force
[3.457s] running egg_info
[3.490s] writing ../../build/tractor_vision/tractor_vision.egg-info/PKG-INFO
[3.491s] writing dependency_links to ../../build/tractor_vision/tractor_vision.egg-info/dependency_links.txt
[3.491s] writing entry points to ../../build/tractor_vision/tractor_vision.egg-info/entry_points.txt
[3.492s] writing requirements to ../../build/tractor_vision/tractor_vision.egg-info/requires.txt
[3.492s] writing top-level names to ../../build/tractor_vision/tractor_vision.egg-info/top_level.txt
[3.564s] reading manifest file '../../build/tractor_vision/tractor_vision.egg-info/SOURCES.txt'
[3.565s] writing manifest file '../../build/tractor_vision/tractor_vision.egg-info/SOURCES.txt'
[3.566s] running build
[3.566s] running build_py
[3.567s] running install
[3.577s] running install_lib
[3.612s] creating /home/ubuntu/ros2-rover/install/tractor_vision/lib/python3.12/site-packages/tractor_vision
[3.612s] copying /home/ubuntu/ros2-rover/build/tractor_vision/build/lib/tractor_vision/realsense_nav2_node.py -> /home/ubuntu/ros2-rover/install/tractor_vision/lib/python3.12/site-packages/tractor_vision
[3.613s] copying /home/ubuntu/ros2-rover/build/tractor_vision/build/lib/tractor_vision/opencv_camera_node.py -> /home/ubuntu/ros2-rover/install/tractor_vision/lib/python3.12/site-packages/tractor_vision
[3.613s] copying /home/ubuntu/ros2-rover/build/tractor_vision/build/lib/tractor_vision/obstacle_detector.py -> /home/ubuntu/ros2-rover/install/tractor_vision/lib/python3.12/site-packages/tractor_vision
[3.614s] copying /home/ubuntu/ros2-rover/build/tractor_vision/build/lib/tractor_vision/__init__.py -> /home/ubuntu/ros2-rover/install/tractor_vision/lib/python3.12/site-packages/tractor_vision
[3.614s] copying /home/ubuntu/ros2-rover/build/tractor_vision/build/lib/tractor_vision/realsense_processor.py -> /home/ubuntu/ros2-rover/install/tractor_vision/lib/python3.12/site-packages/tractor_vision
[3.615s] byte-compiling /home/ubuntu/ros2-rover/install/tractor_vision/lib/python3.12/site-packages/tractor_vision/realsense_nav2_node.py to realsense_nav2_node.cpython-312.pyc
[3.618s] byte-compiling /home/ubuntu/ros2-rover/install/tractor_vision/lib/python3.12/site-packages/tractor_vision/opencv_camera_node.py to opencv_camera_node.cpython-312.pyc
[3.621s] byte-compiling /home/ubuntu/ros2-rover/install/tractor_vision/lib/python3.12/site-packages/tractor_vision/obstacle_detector.py to obstacle_detector.cpython-312.pyc
[3.625s] byte-compiling /home/ubuntu/ros2-rover/install/tractor_vision/lib/python3.12/site-packages/tractor_vision/__init__.py to __init__.cpython-312.pyc
[3.625s] byte-compiling /home/ubuntu/ros2-rover/install/tractor_vision/lib/python3.12/site-packages/tractor_vision/realsense_processor.py to realsense_processor.cpython-312.pyc
[3.630s] running install_data
[3.630s] copying resource/tractor_vision -> /home/ubuntu/ros2-rover/install/tractor_vision/share/ament_index/resource_index/packages
[3.631s] copying package.xml -> /home/ubuntu/ros2-rover/install/tractor_vision/share/tractor_vision
[3.631s] running install_egg_info
[3.666s] Copying ../../build/tractor_vision/tractor_vision.egg-info to /home/ubuntu/ros2-rover/install/tractor_vision/lib/python3.12/site-packages/tractor_vision-0.0.0-py3.12.egg-info
[3.668s] running install_scripts
[3.898s] Installing obstacle_detector script to /home/ubuntu/ros2-rover/install/tractor_vision/lib/tractor_vision
[3.898s] writing list of installed files to '/home/ubuntu/ros2-rover/build/tractor_vision/install.log'
[3.993s] Invoked command in '/home/ubuntu/ros2-rover/src/tractor_vision' returned '0': PYTHONPATH=/home/ubuntu/ros2-rover/build/tractor_vision/prefix_override:/usr/lib/python3/dist-packages/colcon_core/task/python/colcon_distutils_commands:/home/ubuntu/ros2-rover/install/tractor_vision/lib/python3.12/site-packages:${PYTHONPATH} /usr/bin/python3 -W ignore:setup.py install is deprecated -W ignore:easy_install command is deprecated setup.py egg_info --egg-base ../../build/tractor_vision build --build-base /home/ubuntu/ros2-rover/build/tractor_vision/build install --record /home/ubuntu/ros2-rover/build/tractor_vision/install.log --single-version-externally-managed install_data --force
