running develop
Removing /home/ubuntu/ros2-rover/install/tractor_sensors/lib/python3.12/site-packages/tractor-sensors.egg-link (link to .)
running egg_info
writing ../../build/tractor_sensors/tractor_sensors.egg-info/PKG-INFO
writing dependency_links to ../../build/tractor_sensors/tractor_sensors.egg-info/dependency_links.txt
writing entry points to ../../build/tractor_sensors/tractor_sensors.egg-info/entry_points.txt
writing requirements to ../../build/tractor_sensors/tractor_sensors.egg-info/requires.txt
writing top-level names to ../../build/tractor_sensors/tractor_sensors.egg-info/top_level.txt
reading manifest file '../../build/tractor_sensors/tractor_sensors.egg-info/SOURCES.txt'
writing manifest file '../../build/tractor_sensors/tractor_sensors.egg-info/SOURCES.txt'
running build
running build_py
running install
running install_lib
copying /home/ubuntu/ros2-rover/build/tractor_sensors/build/lib/tractor_sensors/hglrc_m100_5883.py -> /home/ubuntu/ros2-rover/install/tractor_sensors/lib/python3.12/site-packages/tractor_sensors
copying /home/ubuntu/ros2-rover/build/tractor_sensors/build/lib/tractor_sensors/__init__.py -> /home/ubuntu/ros2-rover/install/tractor_sensors/lib/python3.12/site-packages/tractor_sensors
byte-compiling /home/ubuntu/ros2-rover/install/tractor_sensors/lib/python3.12/site-packages/tractor_sensors/hglrc_m100_5883.py to hglrc_m100_5883.cpython-312.pyc
byte-compiling /home/ubuntu/ros2-rover/install/tractor_sensors/lib/python3.12/site-packages/tractor_sensors/__init__.py to __init__.cpython-312.pyc
running install_data
copying resource/tractor_sensors -> /home/ubuntu/ros2-rover/install/tractor_sensors/share/ament_index/resource_index/packages
copying package.xml -> /home/ubuntu/ros2-rover/install/tractor_sensors/share/tractor_sensors
copying launch/hglrc_m100_5883.launch.py -> /home/ubuntu/ros2-rover/install/tractor_sensors/share/tractor_sensors/launch
copying config/hglrc_m100_5883_config.yaml -> /home/ubuntu/ros2-rover/install/tractor_sensors/share/tractor_sensors/config
running install_egg_info
Copying ../../build/tractor_sensors/tractor_sensors.egg-info to /home/ubuntu/ros2-rover/install/tractor_sensors/lib/python3.12/site-packages/tractor_sensors-0.0.0-py3.12.egg-info
running install_scripts
Installing hglrc_m100_5883 script to /home/ubuntu/ros2-rover/install/tractor_sensors/lib/tractor_sensors
writing list of installed files to '/home/ubuntu/ros2-rover/build/tractor_sensors/install.log'
