running egg_info
writing ../../build/tractor_bringup/tractor_bringup.egg-info/PKG-INFO
writing dependency_links to ../../build/tractor_bringup/tractor_bringup.egg-info/dependency_links.txt
writing requirements to ../../build/tractor_bringup/tractor_bringup.egg-info/requires.txt
writing top-level names to ../../build/tractor_bringup/tractor_bringup.egg-info/top_level.txt
reading manifest file '../../build/tractor_bringup/tractor_bringup.egg-info/SOURCES.txt'
writing manifest file '../../build/tractor_bringup/tractor_bringup.egg-info/SOURCES.txt'
running build
running build_py
running install
running install_lib
running install_data
creating /home/benson/tractor_ws/install/tractor_bringup/share/tractor_bringup/launch
copying launch/control.launch.py -> /home/benson/tractor_ws/install/tractor_bringup/share/tractor_bringup/launch
copying launch/implements.launch.py -> /home/benson/tractor_ws/install/tractor_bringup/share/tractor_bringup/launch
copying launch/navigation.launch.py -> /home/benson/tractor_ws/install/tractor_bringup/share/tractor_bringup/launch
copying launch/robot_description.launch.py -> /home/benson/tractor_ws/install/tractor_bringup/share/tractor_bringup/launch
copying launch/sensors.launch.py -> /home/benson/tractor_ws/install/tractor_bringup/share/tractor_bringup/launch
copying launch/tractor_bringup.launch.py -> /home/benson/tractor_ws/install/tractor_bringup/share/tractor_bringup/launch
copying launch/tractor_gazebo.launch.py -> /home/benson/tractor_ws/install/tractor_bringup/share/tractor_bringup/launch
copying launch/vision.launch.py -> /home/benson/tractor_ws/install/tractor_bringup/share/tractor_bringup/launch
creating /home/benson/tractor_ws/install/tractor_bringup/share/tractor_bringup/urdf
copying urdf/tractor.urdf.xacro -> /home/benson/tractor_ws/install/tractor_bringup/share/tractor_bringup/urdf
creating /home/benson/tractor_ws/install/tractor_bringup/share/tractor_bringup/config
copying config/nav2_params.yaml -> /home/benson/tractor_ws/install/tractor_bringup/share/tractor_bringup/config
creating /home/benson/tractor_ws/install/tractor_bringup/share/tractor_bringup/rviz
