[1.325s] Invoking command in '/home/benson/tractor_ws/src/tractor_bringup': PYTHONPATH=/home/benson/tractor_ws/build/tractor_bringup/prefix_override:/usr/lib/python3/dist-packages/colcon_core/task/python/colcon_distutils_commands:/home/benson/tractor_ws/install/tractor_bringup/lib/python3.12/site-packages:${PYTHONPATH} /usr/bin/python3 -W ignore:setup.py install is deprecated -W ignore:easy_install command is deprecated setup.py egg_info --egg-base ../../build/tractor_bringup build --build-base /home/benson/tractor_ws/build/tractor_bringup/build install --record /home/benson/tractor_ws/build/tractor_bringup/install.log --single-version-externally-managed install_data
[1.776s] running egg_info
[1.809s] writing ../../build/tractor_bringup/tractor_bringup.egg-info/PKG-INFO
[1.809s] writing dependency_links to ../../build/tractor_bringup/tractor_bringup.egg-info/dependency_links.txt
[1.810s] writing requirements to ../../build/tractor_bringup/tractor_bringup.egg-info/requires.txt
[1.811s] writing top-level names to ../../build/tractor_bringup/tractor_bringup.egg-info/top_level.txt
[1.876s] reading manifest file '../../build/tractor_bringup/tractor_bringup.egg-info/SOURCES.txt'
[1.877s] writing manifest file '../../build/tractor_bringup/tractor_bringup.egg-info/SOURCES.txt'
[1.878s] running build
[1.878s] running build_py
[1.879s] running install
[1.887s] running install_lib
[1.922s] running install_data
[1.923s] creating /home/benson/tractor_ws/install/tractor_bringup/share/tractor_bringup/launch
[1.924s] copying launch/control.launch.py -> /home/benson/tractor_ws/install/tractor_bringup/share/tractor_bringup/launch
[1.925s] copying launch/implements.launch.py -> /home/benson/tractor_ws/install/tractor_bringup/share/tractor_bringup/launch
[1.925s] copying launch/navigation.launch.py -> /home/benson/tractor_ws/install/tractor_bringup/share/tractor_bringup/launch
[1.926s] copying launch/robot_description.launch.py -> /home/benson/tractor_ws/install/tractor_bringup/share/tractor_bringup/launch
[1.926s] copying launch/sensors.launch.py -> /home/benson/tractor_ws/install/tractor_bringup/share/tractor_bringup/launch
[1.927s] copying launch/tractor_bringup.launch.py -> /home/benson/tractor_ws/install/tractor_bringup/share/tractor_bringup/launch
[1.927s] copying launch/tractor_gazebo.launch.py -> /home/benson/tractor_ws/install/tractor_bringup/share/tractor_bringup/launch
[1.928s] copying launch/vision.launch.py -> /home/benson/tractor_ws/install/tractor_bringup/share/tractor_bringup/launch
[1.928s] creating /home/benson/tractor_ws/install/tractor_bringup/share/tractor_bringup/urdf
[1.929s] copying urdf/tractor.urdf.xacro -> /home/benson/tractor_ws/install/tractor_bringup/share/tractor_bringup/urdf
[1.930s] creating /home/benson/tractor_ws/install/tractor_bringup/share/tractor_bringup/config
[1.930s] copying config/nav2_params.yaml -> /home/benson/tractor_ws/install/tractor_bringup/share/tractor_bringup/config
[1.931s] creating /home/benson/tractor_ws/install/tractor_bringup/share/tractor_bringup/rviz
[1.931s] error: can't copy 'rviz/tractor_navigation.rviz': doesn't exist or not a regular file
[1.971s] Invoked command in '/home/benson/tractor_ws/src/tractor_bringup' returned '1': PYTHONPATH=/home/benson/tractor_ws/build/tractor_bringup/prefix_override:/usr/lib/python3/dist-packages/colcon_core/task/python/colcon_distutils_commands:/home/benson/tractor_ws/install/tractor_bringup/lib/python3.12/site-packages:${PYTHONPATH} /usr/bin/python3 -W ignore:setup.py install is deprecated -W ignore:easy_install command is deprecated setup.py egg_info --egg-base ../../build/tractor_bringup build --build-base /home/benson/tractor_ws/build/tractor_bringup/build install --record /home/benson/tractor_ws/build/tractor_bringup/install.log --single-version-externally-managed install_data
