[1.798s] Invoking command in '/home/ubuntu/ros2-rover/src/tractor_control': PYTHONPATH=/home/ubuntu/ros2-rover/build/tractor_control/prefix_override:/usr/lib/python3/dist-packages/colcon_core/task/python/colcon_distutils_commands:/home/ubuntu/ros2-rover/install/tractor_control/lib/python3.12/site-packages:${PYTHONPATH} /usr/bin/python3 -W ignore:setup.py install is deprecated -W ignore:easy_install command is deprecated setup.py egg_info --egg-base ../../build/tractor_control build --build-base /home/ubuntu/ros2-rover/build/tractor_control/build install --record /home/ubuntu/ros2-rover/build/tractor_control/install.log --single-version-externally-managed install_data
[2.242s] running egg_info
[2.273s] writing ../../build/tractor_control/tractor_control.egg-info/PKG-INFO
[2.274s] writing dependency_links to ../../build/tractor_control/tractor_control.egg-info/dependency_links.txt
[2.274s] writing entry points to ../../build/tractor_control/tractor_control.egg-info/entry_points.txt
[2.274s] writing requirements to ../../build/tractor_control/tractor_control.egg-info/requires.txt
[2.274s] writing top-level names to ../../build/tractor_control/tractor_control.egg-info/top_level.txt
[2.340s] reading manifest file '../../build/tractor_control/tractor_control.egg-info/SOURCES.txt'
[2.340s] writing manifest file '../../build/tractor_control/tractor_control.egg-info/SOURCES.txt'
[2.341s] running build
[2.341s] running build_py
[2.342s] copying tractor_control/velocity_feedback_controller.py -> /home/ubuntu/ros2-rover/build/tractor_control/build/lib/tractor_control
[2.342s] running install
[2.351s] running install_lib
[2.383s] copying /home/ubuntu/ros2-rover/build/tractor_control/build/lib/tractor_control/velocity_feedback_controller.py -> /home/ubuntu/ros2-rover/install/tractor_control/lib/python3.12/site-packages/tractor_control
[2.385s] byte-compiling /home/ubuntu/ros2-rover/install/tractor_control/lib/python3.12/site-packages/tractor_control/velocity_feedback_controller.py to velocity_feedback_controller.cpython-312.pyc
[2.389s] running install_data
[2.389s] running install_egg_info
[2.423s] removing '/home/ubuntu/ros2-rover/install/tractor_control/lib/python3.12/site-packages/tractor_control-0.0.0-py3.12.egg-info' (and everything under it)
[2.423s] Copying ../../build/tractor_control/tractor_control.egg-info to /home/ubuntu/ros2-rover/install/tractor_control/lib/python3.12/site-packages/tractor_control-0.0.0-py3.12.egg-info
[2.425s] running install_scripts
[2.643s] Installing hiwonder_motor_driver script to /home/ubuntu/ros2-rover/install/tractor_control/lib/tractor_control
[2.644s] Installing velocity_feedback_controller script to /home/ubuntu/ros2-rover/install/tractor_control/lib/tractor_control
[2.645s] Installing xbox_controller_teleop script to /home/ubuntu/ros2-rover/install/tractor_control/lib/tractor_control
[2.645s] writing list of installed files to '/home/ubuntu/ros2-rover/build/tractor_control/install.log'
[2.722s] Invoked command in '/home/ubuntu/ros2-rover/src/tractor_control' returned '0': PYTHONPATH=/home/ubuntu/ros2-rover/build/tractor_control/prefix_override:/usr/lib/python3/dist-packages/colcon_core/task/python/colcon_distutils_commands:/home/ubuntu/ros2-rover/install/tractor_control/lib/python3.12/site-packages:${PYTHONPATH} /usr/bin/python3 -W ignore:setup.py install is deprecated -W ignore:easy_install command is deprecated setup.py egg_info --egg-base ../../build/tractor_control build --build-base /home/ubuntu/ros2-rover/build/tractor_control/build install --record /home/ubuntu/ros2-rover/build/tractor_control/install.log --single-version-externally-managed install_data
