[1.457s] Invoking command in '/home/benson/tractor_ws/src/tractor_control': PYTHONPATH=/home/benson/tractor_ws/build/tractor_control/prefix_override:/usr/lib/python3/dist-packages/colcon_core/task/python/colcon_distutils_commands:/home/benson/tractor_ws/install/tractor_control/lib/python3.12/site-packages:${PYTHONPATH} /usr/bin/python3 -W ignore:setup.py install is deprecated -W ignore:easy_install command is deprecated setup.py egg_info --egg-base ../../build/tractor_control build --build-base /home/benson/tractor_ws/build/tractor_control/build install --record /home/benson/tractor_ws/build/tractor_control/install.log --single-version-externally-managed install_data
[1.921s] running egg_info
[1.955s] writing ../../build/tractor_control/tractor_control.egg-info/PKG-INFO
[1.955s] writing dependency_links to ../../build/tractor_control/tractor_control.egg-info/dependency_links.txt
[1.955s] writing entry points to ../../build/tractor_control/tractor_control.egg-info/entry_points.txt
[1.956s] writing requirements to ../../build/tractor_control/tractor_control.egg-info/requires.txt
[1.956s] writing top-level names to ../../build/tractor_control/tractor_control.egg-info/top_level.txt
[2.021s] reading manifest file '../../build/tractor_control/tractor_control.egg-info/SOURCES.txt'
[2.022s] writing manifest file '../../build/tractor_control/tractor_control.egg-info/SOURCES.txt'
[2.022s] running build
[2.022s] running build_py
[2.023s] copying tractor_control/hiwonder_motor_driver.py -> /home/benson/tractor_ws/build/tractor_control/build/lib/tractor_control
[2.023s] running install
[2.033s] running install_lib
[2.067s] copying /home/benson/tractor_ws/build/tractor_control/build/lib/tractor_control/hiwonder_motor_driver.py -> /home/benson/tractor_ws/install/tractor_control/lib/python3.12/site-packages/tractor_control
[2.067s] byte-compiling /home/benson/tractor_ws/install/tractor_control/lib/python3.12/site-packages/tractor_control/hiwonder_motor_driver.py to hiwonder_motor_driver.cpython-312.pyc
[2.071s] running install_data
[2.071s] running install_egg_info
[2.106s] removing '/home/benson/tractor_ws/install/tractor_control/lib/python3.12/site-packages/tractor_control-0.0.0-py3.12.egg-info' (and everything under it)
[2.106s] Copying ../../build/tractor_control/tractor_control.egg-info to /home/benson/tractor_ws/install/tractor_control/lib/python3.12/site-packages/tractor_control-0.0.0-py3.12.egg-info
[2.108s] running install_scripts
[2.320s] Installing hiwonder_motor_driver script to /home/benson/tractor_ws/install/tractor_control/lib/tractor_control
[2.320s] Installing tank_steering_controller script to /home/benson/tractor_ws/install/tractor_control/lib/tractor_control
[2.320s] Installing xbox_controller_teleop script to /home/benson/tractor_ws/install/tractor_control/lib/tractor_control
[2.320s] writing list of installed files to '/home/benson/tractor_ws/build/tractor_control/install.log'
[2.383s] Invoked command in '/home/benson/tractor_ws/src/tractor_control' returned '0': PYTHONPATH=/home/benson/tractor_ws/build/tractor_control/prefix_override:/usr/lib/python3/dist-packages/colcon_core/task/python/colcon_distutils_commands:/home/benson/tractor_ws/install/tractor_control/lib/python3.12/site-packages:${PYTHONPATH} /usr/bin/python3 -W ignore:setup.py install is deprecated -W ignore:easy_install command is deprecated setup.py egg_info --egg-base ../../build/tractor_control build --build-base /home/benson/tractor_ws/build/tractor_control/build install --record /home/benson/tractor_ws/build/tractor_control/install.log --single-version-externally-managed install_data
