[3.616s] Invoking command in '/home/ubuntu/ros2-rover/build/tractor_control': PYTHONPATH=/home/ubuntu/ros2-rover/build/tractor_control/prefix_override:/usr/lib/python3/dist-packages/colcon_core/task/python/colcon_distutils_commands:/home/ubuntu/ros2-rover/install/tractor_control/lib/python3.12/site-packages:${PYTHONPATH} /usr/bin/python3 -W ignore:setup.py install is deprecated -W ignore:easy_install command is deprecated setup.py develop --editable --build-directory /home/ubuntu/ros2-rover/build/tractor_control/build --no-deps symlink_data
[4.561s] running develop
[4.852s] running egg_info
[4.852s] creating tractor_control.egg-info
[4.880s] writing tractor_control.egg-info/PKG-INFO
[4.881s] writing dependency_links to tractor_control.egg-info/dependency_links.txt
[4.882s] writing entry points to tractor_control.egg-info/entry_points.txt
[4.883s] writing requirements to tractor_control.egg-info/requires.txt
[4.883s] writing top-level names to tractor_control.egg-info/top_level.txt
[4.884s] writing manifest file 'tractor_control.egg-info/SOURCES.txt'
[4.938s] reading manifest file 'tractor_control.egg-info/SOURCES.txt'
[4.939s] writing manifest file 'tractor_control.egg-info/SOURCES.txt'
[4.968s] running build_ext
[4.969s] Creating /home/ubuntu/ros2-rover/install/tractor_control/lib/python3.12/site-packages/tractor-control.egg-link (link to .)
[4.973s] Installing hiwonder_motor_driver script to /home/ubuntu/ros2-rover/install/tractor_control/lib/tractor_control
[4.973s] Installing tank_steering_controller script to /home/ubuntu/ros2-rover/install/tractor_control/lib/tractor_control
[4.974s] Installing xbox_controller_teleop script to /home/ubuntu/ros2-rover/install/tractor_control/lib/tractor_control
[4.974s] 
[4.975s] Installed /home/ubuntu/ros2-rover/build/tractor_control
[4.975s] running symlink_data
[4.976s] creating /home/ubuntu/ros2-rover/install/tractor_control/share/ament_index
[4.977s] creating /home/ubuntu/ros2-rover/install/tractor_control/share/ament_index/resource_index
[4.978s] creating /home/ubuntu/ros2-rover/install/tractor_control/share/ament_index/resource_index/packages
[4.979s] symbolically linking /home/ubuntu/ros2-rover/build/tractor_control/resource/tractor_control -> /home/ubuntu/ros2-rover/install/tractor_control/share/ament_index/resource_index/packages
[4.980s] symbolically linking /home/ubuntu/ros2-rover/build/tractor_control/package.xml -> /home/ubuntu/ros2-rover/install/tractor_control/share/tractor_control
[5.068s] Invoked command in '/home/ubuntu/ros2-rover/build/tractor_control' returned '0': PYTHONPATH=/home/ubuntu/ros2-rover/build/tractor_control/prefix_override:/usr/lib/python3/dist-packages/colcon_core/task/python/colcon_distutils_commands:/home/ubuntu/ros2-rover/install/tractor_control/lib/python3.12/site-packages:${PYTHONPATH} /usr/bin/python3 -W ignore:setup.py install is deprecated -W ignore:easy_install command is deprecated setup.py develop --editable --build-directory /home/ubuntu/ros2-rover/build/tractor_control/build --no-deps symlink_data
