[0.161s] DEBUG:colcon:Command line arguments: ['/usr/bin/colcon', 'build', '--packages-select', 'tractor_control']
[0.161s] DEBUG:colcon:Parsed command line arguments: Namespace(log_base=None, log_level=None, verb_name='build', build_base='build', install_base='install', merge_install=False, symlink_install=False, test_result_base=None, continue_on_error=False, executor='parallel', parallel_workers=8, event_handlers=None, ignore_user_meta=False, metas=['./colcon.meta'], base_paths=['.'], packages_ignore=None, packages_ignore_regex=None, paths=None, packages_up_to=None, packages_up_to_regex=None, packages_above=None, packages_above_and_dependencies=None, packages_above_depth=None, packages_select_by_dep=None, packages_skip_by_dep=None, packages_skip_up_to=None, packages_select_build_failed=False, packages_skip_build_finished=False, packages_select_test_failures=False, packages_skip_test_passed=False, packages_select=['tractor_control'], packages_skip=None, packages_select_regex=None, packages_skip_regex=None, packages_start=None, packages_end=None, cmake_args=None, cmake_target=None, cmake_target_skip_unavailable=False, cmake_clean_cache=False, cmake_clean_first=False, cmake_force_configure=False, ament_cmake_args=None, catkin_cmake_args=None, catkin_skip_building_tests=False, mixin_files=None, mixin=None, verb_parser=<colcon_mixin.mixin.mixin_argument.MixinArgumentDecorator object at 0xffff8d0df140>, verb_extension=<colcon_core.verb.build.BuildVerb object at 0xffff8d0dede0>, main=<bound method BuildVerb.main of <colcon_core.verb.build.BuildVerb object at 0xffff8d0dede0>>, mixin_verb=('build',))
[0.215s] Level 1:colcon.colcon_core.package_discovery:discover_packages(colcon_meta) check parameters
[0.216s] Level 1:colcon.colcon_core.package_discovery:discover_packages(recursive) check parameters
[0.216s] Level 1:colcon.colcon_core.package_discovery:discover_packages(ignore) check parameters
[0.216s] Level 1:colcon.colcon_core.package_discovery:discover_packages(path) check parameters
[0.216s] Level 1:colcon.colcon_core.package_discovery:discover_packages(colcon_meta) discover
[0.216s] Level 1:colcon.colcon_core.package_discovery:discover_packages(recursive) discover
[0.216s] INFO:colcon.colcon_core.package_discovery:Crawling recursively for packages in '/home/benson/tractor_ws'
[0.216s] Level 1:colcon.colcon_core.package_identification:_identify(.) by extensions ['ignore', 'ignore_ament_install']
[0.216s] Level 1:colcon.colcon_core.package_identification:_identify(.) by extension 'ignore'
[0.216s] Level 1:colcon.colcon_core.package_identification:_identify(.) by extension 'ignore_ament_install'
[0.216s] Level 1:colcon.colcon_core.package_identification:_identify(.) by extensions ['colcon_pkg']
[0.216s] Level 1:colcon.colcon_core.package_identification:_identify(.) by extension 'colcon_pkg'
[0.216s] Level 1:colcon.colcon_core.package_identification:_identify(.) by extensions ['colcon_meta']
[0.216s] Level 1:colcon.colcon_core.package_identification:_identify(.) by extension 'colcon_meta'
[0.216s] Level 1:colcon.colcon_core.package_identification:_identify(.) by extensions ['ros']
[0.216s] Level 1:colcon.colcon_core.package_identification:_identify(.) by extension 'ros'
[0.256s] Level 1:colcon.colcon_core.package_identification:_identify(.) by extensions ['cmake', 'python']
[0.256s] Level 1:colcon.colcon_core.package_identification:_identify(.) by extension 'cmake'
[0.256s] Level 1:colcon.colcon_core.package_identification:_identify(.) by extension 'python'
[0.256s] Level 1:colcon.colcon_core.package_identification:_identify(.) by extensions ['python_setup_py']
[0.256s] Level 1:colcon.colcon_core.package_identification:_identify(.) by extension 'python_setup_py'
[0.256s] Level 1:colcon.colcon_core.package_identification:_identify(build) by extensions ['ignore', 'ignore_ament_install']
[0.256s] Level 1:colcon.colcon_core.package_identification:_identify(build) by extension 'ignore'
[0.256s] Level 1:colcon.colcon_core.package_identification:_identify(build) ignored
[0.257s] Level 1:colcon.colcon_core.package_identification:_identify(install) by extensions ['ignore', 'ignore_ament_install']
[0.257s] Level 1:colcon.colcon_core.package_identification:_identify(install) by extension 'ignore'
[0.257s] Level 1:colcon.colcon_core.package_identification:_identify(install) ignored
[0.257s] Level 1:colcon.colcon_core.package_identification:_identify(log) by extensions ['ignore', 'ignore_ament_install']
[0.257s] Level 1:colcon.colcon_core.package_identification:_identify(log) by extension 'ignore'
[0.257s] Level 1:colcon.colcon_core.package_identification:_identify(log) ignored
[0.257s] Level 1:colcon.colcon_core.package_identification:_identify(src) by extensions ['ignore', 'ignore_ament_install']
[0.257s] Level 1:colcon.colcon_core.package_identification:_identify(src) by extension 'ignore'
[0.257s] Level 1:colcon.colcon_core.package_identification:_identify(src) by extension 'ignore_ament_install'
[0.257s] Level 1:colcon.colcon_core.package_identification:_identify(src) by extensions ['colcon_pkg']
[0.257s] Level 1:colcon.colcon_core.package_identification:_identify(src) by extension 'colcon_pkg'
[0.257s] Level 1:colcon.colcon_core.package_identification:_identify(src) by extensions ['colcon_meta']
[0.257s] Level 1:colcon.colcon_core.package_identification:_identify(src) by extension 'colcon_meta'
[0.258s] Level 1:colcon.colcon_core.package_identification:_identify(src) by extensions ['ros']
[0.258s] Level 1:colcon.colcon_core.package_identification:_identify(src) by extension 'ros'
[0.258s] Level 1:colcon.colcon_core.package_identification:_identify(src) by extensions ['cmake', 'python']
[0.258s] Level 1:colcon.colcon_core.package_identification:_identify(src) by extension 'cmake'
[0.258s] Level 1:colcon.colcon_core.package_identification:_identify(src) by extension 'python'
[0.258s] Level 1:colcon.colcon_core.package_identification:_identify(src) by extensions ['python_setup_py']
[0.258s] Level 1:colcon.colcon_core.package_identification:_identify(src) by extension 'python_setup_py'
[0.258s] Level 1:colcon.colcon_core.package_identification:_identify(src/slam_stress_test) by extensions ['ignore', 'ignore_ament_install']
[0.258s] Level 1:colcon.colcon_core.package_identification:_identify(src/slam_stress_test) by extension 'ignore'
[0.258s] Level 1:colcon.colcon_core.package_identification:_identify(src/slam_stress_test) by extension 'ignore_ament_install'
[0.258s] Level 1:colcon.colcon_core.package_identification:_identify(src/slam_stress_test) by extensions ['colcon_pkg']
[0.258s] Level 1:colcon.colcon_core.package_identification:_identify(src/slam_stress_test) by extension 'colcon_pkg'
[0.258s] Level 1:colcon.colcon_core.package_identification:_identify(src/slam_stress_test) by extensions ['colcon_meta']
[0.258s] Level 1:colcon.colcon_core.package_identification:_identify(src/slam_stress_test) by extension 'colcon_meta'
[0.258s] Level 1:colcon.colcon_core.package_identification:_identify(src/slam_stress_test) by extensions ['ros']
[0.258s] Level 1:colcon.colcon_core.package_identification:_identify(src/slam_stress_test) by extension 'ros'
[0.262s] DEBUG:colcon.colcon_core.package_identification:Package 'src/slam_stress_test' with type 'ros.ament_python' and name 'slam_stress_test'
[0.262s] Level 1:colcon.colcon_core.package_identification:_identify(src/tractor_bringup) by extensions ['ignore', 'ignore_ament_install']
[0.262s] Level 1:colcon.colcon_core.package_identification:_identify(src/tractor_bringup) by extension 'ignore'
[0.262s] Level 1:colcon.colcon_core.package_identification:_identify(src/tractor_bringup) by extension 'ignore_ament_install'
[0.262s] Level 1:colcon.colcon_core.package_identification:_identify(src/tractor_bringup) by extensions ['colcon_pkg']
[0.262s] Level 1:colcon.colcon_core.package_identification:_identify(src/tractor_bringup) by extension 'colcon_pkg'
[0.262s] Level 1:colcon.colcon_core.package_identification:_identify(src/tractor_bringup) by extensions ['colcon_meta']
[0.262s] Level 1:colcon.colcon_core.package_identification:_identify(src/tractor_bringup) by extension 'colcon_meta'
[0.262s] Level 1:colcon.colcon_core.package_identification:_identify(src/tractor_bringup) by extensions ['ros']
[0.262s] Level 1:colcon.colcon_core.package_identification:_identify(src/tractor_bringup) by extension 'ros'
[0.264s] DEBUG:colcon.colcon_core.package_identification:Package 'src/tractor_bringup' with type 'ros.ament_python' and name 'tractor_bringup'
[0.264s] Level 1:colcon.colcon_core.package_identification:_identify(src/tractor_control) by extensions ['ignore', 'ignore_ament_install']
[0.264s] Level 1:colcon.colcon_core.package_identification:_identify(src/tractor_control) by extension 'ignore'
[0.264s] Level 1:colcon.colcon_core.package_identification:_identify(src/tractor_control) by extension 'ignore_ament_install'
[0.264s] Level 1:colcon.colcon_core.package_identification:_identify(src/tractor_control) by extensions ['colcon_pkg']
[0.265s] Level 1:colcon.colcon_core.package_identification:_identify(src/tractor_control) by extension 'colcon_pkg'
[0.265s] Level 1:colcon.colcon_core.package_identification:_identify(src/tractor_control) by extensions ['colcon_meta']
[0.265s] Level 1:colcon.colcon_core.package_identification:_identify(src/tractor_control) by extension 'colcon_meta'
[0.265s] Level 1:colcon.colcon_core.package_identification:_identify(src/tractor_control) by extensions ['ros']
[0.265s] Level 1:colcon.colcon_core.package_identification:_identify(src/tractor_control) by extension 'ros'
[0.266s] DEBUG:colcon.colcon_core.package_identification:Package 'src/tractor_control' with type 'ros.ament_python' and name 'tractor_control'
[0.266s] Level 1:colcon.colcon_core.package_identification:_identify(src/tractor_coverage) by extensions ['ignore', 'ignore_ament_install']
[0.266s] Level 1:colcon.colcon_core.package_identification:_identify(src/tractor_coverage) by extension 'ignore'
[0.266s] Level 1:colcon.colcon_core.package_identification:_identify(src/tractor_coverage) by extension 'ignore_ament_install'
[0.266s] Level 1:colcon.colcon_core.package_identification:_identify(src/tractor_coverage) by extensions ['colcon_pkg']
[0.266s] Level 1:colcon.colcon_core.package_identification:_identify(src/tractor_coverage) by extension 'colcon_pkg'
[0.266s] Level 1:colcon.colcon_core.package_identification:_identify(src/tractor_coverage) by extensions ['colcon_meta']
[0.266s] Level 1:colcon.colcon_core.package_identification:_identify(src/tractor_coverage) by extension 'colcon_meta'
[0.266s] Level 1:colcon.colcon_core.package_identification:_identify(src/tractor_coverage) by extensions ['ros']
[0.266s] Level 1:colcon.colcon_core.package_identification:_identify(src/tractor_coverage) by extension 'ros'
[0.268s] DEBUG:colcon.colcon_core.package_identification:Package 'src/tractor_coverage' with type 'ros.ament_python' and name 'tractor_coverage'
[0.268s] Level 1:colcon.colcon_core.package_identification:_identify(src/tractor_implements) by extensions ['ignore', 'ignore_ament_install']
[0.268s] Level 1:colcon.colcon_core.package_identification:_identify(src/tractor_implements) by extension 'ignore'
[0.268s] Level 1:colcon.colcon_core.package_identification:_identify(src/tractor_implements) by extension 'ignore_ament_install'
[0.268s] Level 1:colcon.colcon_core.package_identification:_identify(src/tractor_implements) by extensions ['colcon_pkg']
[0.268s] Level 1:colcon.colcon_core.package_identification:_identify(src/tractor_implements) by extension 'colcon_pkg'
[0.268s] Level 1:colcon.colcon_core.package_identification:_identify(src/tractor_implements) by extensions ['colcon_meta']
[0.268s] Level 1:colcon.colcon_core.package_identification:_identify(src/tractor_implements) by extension 'colcon_meta'
[0.268s] Level 1:colcon.colcon_core.package_identification:_identify(src/tractor_implements) by extensions ['ros']
[0.268s] Level 1:colcon.colcon_core.package_identification:_identify(src/tractor_implements) by extension 'ros'
[0.269s] DEBUG:colcon.colcon_core.package_identification:Package 'src/tractor_implements' with type 'ros.ament_python' and name 'tractor_implements'
[0.269s] Level 1:colcon.colcon_core.package_identification:_identify(src/tractor_sensors) by extensions ['ignore', 'ignore_ament_install']
[0.269s] Level 1:colcon.colcon_core.package_identification:_identify(src/tractor_sensors) by extension 'ignore'
[0.270s] Level 1:colcon.colcon_core.package_identification:_identify(src/tractor_sensors) by extension 'ignore_ament_install'
[0.270s] Level 1:colcon.colcon_core.package_identification:_identify(src/tractor_sensors) by extensions ['colcon_pkg']
[0.270s] Level 1:colcon.colcon_core.package_identification:_identify(src/tractor_sensors) by extension 'colcon_pkg'
[0.270s] Level 1:colcon.colcon_core.package_identification:_identify(src/tractor_sensors) by extensions ['colcon_meta']
[0.270s] Level 1:colcon.colcon_core.package_identification:_identify(src/tractor_sensors) by extension 'colcon_meta'
[0.270s] Level 1:colcon.colcon_core.package_identification:_identify(src/tractor_sensors) by extensions ['ros']
[0.270s] Level 1:colcon.colcon_core.package_identification:_identify(src/tractor_sensors) by extension 'ros'
[0.271s] DEBUG:colcon.colcon_core.package_identification:Package 'src/tractor_sensors' with type 'ros.ament_python' and name 'tractor_sensors'
[0.271s] Level 1:colcon.colcon_core.package_identification:_identify(src/tractor_vision) by extensions ['ignore', 'ignore_ament_install']
[0.271s] Level 1:colcon.colcon_core.package_identification:_identify(src/tractor_vision) by extension 'ignore'
[0.271s] Level 1:colcon.colcon_core.package_identification:_identify(src/tractor_vision) by extension 'ignore_ament_install'
[0.271s] Level 1:colcon.colcon_core.package_identification:_identify(src/tractor_vision) by extensions ['colcon_pkg']
[0.271s] Level 1:colcon.colcon_core.package_identification:_identify(src/tractor_vision) by extension 'colcon_pkg'
[0.271s] Level 1:colcon.colcon_core.package_identification:_identify(src/tractor_vision) by extensions ['colcon_meta']
[0.271s] Level 1:colcon.colcon_core.package_identification:_identify(src/tractor_vision) by extension 'colcon_meta'
[0.271s] Level 1:colcon.colcon_core.package_identification:_identify(src/tractor_vision) by extensions ['ros']
[0.271s] Level 1:colcon.colcon_core.package_identification:_identify(src/tractor_vision) by extension 'ros'
[0.273s] DEBUG:colcon.colcon_core.package_identification:Package 'src/tractor_vision' with type 'ros.ament_python' and name 'tractor_vision'
[0.273s] Level 1:colcon.colcon_core.package_discovery:discover_packages(recursive) using defaults
[0.273s] Level 1:colcon.colcon_core.package_discovery:discover_packages(ignore) discover
[0.273s] Level 1:colcon.colcon_core.package_discovery:discover_packages(ignore) using defaults
[0.273s] Level 1:colcon.colcon_core.package_discovery:discover_packages(path) discover
[0.273s] Level 1:colcon.colcon_core.package_discovery:discover_packages(path) using defaults
[0.301s] INFO:colcon.colcon_core.package_selection:Skipping not selected package 'slam_stress_test' in 'src/slam_stress_test'
[0.301s] INFO:colcon.colcon_core.package_selection:Skipping not selected package 'tractor_bringup' in 'src/tractor_bringup'
[0.301s] INFO:colcon.colcon_core.package_selection:Skipping not selected package 'tractor_coverage' in 'src/tractor_coverage'
[0.301s] INFO:colcon.colcon_core.package_selection:Skipping not selected package 'tractor_implements' in 'src/tractor_implements'
[0.302s] INFO:colcon.colcon_core.package_selection:Skipping not selected package 'tractor_sensors' in 'src/tractor_sensors'
[0.302s] INFO:colcon.colcon_core.package_selection:Skipping not selected package 'tractor_vision' in 'src/tractor_vision'
[0.302s] Level 5:colcon.colcon_core.verb:set package 'tractor_control' build argument 'cmake_args' from command line to 'None'
[0.302s] Level 5:colcon.colcon_core.verb:set package 'tractor_control' build argument 'cmake_target' from command line to 'None'
[0.302s] Level 5:colcon.colcon_core.verb:set package 'tractor_control' build argument 'cmake_target_skip_unavailable' from command line to 'False'
[0.302s] Level 5:colcon.colcon_core.verb:set package 'tractor_control' build argument 'cmake_clean_cache' from command line to 'False'
[0.302s] Level 5:colcon.colcon_core.verb:set package 'tractor_control' build argument 'cmake_clean_first' from command line to 'False'
[0.302s] Level 5:colcon.colcon_core.verb:set package 'tractor_control' build argument 'cmake_force_configure' from command line to 'False'
[0.302s] Level 5:colcon.colcon_core.verb:set package 'tractor_control' build argument 'ament_cmake_args' from command line to 'None'
[0.302s] Level 5:colcon.colcon_core.verb:set package 'tractor_control' build argument 'catkin_cmake_args' from command line to 'None'
[0.302s] Level 5:colcon.colcon_core.verb:set package 'tractor_control' build argument 'catkin_skip_building_tests' from command line to 'False'
[0.302s] DEBUG:colcon.colcon_core.verb:Building package 'tractor_control' with the following arguments: {'ament_cmake_args': None, 'build_base': '/home/benson/tractor_ws/build/tractor_control', 'catkin_cmake_args': None, 'catkin_skip_building_tests': False, 'cmake_args': None, 'cmake_clean_cache': False, 'cmake_clean_first': False, 'cmake_force_configure': False, 'cmake_target': None, 'cmake_target_skip_unavailable': False, 'install_base': '/home/benson/tractor_ws/install/tractor_control', 'merge_install': False, 'path': '/home/benson/tractor_ws/src/tractor_control', 'symlink_install': False, 'test_result_base': None}
[0.303s] INFO:colcon.colcon_core.executor:Executing jobs using 'parallel' executor
[0.304s] DEBUG:colcon.colcon_parallel_executor.executor.parallel:run_until_complete
[0.304s] INFO:colcon.colcon_ros.task.ament_python.build:Building ROS package in '/home/benson/tractor_ws/src/tractor_control' with build type 'ament_python'
[0.305s] Level 1:colcon.colcon_core.shell:create_environment_hook('tractor_control', 'ament_prefix_path')
[0.309s] INFO:colcon.colcon_core.plugin_system:Skipping extension 'colcon_core.shell.bat': Not used on non-Windows systems
[0.309s] INFO:colcon.colcon_core.shell:Creating environment hook '/home/benson/tractor_ws/install/tractor_control/share/tractor_control/hook/ament_prefix_path.ps1'
[0.310s] INFO:colcon.colcon_core.shell:Creating environment descriptor '/home/benson/tractor_ws/install/tractor_control/share/tractor_control/hook/ament_prefix_path.dsv'
[0.310s] INFO:colcon.colcon_core.shell:Creating environment hook '/home/benson/tractor_ws/install/tractor_control/share/tractor_control/hook/ament_prefix_path.sh'
[0.311s] INFO:colcon.colcon_core.shell:Skip shell extension 'powershell' for command environment: Not usable outside of PowerShell
[0.311s] DEBUG:colcon.colcon_core.shell:Skip shell extension 'dsv' for command environment
[0.692s] INFO:colcon.colcon_core.task.python.build:Building Python package in '/home/benson/tractor_ws/src/tractor_control'
[0.692s] INFO:colcon.colcon_core.shell:Skip shell extension 'powershell' for command environment: Not usable outside of PowerShell
[0.692s] DEBUG:colcon.colcon_core.shell:Skip shell extension 'dsv' for command environment
[1.678s] DEBUG:colcon.colcon_core.event_handler.log_command:Invoking command in '/home/benson/tractor_ws/src/tractor_control': PYTHONPATH=/home/benson/tractor_ws/build/tractor_control/prefix_override:/usr/lib/python3/dist-packages/colcon_core/task/python/colcon_distutils_commands:/home/benson/tractor_ws/install/tractor_control/lib/python3.12/site-packages:${PYTHONPATH} /usr/bin/python3 -W ignore:setup.py install is deprecated -W ignore:easy_install command is deprecated setup.py egg_info --egg-base ../../build/tractor_control build --build-base /home/benson/tractor_ws/build/tractor_control/build install --record /home/benson/tractor_ws/build/tractor_control/install.log --single-version-externally-managed install_data
[2.650s] DEBUG:colcon.colcon_core.event_handler.log_command:Invoked command in '/home/benson/tractor_ws/src/tractor_control' returned '0': PYTHONPATH=/home/benson/tractor_ws/build/tractor_control/prefix_override:/usr/lib/python3/dist-packages/colcon_core/task/python/colcon_distutils_commands:/home/benson/tractor_ws/install/tractor_control/lib/python3.12/site-packages:${PYTHONPATH} /usr/bin/python3 -W ignore:setup.py install is deprecated -W ignore:easy_install command is deprecated setup.py egg_info --egg-base ../../build/tractor_control build --build-base /home/benson/tractor_ws/build/tractor_control/build install --record /home/benson/tractor_ws/build/tractor_control/install.log --single-version-externally-managed install_data
[2.654s] Level 1:colcon.colcon_core.environment:checking '/home/benson/tractor_ws/install/tractor_control' for CMake module files
[2.655s] Level 1:colcon.colcon_core.environment:checking '/home/benson/tractor_ws/install/tractor_control' for CMake config files
[2.656s] Level 1:colcon.colcon_core.environment:checking '/home/benson/tractor_ws/install/tractor_control/lib'
[2.656s] Level 1:colcon.colcon_core.environment:checking '/home/benson/tractor_ws/install/tractor_control/bin'
[2.656s] Level 1:colcon.colcon_core.environment:checking '/home/benson/tractor_ws/install/tractor_control/lib/pkgconfig/tractor_control.pc'
[2.656s] Level 1:colcon.colcon_core.environment:checking '/home/benson/tractor_ws/install/tractor_control/lib/python3.12/site-packages'
[2.656s] Level 1:colcon.colcon_core.shell:create_environment_hook('tractor_control', 'pythonpath')
[2.657s] INFO:colcon.colcon_core.shell:Creating environment hook '/home/benson/tractor_ws/install/tractor_control/share/tractor_control/hook/pythonpath.ps1'
[2.657s] INFO:colcon.colcon_core.shell:Creating environment descriptor '/home/benson/tractor_ws/install/tractor_control/share/tractor_control/hook/pythonpath.dsv'
[2.658s] INFO:colcon.colcon_core.shell:Creating environment hook '/home/benson/tractor_ws/install/tractor_control/share/tractor_control/hook/pythonpath.sh'
[2.658s] Level 1:colcon.colcon_core.environment:checking '/home/benson/tractor_ws/install/tractor_control/bin'
[2.658s] Level 1:colcon.colcon_core.environment:create_environment_scripts_only(tractor_control)
[2.659s] INFO:colcon.colcon_core.shell:Creating package script '/home/benson/tractor_ws/install/tractor_control/share/tractor_control/package.ps1'
[2.660s] INFO:colcon.colcon_core.shell:Creating package descriptor '/home/benson/tractor_ws/install/tractor_control/share/tractor_control/package.dsv'
[2.660s] INFO:colcon.colcon_core.shell:Creating package script '/home/benson/tractor_ws/install/tractor_control/share/tractor_control/package.sh'
[2.661s] INFO:colcon.colcon_core.shell:Creating package script '/home/benson/tractor_ws/install/tractor_control/share/tractor_control/package.bash'
[2.662s] INFO:colcon.colcon_core.shell:Creating package script '/home/benson/tractor_ws/install/tractor_control/share/tractor_control/package.zsh'
[2.663s] Level 1:colcon.colcon_core.environment:create_file_with_runtime_dependencies(/home/benson/tractor_ws/install/tractor_control/share/colcon-core/packages/tractor_control)
[2.663s] DEBUG:colcon.colcon_parallel_executor.executor.parallel:closing loop
[2.664s] DEBUG:colcon.colcon_parallel_executor.executor.parallel:loop closed
[2.664s] DEBUG:colcon.colcon_parallel_executor.executor.parallel:run_until_complete finished with '0'
[2.664s] DEBUG:colcon.colcon_core.event_reactor:joining thread
[2.671s] INFO:colcon.colcon_core.plugin_system:Skipping extension 'colcon_notification.desktop_notification.notify_send': Could not find 'notify-send'
[2.671s] INFO:colcon.colcon_core.plugin_system:Skipping extension 'colcon_notification.desktop_notification.terminal_notifier': Not used on non-Darwin systems
[2.671s] INFO:colcon.colcon_core.plugin_system:Skipping extension 'colcon_notification.desktop_notification.win32': Not used on non-Windows systems
[2.671s] INFO:colcon.colcon_notification.desktop_notification:Sending desktop notification using 'notify2'
[27.679s] DEBUG:colcon.colcon_notification.desktop_notification.notify2:Failed to initialize notify2: org.freedesktop.DBus.Error.NoReply: Did not receive a reply. Possible causes include: the remote application did not send a reply, the message bus security policy blocked the reply, the reply timeout expired, or the network connection was broken.
[27.679s] DEBUG:colcon.colcon_core.event_reactor:joined thread
[27.680s] INFO:colcon.colcon_core.shell:Creating prefix script '/home/benson/tractor_ws/install/local_setup.ps1'
[27.681s] INFO:colcon.colcon_core.shell:Creating prefix util module '/home/benson/tractor_ws/install/_local_setup_util_ps1.py'
[27.682s] INFO:colcon.colcon_core.shell:Creating prefix chain script '/home/benson/tractor_ws/install/setup.ps1'
[27.683s] INFO:colcon.colcon_core.shell:Creating prefix script '/home/benson/tractor_ws/install/local_setup.sh'
[27.684s] INFO:colcon.colcon_core.shell:Creating prefix util module '/home/benson/tractor_ws/install/_local_setup_util_sh.py'
[27.685s] INFO:colcon.colcon_core.shell:Creating prefix chain script '/home/benson/tractor_ws/install/setup.sh'
[27.686s] INFO:colcon.colcon_core.shell:Creating prefix script '/home/benson/tractor_ws/install/local_setup.bash'
[27.687s] INFO:colcon.colcon_core.shell:Creating prefix chain script '/home/benson/tractor_ws/install/setup.bash'
[27.688s] INFO:colcon.colcon_core.shell:Creating prefix script '/home/benson/tractor_ws/install/local_setup.zsh'
[27.702s] INFO:colcon.colcon_core.shell:Creating prefix chain script '/home/benson/tractor_ws/install/setup.zsh'
