[0.157s] DEBUG:colcon:Command line arguments: ['/usr/bin/colcon', 'build', '--packages-select', 'tractor_bringup']
[0.157s] DEBUG:colcon:Parsed command line arguments: Namespace(log_base=None, log_level=None, verb_name='build', build_base='build', install_base='install', merge_install=False, symlink_install=False, test_result_base=None, continue_on_error=False, executor='parallel', parallel_workers=8, event_handlers=None, ignore_user_meta=False, metas=['./colcon.meta'], base_paths=['.'], packages_ignore=None, packages_ignore_regex=None, paths=None, packages_up_to=None, packages_up_to_regex=None, packages_above=None, packages_above_and_dependencies=None, packages_above_depth=None, packages_select_by_dep=None, packages_skip_by_dep=None, packages_skip_up_to=None, packages_select_build_failed=False, packages_skip_build_finished=False, packages_select_test_failures=False, packages_skip_test_passed=False, packages_select=['tractor_bringup'], packages_skip=None, packages_select_regex=None, packages_skip_regex=None, packages_start=None, packages_end=None, cmake_args=None, cmake_target=None, cmake_target_skip_unavailable=False, cmake_clean_cache=False, cmake_clean_first=False, cmake_force_configure=False, ament_cmake_args=None, catkin_cmake_args=None, catkin_skip_building_tests=False, mixin_files=None, mixin=None, verb_parser=<colcon_mixin.mixin.mixin_argument.MixinArgumentDecorator object at 0xffffbceecc20>, verb_extension=<colcon_core.verb.build.BuildVerb object at 0xffffbceec920>, main=<bound method BuildVerb.main of <colcon_core.verb.build.BuildVerb object at 0xffffbceec920>>, mixin_verb=('build',))
[0.211s] Level 1:colcon.colcon_core.package_discovery:discover_packages(colcon_meta) check parameters
[0.212s] Level 1:colcon.colcon_core.package_discovery:discover_packages(recursive) check parameters
[0.212s] Level 1:colcon.colcon_core.package_discovery:discover_packages(ignore) check parameters
[0.212s] Level 1:colcon.colcon_core.package_discovery:discover_packages(path) check parameters
[0.212s] Level 1:colcon.colcon_core.package_discovery:discover_packages(colcon_meta) discover
[0.212s] Level 1:colcon.colcon_core.package_discovery:discover_packages(recursive) discover
[0.212s] INFO:colcon.colcon_core.package_discovery:Crawling recursively for packages in '/home/benson/tractor_ws'
[0.212s] Level 1:colcon.colcon_core.package_identification:_identify(.) by extensions ['ignore', 'ignore_ament_install']
[0.212s] Level 1:colcon.colcon_core.package_identification:_identify(.) by extension 'ignore'
[0.212s] Level 1:colcon.colcon_core.package_identification:_identify(.) by extension 'ignore_ament_install'
[0.212s] Level 1:colcon.colcon_core.package_identification:_identify(.) by extensions ['colcon_pkg']
[0.212s] Level 1:colcon.colcon_core.package_identification:_identify(.) by extension 'colcon_pkg'
[0.212s] Level 1:colcon.colcon_core.package_identification:_identify(.) by extensions ['colcon_meta']
[0.212s] Level 1:colcon.colcon_core.package_identification:_identify(.) by extension 'colcon_meta'
[0.212s] Level 1:colcon.colcon_core.package_identification:_identify(.) by extensions ['ros']
[0.212s] Level 1:colcon.colcon_core.package_identification:_identify(.) by extension 'ros'
[0.251s] Level 1:colcon.colcon_core.package_identification:_identify(.) by extensions ['cmake', 'python']
[0.251s] Level 1:colcon.colcon_core.package_identification:_identify(.) by extension 'cmake'
[0.252s] Level 1:colcon.colcon_core.package_identification:_identify(.) by extension 'python'
[0.252s] Level 1:colcon.colcon_core.package_identification:_identify(.) by extensions ['python_setup_py']
[0.252s] Level 1:colcon.colcon_core.package_identification:_identify(.) by extension 'python_setup_py'
[0.252s] Level 1:colcon.colcon_core.package_identification:_identify(build) by extensions ['ignore', 'ignore_ament_install']
[0.252s] Level 1:colcon.colcon_core.package_identification:_identify(build) by extension 'ignore'
[0.252s] Level 1:colcon.colcon_core.package_identification:_identify(build) ignored
[0.252s] Level 1:colcon.colcon_core.package_identification:_identify(install) by extensions ['ignore', 'ignore_ament_install']
[0.252s] Level 1:colcon.colcon_core.package_identification:_identify(install) by extension 'ignore'
[0.252s] Level 1:colcon.colcon_core.package_identification:_identify(install) ignored
[0.252s] Level 1:colcon.colcon_core.package_identification:_identify(log) by extensions ['ignore', 'ignore_ament_install']
[0.253s] Level 1:colcon.colcon_core.package_identification:_identify(log) by extension 'ignore'
[0.253s] Level 1:colcon.colcon_core.package_identification:_identify(log) ignored
[0.253s] Level 1:colcon.colcon_core.package_identification:_identify(src) by extensions ['ignore', 'ignore_ament_install']
[0.253s] Level 1:colcon.colcon_core.package_identification:_identify(src) by extension 'ignore'
[0.253s] Level 1:colcon.colcon_core.package_identification:_identify(src) by extension 'ignore_ament_install'
[0.253s] Level 1:colcon.colcon_core.package_identification:_identify(src) by extensions ['colcon_pkg']
[0.253s] Level 1:colcon.colcon_core.package_identification:_identify(src) by extension 'colcon_pkg'
[0.253s] Level 1:colcon.colcon_core.package_identification:_identify(src) by extensions ['colcon_meta']
[0.253s] Level 1:colcon.colcon_core.package_identification:_identify(src) by extension 'colcon_meta'
[0.253s] Level 1:colcon.colcon_core.package_identification:_identify(src) by extensions ['ros']
[0.253s] Level 1:colcon.colcon_core.package_identification:_identify(src) by extension 'ros'
[0.253s] Level 1:colcon.colcon_core.package_identification:_identify(src) by extensions ['cmake', 'python']
[0.253s] Level 1:colcon.colcon_core.package_identification:_identify(src) by extension 'cmake'
[0.253s] Level 1:colcon.colcon_core.package_identification:_identify(src) by extension 'python'
[0.253s] Level 1:colcon.colcon_core.package_identification:_identify(src) by extensions ['python_setup_py']
[0.253s] Level 1:colcon.colcon_core.package_identification:_identify(src) by extension 'python_setup_py'
[0.253s] Level 1:colcon.colcon_core.package_identification:_identify(src/slam_stress_test) by extensions ['ignore', 'ignore_ament_install']
[0.253s] Level 1:colcon.colcon_core.package_identification:_identify(src/slam_stress_test) by extension 'ignore'
[0.254s] Level 1:colcon.colcon_core.package_identification:_identify(src/slam_stress_test) by extension 'ignore_ament_install'
[0.254s] Level 1:colcon.colcon_core.package_identification:_identify(src/slam_stress_test) by extensions ['colcon_pkg']
[0.254s] Level 1:colcon.colcon_core.package_identification:_identify(src/slam_stress_test) by extension 'colcon_pkg'
[0.254s] Level 1:colcon.colcon_core.package_identification:_identify(src/slam_stress_test) by extensions ['colcon_meta']
[0.254s] Level 1:colcon.colcon_core.package_identification:_identify(src/slam_stress_test) by extension 'colcon_meta'
[0.254s] Level 1:colcon.colcon_core.package_identification:_identify(src/slam_stress_test) by extensions ['ros']
[0.254s] Level 1:colcon.colcon_core.package_identification:_identify(src/slam_stress_test) by extension 'ros'
[0.257s] DEBUG:colcon.colcon_core.package_identification:Package 'src/slam_stress_test' with type 'ros.ament_python' and name 'slam_stress_test'
[0.257s] Level 1:colcon.colcon_core.package_identification:_identify(src/tractor_bringup) by extensions ['ignore', 'ignore_ament_install']
[0.257s] Level 1:colcon.colcon_core.package_identification:_identify(src/tractor_bringup) by extension 'ignore'
[0.258s] Level 1:colcon.colcon_core.package_identification:_identify(src/tractor_bringup) by extension 'ignore_ament_install'
[0.258s] Level 1:colcon.colcon_core.package_identification:_identify(src/tractor_bringup) by extensions ['colcon_pkg']
[0.258s] Level 1:colcon.colcon_core.package_identification:_identify(src/tractor_bringup) by extension 'colcon_pkg'
[0.258s] Level 1:colcon.colcon_core.package_identification:_identify(src/tractor_bringup) by extensions ['colcon_meta']
[0.258s] Level 1:colcon.colcon_core.package_identification:_identify(src/tractor_bringup) by extension 'colcon_meta'
[0.258s] Level 1:colcon.colcon_core.package_identification:_identify(src/tractor_bringup) by extensions ['ros']
[0.258s] Level 1:colcon.colcon_core.package_identification:_identify(src/tractor_bringup) by extension 'ros'
[0.260s] DEBUG:colcon.colcon_core.package_identification:Package 'src/tractor_bringup' with type 'ros.ament_python' and name 'tractor_bringup'
[0.260s] Level 1:colcon.colcon_core.package_identification:_identify(src/tractor_control) by extensions ['ignore', 'ignore_ament_install']
[0.260s] Level 1:colcon.colcon_core.package_identification:_identify(src/tractor_control) by extension 'ignore'
[0.260s] Level 1:colcon.colcon_core.package_identification:_identify(src/tractor_control) by extension 'ignore_ament_install'
[0.260s] Level 1:colcon.colcon_core.package_identification:_identify(src/tractor_control) by extensions ['colcon_pkg']
[0.260s] Level 1:colcon.colcon_core.package_identification:_identify(src/tractor_control) by extension 'colcon_pkg'
[0.260s] Level 1:colcon.colcon_core.package_identification:_identify(src/tractor_control) by extensions ['colcon_meta']
[0.260s] Level 1:colcon.colcon_core.package_identification:_identify(src/tractor_control) by extension 'colcon_meta'
[0.260s] Level 1:colcon.colcon_core.package_identification:_identify(src/tractor_control) by extensions ['ros']
[0.260s] Level 1:colcon.colcon_core.package_identification:_identify(src/tractor_control) by extension 'ros'
[0.261s] DEBUG:colcon.colcon_core.package_identification:Package 'src/tractor_control' with type 'ros.ament_python' and name 'tractor_control'
[0.261s] Level 1:colcon.colcon_core.package_identification:_identify(src/tractor_coverage) by extensions ['ignore', 'ignore_ament_install']
[0.262s] Level 1:colcon.colcon_core.package_identification:_identify(src/tractor_coverage) by extension 'ignore'
[0.262s] Level 1:colcon.colcon_core.package_identification:_identify(src/tractor_coverage) by extension 'ignore_ament_install'
[0.262s] Level 1:colcon.colcon_core.package_identification:_identify(src/tractor_coverage) by extensions ['colcon_pkg']
[0.262s] Level 1:colcon.colcon_core.package_identification:_identify(src/tractor_coverage) by extension 'colcon_pkg'
[0.262s] Level 1:colcon.colcon_core.package_identification:_identify(src/tractor_coverage) by extensions ['colcon_meta']
[0.262s] Level 1:colcon.colcon_core.package_identification:_identify(src/tractor_coverage) by extension 'colcon_meta'
[0.262s] Level 1:colcon.colcon_core.package_identification:_identify(src/tractor_coverage) by extensions ['ros']
[0.262s] Level 1:colcon.colcon_core.package_identification:_identify(src/tractor_coverage) by extension 'ros'
[0.263s] DEBUG:colcon.colcon_core.package_identification:Package 'src/tractor_coverage' with type 'ros.ament_python' and name 'tractor_coverage'
[0.263s] Level 1:colcon.colcon_core.package_identification:_identify(src/tractor_implements) by extensions ['ignore', 'ignore_ament_install']
[0.263s] Level 1:colcon.colcon_core.package_identification:_identify(src/tractor_implements) by extension 'ignore'
[0.263s] Level 1:colcon.colcon_core.package_identification:_identify(src/tractor_implements) by extension 'ignore_ament_install'
[0.264s] Level 1:colcon.colcon_core.package_identification:_identify(src/tractor_implements) by extensions ['colcon_pkg']
[0.264s] Level 1:colcon.colcon_core.package_identification:_identify(src/tractor_implements) by extension 'colcon_pkg'
[0.264s] Level 1:colcon.colcon_core.package_identification:_identify(src/tractor_implements) by extensions ['colcon_meta']
[0.264s] Level 1:colcon.colcon_core.package_identification:_identify(src/tractor_implements) by extension 'colcon_meta'
[0.264s] Level 1:colcon.colcon_core.package_identification:_identify(src/tractor_implements) by extensions ['ros']
[0.264s] Level 1:colcon.colcon_core.package_identification:_identify(src/tractor_implements) by extension 'ros'
[0.265s] DEBUG:colcon.colcon_core.package_identification:Package 'src/tractor_implements' with type 'ros.ament_python' and name 'tractor_implements'
[0.265s] Level 1:colcon.colcon_core.package_identification:_identify(src/tractor_sensors) by extensions ['ignore', 'ignore_ament_install']
[0.265s] Level 1:colcon.colcon_core.package_identification:_identify(src/tractor_sensors) by extension 'ignore'
[0.265s] Level 1:colcon.colcon_core.package_identification:_identify(src/tractor_sensors) by extension 'ignore_ament_install'
[0.265s] Level 1:colcon.colcon_core.package_identification:_identify(src/tractor_sensors) by extensions ['colcon_pkg']
[0.265s] Level 1:colcon.colcon_core.package_identification:_identify(src/tractor_sensors) by extension 'colcon_pkg'
[0.265s] Level 1:colcon.colcon_core.package_identification:_identify(src/tractor_sensors) by extensions ['colcon_meta']
[0.265s] Level 1:colcon.colcon_core.package_identification:_identify(src/tractor_sensors) by extension 'colcon_meta'
[0.265s] Level 1:colcon.colcon_core.package_identification:_identify(src/tractor_sensors) by extensions ['ros']
[0.265s] Level 1:colcon.colcon_core.package_identification:_identify(src/tractor_sensors) by extension 'ros'
[0.267s] DEBUG:colcon.colcon_core.package_identification:Package 'src/tractor_sensors' with type 'ros.ament_python' and name 'tractor_sensors'
[0.267s] Level 1:colcon.colcon_core.package_identification:_identify(src/tractor_vision) by extensions ['ignore', 'ignore_ament_install']
[0.267s] Level 1:colcon.colcon_core.package_identification:_identify(src/tractor_vision) by extension 'ignore'
[0.267s] Level 1:colcon.colcon_core.package_identification:_identify(src/tractor_vision) by extension 'ignore_ament_install'
[0.267s] Level 1:colcon.colcon_core.package_identification:_identify(src/tractor_vision) by extensions ['colcon_pkg']
[0.267s] Level 1:colcon.colcon_core.package_identification:_identify(src/tractor_vision) by extension 'colcon_pkg'
[0.267s] Level 1:colcon.colcon_core.package_identification:_identify(src/tractor_vision) by extensions ['colcon_meta']
[0.267s] Level 1:colcon.colcon_core.package_identification:_identify(src/tractor_vision) by extension 'colcon_meta'
[0.267s] Level 1:colcon.colcon_core.package_identification:_identify(src/tractor_vision) by extensions ['ros']
[0.267s] Level 1:colcon.colcon_core.package_identification:_identify(src/tractor_vision) by extension 'ros'
[0.268s] DEBUG:colcon.colcon_core.package_identification:Package 'src/tractor_vision' with type 'ros.ament_python' and name 'tractor_vision'
[0.268s] Level 1:colcon.colcon_core.package_discovery:discover_packages(recursive) using defaults
[0.269s] Level 1:colcon.colcon_core.package_discovery:discover_packages(ignore) discover
[0.269s] Level 1:colcon.colcon_core.package_discovery:discover_packages(ignore) using defaults
[0.269s] Level 1:colcon.colcon_core.package_discovery:discover_packages(path) discover
[0.269s] Level 1:colcon.colcon_core.package_discovery:discover_packages(path) using defaults
[0.296s] INFO:colcon.colcon_core.package_selection:Skipping not selected package 'slam_stress_test' in 'src/slam_stress_test'
[0.296s] INFO:colcon.colcon_core.package_selection:Skipping not selected package 'tractor_control' in 'src/tractor_control'
[0.296s] INFO:colcon.colcon_core.package_selection:Skipping not selected package 'tractor_coverage' in 'src/tractor_coverage'
[0.296s] INFO:colcon.colcon_core.package_selection:Skipping not selected package 'tractor_implements' in 'src/tractor_implements'
[0.296s] INFO:colcon.colcon_core.package_selection:Skipping not selected package 'tractor_sensors' in 'src/tractor_sensors'
[0.296s] INFO:colcon.colcon_core.package_selection:Skipping not selected package 'tractor_vision' in 'src/tractor_vision'
[0.297s] Level 5:colcon.colcon_core.verb:set package 'tractor_bringup' build argument 'cmake_args' from command line to 'None'
[0.297s] Level 5:colcon.colcon_core.verb:set package 'tractor_bringup' build argument 'cmake_target' from command line to 'None'
[0.297s] Level 5:colcon.colcon_core.verb:set package 'tractor_bringup' build argument 'cmake_target_skip_unavailable' from command line to 'False'
[0.297s] Level 5:colcon.colcon_core.verb:set package 'tractor_bringup' build argument 'cmake_clean_cache' from command line to 'False'
[0.297s] Level 5:colcon.colcon_core.verb:set package 'tractor_bringup' build argument 'cmake_clean_first' from command line to 'False'
[0.297s] Level 5:colcon.colcon_core.verb:set package 'tractor_bringup' build argument 'cmake_force_configure' from command line to 'False'
[0.297s] Level 5:colcon.colcon_core.verb:set package 'tractor_bringup' build argument 'ament_cmake_args' from command line to 'None'
[0.297s] Level 5:colcon.colcon_core.verb:set package 'tractor_bringup' build argument 'catkin_cmake_args' from command line to 'None'
[0.297s] Level 5:colcon.colcon_core.verb:set package 'tractor_bringup' build argument 'catkin_skip_building_tests' from command line to 'False'
[0.297s] DEBUG:colcon.colcon_core.verb:Building package 'tractor_bringup' with the following arguments: {'ament_cmake_args': None, 'build_base': '/home/benson/tractor_ws/build/tractor_bringup', 'catkin_cmake_args': None, 'catkin_skip_building_tests': False, 'cmake_args': None, 'cmake_clean_cache': False, 'cmake_clean_first': False, 'cmake_force_configure': False, 'cmake_target': None, 'cmake_target_skip_unavailable': False, 'install_base': '/home/benson/tractor_ws/install/tractor_bringup', 'merge_install': False, 'path': '/home/benson/tractor_ws/src/tractor_bringup', 'symlink_install': False, 'test_result_base': None}
[0.297s] INFO:colcon.colcon_core.executor:Executing jobs using 'parallel' executor
[0.299s] DEBUG:colcon.colcon_parallel_executor.executor.parallel:run_until_complete
[0.299s] INFO:colcon.colcon_ros.task.ament_python.build:Building ROS package in '/home/benson/tractor_ws/src/tractor_bringup' with build type 'ament_python'
[0.299s] Level 1:colcon.colcon_core.shell:create_environment_hook('tractor_bringup', 'ament_prefix_path')
[0.303s] INFO:colcon.colcon_core.plugin_system:Skipping extension 'colcon_core.shell.bat': Not used on non-Windows systems
[0.303s] INFO:colcon.colcon_core.shell:Creating environment hook '/home/benson/tractor_ws/install/tractor_bringup/share/tractor_bringup/hook/ament_prefix_path.ps1'
[0.304s] INFO:colcon.colcon_core.shell:Creating environment descriptor '/home/benson/tractor_ws/install/tractor_bringup/share/tractor_bringup/hook/ament_prefix_path.dsv'
[0.304s] INFO:colcon.colcon_core.shell:Creating environment hook '/home/benson/tractor_ws/install/tractor_bringup/share/tractor_bringup/hook/ament_prefix_path.sh'
[0.305s] INFO:colcon.colcon_core.shell:Skip shell extension 'powershell' for command environment: Not usable outside of PowerShell
[0.305s] DEBUG:colcon.colcon_core.shell:Skip shell extension 'dsv' for command environment
[0.689s] INFO:colcon.colcon_core.task.python.build:Building Python package in '/home/benson/tractor_ws/src/tractor_bringup'
[0.690s] INFO:colcon.colcon_core.shell:Skip shell extension 'powershell' for command environment: Not usable outside of PowerShell
[0.690s] DEBUG:colcon.colcon_core.shell:Skip shell extension 'dsv' for command environment
[1.625s] DEBUG:colcon.colcon_core.event_handler.log_command:Invoking command in '/home/benson/tractor_ws/src/tractor_bringup': PYTHONPATH=/home/benson/tractor_ws/build/tractor_bringup/prefix_override:/usr/lib/python3/dist-packages/colcon_core/task/python/colcon_distutils_commands:/home/benson/tractor_ws/install/tractor_bringup/lib/python3.12/site-packages:${PYTHONPATH} /usr/bin/python3 -W ignore:setup.py install is deprecated -W ignore:easy_install command is deprecated setup.py egg_info --egg-base ../../build/tractor_bringup build --build-base /home/benson/tractor_ws/build/tractor_bringup/build install --record /home/benson/tractor_ws/build/tractor_bringup/install.log --single-version-externally-managed install_data
[2.272s] DEBUG:colcon.colcon_core.event_handler.log_command:Invoked command in '/home/benson/tractor_ws/src/tractor_bringup' returned '1': PYTHONPATH=/home/benson/tractor_ws/build/tractor_bringup/prefix_override:/usr/lib/python3/dist-packages/colcon_core/task/python/colcon_distutils_commands:/home/benson/tractor_ws/install/tractor_bringup/lib/python3.12/site-packages:${PYTHONPATH} /usr/bin/python3 -W ignore:setup.py install is deprecated -W ignore:easy_install command is deprecated setup.py egg_info --egg-base ../../build/tractor_bringup build --build-base /home/benson/tractor_ws/build/tractor_bringup/build install --record /home/benson/tractor_ws/build/tractor_bringup/install.log --single-version-externally-managed install_data
[2.281s] DEBUG:colcon.colcon_parallel_executor.executor.parallel:closing loop
[2.281s] DEBUG:colcon.colcon_parallel_executor.executor.parallel:loop closed
[2.281s] DEBUG:colcon.colcon_parallel_executor.executor.parallel:run_until_complete finished with '1'
[2.281s] DEBUG:colcon.colcon_core.event_reactor:joining thread
[2.309s] INFO:colcon.colcon_core.plugin_system:Skipping extension 'colcon_notification.desktop_notification.notify_send': Could not find 'notify-send'
[2.310s] INFO:colcon.colcon_core.plugin_system:Skipping extension 'colcon_notification.desktop_notification.terminal_notifier': Not used on non-Darwin systems
[2.310s] INFO:colcon.colcon_core.plugin_system:Skipping extension 'colcon_notification.desktop_notification.win32': Not used on non-Windows systems
[2.310s] INFO:colcon.colcon_notification.desktop_notification:Sending desktop notification using 'notify2'
[2.313s] DEBUG:colcon.colcon_notification.desktop_notification.notify2:Failed to initialize notify2: org.freedesktop.DBus.Error.ServiceUnknown: The name org.freedesktop.Notifications was not provided by any .service files
[2.314s] DEBUG:colcon.colcon_core.event_reactor:joined thread
[2.314s] INFO:colcon.colcon_core.shell:Creating prefix script '/home/benson/tractor_ws/install/local_setup.ps1'
[2.315s] INFO:colcon.colcon_core.shell:Creating prefix util module '/home/benson/tractor_ws/install/_local_setup_util_ps1.py'
[2.317s] INFO:colcon.colcon_core.shell:Creating prefix chain script '/home/benson/tractor_ws/install/setup.ps1'
[2.318s] INFO:colcon.colcon_core.shell:Creating prefix script '/home/benson/tractor_ws/install/local_setup.sh'
[2.319s] INFO:colcon.colcon_core.shell:Creating prefix util module '/home/benson/tractor_ws/install/_local_setup_util_sh.py'
[2.320s] INFO:colcon.colcon_core.shell:Creating prefix chain script '/home/benson/tractor_ws/install/setup.sh'
[2.321s] INFO:colcon.colcon_core.shell:Creating prefix script '/home/benson/tractor_ws/install/local_setup.bash'
[2.321s] INFO:colcon.colcon_core.shell:Creating prefix chain script '/home/benson/tractor_ws/install/setup.bash'
[2.322s] INFO:colcon.colcon_core.shell:Creating prefix script '/home/benson/tractor_ws/install/local_setup.zsh'
[2.323s] INFO:colcon.colcon_core.shell:Creating prefix chain script '/home/benson/tractor_ws/install/setup.zsh'
