running develop
running egg_info
creating tractor_control.egg-info
writing tractor_control.egg-info/PKG-INFO
writing dependency_links to tractor_control.egg-info/dependency_links.txt
writing entry points to tractor_control.egg-info/entry_points.txt
writing requirements to tractor_control.egg-info/requires.txt
writing top-level names to tractor_control.egg-info/top_level.txt
writing manifest file 'tractor_control.egg-info/SOURCES.txt'
reading manifest file 'tractor_control.egg-info/SOURCES.txt'
writing manifest file 'tractor_control.egg-info/SOURCES.txt'
running build_ext
Creating /home/benson/tractor_ws/install/tractor_control/lib/python3.12/site-packages/tractor-control.egg-link (link to .)
Installing tank_steering_controller script to /home/benson/tractor_ws/install/tractor_control/lib/tractor_control

Installed /home/benson/tractor_ws/build/tractor_control
running symlink_data
creating /home/benson/tractor_ws/install/tractor_control/share/ament_index
creating /home/benson/tractor_ws/install/tractor_control/share/ament_index/resource_index
creating /home/benson/tractor_ws/install/tractor_control/share/ament_index/resource_index/packages
symbolically linking /home/benson/tractor_ws/build/tractor_control/resource/tractor_control -> /home/benson/tractor_ws/install/tractor_control/share/ament_index/resource_index/packages
symbolically linking /home/benson/tractor_ws/build/tractor_control/package.xml -> /home/benson/tractor_ws/install/tractor_control/share/tractor_control
