[3.625s] Invoking command in '/home/benson/tractor_ws/build/tractor_control': PYTHONPATH=/home/benson/tractor_ws/build/tractor_control/prefix_override:/usr/lib/python3/dist-packages/colcon_core/task/python/colcon_distutils_commands:/home/benson/tractor_ws/install/tractor_control/lib/python3.12/site-packages:${PYTHONPATH} /usr/bin/python3 -W ignore:setup.py install is deprecated -W ignore:easy_install command is deprecated setup.py develop --editable --build-directory /home/benson/tractor_ws/build/tractor_control/build --no-deps symlink_data
[4.169s] running develop
[4.458s] /usr/lib/python3/dist-packages/setuptools/command/easy_install.py:363: UserWarning: Unbuilt egg for pytest-repeat [unknown version] (/usr/lib/python3/dist-packages)
[4.458s]   self.local_index = Environment(self.shadow_path + sys.path)
[4.522s] running egg_info
[4.522s] creating tractor_control.egg-info
[4.557s] writing tractor_control.egg-info/PKG-INFO
[4.558s] writing dependency_links to tractor_control.egg-info/dependency_links.txt
[4.558s] writing entry points to tractor_control.egg-info/entry_points.txt
[4.558s] writing requirements to tractor_control.egg-info/requires.txt
[4.558s] writing top-level names to tractor_control.egg-info/top_level.txt
[4.558s] writing manifest file 'tractor_control.egg-info/SOURCES.txt'
[4.625s] reading manifest file 'tractor_control.egg-info/SOURCES.txt'
[4.626s] writing manifest file 'tractor_control.egg-info/SOURCES.txt'
[4.661s] running build_ext
[4.662s] Creating /home/benson/tractor_ws/install/tractor_control/lib/python3.12/site-packages/tractor-control.egg-link (link to .)
[4.662s] Installing tank_steering_controller script to /home/benson/tractor_ws/install/tractor_control/lib/tractor_control
[4.662s] 
[4.662s] Installed /home/benson/tractor_ws/build/tractor_control
[4.662s] running symlink_data
[4.662s] creating /home/benson/tractor_ws/install/tractor_control/share/ament_index
[4.662s] creating /home/benson/tractor_ws/install/tractor_control/share/ament_index/resource_index
[4.662s] creating /home/benson/tractor_ws/install/tractor_control/share/ament_index/resource_index/packages
[4.662s] symbolically linking /home/benson/tractor_ws/build/tractor_control/resource/tractor_control -> /home/benson/tractor_ws/install/tractor_control/share/ament_index/resource_index/packages
[4.663s] symbolically linking /home/benson/tractor_ws/build/tractor_control/package.xml -> /home/benson/tractor_ws/install/tractor_control/share/tractor_control
[4.759s] Invoked command in '/home/benson/tractor_ws/build/tractor_control' returned '0': PYTHONPATH=/home/benson/tractor_ws/build/tractor_control/prefix_override:/usr/lib/python3/dist-packages/colcon_core/task/python/colcon_distutils_commands:/home/benson/tractor_ws/install/tractor_control/lib/python3.12/site-packages:${PYTHONPATH} /usr/bin/python3 -W ignore:setup.py install is deprecated -W ignore:easy_install command is deprecated setup.py develop --editable --build-directory /home/benson/tractor_ws/build/tractor_control/build --no-deps symlink_data
