Using GPU: NVIDIA GB10 (121.6GB)
GPU sanity test passed
AMP BF16 - Blackwell (NVIDIA GB10)
Dashboard on http://0.0.0.0:8080
No checkpoint found. Starting fresh.
ONNX export failed: No module named 'onnxscript'
Traceback (most recent call last):
  File "/home/benson/ros2-rover/remote_training_server/v620_dreamer_trainer.py", line 494, in _export_onnx
    torch.onnx.export(
  File "/home/benson/venv/lib/python3.12/site-packages/torch/onnx/__init__.py", line 286, in export
    from torch.onnx._internal.exporter import _compat
  File "/home/benson/venv/lib/python3.12/site-packages/torch/onnx/_internal/exporter/_compat.py", line 16, in <module>
    from torch.onnx._internal.exporter import (
  File "/home/benson/venv/lib/python3.12/site-packages/torch/onnx/_internal/exporter/_core.py", line 19, in <module>
    import onnxscript
ModuleNotFoundError: No module named 'onnxscript'
Dreamer Trainer initialized: WM=19,097,578, Actor+Critic=2,100,741
  T_chunk=64, batch=16, horizon=15
ZMQ PULL bound on tcp://*:5555
ZMQ XPUB bound on tcp://*:5556
Waiting for 4 chunks before training starts...
Waiting for rover chunks...
