[4.194s] Invoking command in '/home/ubuntu/ros2-rover/build/tractor_sensors': PYTHONPATH=/home/ubuntu/ros2-rover/build/tractor_sensors/prefix_override:/usr/lib/python3/dist-packages/colcon_core/task/python/colcon_distutils_commands:/home/ubuntu/ros2-rover/install/tractor_sensors/lib/python3.12/site-packages:${PYTHONPATH} /usr/bin/python3 -W ignore:setup.py install is deprecated -W ignore:easy_install command is deprecated setup.py develop --uninstall --editable --build-directory /home/ubuntu/ros2-rover/build/tractor_sensors/build
[4.720s] running develop
[5.070s] Removing /home/ubuntu/ros2-rover/install/tractor_sensors/lib/python3.12/site-packages/tractor-sensors.egg-link (link to .)
[5.165s] Invoked command in '/home/ubuntu/ros2-rover/build/tractor_sensors' returned '0': PYTHONPATH=/home/ubuntu/ros2-rover/build/tractor_sensors/prefix_override:/usr/lib/python3/dist-packages/colcon_core/task/python/colcon_distutils_commands:/home/ubuntu/ros2-rover/install/tractor_sensors/lib/python3.12/site-packages:${PYTHONPATH} /usr/bin/python3 -W ignore:setup.py install is deprecated -W ignore:easy_install command is deprecated setup.py develop --uninstall --editable --build-directory /home/ubuntu/ros2-rover/build/tractor_sensors/build
[5.165s] Invoking command in '/home/ubuntu/ros2-rover/src/tractor_sensors': PYTHONPATH=/home/ubuntu/ros2-rover/build/tractor_sensors/prefix_override:/usr/lib/python3/dist-packages/colcon_core/task/python/colcon_distutils_commands:/home/ubuntu/ros2-rover/install/tractor_sensors/lib/python3.12/site-packages:${PYTHONPATH} /usr/bin/python3 -W ignore:setup.py install is deprecated -W ignore:easy_install command is deprecated setup.py egg_info --egg-base ../../build/tractor_sensors build --build-base /home/ubuntu/ros2-rover/build/tractor_sensors/build install --record /home/ubuntu/ros2-rover/build/tractor_sensors/install.log --single-version-externally-managed install_data --force
[5.629s] running egg_info
[5.663s] writing ../../build/tractor_sensors/tractor_sensors.egg-info/PKG-INFO
[5.663s] writing dependency_links to ../../build/tractor_sensors/tractor_sensors.egg-info/dependency_links.txt
[5.664s] writing entry points to ../../build/tractor_sensors/tractor_sensors.egg-info/entry_points.txt
[5.664s] writing requirements to ../../build/tractor_sensors/tractor_sensors.egg-info/requires.txt
[5.665s] writing top-level names to ../../build/tractor_sensors/tractor_sensors.egg-info/top_level.txt
[5.730s] reading manifest file '../../build/tractor_sensors/tractor_sensors.egg-info/SOURCES.txt'
[5.731s] writing manifest file '../../build/tractor_sensors/tractor_sensors.egg-info/SOURCES.txt'
[5.731s] running build
[5.731s] running build_py
[5.732s] copying tractor_sensors/hglrc_m100_5883.py -> /home/ubuntu/ros2-rover/build/tractor_sensors/build/lib/tractor_sensors
[5.732s] running install
[5.743s] running install_lib
[5.775s] copying /home/ubuntu/ros2-rover/build/tractor_sensors/build/lib/tractor_sensors/hglrc_m100_5883.py -> /home/ubuntu/ros2-rover/install/tractor_sensors/lib/python3.12/site-packages/tractor_sensors
[5.776s] copying /home/ubuntu/ros2-rover/build/tractor_sensors/build/lib/tractor_sensors/__init__.py -> /home/ubuntu/ros2-rover/install/tractor_sensors/lib/python3.12/site-packages/tractor_sensors
[5.777s] byte-compiling /home/ubuntu/ros2-rover/install/tractor_sensors/lib/python3.12/site-packages/tractor_sensors/hglrc_m100_5883.py to hglrc_m100_5883.cpython-312.pyc
[5.781s] byte-compiling /home/ubuntu/ros2-rover/install/tractor_sensors/lib/python3.12/site-packages/tractor_sensors/__init__.py to __init__.cpython-312.pyc
[5.782s] running install_data
[5.782s] copying resource/tractor_sensors -> /home/ubuntu/ros2-rover/install/tractor_sensors/share/ament_index/resource_index/packages
[5.782s] copying package.xml -> /home/ubuntu/ros2-rover/install/tractor_sensors/share/tractor_sensors
[5.782s] copying launch/hglrc_m100_5883.launch.py -> /home/ubuntu/ros2-rover/install/tractor_sensors/share/tractor_sensors/launch
[5.783s] copying config/hglrc_m100_5883_config.yaml -> /home/ubuntu/ros2-rover/install/tractor_sensors/share/tractor_sensors/config
[5.783s] running install_egg_info
[5.817s] Copying ../../build/tractor_sensors/tractor_sensors.egg-info to /home/ubuntu/ros2-rover/install/tractor_sensors/lib/python3.12/site-packages/tractor_sensors-0.0.0-py3.12.egg-info
[5.821s] running install_scripts
[6.087s] Installing hglrc_m100_5883 script to /home/ubuntu/ros2-rover/install/tractor_sensors/lib/tractor_sensors
[6.088s] writing list of installed files to '/home/ubuntu/ros2-rover/build/tractor_sensors/install.log'
[6.179s] Invoked command in '/home/ubuntu/ros2-rover/src/tractor_sensors' returned '0': PYTHONPATH=/home/ubuntu/ros2-rover/build/tractor_sensors/prefix_override:/usr/lib/python3/dist-packages/colcon_core/task/python/colcon_distutils_commands:/home/ubuntu/ros2-rover/install/tractor_sensors/lib/python3.12/site-packages:${PYTHONPATH} /usr/bin/python3 -W ignore:setup.py install is deprecated -W ignore:easy_install command is deprecated setup.py egg_info --egg-base ../../build/tractor_sensors build --build-base /home/ubuntu/ros2-rover/build/tractor_sensors/build install --record /home/ubuntu/ros2-rover/build/tractor_sensors/install.log --single-version-externally-managed install_data --force
