[4.372s] Invoking command in '/home/ubuntu/ros2-rover/build/tractor_implements': PYTHONPATH=/home/ubuntu/ros2-rover/build/tractor_implements/prefix_override:/usr/lib/python3/dist-packages/colcon_core/task/python/colcon_distutils_commands:/home/ubuntu/ros2-rover/install/tractor_implements/lib/python3.12/site-packages:${PYTHONPATH} /usr/bin/python3 -W ignore:setup.py install is deprecated -W ignore:easy_install command is deprecated setup.py develop --editable --build-directory /home/ubuntu/ros2-rover/build/tractor_implements/build --no-deps symlink_data --force
[5.105s] running develop
[5.433s] running egg_info
[5.466s] writing tractor_implements.egg-info/PKG-INFO
[5.467s] writing dependency_links to tractor_implements.egg-info/dependency_links.txt
[5.468s] writing entry points to tractor_implements.egg-info/entry_points.txt
[5.468s] writing requirements to tractor_implements.egg-info/requires.txt
[5.469s] writing top-level names to tractor_implements.egg-info/top_level.txt
[5.532s] reading manifest file 'tractor_implements.egg-info/SOURCES.txt'
[5.534s] writing manifest file 'tractor_implements.egg-info/SOURCES.txt'
[5.566s] running build_ext
[5.567s] Creating /home/ubuntu/ros2-rover/install/tractor_implements/lib/python3.12/site-packages/tractor-implements.egg-link (link to .)
[5.567s] Installing mower_controller script to /home/ubuntu/ros2-rover/install/tractor_implements/lib/tractor_implements
[5.568s] Installing sprayer_controller script to /home/ubuntu/ros2-rover/install/tractor_implements/lib/tractor_implements
[5.569s] 
[5.569s] Installed /home/ubuntu/ros2-rover/build/tractor_implements
[5.570s] running symlink_data
[5.570s] symbolically linking /home/ubuntu/ros2-rover/build/tractor_implements/resource/tractor_implements -> /home/ubuntu/ros2-rover/install/tractor_implements/share/ament_index/resource_index/packages
[5.571s] symbolically linking /home/ubuntu/ros2-rover/build/tractor_implements/package.xml -> /home/ubuntu/ros2-rover/install/tractor_implements/share/tractor_implements
[5.655s] Invoked command in '/home/ubuntu/ros2-rover/build/tractor_implements' returned '0': PYTHONPATH=/home/ubuntu/ros2-rover/build/tractor_implements/prefix_override:/usr/lib/python3/dist-packages/colcon_core/task/python/colcon_distutils_commands:/home/ubuntu/ros2-rover/install/tractor_implements/lib/python3.12/site-packages:${PYTHONPATH} /usr/bin/python3 -W ignore:setup.py install is deprecated -W ignore:easy_install command is deprecated setup.py develop --editable --build-directory /home/ubuntu/ros2-rover/build/tractor_implements/build --no-deps symlink_data --force
