[4.842s] Invoking command in '/home/ubuntu/ros2-rover/build/tractor_implements': PYTHONPATH=/home/ubuntu/ros2-rover/build/tractor_implements/prefix_override:/usr/lib/python3/dist-packages/colcon_core/task/python/colcon_distutils_commands:/home/ubuntu/ros2-rover/install/tractor_implements/lib/python3.12/site-packages:${PYTHONPATH} /usr/bin/python3 -W ignore:setup.py install is deprecated -W ignore:easy_install command is deprecated setup.py develop --editable --build-directory /home/ubuntu/ros2-rover/build/tractor_implements/build --no-deps symlink_data --force
[6.049s] running develop
[6.394s] running egg_info
[6.426s] writing tractor_implements.egg-info/PKG-INFO
[6.428s] writing dependency_links to tractor_implements.egg-info/dependency_links.txt
[6.428s] writing entry points to tractor_implements.egg-info/entry_points.txt
[6.429s] writing requirements to tractor_implements.egg-info/requires.txt
[6.429s] writing top-level names to tractor_implements.egg-info/top_level.txt
[6.494s] reading manifest file 'tractor_implements.egg-info/SOURCES.txt'
[6.496s] writing manifest file 'tractor_implements.egg-info/SOURCES.txt'
[6.534s] running build_ext
[6.534s] Creating /home/ubuntu/ros2-rover/install/tractor_implements/lib/python3.12/site-packages/tractor-implements.egg-link (link to .)
[6.535s] Installing mower_controller script to /home/ubuntu/ros2-rover/install/tractor_implements/lib/tractor_implements
[6.540s] Installing sprayer_controller script to /home/ubuntu/ros2-rover/install/tractor_implements/lib/tractor_implements
[6.540s] 
[6.541s] Installed /home/ubuntu/ros2-rover/build/tractor_implements
[6.541s] running symlink_data
[6.542s] symbolically linking /home/ubuntu/ros2-rover/build/tractor_implements/resource/tractor_implements -> /home/ubuntu/ros2-rover/install/tractor_implements/share/ament_index/resource_index/packages
[6.542s] symbolically linking /home/ubuntu/ros2-rover/build/tractor_implements/package.xml -> /home/ubuntu/ros2-rover/install/tractor_implements/share/tractor_implements
[6.688s] Invoked command in '/home/ubuntu/ros2-rover/build/tractor_implements' returned '0': PYTHONPATH=/home/ubuntu/ros2-rover/build/tractor_implements/prefix_override:/usr/lib/python3/dist-packages/colcon_core/task/python/colcon_distutils_commands:/home/ubuntu/ros2-rover/install/tractor_implements/lib/python3.12/site-packages:${PYTHONPATH} /usr/bin/python3 -W ignore:setup.py install is deprecated -W ignore:easy_install command is deprecated setup.py develop --editable --build-directory /home/ubuntu/ros2-rover/build/tractor_implements/build --no-deps symlink_data --force
