[0.265s] DEBUG:colcon:Command line arguments: ['/usr/bin/colcon', 'build', '--symlink-install', '--event-handlers', 'console_direct+']
[0.265s] DEBUG:colcon:Parsed command line arguments: Namespace(log_base=None, log_level=None, verb_name='build', build_base='build', install_base='install', merge_install=False, symlink_install=True, test_result_base=None, continue_on_error=False, executor='parallel', parallel_workers=8, event_handlers=['console_direct+'], ignore_user_meta=False, metas=['./colcon.meta'], base_paths=['.'], packages_ignore=None, packages_ignore_regex=None, paths=None, packages_up_to=None, packages_up_to_regex=None, packages_above=None, packages_above_and_dependencies=None, packages_above_depth=None, packages_select_by_dep=None, packages_skip_by_dep=None, packages_skip_up_to=None, packages_select_build_failed=False, packages_skip_build_finished=False, packages_select_test_failures=False, packages_skip_test_passed=False, packages_select=None, packages_skip=None, packages_select_regex=None, packages_skip_regex=None, packages_start=None, packages_end=None, allow_overriding=[], cmake_args=None, cmake_target=None, cmake_target_skip_unavailable=False, cmake_clean_cache=False, cmake_clean_first=False, cmake_force_configure=False, ament_cmake_args=None, catkin_cmake_args=None, catkin_skip_building_tests=False, mixin_files=None, mixin=None, verb_parser=<colcon_mixin.mixin.mixin_argument.MixinArgumentDecorator object at 0xffff8f3c19a0>, verb_extension=<colcon_core.verb.build.BuildVerb object at 0xffff8f545d90>, main=<bound method BuildVerb.main of <colcon_core.verb.build.BuildVerb object at 0xffff8f545d90>>, mixin_verb=('build',))
[0.344s] Level 1:colcon.colcon_core.package_discovery:discover_packages(colcon_meta) check parameters
[0.344s] Level 1:colcon.colcon_core.package_discovery:discover_packages(recursive) check parameters
[0.345s] Level 1:colcon.colcon_core.package_discovery:discover_packages(ignore) check parameters
[0.345s] Level 1:colcon.colcon_core.package_discovery:discover_packages(path) check parameters
[0.345s] Level 1:colcon.colcon_core.package_discovery:discover_packages(colcon_meta) discover
[0.345s] Level 1:colcon.colcon_core.package_discovery:discover_packages(recursive) discover
[0.345s] INFO:colcon.colcon_core.package_discovery:Crawling recursively for packages in '/home/ubuntu/ros2-rover'
[0.345s] Level 1:colcon.colcon_core.package_identification:_identify(.) by extensions ['ignore', 'ignore_ament_install']
[0.345s] Level 1:colcon.colcon_core.package_identification:_identify(.) by extension 'ignore'
[0.345s] Level 1:colcon.colcon_core.package_identification:_identify(.) by extension 'ignore_ament_install'
[0.345s] Level 1:colcon.colcon_core.package_identification:_identify(.) by extensions ['colcon_pkg']
[0.345s] Level 1:colcon.colcon_core.package_identification:_identify(.) by extension 'colcon_pkg'
[0.345s] Level 1:colcon.colcon_core.package_identification:_identify(.) by extensions ['colcon_meta']
[0.345s] Level 1:colcon.colcon_core.package_identification:_identify(.) by extension 'colcon_meta'
[0.346s] Level 1:colcon.colcon_core.package_identification:_identify(.) by extensions ['ros']
[0.346s] Level 1:colcon.colcon_core.package_identification:_identify(.) by extension 'ros'
[0.392s] Level 1:colcon.colcon_core.package_identification:_identify(.) by extensions ['cmake', 'python']
[0.392s] Level 1:colcon.colcon_core.package_identification:_identify(.) by extension 'cmake'
[0.393s] Level 1:colcon.colcon_core.package_identification:_identify(.) by extension 'python'
[0.393s] Level 1:colcon.colcon_core.package_identification:_identify(.) by extensions ['python_setup_py']
[0.393s] Level 1:colcon.colcon_core.package_identification:_identify(.) by extension 'python_setup_py'
[0.393s] Level 1:colcon.colcon_core.package_identification:_identify(build) by extensions ['ignore', 'ignore_ament_install']
[0.393s] Level 1:colcon.colcon_core.package_identification:_identify(build) by extension 'ignore'
[0.393s] Level 1:colcon.colcon_core.package_identification:_identify(build) ignored
[0.393s] Level 1:colcon.colcon_core.package_identification:_identify(install) by extensions ['ignore', 'ignore_ament_install']
[0.394s] Level 1:colcon.colcon_core.package_identification:_identify(install) by extension 'ignore'
[0.394s] Level 1:colcon.colcon_core.package_identification:_identify(install) ignored
[0.394s] Level 1:colcon.colcon_core.package_identification:_identify(log) by extensions ['ignore', 'ignore_ament_install']
[0.394s] Level 1:colcon.colcon_core.package_identification:_identify(log) by extension 'ignore'
[0.394s] Level 1:colcon.colcon_core.package_identification:_identify(log) ignored
[0.394s] Level 1:colcon.colcon_core.package_identification:_identify(maps) by extensions ['ignore', 'ignore_ament_install']
[0.394s] Level 1:colcon.colcon_core.package_identification:_identify(maps) by extension 'ignore'
[0.394s] Level 1:colcon.colcon_core.package_identification:_identify(maps) by extension 'ignore_ament_install'
[0.395s] Level 1:colcon.colcon_core.package_identification:_identify(maps) by extensions ['colcon_pkg']
[0.395s] Level 1:colcon.colcon_core.package_identification:_identify(maps) by extension 'colcon_pkg'
[0.395s] Level 1:colcon.colcon_core.package_identification:_identify(maps) by extensions ['colcon_meta']
[0.395s] Level 1:colcon.colcon_core.package_identification:_identify(maps) by extension 'colcon_meta'
[0.395s] Level 1:colcon.colcon_core.package_identification:_identify(maps) by extensions ['ros']
[0.395s] Level 1:colcon.colcon_core.package_identification:_identify(maps) by extension 'ros'
[0.395s] Level 1:colcon.colcon_core.package_identification:_identify(maps) by extensions ['cmake', 'python']
[0.395s] Level 1:colcon.colcon_core.package_identification:_identify(maps) by extension 'cmake'
[0.395s] Level 1:colcon.colcon_core.package_identification:_identify(maps) by extension 'python'
[0.395s] Level 1:colcon.colcon_core.package_identification:_identify(maps) by extensions ['python_setup_py']
[0.395s] Level 1:colcon.colcon_core.package_identification:_identify(maps) by extension 'python_setup_py'
[0.395s] Level 1:colcon.colcon_core.package_identification:_identify(maps/autonomous) by extensions ['ignore', 'ignore_ament_install']
[0.395s] Level 1:colcon.colcon_core.package_identification:_identify(maps/autonomous) by extension 'ignore'
[0.395s] Level 1:colcon.colcon_core.package_identification:_identify(maps/autonomous) by extension 'ignore_ament_install'
[0.395s] Level 1:colcon.colcon_core.package_identification:_identify(maps/autonomous) by extensions ['colcon_pkg']
[0.395s] Level 1:colcon.colcon_core.package_identification:_identify(maps/autonomous) by extension 'colcon_pkg'
[0.395s] Level 1:colcon.colcon_core.package_identification:_identify(maps/autonomous) by extensions ['colcon_meta']
[0.396s] Level 1:colcon.colcon_core.package_identification:_identify(maps/autonomous) by extension 'colcon_meta'
[0.396s] Level 1:colcon.colcon_core.package_identification:_identify(maps/autonomous) by extensions ['ros']
[0.396s] Level 1:colcon.colcon_core.package_identification:_identify(maps/autonomous) by extension 'ros'
[0.396s] Level 1:colcon.colcon_core.package_identification:_identify(maps/autonomous) by extensions ['cmake', 'python']
[0.396s] Level 1:colcon.colcon_core.package_identification:_identify(maps/autonomous) by extension 'cmake'
[0.396s] Level 1:colcon.colcon_core.package_identification:_identify(maps/autonomous) by extension 'python'
[0.396s] Level 1:colcon.colcon_core.package_identification:_identify(maps/autonomous) by extensions ['python_setup_py']
[0.396s] Level 1:colcon.colcon_core.package_identification:_identify(maps/autonomous) by extension 'python_setup_py'
[0.396s] Level 1:colcon.colcon_core.package_identification:_identify(src) by extensions ['ignore', 'ignore_ament_install']
[0.396s] Level 1:colcon.colcon_core.package_identification:_identify(src) by extension 'ignore'
[0.396s] Level 1:colcon.colcon_core.package_identification:_identify(src) by extension 'ignore_ament_install'
[0.396s] Level 1:colcon.colcon_core.package_identification:_identify(src) by extensions ['colcon_pkg']
[0.396s] Level 1:colcon.colcon_core.package_identification:_identify(src) by extension 'colcon_pkg'
[0.396s] Level 1:colcon.colcon_core.package_identification:_identify(src) by extensions ['colcon_meta']
[0.396s] Level 1:colcon.colcon_core.package_identification:_identify(src) by extension 'colcon_meta'
[0.396s] Level 1:colcon.colcon_core.package_identification:_identify(src) by extensions ['ros']
[0.396s] Level 1:colcon.colcon_core.package_identification:_identify(src) by extension 'ros'
[0.397s] Level 1:colcon.colcon_core.package_identification:_identify(src) by extensions ['cmake', 'python']
[0.397s] Level 1:colcon.colcon_core.package_identification:_identify(src) by extension 'cmake'
[0.397s] Level 1:colcon.colcon_core.package_identification:_identify(src) by extension 'python'
[0.397s] Level 1:colcon.colcon_core.package_identification:_identify(src) by extensions ['python_setup_py']
[0.397s] Level 1:colcon.colcon_core.package_identification:_identify(src) by extension 'python_setup_py'
[0.397s] Level 1:colcon.colcon_core.package_identification:_identify(src/slam_stress_test) by extensions ['ignore', 'ignore_ament_install']
[0.397s] Level 1:colcon.colcon_core.package_identification:_identify(src/slam_stress_test) by extension 'ignore'
[0.397s] Level 1:colcon.colcon_core.package_identification:_identify(src/slam_stress_test) by extension 'ignore_ament_install'
[0.397s] Level 1:colcon.colcon_core.package_identification:_identify(src/slam_stress_test) by extensions ['colcon_pkg']
[0.397s] Level 1:colcon.colcon_core.package_identification:_identify(src/slam_stress_test) by extension 'colcon_pkg'
[0.397s] Level 1:colcon.colcon_core.package_identification:_identify(src/slam_stress_test) by extensions ['colcon_meta']
[0.397s] Level 1:colcon.colcon_core.package_identification:_identify(src/slam_stress_test) by extension 'colcon_meta'
[0.397s] Level 1:colcon.colcon_core.package_identification:_identify(src/slam_stress_test) by extensions ['ros']
[0.397s] Level 1:colcon.colcon_core.package_identification:_identify(src/slam_stress_test) by extension 'ros'
[0.402s] DEBUG:colcon.colcon_core.package_identification:Package 'src/slam_stress_test' with type 'ros.ament_python' and name 'slam_stress_test'
[0.402s] Level 1:colcon.colcon_core.package_identification:_identify(src/tractor_bringup) by extensions ['ignore', 'ignore_ament_install']
[0.402s] Level 1:colcon.colcon_core.package_identification:_identify(src/tractor_bringup) by extension 'ignore'
[0.403s] Level 1:colcon.colcon_core.package_identification:_identify(src/tractor_bringup) by extension 'ignore_ament_install'
[0.403s] Level 1:colcon.colcon_core.package_identification:_identify(src/tractor_bringup) by extensions ['colcon_pkg']
[0.403s] Level 1:colcon.colcon_core.package_identification:_identify(src/tractor_bringup) by extension 'colcon_pkg'
[0.403s] Level 1:colcon.colcon_core.package_identification:_identify(src/tractor_bringup) by extensions ['colcon_meta']
[0.403s] Level 1:colcon.colcon_core.package_identification:_identify(src/tractor_bringup) by extension 'colcon_meta'
[0.403s] Level 1:colcon.colcon_core.package_identification:_identify(src/tractor_bringup) by extensions ['ros']
[0.403s] Level 1:colcon.colcon_core.package_identification:_identify(src/tractor_bringup) by extension 'ros'
[0.405s] DEBUG:colcon.colcon_core.package_identification:Package 'src/tractor_bringup' with type 'ros.ament_python' and name 'tractor_bringup'
[0.405s] Level 1:colcon.colcon_core.package_identification:_identify(src/tractor_control) by extensions ['ignore', 'ignore_ament_install']
[0.405s] Level 1:colcon.colcon_core.package_identification:_identify(src/tractor_control) by extension 'ignore'
[0.405s] Level 1:colcon.colcon_core.package_identification:_identify(src/tractor_control) by extension 'ignore_ament_install'
[0.405s] Level 1:colcon.colcon_core.package_identification:_identify(src/tractor_control) by extensions ['colcon_pkg']
[0.405s] Level 1:colcon.colcon_core.package_identification:_identify(src/tractor_control) by extension 'colcon_pkg'
[0.405s] Level 1:colcon.colcon_core.package_identification:_identify(src/tractor_control) by extensions ['colcon_meta']
[0.405s] Level 1:colcon.colcon_core.package_identification:_identify(src/tractor_control) by extension 'colcon_meta'
[0.406s] Level 1:colcon.colcon_core.package_identification:_identify(src/tractor_control) by extensions ['ros']
[0.406s] Level 1:colcon.colcon_core.package_identification:_identify(src/tractor_control) by extension 'ros'
[0.407s] DEBUG:colcon.colcon_core.package_identification:Package 'src/tractor_control' with type 'ros.ament_python' and name 'tractor_control'
[0.407s] Level 1:colcon.colcon_core.package_identification:_identify(src/tractor_coverage) by extensions ['ignore', 'ignore_ament_install']
[0.407s] Level 1:colcon.colcon_core.package_identification:_identify(src/tractor_coverage) by extension 'ignore'
[0.407s] Level 1:colcon.colcon_core.package_identification:_identify(src/tractor_coverage) by extension 'ignore_ament_install'
[0.407s] Level 1:colcon.colcon_core.package_identification:_identify(src/tractor_coverage) by extensions ['colcon_pkg']
[0.407s] Level 1:colcon.colcon_core.package_identification:_identify(src/tractor_coverage) by extension 'colcon_pkg'
[0.407s] Level 1:colcon.colcon_core.package_identification:_identify(src/tractor_coverage) by extensions ['colcon_meta']
[0.407s] Level 1:colcon.colcon_core.package_identification:_identify(src/tractor_coverage) by extension 'colcon_meta'
[0.407s] Level 1:colcon.colcon_core.package_identification:_identify(src/tractor_coverage) by extensions ['ros']
[0.407s] Level 1:colcon.colcon_core.package_identification:_identify(src/tractor_coverage) by extension 'ros'
[0.409s] DEBUG:colcon.colcon_core.package_identification:Package 'src/tractor_coverage' with type 'ros.ament_python' and name 'tractor_coverage'
[0.409s] Level 1:colcon.colcon_core.package_identification:_identify(src/tractor_implements) by extensions ['ignore', 'ignore_ament_install']
[0.409s] Level 1:colcon.colcon_core.package_identification:_identify(src/tractor_implements) by extension 'ignore'
[0.409s] Level 1:colcon.colcon_core.package_identification:_identify(src/tractor_implements) by extension 'ignore_ament_install'
[0.409s] Level 1:colcon.colcon_core.package_identification:_identify(src/tractor_implements) by extensions ['colcon_pkg']
[0.409s] Level 1:colcon.colcon_core.package_identification:_identify(src/tractor_implements) by extension 'colcon_pkg'
[0.409s] Level 1:colcon.colcon_core.package_identification:_identify(src/tractor_implements) by extensions ['colcon_meta']
[0.409s] Level 1:colcon.colcon_core.package_identification:_identify(src/tractor_implements) by extension 'colcon_meta'
[0.409s] Level 1:colcon.colcon_core.package_identification:_identify(src/tractor_implements) by extensions ['ros']
[0.409s] Level 1:colcon.colcon_core.package_identification:_identify(src/tractor_implements) by extension 'ros'
[0.410s] DEBUG:colcon.colcon_core.package_identification:Package 'src/tractor_implements' with type 'ros.ament_python' and name 'tractor_implements'
[0.410s] Level 1:colcon.colcon_core.package_identification:_identify(src/tractor_sensors) by extensions ['ignore', 'ignore_ament_install']
[0.411s] Level 1:colcon.colcon_core.package_identification:_identify(src/tractor_sensors) by extension 'ignore'
[0.411s] Level 1:colcon.colcon_core.package_identification:_identify(src/tractor_sensors) by extension 'ignore_ament_install'
[0.411s] Level 1:colcon.colcon_core.package_identification:_identify(src/tractor_sensors) by extensions ['colcon_pkg']
[0.411s] Level 1:colcon.colcon_core.package_identification:_identify(src/tractor_sensors) by extension 'colcon_pkg'
[0.411s] Level 1:colcon.colcon_core.package_identification:_identify(src/tractor_sensors) by extensions ['colcon_meta']
[0.411s] Level 1:colcon.colcon_core.package_identification:_identify(src/tractor_sensors) by extension 'colcon_meta'
[0.411s] Level 1:colcon.colcon_core.package_identification:_identify(src/tractor_sensors) by extensions ['ros']
[0.411s] Level 1:colcon.colcon_core.package_identification:_identify(src/tractor_sensors) by extension 'ros'
[0.412s] DEBUG:colcon.colcon_core.package_identification:Package 'src/tractor_sensors' with type 'ros.ament_python' and name 'tractor_sensors'
[0.412s] Level 1:colcon.colcon_core.package_identification:_identify(src/tractor_vision) by extensions ['ignore', 'ignore_ament_install']
[0.412s] Level 1:colcon.colcon_core.package_identification:_identify(src/tractor_vision) by extension 'ignore'
[0.412s] Level 1:colcon.colcon_core.package_identification:_identify(src/tractor_vision) by extension 'ignore_ament_install'
[0.413s] Level 1:colcon.colcon_core.package_identification:_identify(src/tractor_vision) by extensions ['colcon_pkg']
[0.413s] Level 1:colcon.colcon_core.package_identification:_identify(src/tractor_vision) by extension 'colcon_pkg'
[0.413s] Level 1:colcon.colcon_core.package_identification:_identify(src/tractor_vision) by extensions ['colcon_meta']
[0.413s] Level 1:colcon.colcon_core.package_identification:_identify(src/tractor_vision) by extension 'colcon_meta'
[0.413s] Level 1:colcon.colcon_core.package_identification:_identify(src/tractor_vision) by extensions ['ros']
[0.413s] Level 1:colcon.colcon_core.package_identification:_identify(src/tractor_vision) by extension 'ros'
[0.414s] DEBUG:colcon.colcon_core.package_identification:Package 'src/tractor_vision' with type 'ros.ament_python' and name 'tractor_vision'
[0.414s] Level 1:colcon.colcon_core.package_discovery:discover_packages(recursive) using defaults
[0.414s] Level 1:colcon.colcon_core.package_discovery:discover_packages(ignore) discover
[0.414s] Level 1:colcon.colcon_core.package_discovery:discover_packages(ignore) using defaults
[0.414s] Level 1:colcon.colcon_core.package_discovery:discover_packages(path) discover
[0.414s] Level 1:colcon.colcon_core.package_discovery:discover_packages(path) using defaults
[0.449s] Level 1:colcon.colcon_core.package_discovery:discover_packages(prefix_path) check parameters
[0.449s] Level 1:colcon.colcon_core.package_discovery:discover_packages(prefix_path) discover
[0.453s] DEBUG:colcon.colcon_installed_package_information.package_discovery:Found 7 installed packages in /home/ubuntu/ros2-rover/install
[0.456s] DEBUG:colcon.colcon_installed_package_information.package_discovery:Found 392 installed packages in /opt/ros/jazzy
[0.460s] Level 1:colcon.colcon_core.package_discovery:discover_packages(prefix_path) using defaults
[0.548s] Level 5:colcon.colcon_core.verb:set package 'slam_stress_test' build argument 'cmake_args' from command line to 'None'
[0.548s] Level 5:colcon.colcon_core.verb:set package 'slam_stress_test' build argument 'cmake_target' from command line to 'None'
[0.548s] Level 5:colcon.colcon_core.verb:set package 'slam_stress_test' build argument 'cmake_target_skip_unavailable' from command line to 'False'
[0.548s] Level 5:colcon.colcon_core.verb:set package 'slam_stress_test' build argument 'cmake_clean_cache' from command line to 'False'
[0.548s] Level 5:colcon.colcon_core.verb:set package 'slam_stress_test' build argument 'cmake_clean_first' from command line to 'False'
[0.548s] Level 5:colcon.colcon_core.verb:set package 'slam_stress_test' build argument 'cmake_force_configure' from command line to 'False'
[0.548s] Level 5:colcon.colcon_core.verb:set package 'slam_stress_test' build argument 'ament_cmake_args' from command line to 'None'
[0.548s] Level 5:colcon.colcon_core.verb:set package 'slam_stress_test' build argument 'catkin_cmake_args' from command line to 'None'
[0.548s] Level 5:colcon.colcon_core.verb:set package 'slam_stress_test' build argument 'catkin_skip_building_tests' from command line to 'False'
[0.548s] DEBUG:colcon.colcon_core.verb:Building package 'slam_stress_test' with the following arguments: {'ament_cmake_args': None, 'build_base': '/home/ubuntu/ros2-rover/build/slam_stress_test', 'catkin_cmake_args': None, 'catkin_skip_building_tests': False, 'cmake_args': None, 'cmake_clean_cache': False, 'cmake_clean_first': False, 'cmake_force_configure': False, 'cmake_target': None, 'cmake_target_skip_unavailable': False, 'install_base': '/home/ubuntu/ros2-rover/install/slam_stress_test', 'merge_install': False, 'path': '/home/ubuntu/ros2-rover/src/slam_stress_test', 'symlink_install': True, 'test_result_base': None}
[0.549s] Level 5:colcon.colcon_core.verb:set package 'tractor_bringup' build argument 'cmake_args' from command line to 'None'
[0.549s] Level 5:colcon.colcon_core.verb:set package 'tractor_bringup' build argument 'cmake_target' from command line to 'None'
[0.549s] Level 5:colcon.colcon_core.verb:set package 'tractor_bringup' build argument 'cmake_target_skip_unavailable' from command line to 'False'
[0.549s] Level 5:colcon.colcon_core.verb:set package 'tractor_bringup' build argument 'cmake_clean_cache' from command line to 'False'
[0.549s] Level 5:colcon.colcon_core.verb:set package 'tractor_bringup' build argument 'cmake_clean_first' from command line to 'False'
[0.549s] Level 5:colcon.colcon_core.verb:set package 'tractor_bringup' build argument 'cmake_force_configure' from command line to 'False'
[0.549s] Level 5:colcon.colcon_core.verb:set package 'tractor_bringup' build argument 'ament_cmake_args' from command line to 'None'
[0.549s] Level 5:colcon.colcon_core.verb:set package 'tractor_bringup' build argument 'catkin_cmake_args' from command line to 'None'
[0.549s] Level 5:colcon.colcon_core.verb:set package 'tractor_bringup' build argument 'catkin_skip_building_tests' from command line to 'False'
[0.549s] DEBUG:colcon.colcon_core.verb:Building package 'tractor_bringup' with the following arguments: {'ament_cmake_args': None, 'build_base': '/home/ubuntu/ros2-rover/build/tractor_bringup', 'catkin_cmake_args': None, 'catkin_skip_building_tests': False, 'cmake_args': None, 'cmake_clean_cache': False, 'cmake_clean_first': False, 'cmake_force_configure': False, 'cmake_target': None, 'cmake_target_skip_unavailable': False, 'install_base': '/home/ubuntu/ros2-rover/install/tractor_bringup', 'merge_install': False, 'path': '/home/ubuntu/ros2-rover/src/tractor_bringup', 'symlink_install': True, 'test_result_base': None}
[0.550s] Level 5:colcon.colcon_core.verb:set package 'tractor_control' build argument 'cmake_args' from command line to 'None'
[0.550s] Level 5:colcon.colcon_core.verb:set package 'tractor_control' build argument 'cmake_target' from command line to 'None'
[0.550s] Level 5:colcon.colcon_core.verb:set package 'tractor_control' build argument 'cmake_target_skip_unavailable' from command line to 'False'
[0.550s] Level 5:colcon.colcon_core.verb:set package 'tractor_control' build argument 'cmake_clean_cache' from command line to 'False'
[0.550s] Level 5:colcon.colcon_core.verb:set package 'tractor_control' build argument 'cmake_clean_first' from command line to 'False'
[0.550s] Level 5:colcon.colcon_core.verb:set package 'tractor_control' build argument 'cmake_force_configure' from command line to 'False'
[0.550s] Level 5:colcon.colcon_core.verb:set package 'tractor_control' build argument 'ament_cmake_args' from command line to 'None'
[0.550s] Level 5:colcon.colcon_core.verb:set package 'tractor_control' build argument 'catkin_cmake_args' from command line to 'None'
[0.550s] Level 5:colcon.colcon_core.verb:set package 'tractor_control' build argument 'catkin_skip_building_tests' from command line to 'False'
[0.550s] DEBUG:colcon.colcon_core.verb:Building package 'tractor_control' with the following arguments: {'ament_cmake_args': None, 'build_base': '/home/ubuntu/ros2-rover/build/tractor_control', 'catkin_cmake_args': None, 'catkin_skip_building_tests': False, 'cmake_args': None, 'cmake_clean_cache': False, 'cmake_clean_first': False, 'cmake_force_configure': False, 'cmake_target': None, 'cmake_target_skip_unavailable': False, 'install_base': '/home/ubuntu/ros2-rover/install/tractor_control', 'merge_install': False, 'path': '/home/ubuntu/ros2-rover/src/tractor_control', 'symlink_install': True, 'test_result_base': None}
[0.550s] Level 5:colcon.colcon_core.verb:set package 'tractor_coverage' build argument 'cmake_args' from command line to 'None'
[0.550s] Level 5:colcon.colcon_core.verb:set package 'tractor_coverage' build argument 'cmake_target' from command line to 'None'
[0.550s] Level 5:colcon.colcon_core.verb:set package 'tractor_coverage' build argument 'cmake_target_skip_unavailable' from command line to 'False'
[0.550s] Level 5:colcon.colcon_core.verb:set package 'tractor_coverage' build argument 'cmake_clean_cache' from command line to 'False'
[0.550s] Level 5:colcon.colcon_core.verb:set package 'tractor_coverage' build argument 'cmake_clean_first' from command line to 'False'
[0.550s] Level 5:colcon.colcon_core.verb:set package 'tractor_coverage' build argument 'cmake_force_configure' from command line to 'False'
[0.550s] Level 5:colcon.colcon_core.verb:set package 'tractor_coverage' build argument 'ament_cmake_args' from command line to 'None'
[0.550s] Level 5:colcon.colcon_core.verb:set package 'tractor_coverage' build argument 'catkin_cmake_args' from command line to 'None'
[0.550s] Level 5:colcon.colcon_core.verb:set package 'tractor_coverage' build argument 'catkin_skip_building_tests' from command line to 'False'
[0.550s] DEBUG:colcon.colcon_core.verb:Building package 'tractor_coverage' with the following arguments: {'ament_cmake_args': None, 'build_base': '/home/ubuntu/ros2-rover/build/tractor_coverage', 'catkin_cmake_args': None, 'catkin_skip_building_tests': False, 'cmake_args': None, 'cmake_clean_cache': False, 'cmake_clean_first': False, 'cmake_force_configure': False, 'cmake_target': None, 'cmake_target_skip_unavailable': False, 'install_base': '/home/ubuntu/ros2-rover/install/tractor_coverage', 'merge_install': False, 'path': '/home/ubuntu/ros2-rover/src/tractor_coverage', 'symlink_install': True, 'test_result_base': None}
[0.551s] Level 5:colcon.colcon_core.verb:set package 'tractor_implements' build argument 'cmake_args' from command line to 'None'
[0.551s] Level 5:colcon.colcon_core.verb:set package 'tractor_implements' build argument 'cmake_target' from command line to 'None'
[0.551s] Level 5:colcon.colcon_core.verb:set package 'tractor_implements' build argument 'cmake_target_skip_unavailable' from command line to 'False'
[0.551s] Level 5:colcon.colcon_core.verb:set package 'tractor_implements' build argument 'cmake_clean_cache' from command line to 'False'
[0.551s] Level 5:colcon.colcon_core.verb:set package 'tractor_implements' build argument 'cmake_clean_first' from command line to 'False'
[0.551s] Level 5:colcon.colcon_core.verb:set package 'tractor_implements' build argument 'cmake_force_configure' from command line to 'False'
[0.551s] Level 5:colcon.colcon_core.verb:set package 'tractor_implements' build argument 'ament_cmake_args' from command line to 'None'
[0.551s] Level 5:colcon.colcon_core.verb:set package 'tractor_implements' build argument 'catkin_cmake_args' from command line to 'None'
[0.551s] Level 5:colcon.colcon_core.verb:set package 'tractor_implements' build argument 'catkin_skip_building_tests' from command line to 'False'
[0.551s] DEBUG:colcon.colcon_core.verb:Building package 'tractor_implements' with the following arguments: {'ament_cmake_args': None, 'build_base': '/home/ubuntu/ros2-rover/build/tractor_implements', 'catkin_cmake_args': None, 'catkin_skip_building_tests': False, 'cmake_args': None, 'cmake_clean_cache': False, 'cmake_clean_first': False, 'cmake_force_configure': False, 'cmake_target': None, 'cmake_target_skip_unavailable': False, 'install_base': '/home/ubuntu/ros2-rover/install/tractor_implements', 'merge_install': False, 'path': '/home/ubuntu/ros2-rover/src/tractor_implements', 'symlink_install': True, 'test_result_base': None}
[0.551s] Level 5:colcon.colcon_core.verb:set package 'tractor_sensors' build argument 'cmake_args' from command line to 'None'
[0.551s] Level 5:colcon.colcon_core.verb:set package 'tractor_sensors' build argument 'cmake_target' from command line to 'None'
[0.551s] Level 5:colcon.colcon_core.verb:set package 'tractor_sensors' build argument 'cmake_target_skip_unavailable' from command line to 'False'
[0.551s] Level 5:colcon.colcon_core.verb:set package 'tractor_sensors' build argument 'cmake_clean_cache' from command line to 'False'
[0.551s] Level 5:colcon.colcon_core.verb:set package 'tractor_sensors' build argument 'cmake_clean_first' from command line to 'False'
[0.551s] Level 5:colcon.colcon_core.verb:set package 'tractor_sensors' build argument 'cmake_force_configure' from command line to 'False'
[0.551s] Level 5:colcon.colcon_core.verb:set package 'tractor_sensors' build argument 'ament_cmake_args' from command line to 'None'
[0.551s] Level 5:colcon.colcon_core.verb:set package 'tractor_sensors' build argument 'catkin_cmake_args' from command line to 'None'
[0.551s] Level 5:colcon.colcon_core.verb:set package 'tractor_sensors' build argument 'catkin_skip_building_tests' from command line to 'False'
[0.552s] DEBUG:colcon.colcon_core.verb:Building package 'tractor_sensors' with the following arguments: {'ament_cmake_args': None, 'build_base': '/home/ubuntu/ros2-rover/build/tractor_sensors', 'catkin_cmake_args': None, 'catkin_skip_building_tests': False, 'cmake_args': None, 'cmake_clean_cache': False, 'cmake_clean_first': False, 'cmake_force_configure': False, 'cmake_target': None, 'cmake_target_skip_unavailable': False, 'install_base': '/home/ubuntu/ros2-rover/install/tractor_sensors', 'merge_install': False, 'path': '/home/ubuntu/ros2-rover/src/tractor_sensors', 'symlink_install': True, 'test_result_base': None}
[0.552s] Level 5:colcon.colcon_core.verb:set package 'tractor_vision' build argument 'cmake_args' from command line to 'None'
[0.552s] Level 5:colcon.colcon_core.verb:set package 'tractor_vision' build argument 'cmake_target' from command line to 'None'
[0.552s] Level 5:colcon.colcon_core.verb:set package 'tractor_vision' build argument 'cmake_target_skip_unavailable' from command line to 'False'
[0.552s] Level 5:colcon.colcon_core.verb:set package 'tractor_vision' build argument 'cmake_clean_cache' from command line to 'False'
[0.552s] Level 5:colcon.colcon_core.verb:set package 'tractor_vision' build argument 'cmake_clean_first' from command line to 'False'
[0.552s] Level 5:colcon.colcon_core.verb:set package 'tractor_vision' build argument 'cmake_force_configure' from command line to 'False'
[0.552s] Level 5:colcon.colcon_core.verb:set package 'tractor_vision' build argument 'ament_cmake_args' from command line to 'None'
[0.552s] Level 5:colcon.colcon_core.verb:set package 'tractor_vision' build argument 'catkin_cmake_args' from command line to 'None'
[0.552s] Level 5:colcon.colcon_core.verb:set package 'tractor_vision' build argument 'catkin_skip_building_tests' from command line to 'False'
[0.552s] DEBUG:colcon.colcon_core.verb:Building package 'tractor_vision' with the following arguments: {'ament_cmake_args': None, 'build_base': '/home/ubuntu/ros2-rover/build/tractor_vision', 'catkin_cmake_args': None, 'catkin_skip_building_tests': False, 'cmake_args': None, 'cmake_clean_cache': False, 'cmake_clean_first': False, 'cmake_force_configure': False, 'cmake_target': None, 'cmake_target_skip_unavailable': False, 'install_base': '/home/ubuntu/ros2-rover/install/tractor_vision', 'merge_install': False, 'path': '/home/ubuntu/ros2-rover/src/tractor_vision', 'symlink_install': True, 'test_result_base': None}
[0.552s] INFO:colcon.colcon_core.executor:Executing jobs using 'parallel' executor
[0.554s] DEBUG:colcon.colcon_parallel_executor.executor.parallel:run_until_complete
[0.555s] INFO:colcon.colcon_ros.task.ament_python.build:Building ROS package in '/home/ubuntu/ros2-rover/src/slam_stress_test' with build type 'ament_python'
[0.555s] Level 1:colcon.colcon_core.shell:create_environment_hook('slam_stress_test', 'ament_prefix_path')
[0.560s] INFO:colcon.colcon_core.plugin_system:Skipping extension 'colcon_core.shell.bat': Not used on non-Windows systems
[0.560s] INFO:colcon.colcon_core.shell:Creating environment hook '/home/ubuntu/ros2-rover/install/slam_stress_test/share/slam_stress_test/hook/ament_prefix_path.ps1'
[0.561s] INFO:colcon.colcon_core.shell:Creating environment descriptor '/home/ubuntu/ros2-rover/install/slam_stress_test/share/slam_stress_test/hook/ament_prefix_path.dsv'
[0.562s] INFO:colcon.colcon_core.shell:Creating environment hook '/home/ubuntu/ros2-rover/install/slam_stress_test/share/slam_stress_test/hook/ament_prefix_path.sh'
[0.563s] INFO:colcon.colcon_core.shell:Skip shell extension 'powershell' for command environment: Not usable outside of PowerShell
[0.563s] DEBUG:colcon.colcon_core.shell:Skip shell extension 'dsv' for command environment
[0.570s] INFO:colcon.colcon_ros.task.ament_python.build:Building ROS package in '/home/ubuntu/ros2-rover/src/tractor_bringup' with build type 'ament_python'
[0.570s] Level 1:colcon.colcon_core.shell:create_environment_hook('tractor_bringup', 'ament_prefix_path')
[0.570s] INFO:colcon.colcon_core.shell:Creating environment hook '/home/ubuntu/ros2-rover/install/tractor_bringup/share/tractor_bringup/hook/ament_prefix_path.ps1'
[0.571s] INFO:colcon.colcon_core.shell:Creating environment descriptor '/home/ubuntu/ros2-rover/install/tractor_bringup/share/tractor_bringup/hook/ament_prefix_path.dsv'
[0.571s] INFO:colcon.colcon_core.shell:Creating environment hook '/home/ubuntu/ros2-rover/install/tractor_bringup/share/tractor_bringup/hook/ament_prefix_path.sh'
[0.572s] INFO:colcon.colcon_core.shell:Skip shell extension 'powershell' for command environment: Not usable outside of PowerShell
[0.572s] DEBUG:colcon.colcon_core.shell:Skip shell extension 'dsv' for command environment
[0.578s] INFO:colcon.colcon_ros.task.ament_python.build:Building ROS package in '/home/ubuntu/ros2-rover/src/tractor_control' with build type 'ament_python'
[0.578s] Level 1:colcon.colcon_core.shell:create_environment_hook('tractor_control', 'ament_prefix_path')
[0.579s] INFO:colcon.colcon_core.shell:Creating environment hook '/home/ubuntu/ros2-rover/install/tractor_control/share/tractor_control/hook/ament_prefix_path.ps1'
[0.580s] INFO:colcon.colcon_core.shell:Creating environment descriptor '/home/ubuntu/ros2-rover/install/tractor_control/share/tractor_control/hook/ament_prefix_path.dsv'
[0.580s] INFO:colcon.colcon_core.shell:Creating environment hook '/home/ubuntu/ros2-rover/install/tractor_control/share/tractor_control/hook/ament_prefix_path.sh'
[0.581s] INFO:colcon.colcon_core.shell:Skip shell extension 'powershell' for command environment: Not usable outside of PowerShell
[0.581s] DEBUG:colcon.colcon_core.shell:Skip shell extension 'dsv' for command environment
[0.587s] INFO:colcon.colcon_ros.task.ament_python.build:Building ROS package in '/home/ubuntu/ros2-rover/src/tractor_coverage' with build type 'ament_python'
[0.587s] Level 1:colcon.colcon_core.shell:create_environment_hook('tractor_coverage', 'ament_prefix_path')
[0.587s] INFO:colcon.colcon_core.shell:Creating environment hook '/home/ubuntu/ros2-rover/install/tractor_coverage/share/tractor_coverage/hook/ament_prefix_path.ps1'
[0.588s] INFO:colcon.colcon_core.shell:Creating environment descriptor '/home/ubuntu/ros2-rover/install/tractor_coverage/share/tractor_coverage/hook/ament_prefix_path.dsv'
[0.589s] INFO:colcon.colcon_core.shell:Creating environment hook '/home/ubuntu/ros2-rover/install/tractor_coverage/share/tractor_coverage/hook/ament_prefix_path.sh'
[0.589s] INFO:colcon.colcon_core.shell:Skip shell extension 'powershell' for command environment: Not usable outside of PowerShell
[0.589s] DEBUG:colcon.colcon_core.shell:Skip shell extension 'dsv' for command environment
[0.595s] INFO:colcon.colcon_ros.task.ament_python.build:Building ROS package in '/home/ubuntu/ros2-rover/src/tractor_implements' with build type 'ament_python'
[0.595s] Level 1:colcon.colcon_core.shell:create_environment_hook('tractor_implements', 'ament_prefix_path')
[0.596s] INFO:colcon.colcon_core.shell:Creating environment hook '/home/ubuntu/ros2-rover/install/tractor_implements/share/tractor_implements/hook/ament_prefix_path.ps1'
[0.596s] INFO:colcon.colcon_core.shell:Creating environment descriptor '/home/ubuntu/ros2-rover/install/tractor_implements/share/tractor_implements/hook/ament_prefix_path.dsv'
[0.597s] INFO:colcon.colcon_core.shell:Creating environment hook '/home/ubuntu/ros2-rover/install/tractor_implements/share/tractor_implements/hook/ament_prefix_path.sh'
[0.597s] INFO:colcon.colcon_core.shell:Skip shell extension 'powershell' for command environment: Not usable outside of PowerShell
[0.598s] DEBUG:colcon.colcon_core.shell:Skip shell extension 'dsv' for command environment
[0.603s] INFO:colcon.colcon_ros.task.ament_python.build:Building ROS package in '/home/ubuntu/ros2-rover/src/tractor_sensors' with build type 'ament_python'
[0.603s] Level 1:colcon.colcon_core.shell:create_environment_hook('tractor_sensors', 'ament_prefix_path')
[0.604s] INFO:colcon.colcon_core.shell:Creating environment hook '/home/ubuntu/ros2-rover/install/tractor_sensors/share/tractor_sensors/hook/ament_prefix_path.ps1'
[0.605s] INFO:colcon.colcon_core.shell:Creating environment descriptor '/home/ubuntu/ros2-rover/install/tractor_sensors/share/tractor_sensors/hook/ament_prefix_path.dsv'
[0.605s] INFO:colcon.colcon_core.shell:Creating environment hook '/home/ubuntu/ros2-rover/install/tractor_sensors/share/tractor_sensors/hook/ament_prefix_path.sh'
[0.606s] INFO:colcon.colcon_core.shell:Skip shell extension 'powershell' for command environment: Not usable outside of PowerShell
[0.606s] DEBUG:colcon.colcon_core.shell:Skip shell extension 'dsv' for command environment
[0.612s] INFO:colcon.colcon_ros.task.ament_python.build:Building ROS package in '/home/ubuntu/ros2-rover/src/tractor_vision' with build type 'ament_python'
[0.612s] Level 1:colcon.colcon_core.shell:create_environment_hook('tractor_vision', 'ament_prefix_path')
[0.612s] INFO:colcon.colcon_core.shell:Creating environment hook '/home/ubuntu/ros2-rover/install/tractor_vision/share/tractor_vision/hook/ament_prefix_path.ps1'
[0.613s] INFO:colcon.colcon_core.shell:Creating environment descriptor '/home/ubuntu/ros2-rover/install/tractor_vision/share/tractor_vision/hook/ament_prefix_path.dsv'
[0.614s] INFO:colcon.colcon_core.shell:Creating environment hook '/home/ubuntu/ros2-rover/install/tractor_vision/share/tractor_vision/hook/ament_prefix_path.sh'
[0.614s] INFO:colcon.colcon_core.shell:Skip shell extension 'powershell' for command environment: Not usable outside of PowerShell
[0.614s] DEBUG:colcon.colcon_core.shell:Skip shell extension 'dsv' for command environment
[1.048s] INFO:colcon.colcon_core.task.python.build:Building Python package in '/home/ubuntu/ros2-rover/src/slam_stress_test'
[1.049s] INFO:colcon.colcon_core.shell:Skip shell extension 'powershell' for command environment: Not usable outside of PowerShell
[1.049s] DEBUG:colcon.colcon_core.shell:Skip shell extension 'dsv' for command environment
[1.479s] INFO:colcon.colcon_core.task.python.build:Building Python package in '/home/ubuntu/ros2-rover/src/tractor_bringup'
[1.480s] INFO:colcon.colcon_core.shell:Skip shell extension 'powershell' for command environment: Not usable outside of PowerShell
[1.480s] DEBUG:colcon.colcon_core.shell:Skip shell extension 'dsv' for command environment
[1.905s] INFO:colcon.colcon_core.task.python.build:Building Python package in '/home/ubuntu/ros2-rover/src/tractor_control'
[1.905s] INFO:colcon.colcon_core.shell:Skip shell extension 'powershell' for command environment: Not usable outside of PowerShell
[1.905s] DEBUG:colcon.colcon_core.shell:Skip shell extension 'dsv' for command environment
[2.333s] INFO:colcon.colcon_core.task.python.build:Building Python package in '/home/ubuntu/ros2-rover/src/tractor_coverage'
[2.333s] INFO:colcon.colcon_core.shell:Skip shell extension 'powershell' for command environment: Not usable outside of PowerShell
[2.333s] DEBUG:colcon.colcon_core.shell:Skip shell extension 'dsv' for command environment
[2.763s] INFO:colcon.colcon_core.task.python.build:Building Python package in '/home/ubuntu/ros2-rover/src/tractor_implements'
[2.764s] INFO:colcon.colcon_core.shell:Skip shell extension 'powershell' for command environment: Not usable outside of PowerShell
[2.764s] DEBUG:colcon.colcon_core.shell:Skip shell extension 'dsv' for command environment
[3.191s] INFO:colcon.colcon_core.task.python.build:Building Python package in '/home/ubuntu/ros2-rover/src/tractor_sensors'
[3.193s] INFO:colcon.colcon_core.shell:Skip shell extension 'powershell' for command environment: Not usable outside of PowerShell
[3.193s] DEBUG:colcon.colcon_core.shell:Skip shell extension 'dsv' for command environment
[3.647s] INFO:colcon.colcon_core.task.python.build:Building Python package in '/home/ubuntu/ros2-rover/src/tractor_vision'
[3.648s] INFO:colcon.colcon_core.shell:Skip shell extension 'powershell' for command environment: Not usable outside of PowerShell
[3.648s] DEBUG:colcon.colcon_core.shell:Skip shell extension 'dsv' for command environment
[5.111s] DEBUG:colcon.colcon_core.event_handler.log_command:Invoking command in '/home/ubuntu/ros2-rover/build/tractor_vision': PYTHONPATH=/home/ubuntu/ros2-rover/build/tractor_vision/prefix_override:/usr/lib/python3/dist-packages/colcon_core/task/python/colcon_distutils_commands:/home/ubuntu/ros2-rover/install/tractor_vision/lib/python3.12/site-packages:${PYTHONPATH} /usr/bin/python3 -W ignore:setup.py install is deprecated -W ignore:easy_install command is deprecated setup.py develop --editable --build-directory /home/ubuntu/ros2-rover/build/tractor_vision/build --no-deps symlink_data
[5.144s] DEBUG:colcon.colcon_core.event_handler.log_command:Invoking command in '/home/ubuntu/ros2-rover/build/tractor_control': PYTHONPATH=/home/ubuntu/ros2-rover/build/tractor_control/prefix_override:/usr/lib/python3/dist-packages/colcon_core/task/python/colcon_distutils_commands:/home/ubuntu/ros2-rover/install/tractor_control/lib/python3.12/site-packages:${PYTHONPATH} /usr/bin/python3 -W ignore:setup.py install is deprecated -W ignore:easy_install command is deprecated setup.py develop --editable --build-directory /home/ubuntu/ros2-rover/build/tractor_control/build --no-deps symlink_data
[5.194s] DEBUG:colcon.colcon_core.event_handler.log_command:Invoking command in '/home/ubuntu/ros2-rover/build/tractor_implements': PYTHONPATH=/home/ubuntu/ros2-rover/build/tractor_implements/prefix_override:/usr/lib/python3/dist-packages/colcon_core/task/python/colcon_distutils_commands:/home/ubuntu/ros2-rover/install/tractor_implements/lib/python3.12/site-packages:${PYTHONPATH} /usr/bin/python3 -W ignore:setup.py install is deprecated -W ignore:easy_install command is deprecated setup.py develop --editable --build-directory /home/ubuntu/ros2-rover/build/tractor_implements/build --no-deps symlink_data
[5.227s] DEBUG:colcon.colcon_core.event_handler.log_command:Invoking command in '/home/ubuntu/ros2-rover/build/tractor_sensors': PYTHONPATH=/home/ubuntu/ros2-rover/build/tractor_sensors/prefix_override:/usr/lib/python3/dist-packages/colcon_core/task/python/colcon_distutils_commands:/home/ubuntu/ros2-rover/install/tractor_sensors/lib/python3.12/site-packages:${PYTHONPATH} /usr/bin/python3 -W ignore:setup.py install is deprecated -W ignore:easy_install command is deprecated setup.py develop --editable --build-directory /home/ubuntu/ros2-rover/build/tractor_sensors/build --no-deps symlink_data
[5.268s] DEBUG:colcon.colcon_core.event_handler.log_command:Invoking command in '/home/ubuntu/ros2-rover/build/slam_stress_test': PYTHONPATH=/home/ubuntu/ros2-rover/build/slam_stress_test/prefix_override:/usr/lib/python3/dist-packages/colcon_core/task/python/colcon_distutils_commands:/home/ubuntu/ros2-rover/install/slam_stress_test/lib/python3.12/site-packages:${PYTHONPATH} /usr/bin/python3 -W ignore:setup.py install is deprecated -W ignore:easy_install command is deprecated setup.py develop --editable --build-directory /home/ubuntu/ros2-rover/build/slam_stress_test/build --no-deps symlink_data
[5.292s] DEBUG:colcon.colcon_core.event_handler.log_command:Invoking command in '/home/ubuntu/ros2-rover/build/tractor_coverage': PYTHONPATH=/home/ubuntu/ros2-rover/build/tractor_coverage/prefix_override:/usr/lib/python3/dist-packages/colcon_core/task/python/colcon_distutils_commands:/home/ubuntu/ros2-rover/install/tractor_coverage/lib/python3.12/site-packages:${PYTHONPATH} /usr/bin/python3 -W ignore:setup.py install is deprecated -W ignore:easy_install command is deprecated setup.py develop --editable --build-directory /home/ubuntu/ros2-rover/build/tractor_coverage/build --no-deps symlink_data
[5.385s] DEBUG:colcon.colcon_core.task.python.build:While undoing a previous installation files outside the Python library path are being ignored: /home/ubuntu/ros2-rover/install/tractor_bringup/share/ament_index/resource_index/packages/tractor_bringup
[5.385s] DEBUG:colcon.colcon_core.task.python.build:While undoing a previous installation files outside the Python library path are being ignored: /home/ubuntu/ros2-rover/install/tractor_bringup/share/tractor_bringup/package.xml
[5.385s] DEBUG:colcon.colcon_core.task.python.build:While undoing a previous installation files outside the Python library path are being ignored: /home/ubuntu/ros2-rover/install/tractor_bringup/share/tractor_bringup/launch/control.launch.py
[5.385s] DEBUG:colcon.colcon_core.task.python.build:While undoing a previous installation files outside the Python library path are being ignored: /home/ubuntu/ros2-rover/install/tractor_bringup/share/tractor_bringup/launch/tractor_gazebo.launch.py
[5.385s] DEBUG:colcon.colcon_core.task.python.build:While undoing a previous installation files outside the Python library path are being ignored: /home/ubuntu/ros2-rover/install/tractor_bringup/share/tractor_bringup/launch/slam_mapping.launch.py
[5.386s] DEBUG:colcon.colcon_core.task.python.build:While undoing a previous installation files outside the Python library path are being ignored: /home/ubuntu/ros2-rover/install/tractor_bringup/share/tractor_bringup/launch/autonomous_mapping_simplified.launch.py
[5.386s] DEBUG:colcon.colcon_core.task.python.build:While undoing a previous installation files outside the Python library path are being ignored: /home/ubuntu/ros2-rover/install/tractor_bringup/share/tractor_bringup/launch/control_no_gps.launch.py
[5.386s] DEBUG:colcon.colcon_core.task.python.build:While undoing a previous installation files outside the Python library path are being ignored: /home/ubuntu/ros2-rover/install/tractor_bringup/share/tractor_bringup/launch/nav2_simple_test.launch.py
[5.386s] DEBUG:colcon.colcon_core.task.python.build:While undoing a previous installation files outside the Python library path are being ignored: /home/ubuntu/ros2-rover/install/tractor_bringup/share/tractor_bringup/launch/nav_no_gps_test.launch.py
[5.386s] DEBUG:colcon.colcon_core.task.python.build:While undoing a previous installation files outside the Python library path are being ignored: /home/ubuntu/ros2-rover/install/tractor_bringup/share/tractor_bringup/launch/control_with_feedback.launch.py
[5.386s] DEBUG:colcon.colcon_core.task.python.build:While undoing a previous installation files outside the Python library path are being ignored: /home/ubuntu/ros2-rover/install/tractor_bringup/share/tractor_bringup/launch/robot_localization.launch.py
[5.386s] DEBUG:colcon.colcon_core.task.python.build:While undoing a previous installation files outside the Python library path are being ignored: /home/ubuntu/ros2-rover/install/tractor_bringup/share/tractor_bringup/launch/nav2_pointcloud_test.launch.py
[5.387s] DEBUG:colcon.colcon_core.task.python.build:While undoing a previous installation files outside the Python library path are being ignored: /home/ubuntu/ros2-rover/install/tractor_bringup/share/tractor_bringup/launch/implements.launch.py
[5.387s] DEBUG:colcon.colcon_core.task.python.build:While undoing a previous installation files outside the Python library path are being ignored: /home/ubuntu/ros2-rover/install/tractor_bringup/share/tractor_bringup/launch/basic_nav_test.launch.py
[5.387s] DEBUG:colcon.colcon_core.task.python.build:While undoing a previous installation files outside the Python library path are being ignored: /home/ubuntu/ros2-rover/install/tractor_bringup/share/tractor_bringup/launch/tractor_bringup.launch.py
[5.387s] DEBUG:colcon.colcon_core.task.python.build:While undoing a previous installation files outside the Python library path are being ignored: /home/ubuntu/ros2-rover/install/tractor_bringup/share/tractor_bringup/launch/robot_description.launch.py
[5.387s] DEBUG:colcon.colcon_core.task.python.build:While undoing a previous installation files outside the Python library path are being ignored: /home/ubuntu/ros2-rover/install/tractor_bringup/share/tractor_bringup/launch/autonomous_mapping_minimal.launch.py
[5.387s] DEBUG:colcon.colcon_core.task.python.build:While undoing a previous installation files outside the Python library path are being ignored: /home/ubuntu/ros2-rover/install/tractor_bringup/share/tractor_bringup/launch/xbox_teleop_with_feedback.launch.py
[5.387s] DEBUG:colcon.colcon_core.task.python.build:While undoing a previous installation files outside the Python library path are being ignored: /home/ubuntu/ros2-rover/install/tractor_bringup/share/tractor_bringup/launch/nav_working_test.launch.py
[5.387s] DEBUG:colcon.colcon_core.task.python.build:While undoing a previous installation files outside the Python library path are being ignored: /home/ubuntu/ros2-rover/install/tractor_bringup/share/tractor_bringup/launch/tractor_sim.launch.py
[5.388s] DEBUG:colcon.colcon_core.task.python.build:While undoing a previous installation files outside the Python library path are being ignored: /home/ubuntu/ros2-rover/install/tractor_bringup/share/tractor_bringup/launch/autonomous_mapping.launch.py
[5.388s] DEBUG:colcon.colcon_core.task.python.build:While undoing a previous installation files outside the Python library path are being ignored: /home/ubuntu/ros2-rover/install/tractor_bringup/share/tractor_bringup/launch/hiwonder_control.launch.py
[5.388s] DEBUG:colcon.colcon_core.task.python.build:While undoing a previous installation files outside the Python library path are being ignored: /home/ubuntu/ros2-rover/install/tractor_bringup/share/tractor_bringup/launch/autonomous_mapping_no_gps.launch.py
[5.388s] DEBUG:colcon.colcon_core.task.python.build:While undoing a previous installation files outside the Python library path are being ignored: /home/ubuntu/ros2-rover/install/tractor_bringup/share/tractor_bringup/launch/navigation.launch.py
[5.388s] DEBUG:colcon.colcon_core.task.python.build:While undoing a previous installation files outside the Python library path are being ignored: /home/ubuntu/ros2-rover/install/tractor_bringup/share/tractor_bringup/launch/sensors.launch.py
[5.388s] DEBUG:colcon.colcon_core.task.python.build:While undoing a previous installation files outside the Python library path are being ignored: /home/ubuntu/ros2-rover/install/tractor_bringup/share/tractor_bringup/urdf/tractor.urdf.xacro
[5.388s] DEBUG:colcon.colcon_core.task.python.build:While undoing a previous installation files outside the Python library path are being ignored: /home/ubuntu/ros2-rover/install/tractor_bringup/share/tractor_bringup/config/minimal_costmap_params.yaml
[5.388s] DEBUG:colcon.colcon_core.task.python.build:While undoing a previous installation files outside the Python library path are being ignored: /home/ubuntu/ros2-rover/install/tractor_bringup/share/tractor_bringup/config/realsense_config.yaml
[5.389s] DEBUG:colcon.colcon_core.task.python.build:While undoing a previous installation files outside the Python library path are being ignored: /home/ubuntu/ros2-rover/install/tractor_bringup/share/tractor_bringup/config/nav2_params.yaml
[5.389s] DEBUG:colcon.colcon_core.task.python.build:While undoing a previous installation files outside the Python library path are being ignored: /home/ubuntu/ros2-rover/install/tractor_bringup/share/tractor_bringup/config/slam_toolbox_params.yaml
[5.389s] DEBUG:colcon.colcon_core.task.python.build:While undoing a previous installation files outside the Python library path are being ignored: /home/ubuntu/ros2-rover/install/tractor_bringup/share/tractor_bringup/config/minimal_ekf_params.yaml
[5.389s] DEBUG:colcon.colcon_core.task.python.build:While undoing a previous installation files outside the Python library path are being ignored: /home/ubuntu/ros2-rover/install/tractor_bringup/share/tractor_bringup/config/direct_costmap_params.yaml
[5.389s] DEBUG:colcon.colcon_core.task.python.build:While undoing a previous installation files outside the Python library path are being ignored: /home/ubuntu/ros2-rover/install/tractor_bringup/share/tractor_bringup/config/robot_localization.yaml
[5.389s] DEBUG:colcon.colcon_core.task.python.build:While undoing a previous installation files outside the Python library path are being ignored: /home/ubuntu/ros2-rover/install/tractor_bringup/share/tractor_bringup/config/hiwonder_motor_params.yaml
[5.389s] DEBUG:colcon.colcon_core.task.python.build:While undoing a previous installation files outside the Python library path are being ignored: /home/ubuntu/ros2-rover/install/tractor_bringup/share/tractor_bringup/maps/yard_map.yaml
[5.390s] DEBUG:colcon.colcon_core.task.python.build:While undoing a previous installation files outside the Python library path are being ignored: /home/ubuntu/ros2-rover/install/tractor_bringup/share/tractor_bringup/maps/yard_map.pgm
[5.391s] DEBUG:colcon.colcon_core.task.python.build:While undoing a previous installation files outside the Python library path are being ignored: /home/ubuntu/ros2-rover/install/tractor_bringup/lib/tractor_bringup/autonomous_mapping.py
[5.391s] DEBUG:colcon.colcon_core.task.python.build:While undoing a previous installation files outside the Python library path are being ignored: /home/ubuntu/ros2-rover/install/tractor_bringup/lib/tractor_bringup/safety_monitor.py
[5.397s] DEBUG:colcon.colcon_core.event_handler.log_command:Invoking command in '/home/ubuntu/ros2-rover/build/tractor_bringup': PYTHONPATH=/home/ubuntu/ros2-rover/build/tractor_bringup/prefix_override:/usr/lib/python3/dist-packages/colcon_core/task/python/colcon_distutils_commands:/home/ubuntu/ros2-rover/install/tractor_bringup/lib/python3.12/site-packages:${PYTHONPATH} /usr/bin/python3 -W ignore:setup.py install is deprecated -W ignore:easy_install command is deprecated setup.py develop --editable --build-directory /home/ubuntu/ros2-rover/build/tractor_bringup/build --no-deps symlink_data --force
[6.369s] Level 1:colcon.colcon_core.shell:create_environment_hook('tractor_implements', 'pythonpath_develop')
[6.370s] INFO:colcon.colcon_core.shell:Creating environment hook '/home/ubuntu/ros2-rover/build/tractor_implements/share/tractor_implements/hook/pythonpath_develop.ps1'
[6.372s] DEBUG:colcon.colcon_core.event_handler.log_command:Invoked command in '/home/ubuntu/ros2-rover/build/tractor_implements' returned '0': PYTHONPATH=/home/ubuntu/ros2-rover/build/tractor_implements/prefix_override:/usr/lib/python3/dist-packages/colcon_core/task/python/colcon_distutils_commands:/home/ubuntu/ros2-rover/install/tractor_implements/lib/python3.12/site-packages:${PYTHONPATH} /usr/bin/python3 -W ignore:setup.py install is deprecated -W ignore:easy_install command is deprecated setup.py develop --editable --build-directory /home/ubuntu/ros2-rover/build/tractor_implements/build --no-deps symlink_data
[6.373s] INFO:colcon.colcon_core.shell:Creating environment descriptor '/home/ubuntu/ros2-rover/build/tractor_implements/share/tractor_implements/hook/pythonpath_develop.dsv'
[6.374s] INFO:colcon.colcon_core.shell:Creating environment hook '/home/ubuntu/ros2-rover/build/tractor_implements/share/tractor_implements/hook/pythonpath_develop.sh'
[6.398s] Level 1:colcon.colcon_core.environment:checking '/home/ubuntu/ros2-rover/install/tractor_implements' for CMake module files
[6.400s] Level 1:colcon.colcon_core.environment:checking '/home/ubuntu/ros2-rover/install/tractor_implements' for CMake config files
[6.403s] Level 1:colcon.colcon_core.environment:checking '/home/ubuntu/ros2-rover/install/tractor_implements/lib'
[6.404s] Level 1:colcon.colcon_core.environment:checking '/home/ubuntu/ros2-rover/install/tractor_implements/bin'
[6.404s] Level 1:colcon.colcon_core.environment:checking '/home/ubuntu/ros2-rover/install/tractor_implements/lib/pkgconfig/tractor_implements.pc'
[6.406s] Level 1:colcon.colcon_core.environment:checking '/home/ubuntu/ros2-rover/install/tractor_implements/lib/python3.12/site-packages'
[6.407s] Level 1:colcon.colcon_core.shell:create_environment_hook('tractor_implements', 'pythonpath')
[6.408s] INFO:colcon.colcon_core.shell:Creating environment hook '/home/ubuntu/ros2-rover/install/tractor_implements/share/tractor_implements/hook/pythonpath.ps1'
[6.410s] INFO:colcon.colcon_core.shell:Creating environment descriptor '/home/ubuntu/ros2-rover/install/tractor_implements/share/tractor_implements/hook/pythonpath.dsv'
[6.411s] INFO:colcon.colcon_core.shell:Creating environment hook '/home/ubuntu/ros2-rover/install/tractor_implements/share/tractor_implements/hook/pythonpath.sh'
[6.414s] Level 1:colcon.colcon_core.environment:checking '/home/ubuntu/ros2-rover/install/tractor_implements/bin'
[6.414s] Level 1:colcon.colcon_core.environment:create_environment_scripts_only(tractor_implements)
[6.416s] INFO:colcon.colcon_core.shell:Creating package script '/home/ubuntu/ros2-rover/install/tractor_implements/share/tractor_implements/package.ps1'
[6.420s] INFO:colcon.colcon_core.shell:Creating package descriptor '/home/ubuntu/ros2-rover/install/tractor_implements/share/tractor_implements/package.dsv'
[6.423s] INFO:colcon.colcon_core.shell:Creating package script '/home/ubuntu/ros2-rover/install/tractor_implements/share/tractor_implements/package.sh'
[6.426s] INFO:colcon.colcon_core.shell:Creating package script '/home/ubuntu/ros2-rover/install/tractor_implements/share/tractor_implements/package.bash'
[6.430s] INFO:colcon.colcon_core.shell:Creating package script '/home/ubuntu/ros2-rover/install/tractor_implements/share/tractor_implements/package.zsh'
[6.433s] Level 1:colcon.colcon_core.environment:create_file_with_runtime_dependencies(/home/ubuntu/ros2-rover/install/tractor_implements/share/colcon-core/packages/tractor_implements)
[6.475s] Level 1:colcon.colcon_core.shell:create_environment_hook('tractor_sensors', 'pythonpath_develop')
[6.476s] INFO:colcon.colcon_core.shell:Creating environment hook '/home/ubuntu/ros2-rover/build/tractor_sensors/share/tractor_sensors/hook/pythonpath_develop.ps1'
[6.478s] DEBUG:colcon.colcon_core.event_handler.log_command:Invoked command in '/home/ubuntu/ros2-rover/build/tractor_sensors' returned '0': PYTHONPATH=/home/ubuntu/ros2-rover/build/tractor_sensors/prefix_override:/usr/lib/python3/dist-packages/colcon_core/task/python/colcon_distutils_commands:/home/ubuntu/ros2-rover/install/tractor_sensors/lib/python3.12/site-packages:${PYTHONPATH} /usr/bin/python3 -W ignore:setup.py install is deprecated -W ignore:easy_install command is deprecated setup.py develop --editable --build-directory /home/ubuntu/ros2-rover/build/tractor_sensors/build --no-deps symlink_data
[6.479s] INFO:colcon.colcon_core.shell:Creating environment descriptor '/home/ubuntu/ros2-rover/build/tractor_sensors/share/tractor_sensors/hook/pythonpath_develop.dsv'
[6.480s] INFO:colcon.colcon_core.shell:Creating environment hook '/home/ubuntu/ros2-rover/build/tractor_sensors/share/tractor_sensors/hook/pythonpath_develop.sh'
[6.483s] Level 1:colcon.colcon_core.environment:checking '/home/ubuntu/ros2-rover/install/tractor_sensors' for CMake module files
[6.486s] Level 1:colcon.colcon_core.environment:checking '/home/ubuntu/ros2-rover/install/tractor_sensors' for CMake config files
[6.489s] Level 1:colcon.colcon_core.environment:checking '/home/ubuntu/ros2-rover/install/tractor_sensors/lib'
[6.489s] Level 1:colcon.colcon_core.environment:checking '/home/ubuntu/ros2-rover/install/tractor_sensors/bin'
[6.489s] Level 1:colcon.colcon_core.environment:checking '/home/ubuntu/ros2-rover/install/tractor_sensors/lib/pkgconfig/tractor_sensors.pc'
[6.490s] Level 1:colcon.colcon_core.environment:checking '/home/ubuntu/ros2-rover/install/tractor_sensors/lib/python3.12/site-packages'
[6.491s] Level 1:colcon.colcon_core.shell:create_environment_hook('tractor_sensors', 'pythonpath')
[6.492s] INFO:colcon.colcon_core.shell:Creating environment hook '/home/ubuntu/ros2-rover/install/tractor_sensors/share/tractor_sensors/hook/pythonpath.ps1'
[6.494s] INFO:colcon.colcon_core.shell:Creating environment descriptor '/home/ubuntu/ros2-rover/install/tractor_sensors/share/tractor_sensors/hook/pythonpath.dsv'
[6.495s] INFO:colcon.colcon_core.shell:Creating environment hook '/home/ubuntu/ros2-rover/install/tractor_sensors/share/tractor_sensors/hook/pythonpath.sh'
[6.498s] Level 1:colcon.colcon_core.environment:checking '/home/ubuntu/ros2-rover/install/tractor_sensors/bin'
[6.498s] Level 1:colcon.colcon_core.environment:create_environment_scripts_only(tractor_sensors)
[6.499s] INFO:colcon.colcon_core.shell:Creating package script '/home/ubuntu/ros2-rover/install/tractor_sensors/share/tractor_sensors/package.ps1'
[6.502s] INFO:colcon.colcon_core.shell:Creating package descriptor '/home/ubuntu/ros2-rover/install/tractor_sensors/share/tractor_sensors/package.dsv'
[6.504s] INFO:colcon.colcon_core.shell:Creating package script '/home/ubuntu/ros2-rover/install/tractor_sensors/share/tractor_sensors/package.sh'
[6.506s] INFO:colcon.colcon_core.shell:Creating package script '/home/ubuntu/ros2-rover/install/tractor_sensors/share/tractor_sensors/package.bash'
[6.507s] INFO:colcon.colcon_core.shell:Creating package script '/home/ubuntu/ros2-rover/install/tractor_sensors/share/tractor_sensors/package.zsh'
[6.508s] Level 1:colcon.colcon_core.environment:create_file_with_runtime_dependencies(/home/ubuntu/ros2-rover/install/tractor_sensors/share/colcon-core/packages/tractor_sensors)
[6.512s] Level 1:colcon.colcon_core.shell:create_environment_hook('tractor_control', 'pythonpath_develop')
[6.513s] INFO:colcon.colcon_core.shell:Creating environment hook '/home/ubuntu/ros2-rover/build/tractor_control/share/tractor_control/hook/pythonpath_develop.ps1'
[6.515s] DEBUG:colcon.colcon_core.event_handler.log_command:Invoked command in '/home/ubuntu/ros2-rover/build/tractor_control' returned '0': PYTHONPATH=/home/ubuntu/ros2-rover/build/tractor_control/prefix_override:/usr/lib/python3/dist-packages/colcon_core/task/python/colcon_distutils_commands:/home/ubuntu/ros2-rover/install/tractor_control/lib/python3.12/site-packages:${PYTHONPATH} /usr/bin/python3 -W ignore:setup.py install is deprecated -W ignore:easy_install command is deprecated setup.py develop --editable --build-directory /home/ubuntu/ros2-rover/build/tractor_control/build --no-deps symlink_data
[6.515s] INFO:colcon.colcon_core.shell:Creating environment descriptor '/home/ubuntu/ros2-rover/build/tractor_control/share/tractor_control/hook/pythonpath_develop.dsv'
[6.517s] INFO:colcon.colcon_core.shell:Creating environment hook '/home/ubuntu/ros2-rover/build/tractor_control/share/tractor_control/hook/pythonpath_develop.sh'
[6.519s] Level 1:colcon.colcon_core.environment:checking '/home/ubuntu/ros2-rover/install/tractor_control' for CMake module files
[6.522s] Level 1:colcon.colcon_core.environment:checking '/home/ubuntu/ros2-rover/install/tractor_control' for CMake config files
[6.524s] Level 1:colcon.colcon_core.environment:checking '/home/ubuntu/ros2-rover/install/tractor_control/lib'
[6.524s] Level 1:colcon.colcon_core.environment:checking '/home/ubuntu/ros2-rover/install/tractor_control/bin'
[6.524s] Level 1:colcon.colcon_core.environment:checking '/home/ubuntu/ros2-rover/install/tractor_control/lib/pkgconfig/tractor_control.pc'
[6.525s] Level 1:colcon.colcon_core.environment:checking '/home/ubuntu/ros2-rover/install/tractor_control/lib/python3.12/site-packages'
[6.526s] Level 1:colcon.colcon_core.shell:create_environment_hook('tractor_control', 'pythonpath')
[6.527s] INFO:colcon.colcon_core.shell:Creating environment hook '/home/ubuntu/ros2-rover/install/tractor_control/share/tractor_control/hook/pythonpath.ps1'
[6.529s] INFO:colcon.colcon_core.shell:Creating environment descriptor '/home/ubuntu/ros2-rover/install/tractor_control/share/tractor_control/hook/pythonpath.dsv'
[6.531s] INFO:colcon.colcon_core.shell:Creating environment hook '/home/ubuntu/ros2-rover/install/tractor_control/share/tractor_control/hook/pythonpath.sh'
[6.534s] Level 1:colcon.colcon_core.environment:checking '/home/ubuntu/ros2-rover/install/tractor_control/bin'
[6.535s] Level 1:colcon.colcon_core.environment:create_environment_scripts_only(tractor_control)
[6.536s] INFO:colcon.colcon_core.shell:Creating package script '/home/ubuntu/ros2-rover/install/tractor_control/share/tractor_control/package.ps1'
[6.539s] INFO:colcon.colcon_core.shell:Creating package descriptor '/home/ubuntu/ros2-rover/install/tractor_control/share/tractor_control/package.dsv'
[6.541s] INFO:colcon.colcon_core.shell:Creating package script '/home/ubuntu/ros2-rover/install/tractor_control/share/tractor_control/package.sh'
[6.543s] INFO:colcon.colcon_core.shell:Creating package script '/home/ubuntu/ros2-rover/install/tractor_control/share/tractor_control/package.bash'
[6.544s] INFO:colcon.colcon_core.shell:Creating package script '/home/ubuntu/ros2-rover/install/tractor_control/share/tractor_control/package.zsh'
[6.545s] Level 1:colcon.colcon_core.environment:create_file_with_runtime_dependencies(/home/ubuntu/ros2-rover/install/tractor_control/share/colcon-core/packages/tractor_control)
[6.744s] Level 1:colcon.colcon_core.shell:create_environment_hook('tractor_vision', 'pythonpath_develop')
[6.745s] INFO:colcon.colcon_core.shell:Creating environment hook '/home/ubuntu/ros2-rover/build/tractor_vision/share/tractor_vision/hook/pythonpath_develop.ps1'
[6.747s] DEBUG:colcon.colcon_core.event_handler.log_command:Invoked command in '/home/ubuntu/ros2-rover/build/tractor_vision' returned '0': PYTHONPATH=/home/ubuntu/ros2-rover/build/tractor_vision/prefix_override:/usr/lib/python3/dist-packages/colcon_core/task/python/colcon_distutils_commands:/home/ubuntu/ros2-rover/install/tractor_vision/lib/python3.12/site-packages:${PYTHONPATH} /usr/bin/python3 -W ignore:setup.py install is deprecated -W ignore:easy_install command is deprecated setup.py develop --editable --build-directory /home/ubuntu/ros2-rover/build/tractor_vision/build --no-deps symlink_data
[6.748s] INFO:colcon.colcon_core.shell:Creating environment descriptor '/home/ubuntu/ros2-rover/build/tractor_vision/share/tractor_vision/hook/pythonpath_develop.dsv'
[6.750s] INFO:colcon.colcon_core.shell:Creating environment hook '/home/ubuntu/ros2-rover/build/tractor_vision/share/tractor_vision/hook/pythonpath_develop.sh'
[6.752s] Level 1:colcon.colcon_core.environment:checking '/home/ubuntu/ros2-rover/install/tractor_vision' for CMake module files
[6.755s] Level 1:colcon.colcon_core.environment:checking '/home/ubuntu/ros2-rover/install/tractor_vision' for CMake config files
[6.758s] Level 1:colcon.colcon_core.environment:checking '/home/ubuntu/ros2-rover/install/tractor_vision/lib'
[6.758s] Level 1:colcon.colcon_core.environment:checking '/home/ubuntu/ros2-rover/install/tractor_vision/bin'
[6.758s] Level 1:colcon.colcon_core.environment:checking '/home/ubuntu/ros2-rover/install/tractor_vision/lib/pkgconfig/tractor_vision.pc'
[6.760s] Level 1:colcon.colcon_core.environment:checking '/home/ubuntu/ros2-rover/install/tractor_vision/lib/python3.12/site-packages'
[6.760s] Level 1:colcon.colcon_core.shell:create_environment_hook('tractor_vision', 'pythonpath')
[6.761s] INFO:colcon.colcon_core.shell:Creating environment hook '/home/ubuntu/ros2-rover/install/tractor_vision/share/tractor_vision/hook/pythonpath.ps1'
[6.763s] INFO:colcon.colcon_core.shell:Creating environment descriptor '/home/ubuntu/ros2-rover/install/tractor_vision/share/tractor_vision/hook/pythonpath.dsv'
[6.764s] INFO:colcon.colcon_core.shell:Creating environment hook '/home/ubuntu/ros2-rover/install/tractor_vision/share/tractor_vision/hook/pythonpath.sh'
[6.767s] Level 1:colcon.colcon_core.environment:checking '/home/ubuntu/ros2-rover/install/tractor_vision/bin'
[6.767s] Level 1:colcon.colcon_core.environment:create_environment_scripts_only(tractor_vision)
[6.769s] INFO:colcon.colcon_core.shell:Creating package script '/home/ubuntu/ros2-rover/install/tractor_vision/share/tractor_vision/package.ps1'
[6.771s] INFO:colcon.colcon_core.shell:Creating package descriptor '/home/ubuntu/ros2-rover/install/tractor_vision/share/tractor_vision/package.dsv'
[6.773s] INFO:colcon.colcon_core.shell:Creating package script '/home/ubuntu/ros2-rover/install/tractor_vision/share/tractor_vision/package.sh'
[6.775s] INFO:colcon.colcon_core.shell:Creating package script '/home/ubuntu/ros2-rover/install/tractor_vision/share/tractor_vision/package.bash'
[6.777s] INFO:colcon.colcon_core.shell:Creating package script '/home/ubuntu/ros2-rover/install/tractor_vision/share/tractor_vision/package.zsh'
[6.778s] Level 1:colcon.colcon_core.environment:create_file_with_runtime_dependencies(/home/ubuntu/ros2-rover/install/tractor_vision/share/colcon-core/packages/tractor_vision)
[6.783s] Level 1:colcon.colcon_core.shell:create_environment_hook('slam_stress_test', 'pythonpath_develop')
[6.784s] INFO:colcon.colcon_core.shell:Creating environment hook '/home/ubuntu/ros2-rover/build/slam_stress_test/share/slam_stress_test/hook/pythonpath_develop.ps1'
[6.786s] DEBUG:colcon.colcon_core.event_handler.log_command:Invoked command in '/home/ubuntu/ros2-rover/build/slam_stress_test' returned '0': PYTHONPATH=/home/ubuntu/ros2-rover/build/slam_stress_test/prefix_override:/usr/lib/python3/dist-packages/colcon_core/task/python/colcon_distutils_commands:/home/ubuntu/ros2-rover/install/slam_stress_test/lib/python3.12/site-packages:${PYTHONPATH} /usr/bin/python3 -W ignore:setup.py install is deprecated -W ignore:easy_install command is deprecated setup.py develop --editable --build-directory /home/ubuntu/ros2-rover/build/slam_stress_test/build --no-deps symlink_data
[6.786s] INFO:colcon.colcon_core.shell:Creating environment descriptor '/home/ubuntu/ros2-rover/build/slam_stress_test/share/slam_stress_test/hook/pythonpath_develop.dsv'
[6.788s] INFO:colcon.colcon_core.shell:Creating environment hook '/home/ubuntu/ros2-rover/build/slam_stress_test/share/slam_stress_test/hook/pythonpath_develop.sh'
[6.790s] Level 1:colcon.colcon_core.environment:checking '/home/ubuntu/ros2-rover/install/slam_stress_test' for CMake module files
[6.793s] Level 1:colcon.colcon_core.environment:checking '/home/ubuntu/ros2-rover/install/slam_stress_test' for CMake config files
[6.795s] Level 1:colcon.colcon_core.environment:checking '/home/ubuntu/ros2-rover/install/slam_stress_test/lib'
[6.795s] Level 1:colcon.colcon_core.environment:checking '/home/ubuntu/ros2-rover/install/slam_stress_test/bin'
[6.795s] Level 1:colcon.colcon_core.environment:checking '/home/ubuntu/ros2-rover/install/slam_stress_test/lib/pkgconfig/slam_stress_test.pc'
[6.796s] Level 1:colcon.colcon_core.environment:checking '/home/ubuntu/ros2-rover/install/slam_stress_test/lib/python3.12/site-packages'
[6.797s] Level 1:colcon.colcon_core.shell:create_environment_hook('slam_stress_test', 'pythonpath')
[6.797s] INFO:colcon.colcon_core.shell:Creating environment hook '/home/ubuntu/ros2-rover/install/slam_stress_test/share/slam_stress_test/hook/pythonpath.ps1'
[6.799s] INFO:colcon.colcon_core.shell:Creating environment descriptor '/home/ubuntu/ros2-rover/install/slam_stress_test/share/slam_stress_test/hook/pythonpath.dsv'
[6.800s] INFO:colcon.colcon_core.shell:Creating environment hook '/home/ubuntu/ros2-rover/install/slam_stress_test/share/slam_stress_test/hook/pythonpath.sh'
[6.802s] Level 1:colcon.colcon_core.environment:checking '/home/ubuntu/ros2-rover/install/slam_stress_test/bin'
[6.802s] Level 1:colcon.colcon_core.environment:create_environment_scripts_only(slam_stress_test)
[6.804s] INFO:colcon.colcon_core.shell:Creating package script '/home/ubuntu/ros2-rover/install/slam_stress_test/share/slam_stress_test/package.ps1'
[6.806s] INFO:colcon.colcon_core.shell:Creating package descriptor '/home/ubuntu/ros2-rover/install/slam_stress_test/share/slam_stress_test/package.dsv'
[6.808s] INFO:colcon.colcon_core.shell:Creating package script '/home/ubuntu/ros2-rover/install/slam_stress_test/share/slam_stress_test/package.sh'
[6.810s] INFO:colcon.colcon_core.shell:Creating package script '/home/ubuntu/ros2-rover/install/slam_stress_test/share/slam_stress_test/package.bash'
[6.811s] INFO:colcon.colcon_core.shell:Creating package script '/home/ubuntu/ros2-rover/install/slam_stress_test/share/slam_stress_test/package.zsh'
[6.812s] Level 1:colcon.colcon_core.environment:create_file_with_runtime_dependencies(/home/ubuntu/ros2-rover/install/slam_stress_test/share/colcon-core/packages/slam_stress_test)
[7.043s] Level 1:colcon.colcon_core.shell:create_environment_hook('tractor_coverage', 'pythonpath_develop')
[7.043s] DEBUG:colcon.colcon_core.event_handler.log_command:Invoked command in '/home/ubuntu/ros2-rover/build/tractor_coverage' returned '0': PYTHONPATH=/home/ubuntu/ros2-rover/build/tractor_coverage/prefix_override:/usr/lib/python3/dist-packages/colcon_core/task/python/colcon_distutils_commands:/home/ubuntu/ros2-rover/install/tractor_coverage/lib/python3.12/site-packages:${PYTHONPATH} /usr/bin/python3 -W ignore:setup.py install is deprecated -W ignore:easy_install command is deprecated setup.py develop --editable --build-directory /home/ubuntu/ros2-rover/build/tractor_coverage/build --no-deps symlink_data
[7.044s] INFO:colcon.colcon_core.shell:Creating environment hook '/home/ubuntu/ros2-rover/build/tractor_coverage/share/tractor_coverage/hook/pythonpath_develop.ps1'
[7.046s] INFO:colcon.colcon_core.shell:Creating environment descriptor '/home/ubuntu/ros2-rover/build/tractor_coverage/share/tractor_coverage/hook/pythonpath_develop.dsv'
[7.048s] INFO:colcon.colcon_core.shell:Creating environment hook '/home/ubuntu/ros2-rover/build/tractor_coverage/share/tractor_coverage/hook/pythonpath_develop.sh'
[7.050s] Level 1:colcon.colcon_core.environment:checking '/home/ubuntu/ros2-rover/install/tractor_coverage' for CMake module files
[7.053s] Level 1:colcon.colcon_core.environment:checking '/home/ubuntu/ros2-rover/install/tractor_coverage' for CMake config files
[7.055s] Level 1:colcon.colcon_core.environment:checking '/home/ubuntu/ros2-rover/install/tractor_coverage/lib'
[7.056s] Level 1:colcon.colcon_core.environment:checking '/home/ubuntu/ros2-rover/install/tractor_coverage/bin'
[7.056s] Level 1:colcon.colcon_core.environment:checking '/home/ubuntu/ros2-rover/install/tractor_coverage/lib/pkgconfig/tractor_coverage.pc'
[7.057s] Level 1:colcon.colcon_core.environment:checking '/home/ubuntu/ros2-rover/install/tractor_coverage/lib/python3.12/site-packages'
[7.058s] Level 1:colcon.colcon_core.shell:create_environment_hook('tractor_coverage', 'pythonpath')
[7.059s] INFO:colcon.colcon_core.shell:Creating environment hook '/home/ubuntu/ros2-rover/install/tractor_coverage/share/tractor_coverage/hook/pythonpath.ps1'
[7.060s] INFO:colcon.colcon_core.shell:Creating environment descriptor '/home/ubuntu/ros2-rover/install/tractor_coverage/share/tractor_coverage/hook/pythonpath.dsv'
[7.062s] INFO:colcon.colcon_core.shell:Creating environment hook '/home/ubuntu/ros2-rover/install/tractor_coverage/share/tractor_coverage/hook/pythonpath.sh'
[7.065s] Level 1:colcon.colcon_core.environment:checking '/home/ubuntu/ros2-rover/install/tractor_coverage/bin'
[7.065s] Level 1:colcon.colcon_core.environment:create_environment_scripts_only(tractor_coverage)
[7.066s] INFO:colcon.colcon_core.shell:Creating package script '/home/ubuntu/ros2-rover/install/tractor_coverage/share/tractor_coverage/package.ps1'
[7.069s] INFO:colcon.colcon_core.shell:Creating package descriptor '/home/ubuntu/ros2-rover/install/tractor_coverage/share/tractor_coverage/package.dsv'
[7.071s] INFO:colcon.colcon_core.shell:Creating package script '/home/ubuntu/ros2-rover/install/tractor_coverage/share/tractor_coverage/package.sh'
[7.073s] INFO:colcon.colcon_core.shell:Creating package script '/home/ubuntu/ros2-rover/install/tractor_coverage/share/tractor_coverage/package.bash'
[7.075s] INFO:colcon.colcon_core.shell:Creating package script '/home/ubuntu/ros2-rover/install/tractor_coverage/share/tractor_coverage/package.zsh'
[7.076s] Level 1:colcon.colcon_core.environment:create_file_with_runtime_dependencies(/home/ubuntu/ros2-rover/install/tractor_coverage/share/colcon-core/packages/tractor_coverage)
[7.095s] DEBUG:colcon.colcon_core.event_handler.log_command:Invoked command in '/home/ubuntu/ros2-rover/build/tractor_bringup' returned '1': PYTHONPATH=/home/ubuntu/ros2-rover/build/tractor_bringup/prefix_override:/usr/lib/python3/dist-packages/colcon_core/task/python/colcon_distutils_commands:/home/ubuntu/ros2-rover/install/tractor_bringup/lib/python3.12/site-packages:${PYTHONPATH} /usr/bin/python3 -W ignore:setup.py install is deprecated -W ignore:easy_install command is deprecated setup.py develop --editable --build-directory /home/ubuntu/ros2-rover/build/tractor_bringup/build --no-deps symlink_data --force
[7.105s] DEBUG:colcon.colcon_parallel_executor.executor.parallel:closing loop
[7.105s] DEBUG:colcon.colcon_parallel_executor.executor.parallel:loop closed
[7.106s] DEBUG:colcon.colcon_parallel_executor.executor.parallel:run_until_complete finished with '1'
[7.106s] DEBUG:colcon.colcon_core.event_reactor:joining thread
[7.140s] INFO:colcon.colcon_core.plugin_system:Skipping extension 'colcon_notification.desktop_notification.terminal_notifier': Not used on non-Darwin systems
[7.140s] INFO:colcon.colcon_core.plugin_system:Skipping extension 'colcon_notification.desktop_notification.win32': Not used on non-Windows systems
[7.140s] INFO:colcon.colcon_notification.desktop_notification:Sending desktop notification using 'notify2'
[7.267s] DEBUG:colcon.colcon_notification.desktop_notification.notify2:Failed to initialize notify2: org.freedesktop.DBus.Error.ServiceUnknown: The name org.freedesktop.Notifications was not provided by any .service files
[7.267s] DEBUG:colcon.colcon_core.event_reactor:joined thread
[7.268s] INFO:colcon.colcon_core.shell:Creating prefix script '/home/ubuntu/ros2-rover/install/local_setup.ps1'
[7.272s] INFO:colcon.colcon_core.shell:Creating prefix util module '/home/ubuntu/ros2-rover/install/_local_setup_util_ps1.py'
[7.277s] INFO:colcon.colcon_core.shell:Creating prefix chain script '/home/ubuntu/ros2-rover/install/setup.ps1'
[7.281s] INFO:colcon.colcon_core.shell:Creating prefix script '/home/ubuntu/ros2-rover/install/local_setup.sh'
[7.283s] INFO:colcon.colcon_core.shell:Creating prefix util module '/home/ubuntu/ros2-rover/install/_local_setup_util_sh.py'
[7.286s] INFO:colcon.colcon_core.shell:Creating prefix chain script '/home/ubuntu/ros2-rover/install/setup.sh'
[7.290s] INFO:colcon.colcon_core.shell:Creating prefix script '/home/ubuntu/ros2-rover/install/local_setup.bash'
[7.292s] INFO:colcon.colcon_core.shell:Creating prefix chain script '/home/ubuntu/ros2-rover/install/setup.bash'
[7.297s] INFO:colcon.colcon_core.shell:Creating prefix script '/home/ubuntu/ros2-rover/install/local_setup.zsh'
[7.298s] INFO:colcon.colcon_core.shell:Creating prefix chain script '/home/ubuntu/ros2-rover/install/setup.zsh'
