[4.807s] Invoking command in '/home/ubuntu/ros2-rover/src/tractor_control': PYTHONPATH=/home/ubuntu/ros2-rover/build/tractor_control/prefix_override:/usr/lib/python3/dist-packages/colcon_core/task/python/colcon_distutils_commands:/home/ubuntu/ros2-rover/install/tractor_control/lib/python3.12/site-packages:${PYTHONPATH} /usr/bin/python3 -W ignore:setup.py install is deprecated -W ignore:easy_install command is deprecated setup.py egg_info --egg-base ../../build/tractor_control build --build-base /home/ubuntu/ros2-rover/build/tractor_control/build install --record /home/ubuntu/ros2-rover/build/tractor_control/install.log --single-version-externally-managed install_data
[5.654s] running egg_info
[5.687s] writing ../../build/tractor_control/tractor_control.egg-info/PKG-INFO
[5.688s] writing dependency_links to ../../build/tractor_control/tractor_control.egg-info/dependency_links.txt
[5.688s] writing entry points to ../../build/tractor_control/tractor_control.egg-info/entry_points.txt
[5.689s] writing requirements to ../../build/tractor_control/tractor_control.egg-info/requires.txt
[5.689s] writing top-level names to ../../build/tractor_control/tractor_control.egg-info/top_level.txt
[5.772s] reading manifest file '../../build/tractor_control/tractor_control.egg-info/SOURCES.txt'
[5.772s] writing manifest file '../../build/tractor_control/tractor_control.egg-info/SOURCES.txt'
[5.772s] running build
[5.772s] running build_py
[5.772s] running install
[5.772s] running install_lib
[5.798s] running install_data
[5.799s] running install_egg_info
[5.833s] removing '/home/ubuntu/ros2-rover/install/tractor_control/lib/python3.12/site-packages/tractor_control-0.0.0-py3.12.egg-info' (and everything under it)
[5.834s] Copying ../../build/tractor_control/tractor_control.egg-info to /home/ubuntu/ros2-rover/install/tractor_control/lib/python3.12/site-packages/tractor_control-0.0.0-py3.12.egg-info
[5.838s] running install_scripts
[6.060s] Installing hiwonder_motor_driver script to /home/ubuntu/ros2-rover/install/tractor_control/lib/tractor_control
[6.061s] Installing tank_steering_controller script to /home/ubuntu/ros2-rover/install/tractor_control/lib/tractor_control
[6.061s] Installing xbox_controller_teleop script to /home/ubuntu/ros2-rover/install/tractor_control/lib/tractor_control
[6.062s] writing list of installed files to '/home/ubuntu/ros2-rover/build/tractor_control/install.log'
[6.157s] Invoked command in '/home/ubuntu/ros2-rover/src/tractor_control' returned '0': PYTHONPATH=/home/ubuntu/ros2-rover/build/tractor_control/prefix_override:/usr/lib/python3/dist-packages/colcon_core/task/python/colcon_distutils_commands:/home/ubuntu/ros2-rover/install/tractor_control/lib/python3.12/site-packages:${PYTHONPATH} /usr/bin/python3 -W ignore:setup.py install is deprecated -W ignore:easy_install command is deprecated setup.py egg_info --egg-base ../../build/tractor_control build --build-base /home/ubuntu/ros2-rover/build/tractor_control/build install --record /home/ubuntu/ros2-rover/build/tractor_control/install.log --single-version-externally-managed install_data
