[4.327s] Invoking command in '/home/benson/tractor_ws/build/tractor_coverage': PYTHONPATH=/home/benson/tractor_ws/build/tractor_coverage/prefix_override:/usr/lib/python3/dist-packages/colcon_core/task/python/colcon_distutils_commands:/home/benson/tractor_ws/install/tractor_coverage/lib/python3.12/site-packages:${PYTHONPATH} /usr/bin/python3 -W ignore:setup.py install is deprecated -W ignore:easy_install command is deprecated setup.py develop --editable --build-directory /home/benson/tractor_ws/build/tractor_coverage/build --no-deps symlink_data
[5.173s] running develop
[5.467s] /usr/lib/python3/dist-packages/setuptools/command/easy_install.py:363: UserWarning: Unbuilt egg for pytest-repeat [unknown version] (/usr/lib/python3/dist-packages)
[5.467s]   self.local_index = Environment(self.shadow_path + sys.path)
[5.502s] running egg_info
[5.502s] creating tractor_coverage.egg-info
[5.534s] writing tractor_coverage.egg-info/PKG-INFO
[5.535s] writing dependency_links to tractor_coverage.egg-info/dependency_links.txt
[5.535s] writing entry points to tractor_coverage.egg-info/entry_points.txt
[5.536s] writing requirements to tractor_coverage.egg-info/requires.txt
[5.536s] writing top-level names to tractor_coverage.egg-info/top_level.txt
[5.536s] writing manifest file 'tractor_coverage.egg-info/SOURCES.txt'
[5.602s] reading manifest file 'tractor_coverage.egg-info/SOURCES.txt'
[5.602s] writing manifest file 'tractor_coverage.egg-info/SOURCES.txt'
[5.637s] running build_ext
[5.637s] Creating /home/benson/tractor_ws/install/tractor_coverage/lib/python3.12/site-packages/tractor-coverage.egg-link (link to .)
[5.639s] Installing coverage_action_server script to /home/benson/tractor_ws/install/tractor_coverage/lib/tractor_coverage
[5.639s] Installing coverage_client script to /home/benson/tractor_ws/install/tractor_coverage/lib/tractor_coverage
[5.640s] Installing coverage_visualizer script to /home/benson/tractor_ws/install/tractor_coverage/lib/tractor_coverage
[5.640s] 
[5.641s] Installed /home/benson/tractor_ws/build/tractor_coverage
[5.641s] running symlink_data
[5.641s] creating /home/benson/tractor_ws/install/tractor_coverage/share/ament_index
[5.642s] creating /home/benson/tractor_ws/install/tractor_coverage/share/ament_index/resource_index
[5.642s] creating /home/benson/tractor_ws/install/tractor_coverage/share/ament_index/resource_index/packages
[5.643s] symbolically linking /home/benson/tractor_ws/build/tractor_coverage/resource/tractor_coverage -> /home/benson/tractor_ws/install/tractor_coverage/share/ament_index/resource_index/packages
[5.643s] symbolically linking /home/benson/tractor_ws/build/tractor_coverage/package.xml -> /home/benson/tractor_ws/install/tractor_coverage/share/tractor_coverage
[5.721s] Invoked command in '/home/benson/tractor_ws/build/tractor_coverage' returned '0': PYTHONPATH=/home/benson/tractor_ws/build/tractor_coverage/prefix_override:/usr/lib/python3/dist-packages/colcon_core/task/python/colcon_distutils_commands:/home/benson/tractor_ws/install/tractor_coverage/lib/python3.12/site-packages:${PYTHONPATH} /usr/bin/python3 -W ignore:setup.py install is deprecated -W ignore:easy_install command is deprecated setup.py develop --editable --build-directory /home/benson/tractor_ws/build/tractor_coverage/build --no-deps symlink_data
