[4.418s] Invoking command in '/home/ubuntu/ros2-rover/build/tractor_vision': PYTHONPATH=/home/ubuntu/ros2-rover/build/tractor_vision/prefix_override:/usr/lib/python3/dist-packages/colcon_core/task/python/colcon_distutils_commands:/home/ubuntu/ros2-rover/install/tractor_vision/lib/python3.12/site-packages:${PYTHONPATH} /usr/bin/python3 -W ignore:setup.py install is deprecated -W ignore:easy_install command is deprecated setup.py develop --editable --build-directory /home/ubuntu/ros2-rover/build/tractor_vision/build --no-deps symlink_data --force
[4.956s] running develop
[5.270s] running egg_info
[5.302s] writing tractor_vision.egg-info/PKG-INFO
[5.303s] writing dependency_links to tractor_vision.egg-info/dependency_links.txt
[5.304s] writing entry points to tractor_vision.egg-info/entry_points.txt
[5.304s] writing requirements to tractor_vision.egg-info/requires.txt
[5.305s] writing top-level names to tractor_vision.egg-info/top_level.txt
[5.368s] reading manifest file 'tractor_vision.egg-info/SOURCES.txt'
[5.369s] writing manifest file 'tractor_vision.egg-info/SOURCES.txt'
[5.403s] running build_ext
[5.404s] Creating /home/ubuntu/ros2-rover/install/tractor_vision/lib/python3.12/site-packages/tractor-vision.egg-link (link to .)
[5.407s] Installing obstacle_detector script to /home/ubuntu/ros2-rover/install/tractor_vision/lib/tractor_vision
[5.408s] Installing realsense_processor script to /home/ubuntu/ros2-rover/install/tractor_vision/lib/tractor_vision
[5.409s] 
[5.410s] Installed /home/ubuntu/ros2-rover/build/tractor_vision
[5.411s] running symlink_data
[5.412s] symbolically linking /home/ubuntu/ros2-rover/build/tractor_vision/resource/tractor_vision -> /home/ubuntu/ros2-rover/install/tractor_vision/share/ament_index/resource_index/packages
[5.413s] symbolically linking /home/ubuntu/ros2-rover/build/tractor_vision/package.xml -> /home/ubuntu/ros2-rover/install/tractor_vision/share/tractor_vision
[5.413s] symbolically linking /home/ubuntu/ros2-rover/build/tractor_vision/config/realsense_config.yaml -> /home/ubuntu/ros2-rover/install/tractor_vision/share/tractor_vision/config
[5.606s] Invoked command in '/home/ubuntu/ros2-rover/build/tractor_vision' returned '0': PYTHONPATH=/home/ubuntu/ros2-rover/build/tractor_vision/prefix_override:/usr/lib/python3/dist-packages/colcon_core/task/python/colcon_distutils_commands:/home/ubuntu/ros2-rover/install/tractor_vision/lib/python3.12/site-packages:${PYTHONPATH} /usr/bin/python3 -W ignore:setup.py install is deprecated -W ignore:easy_install command is deprecated setup.py develop --editable --build-directory /home/ubuntu/ros2-rover/build/tractor_vision/build --no-deps symlink_data --force
