[1.457s] Invoking command in '/home/ubuntu/ros2-rover/src/tractor_control': PYTHONPATH=/home/ubuntu/ros2-rover/build/tractor_control/prefix_override:/usr/lib/python3/dist-packages/colcon_core/task/python/colcon_distutils_commands:/home/ubuntu/ros2-rover/install/tractor_control/lib/python3.12/site-packages:${PYTHONPATH} /usr/bin/python3 -W ignore:setup.py install is deprecated -W ignore:easy_install command is deprecated setup.py egg_info --egg-base ../../build/tractor_control build --build-base /home/ubuntu/ros2-rover/build/tractor_control/build install --record /home/ubuntu/ros2-rover/build/tractor_control/install.log --single-version-externally-managed install_data
[1.890s] running egg_info
[1.922s] writing ../../build/tractor_control/tractor_control.egg-info/PKG-INFO
[1.923s] writing dependency_links to ../../build/tractor_control/tractor_control.egg-info/dependency_links.txt
[1.924s] writing entry points to ../../build/tractor_control/tractor_control.egg-info/entry_points.txt
[1.924s] writing requirements to ../../build/tractor_control/tractor_control.egg-info/requires.txt
[1.924s] writing top-level names to ../../build/tractor_control/tractor_control.egg-info/top_level.txt
[1.989s] reading manifest file '../../build/tractor_control/tractor_control.egg-info/SOURCES.txt'
[1.990s] writing manifest file '../../build/tractor_control/tractor_control.egg-info/SOURCES.txt'
[1.991s] running build
[1.991s] running build_py
[1.992s] copying tractor_control/velocity_feedback_controller.py -> /home/ubuntu/ros2-rover/build/tractor_control/build/lib/tractor_control
[1.992s] running install
[2.002s] running install_lib
[2.035s] copying /home/ubuntu/ros2-rover/build/tractor_control/build/lib/tractor_control/velocity_feedback_controller.py -> /home/ubuntu/ros2-rover/install/tractor_control/lib/python3.12/site-packages/tractor_control
[2.036s] byte-compiling /home/ubuntu/ros2-rover/install/tractor_control/lib/python3.12/site-packages/tractor_control/velocity_feedback_controller.py to velocity_feedback_controller.cpython-312.pyc
[2.040s] running install_data
[2.040s] running install_egg_info
[2.075s] removing '/home/ubuntu/ros2-rover/install/tractor_control/lib/python3.12/site-packages/tractor_control-0.0.0-py3.12.egg-info' (and everything under it)
[2.075s] Copying ../../build/tractor_control/tractor_control.egg-info to /home/ubuntu/ros2-rover/install/tractor_control/lib/python3.12/site-packages/tractor_control-0.0.0-py3.12.egg-info
[2.077s] running install_scripts
[2.304s] Installing hiwonder_motor_driver script to /home/ubuntu/ros2-rover/install/tractor_control/lib/tractor_control
[2.304s] Installing velocity_feedback_controller script to /home/ubuntu/ros2-rover/install/tractor_control/lib/tractor_control
[2.304s] Installing xbox_controller_teleop script to /home/ubuntu/ros2-rover/install/tractor_control/lib/tractor_control
[2.304s] writing list of installed files to '/home/ubuntu/ros2-rover/build/tractor_control/install.log'
[2.401s] Invoked command in '/home/ubuntu/ros2-rover/src/tractor_control' returned '0': PYTHONPATH=/home/ubuntu/ros2-rover/build/tractor_control/prefix_override:/usr/lib/python3/dist-packages/colcon_core/task/python/colcon_distutils_commands:/home/ubuntu/ros2-rover/install/tractor_control/lib/python3.12/site-packages:${PYTHONPATH} /usr/bin/python3 -W ignore:setup.py install is deprecated -W ignore:easy_install command is deprecated setup.py egg_info --egg-base ../../build/tractor_control build --build-base /home/ubuntu/ros2-rover/build/tractor_control/build install --record /home/ubuntu/ros2-rover/build/tractor_control/install.log --single-version-externally-managed install_data
