[4.362s] Invoking command in '/home/ubuntu/ros2-rover/build/tractor_bringup': PYTHONPATH=/home/ubuntu/ros2-rover/build/tractor_bringup/prefix_override:/usr/lib/python3/dist-packages/colcon_core/task/python/colcon_distutils_commands:/home/ubuntu/ros2-rover/install/tractor_bringup/lib/python3.12/site-packages:${PYTHONPATH} /usr/bin/python3 -W ignore:setup.py install is deprecated -W ignore:easy_install command is deprecated setup.py develop --editable --build-directory /home/ubuntu/ros2-rover/build/tractor_bringup/build --no-deps symlink_data
[6.000s] running develop
[6.334s] running egg_info
[6.366s] writing tractor_bringup.egg-info/PKG-INFO
[6.366s] writing dependency_links to tractor_bringup.egg-info/dependency_links.txt
[6.367s] writing entry points to tractor_bringup.egg-info/entry_points.txt
[6.367s] writing requirements to tractor_bringup.egg-info/requires.txt
[6.368s] writing top-level names to tractor_bringup.egg-info/top_level.txt
[6.430s] reading manifest file 'tractor_bringup.egg-info/SOURCES.txt'
[6.431s] writing manifest file 'tractor_bringup.egg-info/SOURCES.txt'
[6.465s] running build_ext
[6.465s] Creating /home/ubuntu/ros2-rover/install/tractor_bringup/lib/python3.12/site-packages/tractor-bringup.egg-link (link to .)
[6.466s] Installing autonomous_mapping.py script to /home/ubuntu/ros2-rover/install/tractor_bringup/lib/tractor_bringup
[6.467s] Installing safety_monitor.py script to /home/ubuntu/ros2-rover/install/tractor_bringup/lib/tractor_bringup
[6.467s] 
[6.468s] Installed /home/ubuntu/ros2-rover/build/tractor_bringup
[6.468s] running symlink_data
[6.469s] symbolically linking /home/ubuntu/ros2-rover/build/tractor_bringup/launch/autonomous_mapping_simplified.launch.py -> /home/ubuntu/ros2-rover/install/tractor_bringup/share/tractor_bringup/launch
[6.469s] error: can't copy '/home/ubuntu/ros2-rover/build/tractor_bringup/launch/realsense_opencv.launch.py': doesn't exist or not a regular file
[6.553s] Invoked command in '/home/ubuntu/ros2-rover/build/tractor_bringup' returned '1': PYTHONPATH=/home/ubuntu/ros2-rover/build/tractor_bringup/prefix_override:/usr/lib/python3/dist-packages/colcon_core/task/python/colcon_distutils_commands:/home/ubuntu/ros2-rover/install/tractor_bringup/lib/python3.12/site-packages:${PYTHONPATH} /usr/bin/python3 -W ignore:setup.py install is deprecated -W ignore:easy_install command is deprecated setup.py develop --editable --build-directory /home/ubuntu/ros2-rover/build/tractor_bringup/build --no-deps symlink_data
