running develop
Removing /home/ubuntu/ros2-rover/install/tractor_vision/lib/python3.12/site-packages/tractor-vision.egg-link (link to .)
running egg_info
writing ../../build/tractor_vision/tractor_vision.egg-info/PKG-INFO
writing dependency_links to ../../build/tractor_vision/tractor_vision.egg-info/dependency_links.txt
writing entry points to ../../build/tractor_vision/tractor_vision.egg-info/entry_points.txt
writing requirements to ../../build/tractor_vision/tractor_vision.egg-info/requires.txt
writing top-level names to ../../build/tractor_vision/tractor_vision.egg-info/top_level.txt
reading manifest file '../../build/tractor_vision/tractor_vision.egg-info/SOURCES.txt'
writing manifest file '../../build/tractor_vision/tractor_vision.egg-info/SOURCES.txt'
running build
running build_py
creating /home/ubuntu/ros2-rover/build/tractor_vision/build
creating /home/ubuntu/ros2-rover/build/tractor_vision/build/lib
creating /home/ubuntu/ros2-rover/build/tractor_vision/build/lib/tractor_vision
copying tractor_vision/obstacle_detector.py -> /home/ubuntu/ros2-rover/build/tractor_vision/build/lib/tractor_vision
copying tractor_vision/__init__.py -> /home/ubuntu/ros2-rover/build/tractor_vision/build/lib/tractor_vision
copying tractor_vision/realsense_processor.py -> /home/ubuntu/ros2-rover/build/tractor_vision/build/lib/tractor_vision
running install
running install_lib
creating /home/ubuntu/ros2-rover/install/tractor_vision/lib/python3.12/site-packages/tractor_vision
copying /home/ubuntu/ros2-rover/build/tractor_vision/build/lib/tractor_vision/obstacle_detector.py -> /home/ubuntu/ros2-rover/install/tractor_vision/lib/python3.12/site-packages/tractor_vision
copying /home/ubuntu/ros2-rover/build/tractor_vision/build/lib/tractor_vision/__init__.py -> /home/ubuntu/ros2-rover/install/tractor_vision/lib/python3.12/site-packages/tractor_vision
copying /home/ubuntu/ros2-rover/build/tractor_vision/build/lib/tractor_vision/realsense_processor.py -> /home/ubuntu/ros2-rover/install/tractor_vision/lib/python3.12/site-packages/tractor_vision
byte-compiling /home/ubuntu/ros2-rover/install/tractor_vision/lib/python3.12/site-packages/tractor_vision/obstacle_detector.py to obstacle_detector.cpython-312.pyc
byte-compiling /home/ubuntu/ros2-rover/install/tractor_vision/lib/python3.12/site-packages/tractor_vision/__init__.py to __init__.cpython-312.pyc
byte-compiling /home/ubuntu/ros2-rover/install/tractor_vision/lib/python3.12/site-packages/tractor_vision/realsense_processor.py to realsense_processor.cpython-312.pyc
running install_data
copying resource/tractor_vision -> /home/ubuntu/ros2-rover/install/tractor_vision/share/ament_index/resource_index/packages
copying package.xml -> /home/ubuntu/ros2-rover/install/tractor_vision/share/tractor_vision
copying config/realsense_config.yaml -> /home/ubuntu/ros2-rover/install/tractor_vision/share/tractor_vision/config
running install_egg_info
Copying ../../build/tractor_vision/tractor_vision.egg-info to /home/ubuntu/ros2-rover/install/tractor_vision/lib/python3.12/site-packages/tractor_vision-0.0.0-py3.12.egg-info
running install_scripts
Installing obstacle_detector script to /home/ubuntu/ros2-rover/install/tractor_vision/lib/tractor_vision
Installing realsense_processor script to /home/ubuntu/ros2-rover/install/tractor_vision/lib/tractor_vision
writing list of installed files to '/home/ubuntu/ros2-rover/build/tractor_vision/install.log'
