[1.542s] Invoking command in '/home/ubuntu/ros2-rover/build/tractor_vision': PYTHONPATH=/home/ubuntu/ros2-rover/build/tractor_vision/prefix_override:/usr/lib/python3/dist-packages/colcon_core/task/python/colcon_distutils_commands:/home/ubuntu/ros2-rover/install/tractor_vision/lib/python3.12/site-packages:${PYTHONPATH} /usr/bin/python3 -W ignore:setup.py install is deprecated -W ignore:easy_install command is deprecated setup.py develop --uninstall --editable --build-directory /home/ubuntu/ros2-rover/build/tractor_vision/build
[2.053s] running develop
[2.397s] Removing /home/ubuntu/ros2-rover/install/tractor_vision/lib/python3.12/site-packages/tractor-vision.egg-link (link to .)
[2.534s] Invoked command in '/home/ubuntu/ros2-rover/build/tractor_vision' returned '0': PYTHONPATH=/home/ubuntu/ros2-rover/build/tractor_vision/prefix_override:/usr/lib/python3/dist-packages/colcon_core/task/python/colcon_distutils_commands:/home/ubuntu/ros2-rover/install/tractor_vision/lib/python3.12/site-packages:${PYTHONPATH} /usr/bin/python3 -W ignore:setup.py install is deprecated -W ignore:easy_install command is deprecated setup.py develop --uninstall --editable --build-directory /home/ubuntu/ros2-rover/build/tractor_vision/build
[2.536s] Invoking command in '/home/ubuntu/ros2-rover/src/tractor_vision': PYTHONPATH=/home/ubuntu/ros2-rover/build/tractor_vision/prefix_override:/usr/lib/python3/dist-packages/colcon_core/task/python/colcon_distutils_commands:/home/ubuntu/ros2-rover/install/tractor_vision/lib/python3.12/site-packages:${PYTHONPATH} /usr/bin/python3 -W ignore:setup.py install is deprecated -W ignore:easy_install command is deprecated setup.py egg_info --egg-base ../../build/tractor_vision build --build-base /home/ubuntu/ros2-rover/build/tractor_vision/build install --record /home/ubuntu/ros2-rover/build/tractor_vision/install.log --single-version-externally-managed install_data --force
[2.996s] running egg_info
[3.031s] writing ../../build/tractor_vision/tractor_vision.egg-info/PKG-INFO
[3.032s] writing dependency_links to ../../build/tractor_vision/tractor_vision.egg-info/dependency_links.txt
[3.032s] writing entry points to ../../build/tractor_vision/tractor_vision.egg-info/entry_points.txt
[3.032s] writing requirements to ../../build/tractor_vision/tractor_vision.egg-info/requires.txt
[3.032s] writing top-level names to ../../build/tractor_vision/tractor_vision.egg-info/top_level.txt
[3.098s] reading manifest file '../../build/tractor_vision/tractor_vision.egg-info/SOURCES.txt'
[3.100s] writing manifest file '../../build/tractor_vision/tractor_vision.egg-info/SOURCES.txt'
[3.101s] running build
[3.101s] running build_py
[3.101s] creating /home/ubuntu/ros2-rover/build/tractor_vision/build
[3.101s] creating /home/ubuntu/ros2-rover/build/tractor_vision/build/lib
[3.101s] creating /home/ubuntu/ros2-rover/build/tractor_vision/build/lib/tractor_vision
[3.101s] copying tractor_vision/obstacle_detector.py -> /home/ubuntu/ros2-rover/build/tractor_vision/build/lib/tractor_vision
[3.102s] copying tractor_vision/__init__.py -> /home/ubuntu/ros2-rover/build/tractor_vision/build/lib/tractor_vision
[3.103s] copying tractor_vision/realsense_processor.py -> /home/ubuntu/ros2-rover/build/tractor_vision/build/lib/tractor_vision
[3.103s] running install
[3.115s] running install_lib
[3.149s] creating /home/ubuntu/ros2-rover/install/tractor_vision/lib/python3.12/site-packages/tractor_vision
[3.149s] copying /home/ubuntu/ros2-rover/build/tractor_vision/build/lib/tractor_vision/obstacle_detector.py -> /home/ubuntu/ros2-rover/install/tractor_vision/lib/python3.12/site-packages/tractor_vision
[3.150s] copying /home/ubuntu/ros2-rover/build/tractor_vision/build/lib/tractor_vision/__init__.py -> /home/ubuntu/ros2-rover/install/tractor_vision/lib/python3.12/site-packages/tractor_vision
[3.150s] copying /home/ubuntu/ros2-rover/build/tractor_vision/build/lib/tractor_vision/realsense_processor.py -> /home/ubuntu/ros2-rover/install/tractor_vision/lib/python3.12/site-packages/tractor_vision
[3.150s] byte-compiling /home/ubuntu/ros2-rover/install/tractor_vision/lib/python3.12/site-packages/tractor_vision/obstacle_detector.py to obstacle_detector.cpython-312.pyc
[3.154s] byte-compiling /home/ubuntu/ros2-rover/install/tractor_vision/lib/python3.12/site-packages/tractor_vision/__init__.py to __init__.cpython-312.pyc
[3.155s] byte-compiling /home/ubuntu/ros2-rover/install/tractor_vision/lib/python3.12/site-packages/tractor_vision/realsense_processor.py to realsense_processor.cpython-312.pyc
[3.159s] running install_data
[3.159s] copying resource/tractor_vision -> /home/ubuntu/ros2-rover/install/tractor_vision/share/ament_index/resource_index/packages
[3.159s] copying package.xml -> /home/ubuntu/ros2-rover/install/tractor_vision/share/tractor_vision
[3.160s] copying config/realsense_config.yaml -> /home/ubuntu/ros2-rover/install/tractor_vision/share/tractor_vision/config
[3.160s] running install_egg_info
[3.195s] Copying ../../build/tractor_vision/tractor_vision.egg-info to /home/ubuntu/ros2-rover/install/tractor_vision/lib/python3.12/site-packages/tractor_vision-0.0.0-py3.12.egg-info
[3.197s] running install_scripts
[3.427s] Installing obstacle_detector script to /home/ubuntu/ros2-rover/install/tractor_vision/lib/tractor_vision
[3.428s] Installing realsense_processor script to /home/ubuntu/ros2-rover/install/tractor_vision/lib/tractor_vision
[3.428s] writing list of installed files to '/home/ubuntu/ros2-rover/build/tractor_vision/install.log'
[3.547s] Invoked command in '/home/ubuntu/ros2-rover/src/tractor_vision' returned '0': PYTHONPATH=/home/ubuntu/ros2-rover/build/tractor_vision/prefix_override:/usr/lib/python3/dist-packages/colcon_core/task/python/colcon_distutils_commands:/home/ubuntu/ros2-rover/install/tractor_vision/lib/python3.12/site-packages:${PYTHONPATH} /usr/bin/python3 -W ignore:setup.py install is deprecated -W ignore:easy_install command is deprecated setup.py egg_info --egg-base ../../build/tractor_vision build --build-base /home/ubuntu/ros2-rover/build/tractor_vision/build install --record /home/ubuntu/ros2-rover/build/tractor_vision/install.log --single-version-externally-managed install_data --force
