[5.428s] Invoking command in '/home/ubuntu/ros2-rover/src/tractor_sensors': PYTHONPATH=/home/ubuntu/ros2-rover/build/tractor_sensors/prefix_override:/usr/lib/python3/dist-packages/colcon_core/task/python/colcon_distutils_commands:/home/ubuntu/ros2-rover/install/tractor_sensors/lib/python3.12/site-packages:${PYTHONPATH} /usr/bin/python3 -W ignore:setup.py install is deprecated -W ignore:easy_install command is deprecated setup.py egg_info --egg-base ../../build/tractor_sensors build --build-base /home/ubuntu/ros2-rover/build/tractor_sensors/build install --record /home/ubuntu/ros2-rover/build/tractor_sensors/install.log --single-version-externally-managed install_data
[5.848s] running egg_info
[5.875s] writing ../../build/tractor_sensors/tractor_sensors.egg-info/PKG-INFO
[5.876s] writing dependency_links to ../../build/tractor_sensors/tractor_sensors.egg-info/dependency_links.txt
[5.877s] writing entry points to ../../build/tractor_sensors/tractor_sensors.egg-info/entry_points.txt
[5.877s] writing requirements to ../../build/tractor_sensors/tractor_sensors.egg-info/requires.txt
[5.877s] writing top-level names to ../../build/tractor_sensors/tractor_sensors.egg-info/top_level.txt
[5.941s] reading manifest file '../../build/tractor_sensors/tractor_sensors.egg-info/SOURCES.txt'
[5.942s] writing manifest file '../../build/tractor_sensors/tractor_sensors.egg-info/SOURCES.txt'
[5.944s] running build
[5.944s] running build_py
[5.945s] running install
[5.955s] running install_lib
[5.989s] running install_data
[5.990s] running install_egg_info
[6.025s] removing '/home/ubuntu/ros2-rover/install/tractor_sensors/lib/python3.12/site-packages/tractor_sensors-0.0.0-py3.12.egg-info' (and everything under it)
[6.026s] Copying ../../build/tractor_sensors/tractor_sensors.egg-info to /home/ubuntu/ros2-rover/install/tractor_sensors/lib/python3.12/site-packages/tractor_sensors-0.0.0-py3.12.egg-info
[6.026s] running install_scripts
[6.260s] Installing hglrc_m100_5883 script to /home/ubuntu/ros2-rover/install/tractor_sensors/lib/tractor_sensors
[6.261s] writing list of installed files to '/home/ubuntu/ros2-rover/build/tractor_sensors/install.log'
[6.332s] Invoked command in '/home/ubuntu/ros2-rover/src/tractor_sensors' returned '0': PYTHONPATH=/home/ubuntu/ros2-rover/build/tractor_sensors/prefix_override:/usr/lib/python3/dist-packages/colcon_core/task/python/colcon_distutils_commands:/home/ubuntu/ros2-rover/install/tractor_sensors/lib/python3.12/site-packages:${PYTHONPATH} /usr/bin/python3 -W ignore:setup.py install is deprecated -W ignore:easy_install command is deprecated setup.py egg_info --egg-base ../../build/tractor_sensors build --build-base /home/ubuntu/ros2-rover/build/tractor_sensors/build install --record /home/ubuntu/ros2-rover/build/tractor_sensors/install.log --single-version-externally-managed install_data
