[4.979s] Invoking command in '/home/ubuntu/ros2-rover/build/tractor_control': PYTHONPATH=/home/ubuntu/ros2-rover/build/tractor_control/prefix_override:/usr/lib/python3/dist-packages/colcon_core/task/python/colcon_distutils_commands:/home/ubuntu/ros2-rover/install/tractor_control/lib/python3.12/site-packages:${PYTHONPATH} /usr/bin/python3 -W ignore:setup.py install is deprecated -W ignore:easy_install command is deprecated setup.py develop --uninstall --editable --build-directory /home/ubuntu/ros2-rover/build/tractor_control/build
[5.504s] running develop
[5.859s] Removing /home/ubuntu/ros2-rover/install/tractor_control/lib/python3.12/site-packages/tractor-control.egg-link (link to .)
[6.063s] Invoked command in '/home/ubuntu/ros2-rover/build/tractor_control' returned '0': PYTHONPATH=/home/ubuntu/ros2-rover/build/tractor_control/prefix_override:/usr/lib/python3/dist-packages/colcon_core/task/python/colcon_distutils_commands:/home/ubuntu/ros2-rover/install/tractor_control/lib/python3.12/site-packages:${PYTHONPATH} /usr/bin/python3 -W ignore:setup.py install is deprecated -W ignore:easy_install command is deprecated setup.py develop --uninstall --editable --build-directory /home/ubuntu/ros2-rover/build/tractor_control/build
[6.064s] Invoking command in '/home/ubuntu/ros2-rover/src/tractor_control': PYTHONPATH=/home/ubuntu/ros2-rover/build/tractor_control/prefix_override:/usr/lib/python3/dist-packages/colcon_core/task/python/colcon_distutils_commands:/home/ubuntu/ros2-rover/install/tractor_control/lib/python3.12/site-packages:${PYTHONPATH} /usr/bin/python3 -W ignore:setup.py install is deprecated -W ignore:easy_install command is deprecated setup.py egg_info --egg-base ../../build/tractor_control build --build-base /home/ubuntu/ros2-rover/build/tractor_control/build install --record /home/ubuntu/ros2-rover/build/tractor_control/install.log --single-version-externally-managed install_data --force
[6.529s] running egg_info
[6.560s] writing ../../build/tractor_control/tractor_control.egg-info/PKG-INFO
[6.561s] writing dependency_links to ../../build/tractor_control/tractor_control.egg-info/dependency_links.txt
[6.562s] writing entry points to ../../build/tractor_control/tractor_control.egg-info/entry_points.txt
[6.562s] writing requirements to ../../build/tractor_control/tractor_control.egg-info/requires.txt
[6.563s] writing top-level names to ../../build/tractor_control/tractor_control.egg-info/top_level.txt
[6.630s] reading manifest file '../../build/tractor_control/tractor_control.egg-info/SOURCES.txt'
[6.632s] writing manifest file '../../build/tractor_control/tractor_control.egg-info/SOURCES.txt'
[6.633s] running build
[6.633s] running build_py
[6.634s] copying tractor_control/hiwonder_motor_driver.py -> /home/ubuntu/ros2-rover/build/tractor_control/build/lib/tractor_control
[6.634s] copying tractor_control/xbox_controller_teleop.py -> /home/ubuntu/ros2-rover/build/tractor_control/build/lib/tractor_control
[6.635s] copying tractor_control/velocity_feedback_controller.py -> /home/ubuntu/ros2-rover/build/tractor_control/build/lib/tractor_control
[6.635s] running install
[6.644s] running install_lib
[6.696s] copying /home/ubuntu/ros2-rover/build/tractor_control/build/lib/tractor_control/hiwonder_motor_driver.py -> /home/ubuntu/ros2-rover/install/tractor_control/lib/python3.12/site-packages/tractor_control
[6.696s] copying /home/ubuntu/ros2-rover/build/tractor_control/build/lib/tractor_control/xbox_controller_teleop.py -> /home/ubuntu/ros2-rover/install/tractor_control/lib/python3.12/site-packages/tractor_control
[6.697s] copying /home/ubuntu/ros2-rover/build/tractor_control/build/lib/tractor_control/velocity_feedback_controller.py -> /home/ubuntu/ros2-rover/install/tractor_control/lib/python3.12/site-packages/tractor_control
[6.697s] copying /home/ubuntu/ros2-rover/build/tractor_control/build/lib/tractor_control/__init__.py -> /home/ubuntu/ros2-rover/install/tractor_control/lib/python3.12/site-packages/tractor_control
[6.698s] byte-compiling /home/ubuntu/ros2-rover/install/tractor_control/lib/python3.12/site-packages/tractor_control/hiwonder_motor_driver.py to hiwonder_motor_driver.cpython-312.pyc
[6.698s] byte-compiling /home/ubuntu/ros2-rover/install/tractor_control/lib/python3.12/site-packages/tractor_control/xbox_controller_teleop.py to xbox_controller_teleop.cpython-312.pyc
[6.699s] byte-compiling /home/ubuntu/ros2-rover/install/tractor_control/lib/python3.12/site-packages/tractor_control/velocity_feedback_controller.py to velocity_feedback_controller.cpython-312.pyc
[6.699s] byte-compiling /home/ubuntu/ros2-rover/install/tractor_control/lib/python3.12/site-packages/tractor_control/__init__.py to __init__.cpython-312.pyc
[6.700s] running install_data
[6.700s] copying resource/tractor_control -> /home/ubuntu/ros2-rover/install/tractor_control/share/ament_index/resource_index/packages
[6.700s] copying package.xml -> /home/ubuntu/ros2-rover/install/tractor_control/share/tractor_control
[6.701s] running install_egg_info
[6.726s] Copying ../../build/tractor_control/tractor_control.egg-info to /home/ubuntu/ros2-rover/install/tractor_control/lib/python3.12/site-packages/tractor_control-0.0.0-py3.12.egg-info
[6.730s] running install_scripts
[7.029s] Installing hiwonder_motor_driver script to /home/ubuntu/ros2-rover/install/tractor_control/lib/tractor_control
[7.030s] Installing velocity_feedback_controller script to /home/ubuntu/ros2-rover/install/tractor_control/lib/tractor_control
[7.030s] Installing xbox_controller_teleop script to /home/ubuntu/ros2-rover/install/tractor_control/lib/tractor_control
[7.031s] writing list of installed files to '/home/ubuntu/ros2-rover/build/tractor_control/install.log'
[7.109s] Invoked command in '/home/ubuntu/ros2-rover/src/tractor_control' returned '0': PYTHONPATH=/home/ubuntu/ros2-rover/build/tractor_control/prefix_override:/usr/lib/python3/dist-packages/colcon_core/task/python/colcon_distutils_commands:/home/ubuntu/ros2-rover/install/tractor_control/lib/python3.12/site-packages:${PYTHONPATH} /usr/bin/python3 -W ignore:setup.py install is deprecated -W ignore:easy_install command is deprecated setup.py egg_info --egg-base ../../build/tractor_control build --build-base /home/ubuntu/ros2-rover/build/tractor_control/build install --record /home/ubuntu/ros2-rover/build/tractor_control/install.log --single-version-externally-managed install_data --force
