/home/benson/tractor_ws/install/tractor_coverage/lib/python3.12/site-packages/tractor_coverage/coverage_client.py
/home/benson/tractor_ws/install/tractor_coverage/lib/python3.12/site-packages/tractor_coverage/coverage_planner.py
/home/benson/tractor_ws/install/tractor_coverage/lib/python3.12/site-packages/tractor_coverage/coverage_action_server.py
/home/benson/tractor_ws/install/tractor_coverage/lib/python3.12/site-packages/tractor_coverage/coverage_visualizer.py
/home/benson/tractor_ws/install/tractor_coverage/lib/python3.12/site-packages/tractor_coverage/__init__.py
/home/benson/tractor_ws/install/tractor_coverage/lib/python3.12/site-packages/tractor_coverage/__pycache__/coverage_client.cpython-312.pyc
/home/benson/tractor_ws/install/tractor_coverage/lib/python3.12/site-packages/tractor_coverage/__pycache__/coverage_planner.cpython-312.pyc
/home/benson/tractor_ws/install/tractor_coverage/lib/python3.12/site-packages/tractor_coverage/__pycache__/coverage_action_server.cpython-312.pyc
/home/benson/tractor_ws/install/tractor_coverage/lib/python3.12/site-packages/tractor_coverage/__pycache__/coverage_visualizer.cpython-312.pyc
/home/benson/tractor_ws/install/tractor_coverage/lib/python3.12/site-packages/tractor_coverage/__pycache__/__init__.cpython-312.pyc
/home/benson/tractor_ws/install/tractor_coverage/share/ament_index/resource_index/packages/tractor_coverage
/home/benson/tractor_ws/install/tractor_coverage/share/tractor_coverage/package.xml
/home/benson/tractor_ws/install/tractor_coverage/share/tractor_coverage/launch/coverage_system.launch.py
/home/benson/tractor_ws/install/tractor_coverage/lib/python3.12/site-packages/tractor_coverage-0.0.0-py3.12.egg-info/entry_points.txt
/home/benson/tractor_ws/install/tractor_coverage/lib/python3.12/site-packages/tractor_coverage-0.0.0-py3.12.egg-info/requires.txt
/home/benson/tractor_ws/install/tractor_coverage/lib/python3.12/site-packages/tractor_coverage-0.0.0-py3.12.egg-info/top_level.txt
/home/benson/tractor_ws/install/tractor_coverage/lib/python3.12/site-packages/tractor_coverage-0.0.0-py3.12.egg-info/dependency_links.txt
/home/benson/tractor_ws/install/tractor_coverage/lib/python3.12/site-packages/tractor_coverage-0.0.0-py3.12.egg-info/SOURCES.txt
/home/benson/tractor_ws/install/tractor_coverage/lib/python3.12/site-packages/tractor_coverage-0.0.0-py3.12.egg-info/zip-safe
/home/benson/tractor_ws/install/tractor_coverage/lib/python3.12/site-packages/tractor_coverage-0.0.0-py3.12.egg-info/PKG-INFO
/home/benson/tractor_ws/install/tractor_coverage/lib/tractor_coverage/coverage_action_server
/home/benson/tractor_ws/install/tractor_coverage/lib/tractor_coverage/coverage_client
/home/benson/tractor_ws/install/tractor_coverage/lib/tractor_coverage/coverage_visualizer
