[4.306s] Invoking command in '/home/ubuntu/ros2-rover/build/tractor_coverage': PYTHONPATH=/home/ubuntu/ros2-rover/build/tractor_coverage/prefix_override:/usr/lib/python3/dist-packages/colcon_core/task/python/colcon_distutils_commands:/home/ubuntu/ros2-rover/install/tractor_coverage/lib/python3.12/site-packages:${PYTHONPATH} /usr/bin/python3 -W ignore:setup.py install is deprecated -W ignore:easy_install command is deprecated setup.py develop --editable --build-directory /home/ubuntu/ros2-rover/build/tractor_coverage/build --no-deps symlink_data
[5.325s] running develop
[5.629s] running egg_info
[5.629s] creating tractor_coverage.egg-info
[5.682s] writing tractor_coverage.egg-info/PKG-INFO
[5.683s] writing dependency_links to tractor_coverage.egg-info/dependency_links.txt
[5.683s] writing entry points to tractor_coverage.egg-info/entry_points.txt
[5.684s] writing requirements to tractor_coverage.egg-info/requires.txt
[5.684s] writing top-level names to tractor_coverage.egg-info/top_level.txt
[5.685s] writing manifest file 'tractor_coverage.egg-info/SOURCES.txt'
[5.715s] reading manifest file 'tractor_coverage.egg-info/SOURCES.txt'
[5.716s] writing manifest file 'tractor_coverage.egg-info/SOURCES.txt'
[5.748s] running build_ext
[5.748s] Creating /home/ubuntu/ros2-rover/install/tractor_coverage/lib/python3.12/site-packages/tractor-coverage.egg-link (link to .)
[5.750s] Installing coverage_action_server script to /home/ubuntu/ros2-rover/install/tractor_coverage/lib/tractor_coverage
[5.753s] Installing coverage_client script to /home/ubuntu/ros2-rover/install/tractor_coverage/lib/tractor_coverage
[5.753s] Installing coverage_visualizer script to /home/ubuntu/ros2-rover/install/tractor_coverage/lib/tractor_coverage
[5.754s] 
[5.754s] Installed /home/ubuntu/ros2-rover/build/tractor_coverage
[5.755s] running symlink_data
[5.755s] creating /home/ubuntu/ros2-rover/install/tractor_coverage/share/ament_index
[5.756s] creating /home/ubuntu/ros2-rover/install/tractor_coverage/share/ament_index/resource_index
[5.756s] creating /home/ubuntu/ros2-rover/install/tractor_coverage/share/ament_index/resource_index/packages
[5.756s] symbolically linking /home/ubuntu/ros2-rover/build/tractor_coverage/resource/tractor_coverage -> /home/ubuntu/ros2-rover/install/tractor_coverage/share/ament_index/resource_index/packages
[5.757s] symbolically linking /home/ubuntu/ros2-rover/build/tractor_coverage/package.xml -> /home/ubuntu/ros2-rover/install/tractor_coverage/share/tractor_coverage
[5.757s] creating /home/ubuntu/ros2-rover/install/tractor_coverage/share/tractor_coverage/launch
[5.758s] symbolically linking /home/ubuntu/ros2-rover/build/tractor_coverage/launch/coverage_system.launch.py -> /home/ubuntu/ros2-rover/install/tractor_coverage/share/tractor_coverage/launch
[5.853s] Invoked command in '/home/ubuntu/ros2-rover/build/tractor_coverage' returned '0': PYTHONPATH=/home/ubuntu/ros2-rover/build/tractor_coverage/prefix_override:/usr/lib/python3/dist-packages/colcon_core/task/python/colcon_distutils_commands:/home/ubuntu/ros2-rover/install/tractor_coverage/lib/python3.12/site-packages:${PYTHONPATH} /usr/bin/python3 -W ignore:setup.py install is deprecated -W ignore:easy_install command is deprecated setup.py develop --editable --build-directory /home/ubuntu/ros2-rover/build/tractor_coverage/build --no-deps symlink_data
