[1.368s] Invoking command in '/home/benson/tractor_ws/build/tractor_coverage': PYTHONPATH=/home/benson/tractor_ws/build/tractor_coverage/prefix_override:/usr/lib/python3/dist-packages/colcon_core/task/python/colcon_distutils_commands:/home/benson/tractor_ws/install/tractor_coverage/lib/python3.12/site-packages:${PYTHONPATH} /usr/bin/python3 -W ignore:setup.py install is deprecated -W ignore:easy_install command is deprecated setup.py develop --uninstall --editable --build-directory /home/benson/tractor_ws/build/tractor_coverage/build
[1.866s] running develop
[2.139s] /usr/lib/python3/dist-packages/setuptools/command/easy_install.py:363: UserWarning: Unbuilt egg for pytest-repeat [unknown version] (/usr/lib/python3/dist-packages)
[2.140s]   self.local_index = Environment(self.shadow_path + sys.path)
[2.201s] Removing /home/benson/tractor_ws/install/tractor_coverage/lib/python3.12/site-packages/tractor-coverage.egg-link (link to .)
[2.286s] Invoked command in '/home/benson/tractor_ws/build/tractor_coverage' returned '0': PYTHONPATH=/home/benson/tractor_ws/build/tractor_coverage/prefix_override:/usr/lib/python3/dist-packages/colcon_core/task/python/colcon_distutils_commands:/home/benson/tractor_ws/install/tractor_coverage/lib/python3.12/site-packages:${PYTHONPATH} /usr/bin/python3 -W ignore:setup.py install is deprecated -W ignore:easy_install command is deprecated setup.py develop --uninstall --editable --build-directory /home/benson/tractor_ws/build/tractor_coverage/build
[2.288s] Invoking command in '/home/benson/tractor_ws/src/tractor_coverage': PYTHONPATH=/home/benson/tractor_ws/build/tractor_coverage/prefix_override:/usr/lib/python3/dist-packages/colcon_core/task/python/colcon_distutils_commands:/home/benson/tractor_ws/install/tractor_coverage/lib/python3.12/site-packages:${PYTHONPATH} /usr/bin/python3 -W ignore:setup.py install is deprecated -W ignore:easy_install command is deprecated setup.py egg_info --egg-base ../../build/tractor_coverage build --build-base /home/benson/tractor_ws/build/tractor_coverage/build install --record /home/benson/tractor_ws/build/tractor_coverage/install.log --single-version-externally-managed install_data --force
[2.733s] running egg_info
[2.766s] writing ../../build/tractor_coverage/tractor_coverage.egg-info/PKG-INFO
[2.767s] writing dependency_links to ../../build/tractor_coverage/tractor_coverage.egg-info/dependency_links.txt
[2.767s] writing entry points to ../../build/tractor_coverage/tractor_coverage.egg-info/entry_points.txt
[2.767s] writing requirements to ../../build/tractor_coverage/tractor_coverage.egg-info/requires.txt
[2.768s] writing top-level names to ../../build/tractor_coverage/tractor_coverage.egg-info/top_level.txt
[2.834s] reading manifest file '../../build/tractor_coverage/tractor_coverage.egg-info/SOURCES.txt'
[2.835s] writing manifest file '../../build/tractor_coverage/tractor_coverage.egg-info/SOURCES.txt'
[2.836s] running build
[2.837s] running build_py
[2.837s] creating /home/benson/tractor_ws/build/tractor_coverage/build
[2.838s] creating /home/benson/tractor_ws/build/tractor_coverage/build/lib
[2.838s] creating /home/benson/tractor_ws/build/tractor_coverage/build/lib/tractor_coverage
[2.838s] copying tractor_coverage/coverage_client.py -> /home/benson/tractor_ws/build/tractor_coverage/build/lib/tractor_coverage
[2.839s] copying tractor_coverage/coverage_planner.py -> /home/benson/tractor_ws/build/tractor_coverage/build/lib/tractor_coverage
[2.839s] copying tractor_coverage/coverage_action_server.py -> /home/benson/tractor_ws/build/tractor_coverage/build/lib/tractor_coverage
[2.840s] copying tractor_coverage/coverage_visualizer.py -> /home/benson/tractor_ws/build/tractor_coverage/build/lib/tractor_coverage
[2.840s] copying tractor_coverage/__init__.py -> /home/benson/tractor_ws/build/tractor_coverage/build/lib/tractor_coverage
[2.840s] running install
[2.847s] running install_lib
[2.881s] creating /home/benson/tractor_ws/install/tractor_coverage/lib/python3.12/site-packages/tractor_coverage
[2.882s] copying /home/benson/tractor_ws/build/tractor_coverage/build/lib/tractor_coverage/coverage_client.py -> /home/benson/tractor_ws/install/tractor_coverage/lib/python3.12/site-packages/tractor_coverage
[2.882s] copying /home/benson/tractor_ws/build/tractor_coverage/build/lib/tractor_coverage/coverage_planner.py -> /home/benson/tractor_ws/install/tractor_coverage/lib/python3.12/site-packages/tractor_coverage
[2.882s] copying /home/benson/tractor_ws/build/tractor_coverage/build/lib/tractor_coverage/coverage_action_server.py -> /home/benson/tractor_ws/install/tractor_coverage/lib/python3.12/site-packages/tractor_coverage
[2.882s] copying /home/benson/tractor_ws/build/tractor_coverage/build/lib/tractor_coverage/coverage_visualizer.py -> /home/benson/tractor_ws/install/tractor_coverage/lib/python3.12/site-packages/tractor_coverage
[2.882s] copying /home/benson/tractor_ws/build/tractor_coverage/build/lib/tractor_coverage/__init__.py -> /home/benson/tractor_ws/install/tractor_coverage/lib/python3.12/site-packages/tractor_coverage
[2.883s] byte-compiling /home/benson/tractor_ws/install/tractor_coverage/lib/python3.12/site-packages/tractor_coverage/coverage_client.py to coverage_client.cpython-312.pyc
[2.885s] byte-compiling /home/benson/tractor_ws/install/tractor_coverage/lib/python3.12/site-packages/tractor_coverage/coverage_planner.py to coverage_planner.cpython-312.pyc
[2.888s] byte-compiling /home/benson/tractor_ws/install/tractor_coverage/lib/python3.12/site-packages/tractor_coverage/coverage_action_server.py to coverage_action_server.cpython-312.pyc
[2.893s] byte-compiling /home/benson/tractor_ws/install/tractor_coverage/lib/python3.12/site-packages/tractor_coverage/coverage_visualizer.py to coverage_visualizer.cpython-312.pyc
[2.898s] byte-compiling /home/benson/tractor_ws/install/tractor_coverage/lib/python3.12/site-packages/tractor_coverage/__init__.py to __init__.cpython-312.pyc
[2.898s] running install_data
[2.899s] copying resource/tractor_coverage -> /home/benson/tractor_ws/install/tractor_coverage/share/ament_index/resource_index/packages
[2.899s] copying package.xml -> /home/benson/tractor_ws/install/tractor_coverage/share/tractor_coverage
[2.900s] creating /home/benson/tractor_ws/install/tractor_coverage/share/tractor_coverage/launch
[2.900s] copying launch/coverage_system.launch.py -> /home/benson/tractor_ws/install/tractor_coverage/share/tractor_coverage/launch
[2.900s] running install_egg_info
[2.934s] Copying ../../build/tractor_coverage/tractor_coverage.egg-info to /home/benson/tractor_ws/install/tractor_coverage/lib/python3.12/site-packages/tractor_coverage-0.0.0-py3.12.egg-info
[2.935s] running install_scripts
[3.151s] Installing coverage_action_server script to /home/benson/tractor_ws/install/tractor_coverage/lib/tractor_coverage
[3.151s] Installing coverage_client script to /home/benson/tractor_ws/install/tractor_coverage/lib/tractor_coverage
[3.151s] Installing coverage_visualizer script to /home/benson/tractor_ws/install/tractor_coverage/lib/tractor_coverage
[3.151s] writing list of installed files to '/home/benson/tractor_ws/build/tractor_coverage/install.log'
[3.225s] Invoked command in '/home/benson/tractor_ws/src/tractor_coverage' returned '0': PYTHONPATH=/home/benson/tractor_ws/build/tractor_coverage/prefix_override:/usr/lib/python3/dist-packages/colcon_core/task/python/colcon_distutils_commands:/home/benson/tractor_ws/install/tractor_coverage/lib/python3.12/site-packages:${PYTHONPATH} /usr/bin/python3 -W ignore:setup.py install is deprecated -W ignore:easy_install command is deprecated setup.py egg_info --egg-base ../../build/tractor_coverage build --build-base /home/benson/tractor_ws/build/tractor_coverage/build install --record /home/benson/tractor_ws/build/tractor_coverage/install.log --single-version-externally-managed install_data --force
