running develop
/usr/lib/python3/dist-packages/setuptools/command/easy_install.py:363: UserWarning: Unbuilt egg for pytest-repeat [unknown version] (/usr/lib/python3/dist-packages)
  self.local_index = Environment(self.shadow_path + sys.path)
running egg_info
creating tractor_implements.egg-info
writing tractor_implements.egg-info/PKG-INFO
writing dependency_links to tractor_implements.egg-info/dependency_links.txt
writing entry points to tractor_implements.egg-info/entry_points.txt
writing requirements to tractor_implements.egg-info/requires.txt
writing top-level names to tractor_implements.egg-info/top_level.txt
writing manifest file 'tractor_implements.egg-info/SOURCES.txt'
reading manifest file 'tractor_implements.egg-info/SOURCES.txt'
writing manifest file 'tractor_implements.egg-info/SOURCES.txt'
running build_ext
Creating /home/benson/tractor_ws/install/tractor_implements/lib/python3.12/site-packages/tractor-implements.egg-link (link to .)
Installing mower_controller script to /home/benson/tractor_ws/install/tractor_implements/lib/tractor_implements
Installing sprayer_controller script to /home/benson/tractor_ws/install/tractor_implements/lib/tractor_implements

Installed /home/benson/tractor_ws/build/tractor_implements
running symlink_data
creating /home/benson/tractor_ws/install/tractor_implements/share/ament_index
creating /home/benson/tractor_ws/install/tractor_implements/share/ament_index/resource_index
creating /home/benson/tractor_ws/install/tractor_implements/share/ament_index/resource_index/packages
symbolically linking /home/benson/tractor_ws/build/tractor_implements/resource/tractor_implements -> /home/benson/tractor_ws/install/tractor_implements/share/ament_index/resource_index/packages
symbolically linking /home/benson/tractor_ws/build/tractor_implements/package.xml -> /home/benson/tractor_ws/install/tractor_implements/share/tractor_implements
