[3.652s] Invoking command in '/home/benson/tractor_ws/build/tractor_implements': PYTHONPATH=/home/benson/tractor_ws/build/tractor_implements/prefix_override:/usr/lib/python3/dist-packages/colcon_core/task/python/colcon_distutils_commands:/home/benson/tractor_ws/install/tractor_implements/lib/python3.12/site-packages:${PYTHONPATH} /usr/bin/python3 -W ignore:setup.py install is deprecated -W ignore:easy_install command is deprecated setup.py develop --editable --build-directory /home/benson/tractor_ws/build/tractor_implements/build --no-deps symlink_data
[5.278s] running develop
[5.547s] /usr/lib/python3/dist-packages/setuptools/command/easy_install.py:363: UserWarning: Unbuilt egg for pytest-repeat [unknown version] (/usr/lib/python3/dist-packages)
[5.548s]   self.local_index = Environment(self.shadow_path + sys.path)
[5.609s] running egg_info
[5.609s] creating tractor_implements.egg-info
[5.642s] writing tractor_implements.egg-info/PKG-INFO
[5.643s] writing dependency_links to tractor_implements.egg-info/dependency_links.txt
[5.643s] writing entry points to tractor_implements.egg-info/entry_points.txt
[5.644s] writing requirements to tractor_implements.egg-info/requires.txt
[5.644s] writing top-level names to tractor_implements.egg-info/top_level.txt
[5.644s] writing manifest file 'tractor_implements.egg-info/SOURCES.txt'
[5.712s] reading manifest file 'tractor_implements.egg-info/SOURCES.txt'
[5.713s] writing manifest file 'tractor_implements.egg-info/SOURCES.txt'
[5.748s] running build_ext
[5.748s] Creating /home/benson/tractor_ws/install/tractor_implements/lib/python3.12/site-packages/tractor-implements.egg-link (link to .)
[5.749s] Installing mower_controller script to /home/benson/tractor_ws/install/tractor_implements/lib/tractor_implements
[5.750s] Installing sprayer_controller script to /home/benson/tractor_ws/install/tractor_implements/lib/tractor_implements
[5.750s] 
[5.750s] Installed /home/benson/tractor_ws/build/tractor_implements
[5.751s] running symlink_data
[5.751s] creating /home/benson/tractor_ws/install/tractor_implements/share/ament_index
[5.752s] creating /home/benson/tractor_ws/install/tractor_implements/share/ament_index/resource_index
[5.752s] creating /home/benson/tractor_ws/install/tractor_implements/share/ament_index/resource_index/packages
[5.752s] symbolically linking /home/benson/tractor_ws/build/tractor_implements/resource/tractor_implements -> /home/benson/tractor_ws/install/tractor_implements/share/ament_index/resource_index/packages
[5.753s] symbolically linking /home/benson/tractor_ws/build/tractor_implements/package.xml -> /home/benson/tractor_ws/install/tractor_implements/share/tractor_implements
[5.828s] Invoked command in '/home/benson/tractor_ws/build/tractor_implements' returned '0': PYTHONPATH=/home/benson/tractor_ws/build/tractor_implements/prefix_override:/usr/lib/python3/dist-packages/colcon_core/task/python/colcon_distutils_commands:/home/benson/tractor_ws/install/tractor_implements/lib/python3.12/site-packages:${PYTHONPATH} /usr/bin/python3 -W ignore:setup.py install is deprecated -W ignore:easy_install command is deprecated setup.py develop --editable --build-directory /home/benson/tractor_ws/build/tractor_implements/build --no-deps symlink_data
