[4.519s] Invoking command in '/home/ubuntu/ros2-rover/build/tractor_implements': PYTHONPATH=/home/ubuntu/ros2-rover/build/tractor_implements/prefix_override:/usr/lib/python3/dist-packages/colcon_core/task/python/colcon_distutils_commands:/home/ubuntu/ros2-rover/install/tractor_implements/lib/python3.12/site-packages:${PYTHONPATH} /usr/bin/python3 -W ignore:setup.py install is deprecated -W ignore:easy_install command is deprecated setup.py develop --editable --build-directory /home/ubuntu/ros2-rover/build/tractor_implements/build --no-deps symlink_data --force
[5.624s] running develop
[5.935s] running egg_info
[5.965s] writing tractor_implements.egg-info/PKG-INFO
[5.965s] writing dependency_links to tractor_implements.egg-info/dependency_links.txt
[5.966s] writing entry points to tractor_implements.egg-info/entry_points.txt
[5.966s] writing requirements to tractor_implements.egg-info/requires.txt
[5.967s] writing top-level names to tractor_implements.egg-info/top_level.txt
[6.028s] reading manifest file 'tractor_implements.egg-info/SOURCES.txt'
[6.029s] writing manifest file 'tractor_implements.egg-info/SOURCES.txt'
[6.064s] running build_ext
[6.065s] Creating /home/ubuntu/ros2-rover/install/tractor_implements/lib/python3.12/site-packages/tractor-implements.egg-link (link to .)
[6.066s] Installing mower_controller script to /home/ubuntu/ros2-rover/install/tractor_implements/lib/tractor_implements
[6.067s] Installing sprayer_controller script to /home/ubuntu/ros2-rover/install/tractor_implements/lib/tractor_implements
[6.068s] 
[6.069s] Installed /home/ubuntu/ros2-rover/build/tractor_implements
[6.069s] running symlink_data
[6.070s] symbolically linking /home/ubuntu/ros2-rover/build/tractor_implements/resource/tractor_implements -> /home/ubuntu/ros2-rover/install/tractor_implements/share/ament_index/resource_index/packages
[6.070s] symbolically linking /home/ubuntu/ros2-rover/build/tractor_implements/package.xml -> /home/ubuntu/ros2-rover/install/tractor_implements/share/tractor_implements
[6.210s] Invoked command in '/home/ubuntu/ros2-rover/build/tractor_implements' returned '0': PYTHONPATH=/home/ubuntu/ros2-rover/build/tractor_implements/prefix_override:/usr/lib/python3/dist-packages/colcon_core/task/python/colcon_distutils_commands:/home/ubuntu/ros2-rover/install/tractor_implements/lib/python3.12/site-packages:${PYTHONPATH} /usr/bin/python3 -W ignore:setup.py install is deprecated -W ignore:easy_install command is deprecated setup.py develop --editable --build-directory /home/ubuntu/ros2-rover/build/tractor_implements/build --no-deps symlink_data --force
