[4.826s] Invoking command in '/home/ubuntu/ros2-rover/build/tractor_bringup': PYTHONPATH=/home/ubuntu/ros2-rover/build/tractor_bringup/prefix_override:/usr/lib/python3/dist-packages/colcon_core/task/python/colcon_distutils_commands:/home/ubuntu/ros2-rover/install/tractor_bringup/lib/python3.12/site-packages:${PYTHONPATH} /usr/bin/python3 -W ignore:setup.py install is deprecated -W ignore:easy_install command is deprecated setup.py develop --editable --build-directory /home/ubuntu/ros2-rover/build/tractor_bringup/build --no-deps symlink_data --force
[5.968s] running develop
[6.298s] running egg_info
[6.332s] writing tractor_bringup.egg-info/PKG-INFO
[6.333s] writing dependency_links to tractor_bringup.egg-info/dependency_links.txt
[6.333s] writing entry points to tractor_bringup.egg-info/entry_points.txt
[6.333s] writing requirements to tractor_bringup.egg-info/requires.txt
[6.334s] writing top-level names to tractor_bringup.egg-info/top_level.txt
[6.405s] reading manifest file 'tractor_bringup.egg-info/SOURCES.txt'
[6.407s] writing manifest file 'tractor_bringup.egg-info/SOURCES.txt'
[6.442s] running build_ext
[6.443s] Creating /home/ubuntu/ros2-rover/install/tractor_bringup/lib/python3.12/site-packages/tractor-bringup.egg-link (link to .)
[6.444s] Installing autonomous_mapping.py script to /home/ubuntu/ros2-rover/install/tractor_bringup/lib/tractor_bringup
[6.445s] Installing safety_monitor.py script to /home/ubuntu/ros2-rover/install/tractor_bringup/lib/tractor_bringup
[6.445s] 
[6.446s] Installed /home/ubuntu/ros2-rover/build/tractor_bringup
[6.446s] running symlink_data
[6.447s] symbolically linking /home/ubuntu/ros2-rover/build/tractor_bringup/resource/tractor_bringup -> /home/ubuntu/ros2-rover/install/tractor_bringup/share/ament_index/resource_index/packages
[6.447s] symbolically linking /home/ubuntu/ros2-rover/build/tractor_bringup/package.xml -> /home/ubuntu/ros2-rover/install/tractor_bringup/share/tractor_bringup
[6.448s] error: can't copy '/home/ubuntu/ros2-rover/build/tractor_bringup/launch/control.launch.py': doesn't exist or not a regular file
[6.524s] Invoked command in '/home/ubuntu/ros2-rover/build/tractor_bringup' returned '1': PYTHONPATH=/home/ubuntu/ros2-rover/build/tractor_bringup/prefix_override:/usr/lib/python3/dist-packages/colcon_core/task/python/colcon_distutils_commands:/home/ubuntu/ros2-rover/install/tractor_bringup/lib/python3.12/site-packages:${PYTHONPATH} /usr/bin/python3 -W ignore:setup.py install is deprecated -W ignore:easy_install command is deprecated setup.py develop --editable --build-directory /home/ubuntu/ros2-rover/build/tractor_bringup/build --no-deps symlink_data --force
