[1.388s] Invoking command in '/home/benson/tractor_ws/src/tractor_bringup': PYTHONPATH=/home/benson/tractor_ws/build/tractor_bringup/prefix_override:/usr/lib/python3/dist-packages/colcon_core/task/python/colcon_distutils_commands:/home/benson/tractor_ws/install/tractor_bringup/lib/python3.12/site-packages:${PYTHONPATH} /usr/bin/python3 -W ignore:setup.py install is deprecated -W ignore:easy_install command is deprecated setup.py egg_info --egg-base ../../build/tractor_bringup build --build-base /home/benson/tractor_ws/build/tractor_bringup/build install --record /home/benson/tractor_ws/build/tractor_bringup/install.log --single-version-externally-managed install_data
[1.840s] running egg_info
[1.873s] writing ../../build/tractor_bringup/tractor_bringup.egg-info/PKG-INFO
[1.873s] writing dependency_links to ../../build/tractor_bringup/tractor_bringup.egg-info/dependency_links.txt
[1.874s] writing requirements to ../../build/tractor_bringup/tractor_bringup.egg-info/requires.txt
[1.874s] writing top-level names to ../../build/tractor_bringup/tractor_bringup.egg-info/top_level.txt
[1.942s] reading manifest file '../../build/tractor_bringup/tractor_bringup.egg-info/SOURCES.txt'
[1.943s] writing manifest file '../../build/tractor_bringup/tractor_bringup.egg-info/SOURCES.txt'
[1.944s] running build
[1.944s] running build_py
[1.945s] running install
[1.954s] running install_lib
[1.989s] running install_data
[1.989s] copying urdf/tractor.urdf.xacro -> /home/benson/tractor_ws/install/tractor_bringup/share/tractor_bringup/urdf
[1.990s] running install_egg_info
[2.026s] removing '/home/benson/tractor_ws/install/tractor_bringup/lib/python3.12/site-packages/tractor_bringup-0.0.0-py3.12.egg-info' (and everything under it)
[2.027s] Copying ../../build/tractor_bringup/tractor_bringup.egg-info to /home/benson/tractor_ws/install/tractor_bringup/lib/python3.12/site-packages/tractor_bringup-0.0.0-py3.12.egg-info
[2.027s] running install_scripts
[2.243s] writing list of installed files to '/home/benson/tractor_ws/build/tractor_bringup/install.log'
[2.320s] Invoked command in '/home/benson/tractor_ws/src/tractor_bringup' returned '0': PYTHONPATH=/home/benson/tractor_ws/build/tractor_bringup/prefix_override:/usr/lib/python3/dist-packages/colcon_core/task/python/colcon_distutils_commands:/home/benson/tractor_ws/install/tractor_bringup/lib/python3.12/site-packages:${PYTHONPATH} /usr/bin/python3 -W ignore:setup.py install is deprecated -W ignore:easy_install command is deprecated setup.py egg_info --egg-base ../../build/tractor_bringup build --build-base /home/benson/tractor_ws/build/tractor_bringup/build install --record /home/benson/tractor_ws/build/tractor_bringup/install.log --single-version-externally-managed install_data
