[4.991s] Invoking command in '/home/ubuntu/ros2-rover/build/tractor_coverage': PYTHONPATH=/home/ubuntu/ros2-rover/build/tractor_coverage/prefix_override:/usr/lib/python3/dist-packages/colcon_core/task/python/colcon_distutils_commands:/home/ubuntu/ros2-rover/install/tractor_coverage/lib/python3.12/site-packages:${PYTHONPATH} /usr/bin/python3 -W ignore:setup.py install is deprecated -W ignore:easy_install command is deprecated setup.py develop --uninstall --editable --build-directory /home/ubuntu/ros2-rover/build/tractor_coverage/build
[6.245s] running develop
[6.569s] Removing /home/ubuntu/ros2-rover/install/tractor_coverage/lib/python3.12/site-packages/tractor-coverage.egg-link (link to .)
[6.663s] Invoked command in '/home/ubuntu/ros2-rover/build/tractor_coverage' returned '0': PYTHONPATH=/home/ubuntu/ros2-rover/build/tractor_coverage/prefix_override:/usr/lib/python3/dist-packages/colcon_core/task/python/colcon_distutils_commands:/home/ubuntu/ros2-rover/install/tractor_coverage/lib/python3.12/site-packages:${PYTHONPATH} /usr/bin/python3 -W ignore:setup.py install is deprecated -W ignore:easy_install command is deprecated setup.py develop --uninstall --editable --build-directory /home/ubuntu/ros2-rover/build/tractor_coverage/build
[6.666s] Invoking command in '/home/ubuntu/ros2-rover/src/tractor_coverage': PYTHONPATH=/home/ubuntu/ros2-rover/build/tractor_coverage/prefix_override:/usr/lib/python3/dist-packages/colcon_core/task/python/colcon_distutils_commands:/home/ubuntu/ros2-rover/install/tractor_coverage/lib/python3.12/site-packages:${PYTHONPATH} /usr/bin/python3 -W ignore:setup.py install is deprecated -W ignore:easy_install command is deprecated setup.py egg_info --egg-base ../../build/tractor_coverage build --build-base /home/ubuntu/ros2-rover/build/tractor_coverage/build install --record /home/ubuntu/ros2-rover/build/tractor_coverage/install.log --single-version-externally-managed install_data --force
[7.147s] running egg_info
[7.179s] writing ../../build/tractor_coverage/tractor_coverage.egg-info/PKG-INFO
[7.180s] writing dependency_links to ../../build/tractor_coverage/tractor_coverage.egg-info/dependency_links.txt
[7.181s] writing entry points to ../../build/tractor_coverage/tractor_coverage.egg-info/entry_points.txt
[7.181s] writing requirements to ../../build/tractor_coverage/tractor_coverage.egg-info/requires.txt
[7.182s] writing top-level names to ../../build/tractor_coverage/tractor_coverage.egg-info/top_level.txt
[7.248s] reading manifest file '../../build/tractor_coverage/tractor_coverage.egg-info/SOURCES.txt'
[7.248s] writing manifest file '../../build/tractor_coverage/tractor_coverage.egg-info/SOURCES.txt'
[7.249s] running build
[7.249s] running build_py
[7.250s] copying tractor_coverage/coverage_visualizer.py -> /home/ubuntu/ros2-rover/build/tractor_coverage/build/lib/tractor_coverage
[7.250s] copying tractor_coverage/coverage_client.py -> /home/ubuntu/ros2-rover/build/tractor_coverage/build/lib/tractor_coverage
[7.250s] copying tractor_coverage/coverage_action_server.py -> /home/ubuntu/ros2-rover/build/tractor_coverage/build/lib/tractor_coverage
[7.251s] copying tractor_coverage/coverage_planner.py -> /home/ubuntu/ros2-rover/build/tractor_coverage/build/lib/tractor_coverage
[7.251s] running install
[7.259s] running install_lib
[7.292s] creating /home/ubuntu/ros2-rover/install/tractor_coverage/lib/python3.12/site-packages/tractor_coverage
[7.292s] copying /home/ubuntu/ros2-rover/build/tractor_coverage/build/lib/tractor_coverage/coverage_visualizer.py -> /home/ubuntu/ros2-rover/install/tractor_coverage/lib/python3.12/site-packages/tractor_coverage
[7.293s] copying /home/ubuntu/ros2-rover/build/tractor_coverage/build/lib/tractor_coverage/coverage_client.py -> /home/ubuntu/ros2-rover/install/tractor_coverage/lib/python3.12/site-packages/tractor_coverage
[7.294s] copying /home/ubuntu/ros2-rover/build/tractor_coverage/build/lib/tractor_coverage/coverage_action_server.py -> /home/ubuntu/ros2-rover/install/tractor_coverage/lib/python3.12/site-packages/tractor_coverage
[7.294s] copying /home/ubuntu/ros2-rover/build/tractor_coverage/build/lib/tractor_coverage/__init__.py -> /home/ubuntu/ros2-rover/install/tractor_coverage/lib/python3.12/site-packages/tractor_coverage
[7.295s] copying /home/ubuntu/ros2-rover/build/tractor_coverage/build/lib/tractor_coverage/coverage_planner.py -> /home/ubuntu/ros2-rover/install/tractor_coverage/lib/python3.12/site-packages/tractor_coverage
[7.295s] byte-compiling /home/ubuntu/ros2-rover/install/tractor_coverage/lib/python3.12/site-packages/tractor_coverage/coverage_visualizer.py to coverage_visualizer.cpython-312.pyc
[7.299s] byte-compiling /home/ubuntu/ros2-rover/install/tractor_coverage/lib/python3.12/site-packages/tractor_coverage/coverage_client.py to coverage_client.cpython-312.pyc
[7.301s] byte-compiling /home/ubuntu/ros2-rover/install/tractor_coverage/lib/python3.12/site-packages/tractor_coverage/coverage_action_server.py to coverage_action_server.cpython-312.pyc
[7.306s] byte-compiling /home/ubuntu/ros2-rover/install/tractor_coverage/lib/python3.12/site-packages/tractor_coverage/__init__.py to __init__.cpython-312.pyc
[7.307s] byte-compiling /home/ubuntu/ros2-rover/install/tractor_coverage/lib/python3.12/site-packages/tractor_coverage/coverage_planner.py to coverage_planner.cpython-312.pyc
[7.310s] running install_data
[7.310s] copying resource/tractor_coverage -> /home/ubuntu/ros2-rover/install/tractor_coverage/share/ament_index/resource_index/packages
[7.311s] copying package.xml -> /home/ubuntu/ros2-rover/install/tractor_coverage/share/tractor_coverage
[7.311s] copying launch/coverage_system.launch.py -> /home/ubuntu/ros2-rover/install/tractor_coverage/share/tractor_coverage/launch
[7.312s] running install_egg_info
[7.346s] Copying ../../build/tractor_coverage/tractor_coverage.egg-info to /home/ubuntu/ros2-rover/install/tractor_coverage/lib/python3.12/site-packages/tractor_coverage-0.0.0-py3.12.egg-info
[7.347s] running install_scripts
[7.580s] Installing coverage_action_server script to /home/ubuntu/ros2-rover/install/tractor_coverage/lib/tractor_coverage
[7.581s] Installing coverage_client script to /home/ubuntu/ros2-rover/install/tractor_coverage/lib/tractor_coverage
[7.581s] Installing coverage_visualizer script to /home/ubuntu/ros2-rover/install/tractor_coverage/lib/tractor_coverage
[7.582s] writing list of installed files to '/home/ubuntu/ros2-rover/build/tractor_coverage/install.log'
[7.673s] Invoked command in '/home/ubuntu/ros2-rover/src/tractor_coverage' returned '0': PYTHONPATH=/home/ubuntu/ros2-rover/build/tractor_coverage/prefix_override:/usr/lib/python3/dist-packages/colcon_core/task/python/colcon_distutils_commands:/home/ubuntu/ros2-rover/install/tractor_coverage/lib/python3.12/site-packages:${PYTHONPATH} /usr/bin/python3 -W ignore:setup.py install is deprecated -W ignore:easy_install command is deprecated setup.py egg_info --egg-base ../../build/tractor_coverage build --build-base /home/ubuntu/ros2-rover/build/tractor_coverage/build install --record /home/ubuntu/ros2-rover/build/tractor_coverage/install.log --single-version-externally-managed install_data --force
