[5.152s] Invoking command in '/home/benson/tractor_ws/build/tractor_bringup': PYTHONPATH=/home/benson/tractor_ws/build/tractor_bringup/prefix_override:/usr/lib/python3/dist-packages/colcon_core/task/python/colcon_distutils_commands:/home/benson/tractor_ws/install/tractor_bringup/lib/python3.12/site-packages:${PYTHONPATH} /usr/bin/python3 -W ignore:setup.py install is deprecated -W ignore:easy_install command is deprecated setup.py develop --editable --build-directory /home/benson/tractor_ws/build/tractor_bringup/build --no-deps symlink_data
[5.705s] running develop
[5.971s] /usr/lib/python3/dist-packages/setuptools/command/easy_install.py:363: UserWarning: Unbuilt egg for pytest-repeat [unknown version] (/usr/lib/python3/dist-packages)
[5.971s]   self.local_index = Environment(self.shadow_path + sys.path)
[6.032s] running egg_info
[6.032s] creating tractor_bringup.egg-info
[6.064s] writing tractor_bringup.egg-info/PKG-INFO
[6.064s] writing dependency_links to tractor_bringup.egg-info/dependency_links.txt
[6.064s] writing requirements to tractor_bringup.egg-info/requires.txt
[6.065s] writing top-level names to tractor_bringup.egg-info/top_level.txt
[6.065s] writing manifest file 'tractor_bringup.egg-info/SOURCES.txt'
[6.130s] reading manifest file 'tractor_bringup.egg-info/SOURCES.txt'
[6.131s] writing manifest file 'tractor_bringup.egg-info/SOURCES.txt'
[6.165s] running build_ext
[6.165s] Creating /home/benson/tractor_ws/install/tractor_bringup/lib/python3.12/site-packages/tractor-bringup.egg-link (link to .)
[6.166s] 
[6.166s] Installed /home/benson/tractor_ws/build/tractor_bringup
[6.166s] running symlink_data
[6.167s] creating /home/benson/tractor_ws/install/tractor_bringup/share/ament_index
[6.167s] creating /home/benson/tractor_ws/install/tractor_bringup/share/ament_index/resource_index
[6.167s] creating /home/benson/tractor_ws/install/tractor_bringup/share/ament_index/resource_index/packages
[6.167s] symbolically linking /home/benson/tractor_ws/build/tractor_bringup/resource/tractor_bringup -> /home/benson/tractor_ws/install/tractor_bringup/share/ament_index/resource_index/packages
[6.167s] symbolically linking /home/benson/tractor_ws/build/tractor_bringup/package.xml -> /home/benson/tractor_ws/install/tractor_bringup/share/tractor_bringup
[6.243s] Invoked command in '/home/benson/tractor_ws/build/tractor_bringup' returned '0': PYTHONPATH=/home/benson/tractor_ws/build/tractor_bringup/prefix_override:/usr/lib/python3/dist-packages/colcon_core/task/python/colcon_distutils_commands:/home/benson/tractor_ws/install/tractor_bringup/lib/python3.12/site-packages:${PYTHONPATH} /usr/bin/python3 -W ignore:setup.py install is deprecated -W ignore:easy_install command is deprecated setup.py develop --editable --build-directory /home/benson/tractor_ws/build/tractor_bringup/build --no-deps symlink_data
