running egg_info
writing ../../build/tractor_implements/tractor_implements.egg-info/PKG-INFO
writing dependency_links to ../../build/tractor_implements/tractor_implements.egg-info/dependency_links.txt
writing entry points to ../../build/tractor_implements/tractor_implements.egg-info/entry_points.txt
writing requirements to ../../build/tractor_implements/tractor_implements.egg-info/requires.txt
writing top-level names to ../../build/tractor_implements/tractor_implements.egg-info/top_level.txt
reading manifest file '../../build/tractor_implements/tractor_implements.egg-info/SOURCES.txt'
writing manifest file '../../build/tractor_implements/tractor_implements.egg-info/SOURCES.txt'
running build
running build_py
running install
running install_lib
running install_data
running install_egg_info
removing '/home/ubuntu/ros2-rover/install/tractor_implements/lib/python3.12/site-packages/tractor_implements-0.0.0-py3.12.egg-info' (and everything under it)
Copying ../../build/tractor_implements/tractor_implements.egg-info to /home/ubuntu/ros2-rover/install/tractor_implements/lib/python3.12/site-packages/tractor_implements-0.0.0-py3.12.egg-info
running install_scripts
Installing mower_controller script to /home/ubuntu/ros2-rover/install/tractor_implements/lib/tractor_implements
Installing sprayer_controller script to /home/ubuntu/ros2-rover/install/tractor_implements/lib/tractor_implements
writing list of installed files to '/home/ubuntu/ros2-rover/build/tractor_implements/install.log'
