[4.202s] Invoking command in '/home/ubuntu/ros2-rover/src/tractor_control': PYTHONPATH=/home/ubuntu/ros2-rover/build/tractor_control/prefix_override:/usr/lib/python3/dist-packages/colcon_core/task/python/colcon_distutils_commands:/home/ubuntu/ros2-rover/install/tractor_control/lib/python3.12/site-packages:${PYTHONPATH} /usr/bin/python3 -W ignore:setup.py install is deprecated -W ignore:easy_install command is deprecated setup.py egg_info --egg-base ../../build/tractor_control build --build-base /home/ubuntu/ros2-rover/build/tractor_control/build install --record /home/ubuntu/ros2-rover/build/tractor_control/install.log --single-version-externally-managed install_data
[4.663s] running egg_info
[4.695s] writing ../../build/tractor_control/tractor_control.egg-info/PKG-INFO
[4.695s] writing dependency_links to ../../build/tractor_control/tractor_control.egg-info/dependency_links.txt
[4.696s] writing entry points to ../../build/tractor_control/tractor_control.egg-info/entry_points.txt
[4.696s] writing requirements to ../../build/tractor_control/tractor_control.egg-info/requires.txt
[4.697s] writing top-level names to ../../build/tractor_control/tractor_control.egg-info/top_level.txt
[4.769s] reading manifest file '../../build/tractor_control/tractor_control.egg-info/SOURCES.txt'
[4.769s] writing manifest file '../../build/tractor_control/tractor_control.egg-info/SOURCES.txt'
[4.769s] running build
[4.769s] running build_py
[4.769s] copying tractor_control/velocity_feedback_controller.py -> /home/ubuntu/ros2-rover/build/tractor_control/build/lib/tractor_control
[4.770s] running install
[4.780s] running install_lib
[4.816s] copying /home/ubuntu/ros2-rover/build/tractor_control/build/lib/tractor_control/velocity_feedback_controller.py -> /home/ubuntu/ros2-rover/install/tractor_control/lib/python3.12/site-packages/tractor_control
[4.818s] byte-compiling /home/ubuntu/ros2-rover/install/tractor_control/lib/python3.12/site-packages/tractor_control/velocity_feedback_controller.py to velocity_feedback_controller.cpython-312.pyc
[4.822s] running install_data
[4.822s] running install_egg_info
[4.859s] removing '/home/ubuntu/ros2-rover/install/tractor_control/lib/python3.12/site-packages/tractor_control-0.0.0-py3.12.egg-info' (and everything under it)
[4.860s] Copying ../../build/tractor_control/tractor_control.egg-info to /home/ubuntu/ros2-rover/install/tractor_control/lib/python3.12/site-packages/tractor_control-0.0.0-py3.12.egg-info
[4.861s] running install_scripts
[5.203s] Installing hiwonder_motor_driver script to /home/ubuntu/ros2-rover/install/tractor_control/lib/tractor_control
[5.204s] Installing velocity_feedback_controller script to /home/ubuntu/ros2-rover/install/tractor_control/lib/tractor_control
[5.204s] Installing xbox_controller_teleop script to /home/ubuntu/ros2-rover/install/tractor_control/lib/tractor_control
[5.205s] writing list of installed files to '/home/ubuntu/ros2-rover/build/tractor_control/install.log'
[5.284s] Invoked command in '/home/ubuntu/ros2-rover/src/tractor_control' returned '0': PYTHONPATH=/home/ubuntu/ros2-rover/build/tractor_control/prefix_override:/usr/lib/python3/dist-packages/colcon_core/task/python/colcon_distutils_commands:/home/ubuntu/ros2-rover/install/tractor_control/lib/python3.12/site-packages:${PYTHONPATH} /usr/bin/python3 -W ignore:setup.py install is deprecated -W ignore:easy_install command is deprecated setup.py egg_info --egg-base ../../build/tractor_control build --build-base /home/ubuntu/ros2-rover/build/tractor_control/build install --record /home/ubuntu/ros2-rover/build/tractor_control/install.log --single-version-externally-managed install_data
