[1.580s] Invoking command in '/home/ubuntu/ros2-rover/src/tractor_bringup': PYTHONPATH=/home/ubuntu/ros2-rover/build/tractor_bringup/prefix_override:/usr/lib/python3/dist-packages/colcon_core/task/python/colcon_distutils_commands:/home/ubuntu/ros2-rover/install/tractor_bringup/lib/python3.12/site-packages:${PYTHONPATH} /usr/bin/python3 -W ignore:setup.py install is deprecated -W ignore:easy_install command is deprecated setup.py egg_info --egg-base ../../build/tractor_bringup build --build-base /home/ubuntu/ros2-rover/build/tractor_bringup/build install --record /home/ubuntu/ros2-rover/build/tractor_bringup/install.log --single-version-externally-managed install_data
[2.076s] running egg_info
[2.112s] writing ../../build/tractor_bringup/tractor_bringup.egg-info/PKG-INFO
[2.113s] writing dependency_links to ../../build/tractor_bringup/tractor_bringup.egg-info/dependency_links.txt
[2.113s] writing entry points to ../../build/tractor_bringup/tractor_bringup.egg-info/entry_points.txt
[2.114s] writing requirements to ../../build/tractor_bringup/tractor_bringup.egg-info/requires.txt
[2.114s] writing top-level names to ../../build/tractor_bringup/tractor_bringup.egg-info/top_level.txt
[2.186s] reading manifest file '../../build/tractor_bringup/tractor_bringup.egg-info/SOURCES.txt'
[2.188s] writing manifest file '../../build/tractor_bringup/tractor_bringup.egg-info/SOURCES.txt'
[2.189s] running build
[2.189s] running build_py
[2.190s] running install
[2.200s] running install_lib
[2.238s] running install_data
[2.239s] running install_egg_info
[2.278s] removing '/home/ubuntu/ros2-rover/install/tractor_bringup/lib/python3.12/site-packages/tractor_bringup-0.0.0-py3.12.egg-info' (and everything under it)
[2.279s] Copying ../../build/tractor_bringup/tractor_bringup.egg-info to /home/ubuntu/ros2-rover/install/tractor_bringup/lib/python3.12/site-packages/tractor_bringup-0.0.0-py3.12.egg-info
[2.280s] running install_scripts
[2.525s] Installing autonomous_mapping.py script to /home/ubuntu/ros2-rover/install/tractor_bringup/lib/tractor_bringup
[2.527s] Installing safety_monitor.py script to /home/ubuntu/ros2-rover/install/tractor_bringup/lib/tractor_bringup
[2.527s] writing list of installed files to '/home/ubuntu/ros2-rover/build/tractor_bringup/install.log'
[2.649s] Invoked command in '/home/ubuntu/ros2-rover/src/tractor_bringup' returned '0': PYTHONPATH=/home/ubuntu/ros2-rover/build/tractor_bringup/prefix_override:/usr/lib/python3/dist-packages/colcon_core/task/python/colcon_distutils_commands:/home/ubuntu/ros2-rover/install/tractor_bringup/lib/python3.12/site-packages:${PYTHONPATH} /usr/bin/python3 -W ignore:setup.py install is deprecated -W ignore:easy_install command is deprecated setup.py egg_info --egg-base ../../build/tractor_bringup build --build-base /home/ubuntu/ros2-rover/build/tractor_bringup/build install --record /home/ubuntu/ros2-rover/build/tractor_bringup/install.log --single-version-externally-managed install_data
