[3.965s] Invoking command in '/home/ubuntu/ros2-rover/src/tractor_coverage': PYTHONPATH=/home/ubuntu/ros2-rover/build/tractor_coverage/prefix_override:/usr/lib/python3/dist-packages/colcon_core/task/python/colcon_distutils_commands:/home/ubuntu/ros2-rover/install/tractor_coverage/lib/python3.12/site-packages:${PYTHONPATH} /usr/bin/python3 -W ignore:setup.py install is deprecated -W ignore:easy_install command is deprecated setup.py egg_info --egg-base ../../build/tractor_coverage build --build-base /home/ubuntu/ros2-rover/build/tractor_coverage/build install --record /home/ubuntu/ros2-rover/build/tractor_coverage/install.log --single-version-externally-managed install_data
[4.503s] running egg_info
[4.528s] writing ../../build/tractor_coverage/tractor_coverage.egg-info/PKG-INFO
[4.529s] writing dependency_links to ../../build/tractor_coverage/tractor_coverage.egg-info/dependency_links.txt
[4.531s] writing entry points to ../../build/tractor_coverage/tractor_coverage.egg-info/entry_points.txt
[4.533s] writing requirements to ../../build/tractor_coverage/tractor_coverage.egg-info/requires.txt
[4.533s] writing top-level names to ../../build/tractor_coverage/tractor_coverage.egg-info/top_level.txt
[4.607s] reading manifest file '../../build/tractor_coverage/tractor_coverage.egg-info/SOURCES.txt'
[4.609s] writing manifest file '../../build/tractor_coverage/tractor_coverage.egg-info/SOURCES.txt'
[4.609s] running build
[4.610s] running build_py
[4.611s] running install
[4.626s] running install_lib
[4.670s] running install_data
[4.671s] running install_egg_info
[4.705s] removing '/home/ubuntu/ros2-rover/install/tractor_coverage/lib/python3.12/site-packages/tractor_coverage-0.0.0-py3.12.egg-info' (and everything under it)
[4.706s] Copying ../../build/tractor_coverage/tractor_coverage.egg-info to /home/ubuntu/ros2-rover/install/tractor_coverage/lib/python3.12/site-packages/tractor_coverage-0.0.0-py3.12.egg-info
[4.707s] running install_scripts
[4.948s] Installing coverage_action_server script to /home/ubuntu/ros2-rover/install/tractor_coverage/lib/tractor_coverage
[4.948s] Installing coverage_client script to /home/ubuntu/ros2-rover/install/tractor_coverage/lib/tractor_coverage
[4.948s] Installing coverage_visualizer script to /home/ubuntu/ros2-rover/install/tractor_coverage/lib/tractor_coverage
[4.949s] writing list of installed files to '/home/ubuntu/ros2-rover/build/tractor_coverage/install.log'
[5.040s] Invoked command in '/home/ubuntu/ros2-rover/src/tractor_coverage' returned '0': PYTHONPATH=/home/ubuntu/ros2-rover/build/tractor_coverage/prefix_override:/usr/lib/python3/dist-packages/colcon_core/task/python/colcon_distutils_commands:/home/ubuntu/ros2-rover/install/tractor_coverage/lib/python3.12/site-packages:${PYTHONPATH} /usr/bin/python3 -W ignore:setup.py install is deprecated -W ignore:easy_install command is deprecated setup.py egg_info --egg-base ../../build/tractor_coverage build --build-base /home/ubuntu/ros2-rover/build/tractor_coverage/build install --record /home/ubuntu/ros2-rover/build/tractor_coverage/install.log --single-version-externally-managed install_data
