[0.191s] DEBUG:colcon:Command line arguments: ['/usr/bin/colcon', 'build', '--symlink-install', '--event-handlers', 'console_direct+']
[0.192s] DEBUG:colcon:Parsed command line arguments: Namespace(log_base=None, log_level=None, verb_name='build', build_base='build', install_base='install', merge_install=False, symlink_install=True, test_result_base=None, continue_on_error=False, executor='parallel', parallel_workers=8, event_handlers=['console_direct+'], ignore_user_meta=False, metas=['./colcon.meta'], base_paths=['.'], packages_ignore=None, packages_ignore_regex=None, paths=None, packages_up_to=None, packages_up_to_regex=None, packages_above=None, packages_above_and_dependencies=None, packages_above_depth=None, packages_select_by_dep=None, packages_skip_by_dep=None, packages_skip_up_to=None, packages_select_build_failed=False, packages_skip_build_finished=False, packages_select_test_failures=False, packages_skip_test_passed=False, packages_select=None, packages_skip=None, packages_select_regex=None, packages_skip_regex=None, packages_start=None, packages_end=None, allow_overriding=[], cmake_args=None, cmake_target=None, cmake_target_skip_unavailable=False, cmake_clean_cache=False, cmake_clean_first=False, cmake_force_configure=False, ament_cmake_args=None, catkin_cmake_args=None, catkin_skip_building_tests=False, mixin_files=None, mixin=None, verb_parser=<colcon_mixin.mixin.mixin_argument.MixinArgumentDecorator object at 0xffff832c1970>, verb_extension=<colcon_core.verb.build.BuildVerb object at 0xffff83445d00>, main=<bound method BuildVerb.main of <colcon_core.verb.build.BuildVerb object at 0xffff83445d00>>, mixin_verb=('build',))
[0.262s] Level 1:colcon.colcon_core.package_discovery:discover_packages(colcon_meta) check parameters
[0.263s] Level 1:colcon.colcon_core.package_discovery:discover_packages(recursive) check parameters
[0.263s] Level 1:colcon.colcon_core.package_discovery:discover_packages(ignore) check parameters
[0.263s] Level 1:colcon.colcon_core.package_discovery:discover_packages(path) check parameters
[0.263s] Level 1:colcon.colcon_core.package_discovery:discover_packages(colcon_meta) discover
[0.263s] Level 1:colcon.colcon_core.package_discovery:discover_packages(recursive) discover
[0.263s] INFO:colcon.colcon_core.package_discovery:Crawling recursively for packages in '/home/ubuntu/ros2-rover'
[0.263s] Level 1:colcon.colcon_core.package_identification:_identify(.) by extensions ['ignore', 'ignore_ament_install']
[0.263s] Level 1:colcon.colcon_core.package_identification:_identify(.) by extension 'ignore'
[0.264s] Level 1:colcon.colcon_core.package_identification:_identify(.) by extension 'ignore_ament_install'
[0.264s] Level 1:colcon.colcon_core.package_identification:_identify(.) by extensions ['colcon_pkg']
[0.264s] Level 1:colcon.colcon_core.package_identification:_identify(.) by extension 'colcon_pkg'
[0.264s] Level 1:colcon.colcon_core.package_identification:_identify(.) by extensions ['colcon_meta']
[0.264s] Level 1:colcon.colcon_core.package_identification:_identify(.) by extension 'colcon_meta'
[0.264s] Level 1:colcon.colcon_core.package_identification:_identify(.) by extensions ['ros']
[0.264s] Level 1:colcon.colcon_core.package_identification:_identify(.) by extension 'ros'
[0.311s] Level 1:colcon.colcon_core.package_identification:_identify(.) by extensions ['cmake', 'python']
[0.312s] Level 1:colcon.colcon_core.package_identification:_identify(.) by extension 'cmake'
[0.312s] Level 1:colcon.colcon_core.package_identification:_identify(.) by extension 'python'
[0.312s] Level 1:colcon.colcon_core.package_identification:_identify(.) by extensions ['python_setup_py']
[0.312s] Level 1:colcon.colcon_core.package_identification:_identify(.) by extension 'python_setup_py'
[0.312s] Level 1:colcon.colcon_core.package_identification:_identify(build) by extensions ['ignore', 'ignore_ament_install']
[0.312s] Level 1:colcon.colcon_core.package_identification:_identify(build) by extension 'ignore'
[0.312s] Level 1:colcon.colcon_core.package_identification:_identify(build) ignored
[0.312s] Level 1:colcon.colcon_core.package_identification:_identify(install) by extensions ['ignore', 'ignore_ament_install']
[0.313s] Level 1:colcon.colcon_core.package_identification:_identify(install) by extension 'ignore'
[0.313s] Level 1:colcon.colcon_core.package_identification:_identify(install) ignored
[0.313s] Level 1:colcon.colcon_core.package_identification:_identify(log) by extensions ['ignore', 'ignore_ament_install']
[0.313s] Level 1:colcon.colcon_core.package_identification:_identify(log) by extension 'ignore'
[0.313s] Level 1:colcon.colcon_core.package_identification:_identify(log) ignored
[0.313s] Level 1:colcon.colcon_core.package_identification:_identify(maps) by extensions ['ignore', 'ignore_ament_install']
[0.314s] Level 1:colcon.colcon_core.package_identification:_identify(maps) by extension 'ignore'
[0.314s] Level 1:colcon.colcon_core.package_identification:_identify(maps) by extension 'ignore_ament_install'
[0.314s] Level 1:colcon.colcon_core.package_identification:_identify(maps) by extensions ['colcon_pkg']
[0.314s] Level 1:colcon.colcon_core.package_identification:_identify(maps) by extension 'colcon_pkg'
[0.314s] Level 1:colcon.colcon_core.package_identification:_identify(maps) by extensions ['colcon_meta']
[0.314s] Level 1:colcon.colcon_core.package_identification:_identify(maps) by extension 'colcon_meta'
[0.314s] Level 1:colcon.colcon_core.package_identification:_identify(maps) by extensions ['ros']
[0.314s] Level 1:colcon.colcon_core.package_identification:_identify(maps) by extension 'ros'
[0.314s] Level 1:colcon.colcon_core.package_identification:_identify(maps) by extensions ['cmake', 'python']
[0.314s] Level 1:colcon.colcon_core.package_identification:_identify(maps) by extension 'cmake'
[0.314s] Level 1:colcon.colcon_core.package_identification:_identify(maps) by extension 'python'
[0.314s] Level 1:colcon.colcon_core.package_identification:_identify(maps) by extensions ['python_setup_py']
[0.314s] Level 1:colcon.colcon_core.package_identification:_identify(maps) by extension 'python_setup_py'
[0.314s] Level 1:colcon.colcon_core.package_identification:_identify(maps/autonomous) by extensions ['ignore', 'ignore_ament_install']
[0.314s] Level 1:colcon.colcon_core.package_identification:_identify(maps/autonomous) by extension 'ignore'
[0.314s] Level 1:colcon.colcon_core.package_identification:_identify(maps/autonomous) by extension 'ignore_ament_install'
[0.315s] Level 1:colcon.colcon_core.package_identification:_identify(maps/autonomous) by extensions ['colcon_pkg']
[0.315s] Level 1:colcon.colcon_core.package_identification:_identify(maps/autonomous) by extension 'colcon_pkg'
[0.315s] Level 1:colcon.colcon_core.package_identification:_identify(maps/autonomous) by extensions ['colcon_meta']
[0.315s] Level 1:colcon.colcon_core.package_identification:_identify(maps/autonomous) by extension 'colcon_meta'
[0.315s] Level 1:colcon.colcon_core.package_identification:_identify(maps/autonomous) by extensions ['ros']
[0.315s] Level 1:colcon.colcon_core.package_identification:_identify(maps/autonomous) by extension 'ros'
[0.315s] Level 1:colcon.colcon_core.package_identification:_identify(maps/autonomous) by extensions ['cmake', 'python']
[0.315s] Level 1:colcon.colcon_core.package_identification:_identify(maps/autonomous) by extension 'cmake'
[0.315s] Level 1:colcon.colcon_core.package_identification:_identify(maps/autonomous) by extension 'python'
[0.315s] Level 1:colcon.colcon_core.package_identification:_identify(maps/autonomous) by extensions ['python_setup_py']
[0.315s] Level 1:colcon.colcon_core.package_identification:_identify(maps/autonomous) by extension 'python_setup_py'
[0.315s] Level 1:colcon.colcon_core.package_identification:_identify(src) by extensions ['ignore', 'ignore_ament_install']
[0.315s] Level 1:colcon.colcon_core.package_identification:_identify(src) by extension 'ignore'
[0.315s] Level 1:colcon.colcon_core.package_identification:_identify(src) by extension 'ignore_ament_install'
[0.315s] Level 1:colcon.colcon_core.package_identification:_identify(src) by extensions ['colcon_pkg']
[0.315s] Level 1:colcon.colcon_core.package_identification:_identify(src) by extension 'colcon_pkg'
[0.315s] Level 1:colcon.colcon_core.package_identification:_identify(src) by extensions ['colcon_meta']
[0.316s] Level 1:colcon.colcon_core.package_identification:_identify(src) by extension 'colcon_meta'
[0.316s] Level 1:colcon.colcon_core.package_identification:_identify(src) by extensions ['ros']
[0.316s] Level 1:colcon.colcon_core.package_identification:_identify(src) by extension 'ros'
[0.316s] Level 1:colcon.colcon_core.package_identification:_identify(src) by extensions ['cmake', 'python']
[0.316s] Level 1:colcon.colcon_core.package_identification:_identify(src) by extension 'cmake'
[0.316s] Level 1:colcon.colcon_core.package_identification:_identify(src) by extension 'python'
[0.316s] Level 1:colcon.colcon_core.package_identification:_identify(src) by extensions ['python_setup_py']
[0.316s] Level 1:colcon.colcon_core.package_identification:_identify(src) by extension 'python_setup_py'
[0.316s] Level 1:colcon.colcon_core.package_identification:_identify(src/slam_stress_test) by extensions ['ignore', 'ignore_ament_install']
[0.316s] Level 1:colcon.colcon_core.package_identification:_identify(src/slam_stress_test) by extension 'ignore'
[0.316s] Level 1:colcon.colcon_core.package_identification:_identify(src/slam_stress_test) by extension 'ignore_ament_install'
[0.316s] Level 1:colcon.colcon_core.package_identification:_identify(src/slam_stress_test) by extensions ['colcon_pkg']
[0.316s] Level 1:colcon.colcon_core.package_identification:_identify(src/slam_stress_test) by extension 'colcon_pkg'
[0.316s] Level 1:colcon.colcon_core.package_identification:_identify(src/slam_stress_test) by extensions ['colcon_meta']
[0.316s] Level 1:colcon.colcon_core.package_identification:_identify(src/slam_stress_test) by extension 'colcon_meta'
[0.316s] Level 1:colcon.colcon_core.package_identification:_identify(src/slam_stress_test) by extensions ['ros']
[0.316s] Level 1:colcon.colcon_core.package_identification:_identify(src/slam_stress_test) by extension 'ros'
[0.320s] DEBUG:colcon.colcon_core.package_identification:Package 'src/slam_stress_test' with type 'ros.ament_python' and name 'slam_stress_test'
[0.321s] Level 1:colcon.colcon_core.package_identification:_identify(src/tractor_bringup) by extensions ['ignore', 'ignore_ament_install']
[0.321s] Level 1:colcon.colcon_core.package_identification:_identify(src/tractor_bringup) by extension 'ignore'
[0.321s] Level 1:colcon.colcon_core.package_identification:_identify(src/tractor_bringup) by extension 'ignore_ament_install'
[0.321s] Level 1:colcon.colcon_core.package_identification:_identify(src/tractor_bringup) by extensions ['colcon_pkg']
[0.321s] Level 1:colcon.colcon_core.package_identification:_identify(src/tractor_bringup) by extension 'colcon_pkg'
[0.321s] Level 1:colcon.colcon_core.package_identification:_identify(src/tractor_bringup) by extensions ['colcon_meta']
[0.321s] Level 1:colcon.colcon_core.package_identification:_identify(src/tractor_bringup) by extension 'colcon_meta'
[0.321s] Level 1:colcon.colcon_core.package_identification:_identify(src/tractor_bringup) by extensions ['ros']
[0.321s] Level 1:colcon.colcon_core.package_identification:_identify(src/tractor_bringup) by extension 'ros'
[0.323s] DEBUG:colcon.colcon_core.package_identification:Package 'src/tractor_bringup' with type 'ros.ament_python' and name 'tractor_bringup'
[0.324s] Level 1:colcon.colcon_core.package_identification:_identify(src/tractor_control) by extensions ['ignore', 'ignore_ament_install']
[0.324s] Level 1:colcon.colcon_core.package_identification:_identify(src/tractor_control) by extension 'ignore'
[0.324s] Level 1:colcon.colcon_core.package_identification:_identify(src/tractor_control) by extension 'ignore_ament_install'
[0.324s] Level 1:colcon.colcon_core.package_identification:_identify(src/tractor_control) by extensions ['colcon_pkg']
[0.324s] Level 1:colcon.colcon_core.package_identification:_identify(src/tractor_control) by extension 'colcon_pkg'
[0.324s] Level 1:colcon.colcon_core.package_identification:_identify(src/tractor_control) by extensions ['colcon_meta']
[0.324s] Level 1:colcon.colcon_core.package_identification:_identify(src/tractor_control) by extension 'colcon_meta'
[0.324s] Level 1:colcon.colcon_core.package_identification:_identify(src/tractor_control) by extensions ['ros']
[0.324s] Level 1:colcon.colcon_core.package_identification:_identify(src/tractor_control) by extension 'ros'
[0.325s] DEBUG:colcon.colcon_core.package_identification:Package 'src/tractor_control' with type 'ros.ament_python' and name 'tractor_control'
[0.325s] Level 1:colcon.colcon_core.package_identification:_identify(src/tractor_coverage) by extensions ['ignore', 'ignore_ament_install']
[0.325s] Level 1:colcon.colcon_core.package_identification:_identify(src/tractor_coverage) by extension 'ignore'
[0.326s] Level 1:colcon.colcon_core.package_identification:_identify(src/tractor_coverage) by extension 'ignore_ament_install'
[0.326s] Level 1:colcon.colcon_core.package_identification:_identify(src/tractor_coverage) by extensions ['colcon_pkg']
[0.326s] Level 1:colcon.colcon_core.package_identification:_identify(src/tractor_coverage) by extension 'colcon_pkg'
[0.326s] Level 1:colcon.colcon_core.package_identification:_identify(src/tractor_coverage) by extensions ['colcon_meta']
[0.326s] Level 1:colcon.colcon_core.package_identification:_identify(src/tractor_coverage) by extension 'colcon_meta'
[0.326s] Level 1:colcon.colcon_core.package_identification:_identify(src/tractor_coverage) by extensions ['ros']
[0.326s] Level 1:colcon.colcon_core.package_identification:_identify(src/tractor_coverage) by extension 'ros'
[0.327s] DEBUG:colcon.colcon_core.package_identification:Package 'src/tractor_coverage' with type 'ros.ament_python' and name 'tractor_coverage'
[0.327s] Level 1:colcon.colcon_core.package_identification:_identify(src/tractor_implements) by extensions ['ignore', 'ignore_ament_install']
[0.327s] Level 1:colcon.colcon_core.package_identification:_identify(src/tractor_implements) by extension 'ignore'
[0.327s] Level 1:colcon.colcon_core.package_identification:_identify(src/tractor_implements) by extension 'ignore_ament_install'
[0.327s] Level 1:colcon.colcon_core.package_identification:_identify(src/tractor_implements) by extensions ['colcon_pkg']
[0.327s] Level 1:colcon.colcon_core.package_identification:_identify(src/tractor_implements) by extension 'colcon_pkg'
[0.327s] Level 1:colcon.colcon_core.package_identification:_identify(src/tractor_implements) by extensions ['colcon_meta']
[0.328s] Level 1:colcon.colcon_core.package_identification:_identify(src/tractor_implements) by extension 'colcon_meta'
[0.328s] Level 1:colcon.colcon_core.package_identification:_identify(src/tractor_implements) by extensions ['ros']
[0.328s] Level 1:colcon.colcon_core.package_identification:_identify(src/tractor_implements) by extension 'ros'
[0.329s] DEBUG:colcon.colcon_core.package_identification:Package 'src/tractor_implements' with type 'ros.ament_python' and name 'tractor_implements'
[0.329s] Level 1:colcon.colcon_core.package_identification:_identify(src/tractor_sensors) by extensions ['ignore', 'ignore_ament_install']
[0.329s] Level 1:colcon.colcon_core.package_identification:_identify(src/tractor_sensors) by extension 'ignore'
[0.329s] Level 1:colcon.colcon_core.package_identification:_identify(src/tractor_sensors) by extension 'ignore_ament_install'
[0.329s] Level 1:colcon.colcon_core.package_identification:_identify(src/tractor_sensors) by extensions ['colcon_pkg']
[0.329s] Level 1:colcon.colcon_core.package_identification:_identify(src/tractor_sensors) by extension 'colcon_pkg'
[0.329s] Level 1:colcon.colcon_core.package_identification:_identify(src/tractor_sensors) by extensions ['colcon_meta']
[0.329s] Level 1:colcon.colcon_core.package_identification:_identify(src/tractor_sensors) by extension 'colcon_meta'
[0.329s] Level 1:colcon.colcon_core.package_identification:_identify(src/tractor_sensors) by extensions ['ros']
[0.329s] Level 1:colcon.colcon_core.package_identification:_identify(src/tractor_sensors) by extension 'ros'
[0.330s] DEBUG:colcon.colcon_core.package_identification:Package 'src/tractor_sensors' with type 'ros.ament_python' and name 'tractor_sensors'
[0.331s] Level 1:colcon.colcon_core.package_identification:_identify(src/tractor_vision) by extensions ['ignore', 'ignore_ament_install']
[0.331s] Level 1:colcon.colcon_core.package_identification:_identify(src/tractor_vision) by extension 'ignore'
[0.331s] Level 1:colcon.colcon_core.package_identification:_identify(src/tractor_vision) by extension 'ignore_ament_install'
[0.331s] Level 1:colcon.colcon_core.package_identification:_identify(src/tractor_vision) by extensions ['colcon_pkg']
[0.331s] Level 1:colcon.colcon_core.package_identification:_identify(src/tractor_vision) by extension 'colcon_pkg'
[0.331s] Level 1:colcon.colcon_core.package_identification:_identify(src/tractor_vision) by extensions ['colcon_meta']
[0.331s] Level 1:colcon.colcon_core.package_identification:_identify(src/tractor_vision) by extension 'colcon_meta'
[0.331s] Level 1:colcon.colcon_core.package_identification:_identify(src/tractor_vision) by extensions ['ros']
[0.331s] Level 1:colcon.colcon_core.package_identification:_identify(src/tractor_vision) by extension 'ros'
[0.332s] DEBUG:colcon.colcon_core.package_identification:Package 'src/tractor_vision' with type 'ros.ament_python' and name 'tractor_vision'
[0.332s] Level 1:colcon.colcon_core.package_discovery:discover_packages(recursive) using defaults
[0.333s] Level 1:colcon.colcon_core.package_discovery:discover_packages(ignore) discover
[0.333s] Level 1:colcon.colcon_core.package_discovery:discover_packages(ignore) using defaults
[0.333s] Level 1:colcon.colcon_core.package_discovery:discover_packages(path) discover
[0.333s] Level 1:colcon.colcon_core.package_discovery:discover_packages(path) using defaults
[0.365s] Level 1:colcon.colcon_core.package_discovery:discover_packages(prefix_path) check parameters
[0.366s] Level 1:colcon.colcon_core.package_discovery:discover_packages(prefix_path) discover
[0.369s] DEBUG:colcon.colcon_installed_package_information.package_discovery:Found 7 installed packages in /home/ubuntu/ros2-rover/install
[0.372s] DEBUG:colcon.colcon_installed_package_information.package_discovery:Found 392 installed packages in /opt/ros/jazzy
[0.376s] Level 1:colcon.colcon_core.package_discovery:discover_packages(prefix_path) using defaults
[0.467s] Level 5:colcon.colcon_core.verb:set package 'slam_stress_test' build argument 'cmake_args' from command line to 'None'
[0.467s] Level 5:colcon.colcon_core.verb:set package 'slam_stress_test' build argument 'cmake_target' from command line to 'None'
[0.467s] Level 5:colcon.colcon_core.verb:set package 'slam_stress_test' build argument 'cmake_target_skip_unavailable' from command line to 'False'
[0.467s] Level 5:colcon.colcon_core.verb:set package 'slam_stress_test' build argument 'cmake_clean_cache' from command line to 'False'
[0.467s] Level 5:colcon.colcon_core.verb:set package 'slam_stress_test' build argument 'cmake_clean_first' from command line to 'False'
[0.467s] Level 5:colcon.colcon_core.verb:set package 'slam_stress_test' build argument 'cmake_force_configure' from command line to 'False'
[0.467s] Level 5:colcon.colcon_core.verb:set package 'slam_stress_test' build argument 'ament_cmake_args' from command line to 'None'
[0.467s] Level 5:colcon.colcon_core.verb:set package 'slam_stress_test' build argument 'catkin_cmake_args' from command line to 'None'
[0.467s] Level 5:colcon.colcon_core.verb:set package 'slam_stress_test' build argument 'catkin_skip_building_tests' from command line to 'False'
[0.467s] DEBUG:colcon.colcon_core.verb:Building package 'slam_stress_test' with the following arguments: {'ament_cmake_args': None, 'build_base': '/home/ubuntu/ros2-rover/build/slam_stress_test', 'catkin_cmake_args': None, 'catkin_skip_building_tests': False, 'cmake_args': None, 'cmake_clean_cache': False, 'cmake_clean_first': False, 'cmake_force_configure': False, 'cmake_target': None, 'cmake_target_skip_unavailable': False, 'install_base': '/home/ubuntu/ros2-rover/install/slam_stress_test', 'merge_install': False, 'path': '/home/ubuntu/ros2-rover/src/slam_stress_test', 'symlink_install': True, 'test_result_base': None}
[0.468s] Level 5:colcon.colcon_core.verb:set package 'tractor_bringup' build argument 'cmake_args' from command line to 'None'
[0.468s] Level 5:colcon.colcon_core.verb:set package 'tractor_bringup' build argument 'cmake_target' from command line to 'None'
[0.468s] Level 5:colcon.colcon_core.verb:set package 'tractor_bringup' build argument 'cmake_target_skip_unavailable' from command line to 'False'
[0.468s] Level 5:colcon.colcon_core.verb:set package 'tractor_bringup' build argument 'cmake_clean_cache' from command line to 'False'
[0.468s] Level 5:colcon.colcon_core.verb:set package 'tractor_bringup' build argument 'cmake_clean_first' from command line to 'False'
[0.468s] Level 5:colcon.colcon_core.verb:set package 'tractor_bringup' build argument 'cmake_force_configure' from command line to 'False'
[0.468s] Level 5:colcon.colcon_core.verb:set package 'tractor_bringup' build argument 'ament_cmake_args' from command line to 'None'
[0.468s] Level 5:colcon.colcon_core.verb:set package 'tractor_bringup' build argument 'catkin_cmake_args' from command line to 'None'
[0.468s] Level 5:colcon.colcon_core.verb:set package 'tractor_bringup' build argument 'catkin_skip_building_tests' from command line to 'False'
[0.468s] DEBUG:colcon.colcon_core.verb:Building package 'tractor_bringup' with the following arguments: {'ament_cmake_args': None, 'build_base': '/home/ubuntu/ros2-rover/build/tractor_bringup', 'catkin_cmake_args': None, 'catkin_skip_building_tests': False, 'cmake_args': None, 'cmake_clean_cache': False, 'cmake_clean_first': False, 'cmake_force_configure': False, 'cmake_target': None, 'cmake_target_skip_unavailable': False, 'install_base': '/home/ubuntu/ros2-rover/install/tractor_bringup', 'merge_install': False, 'path': '/home/ubuntu/ros2-rover/src/tractor_bringup', 'symlink_install': True, 'test_result_base': None}
[0.469s] Level 5:colcon.colcon_core.verb:set package 'tractor_control' build argument 'cmake_args' from command line to 'None'
[0.469s] Level 5:colcon.colcon_core.verb:set package 'tractor_control' build argument 'cmake_target' from command line to 'None'
[0.469s] Level 5:colcon.colcon_core.verb:set package 'tractor_control' build argument 'cmake_target_skip_unavailable' from command line to 'False'
[0.469s] Level 5:colcon.colcon_core.verb:set package 'tractor_control' build argument 'cmake_clean_cache' from command line to 'False'
[0.469s] Level 5:colcon.colcon_core.verb:set package 'tractor_control' build argument 'cmake_clean_first' from command line to 'False'
[0.469s] Level 5:colcon.colcon_core.verb:set package 'tractor_control' build argument 'cmake_force_configure' from command line to 'False'
[0.469s] Level 5:colcon.colcon_core.verb:set package 'tractor_control' build argument 'ament_cmake_args' from command line to 'None'
[0.469s] Level 5:colcon.colcon_core.verb:set package 'tractor_control' build argument 'catkin_cmake_args' from command line to 'None'
[0.469s] Level 5:colcon.colcon_core.verb:set package 'tractor_control' build argument 'catkin_skip_building_tests' from command line to 'False'
[0.469s] DEBUG:colcon.colcon_core.verb:Building package 'tractor_control' with the following arguments: {'ament_cmake_args': None, 'build_base': '/home/ubuntu/ros2-rover/build/tractor_control', 'catkin_cmake_args': None, 'catkin_skip_building_tests': False, 'cmake_args': None, 'cmake_clean_cache': False, 'cmake_clean_first': False, 'cmake_force_configure': False, 'cmake_target': None, 'cmake_target_skip_unavailable': False, 'install_base': '/home/ubuntu/ros2-rover/install/tractor_control', 'merge_install': False, 'path': '/home/ubuntu/ros2-rover/src/tractor_control', 'symlink_install': True, 'test_result_base': None}
[0.470s] Level 5:colcon.colcon_core.verb:set package 'tractor_coverage' build argument 'cmake_args' from command line to 'None'
[0.470s] Level 5:colcon.colcon_core.verb:set package 'tractor_coverage' build argument 'cmake_target' from command line to 'None'
[0.470s] Level 5:colcon.colcon_core.verb:set package 'tractor_coverage' build argument 'cmake_target_skip_unavailable' from command line to 'False'
[0.470s] Level 5:colcon.colcon_core.verb:set package 'tractor_coverage' build argument 'cmake_clean_cache' from command line to 'False'
[0.470s] Level 5:colcon.colcon_core.verb:set package 'tractor_coverage' build argument 'cmake_clean_first' from command line to 'False'
[0.470s] Level 5:colcon.colcon_core.verb:set package 'tractor_coverage' build argument 'cmake_force_configure' from command line to 'False'
[0.470s] Level 5:colcon.colcon_core.verb:set package 'tractor_coverage' build argument 'ament_cmake_args' from command line to 'None'
[0.470s] Level 5:colcon.colcon_core.verb:set package 'tractor_coverage' build argument 'catkin_cmake_args' from command line to 'None'
[0.470s] Level 5:colcon.colcon_core.verb:set package 'tractor_coverage' build argument 'catkin_skip_building_tests' from command line to 'False'
[0.470s] DEBUG:colcon.colcon_core.verb:Building package 'tractor_coverage' with the following arguments: {'ament_cmake_args': None, 'build_base': '/home/ubuntu/ros2-rover/build/tractor_coverage', 'catkin_cmake_args': None, 'catkin_skip_building_tests': False, 'cmake_args': None, 'cmake_clean_cache': False, 'cmake_clean_first': False, 'cmake_force_configure': False, 'cmake_target': None, 'cmake_target_skip_unavailable': False, 'install_base': '/home/ubuntu/ros2-rover/install/tractor_coverage', 'merge_install': False, 'path': '/home/ubuntu/ros2-rover/src/tractor_coverage', 'symlink_install': True, 'test_result_base': None}
[0.470s] Level 5:colcon.colcon_core.verb:set package 'tractor_implements' build argument 'cmake_args' from command line to 'None'
[0.470s] Level 5:colcon.colcon_core.verb:set package 'tractor_implements' build argument 'cmake_target' from command line to 'None'
[0.470s] Level 5:colcon.colcon_core.verb:set package 'tractor_implements' build argument 'cmake_target_skip_unavailable' from command line to 'False'
[0.470s] Level 5:colcon.colcon_core.verb:set package 'tractor_implements' build argument 'cmake_clean_cache' from command line to 'False'
[0.470s] Level 5:colcon.colcon_core.verb:set package 'tractor_implements' build argument 'cmake_clean_first' from command line to 'False'
[0.470s] Level 5:colcon.colcon_core.verb:set package 'tractor_implements' build argument 'cmake_force_configure' from command line to 'False'
[0.470s] Level 5:colcon.colcon_core.verb:set package 'tractor_implements' build argument 'ament_cmake_args' from command line to 'None'
[0.470s] Level 5:colcon.colcon_core.verb:set package 'tractor_implements' build argument 'catkin_cmake_args' from command line to 'None'
[0.471s] Level 5:colcon.colcon_core.verb:set package 'tractor_implements' build argument 'catkin_skip_building_tests' from command line to 'False'
[0.471s] DEBUG:colcon.colcon_core.verb:Building package 'tractor_implements' with the following arguments: {'ament_cmake_args': None, 'build_base': '/home/ubuntu/ros2-rover/build/tractor_implements', 'catkin_cmake_args': None, 'catkin_skip_building_tests': False, 'cmake_args': None, 'cmake_clean_cache': False, 'cmake_clean_first': False, 'cmake_force_configure': False, 'cmake_target': None, 'cmake_target_skip_unavailable': False, 'install_base': '/home/ubuntu/ros2-rover/install/tractor_implements', 'merge_install': False, 'path': '/home/ubuntu/ros2-rover/src/tractor_implements', 'symlink_install': True, 'test_result_base': None}
[0.471s] Level 5:colcon.colcon_core.verb:set package 'tractor_sensors' build argument 'cmake_args' from command line to 'None'
[0.471s] Level 5:colcon.colcon_core.verb:set package 'tractor_sensors' build argument 'cmake_target' from command line to 'None'
[0.471s] Level 5:colcon.colcon_core.verb:set package 'tractor_sensors' build argument 'cmake_target_skip_unavailable' from command line to 'False'
[0.471s] Level 5:colcon.colcon_core.verb:set package 'tractor_sensors' build argument 'cmake_clean_cache' from command line to 'False'
[0.471s] Level 5:colcon.colcon_core.verb:set package 'tractor_sensors' build argument 'cmake_clean_first' from command line to 'False'
[0.471s] Level 5:colcon.colcon_core.verb:set package 'tractor_sensors' build argument 'cmake_force_configure' from command line to 'False'
[0.471s] Level 5:colcon.colcon_core.verb:set package 'tractor_sensors' build argument 'ament_cmake_args' from command line to 'None'
[0.471s] Level 5:colcon.colcon_core.verb:set package 'tractor_sensors' build argument 'catkin_cmake_args' from command line to 'None'
[0.471s] Level 5:colcon.colcon_core.verb:set package 'tractor_sensors' build argument 'catkin_skip_building_tests' from command line to 'False'
[0.471s] DEBUG:colcon.colcon_core.verb:Building package 'tractor_sensors' with the following arguments: {'ament_cmake_args': None, 'build_base': '/home/ubuntu/ros2-rover/build/tractor_sensors', 'catkin_cmake_args': None, 'catkin_skip_building_tests': False, 'cmake_args': None, 'cmake_clean_cache': False, 'cmake_clean_first': False, 'cmake_force_configure': False, 'cmake_target': None, 'cmake_target_skip_unavailable': False, 'install_base': '/home/ubuntu/ros2-rover/install/tractor_sensors', 'merge_install': False, 'path': '/home/ubuntu/ros2-rover/src/tractor_sensors', 'symlink_install': True, 'test_result_base': None}
[0.471s] Level 5:colcon.colcon_core.verb:set package 'tractor_vision' build argument 'cmake_args' from command line to 'None'
[0.472s] Level 5:colcon.colcon_core.verb:set package 'tractor_vision' build argument 'cmake_target' from command line to 'None'
[0.472s] Level 5:colcon.colcon_core.verb:set package 'tractor_vision' build argument 'cmake_target_skip_unavailable' from command line to 'False'
[0.472s] Level 5:colcon.colcon_core.verb:set package 'tractor_vision' build argument 'cmake_clean_cache' from command line to 'False'
[0.472s] Level 5:colcon.colcon_core.verb:set package 'tractor_vision' build argument 'cmake_clean_first' from command line to 'False'
[0.472s] Level 5:colcon.colcon_core.verb:set package 'tractor_vision' build argument 'cmake_force_configure' from command line to 'False'
[0.472s] Level 5:colcon.colcon_core.verb:set package 'tractor_vision' build argument 'ament_cmake_args' from command line to 'None'
[0.472s] Level 5:colcon.colcon_core.verb:set package 'tractor_vision' build argument 'catkin_cmake_args' from command line to 'None'
[0.472s] Level 5:colcon.colcon_core.verb:set package 'tractor_vision' build argument 'catkin_skip_building_tests' from command line to 'False'
[0.472s] DEBUG:colcon.colcon_core.verb:Building package 'tractor_vision' with the following arguments: {'ament_cmake_args': None, 'build_base': '/home/ubuntu/ros2-rover/build/tractor_vision', 'catkin_cmake_args': None, 'catkin_skip_building_tests': False, 'cmake_args': None, 'cmake_clean_cache': False, 'cmake_clean_first': False, 'cmake_force_configure': False, 'cmake_target': None, 'cmake_target_skip_unavailable': False, 'install_base': '/home/ubuntu/ros2-rover/install/tractor_vision', 'merge_install': False, 'path': '/home/ubuntu/ros2-rover/src/tractor_vision', 'symlink_install': True, 'test_result_base': None}
[0.472s] INFO:colcon.colcon_core.executor:Executing jobs using 'parallel' executor
[0.474s] DEBUG:colcon.colcon_parallel_executor.executor.parallel:run_until_complete
[0.476s] INFO:colcon.colcon_ros.task.ament_python.build:Building ROS package in '/home/ubuntu/ros2-rover/src/slam_stress_test' with build type 'ament_python'
[0.476s] Level 1:colcon.colcon_core.shell:create_environment_hook('slam_stress_test', 'ament_prefix_path')
[0.480s] INFO:colcon.colcon_core.plugin_system:Skipping extension 'colcon_core.shell.bat': Not used on non-Windows systems
[0.480s] INFO:colcon.colcon_core.shell:Creating environment hook '/home/ubuntu/ros2-rover/install/slam_stress_test/share/slam_stress_test/hook/ament_prefix_path.ps1'
[0.481s] INFO:colcon.colcon_core.shell:Creating environment descriptor '/home/ubuntu/ros2-rover/install/slam_stress_test/share/slam_stress_test/hook/ament_prefix_path.dsv'
[0.482s] INFO:colcon.colcon_core.shell:Creating environment hook '/home/ubuntu/ros2-rover/install/slam_stress_test/share/slam_stress_test/hook/ament_prefix_path.sh'
[0.483s] INFO:colcon.colcon_core.shell:Skip shell extension 'powershell' for command environment: Not usable outside of PowerShell
[0.483s] DEBUG:colcon.colcon_core.shell:Skip shell extension 'dsv' for command environment
[0.489s] INFO:colcon.colcon_ros.task.ament_python.build:Building ROS package in '/home/ubuntu/ros2-rover/src/tractor_bringup' with build type 'ament_python'
[0.489s] Level 1:colcon.colcon_core.shell:create_environment_hook('tractor_bringup', 'ament_prefix_path')
[0.490s] INFO:colcon.colcon_core.shell:Creating environment hook '/home/ubuntu/ros2-rover/install/tractor_bringup/share/tractor_bringup/hook/ament_prefix_path.ps1'
[0.491s] INFO:colcon.colcon_core.shell:Creating environment descriptor '/home/ubuntu/ros2-rover/install/tractor_bringup/share/tractor_bringup/hook/ament_prefix_path.dsv'
[0.491s] INFO:colcon.colcon_core.shell:Creating environment hook '/home/ubuntu/ros2-rover/install/tractor_bringup/share/tractor_bringup/hook/ament_prefix_path.sh'
[0.492s] INFO:colcon.colcon_core.shell:Skip shell extension 'powershell' for command environment: Not usable outside of PowerShell
[0.492s] DEBUG:colcon.colcon_core.shell:Skip shell extension 'dsv' for command environment
[0.498s] INFO:colcon.colcon_ros.task.ament_python.build:Building ROS package in '/home/ubuntu/ros2-rover/src/tractor_control' with build type 'ament_python'
[0.498s] Level 1:colcon.colcon_core.shell:create_environment_hook('tractor_control', 'ament_prefix_path')
[0.498s] INFO:colcon.colcon_core.shell:Creating environment hook '/home/ubuntu/ros2-rover/install/tractor_control/share/tractor_control/hook/ament_prefix_path.ps1'
[0.499s] INFO:colcon.colcon_core.shell:Creating environment descriptor '/home/ubuntu/ros2-rover/install/tractor_control/share/tractor_control/hook/ament_prefix_path.dsv'
[0.500s] INFO:colcon.colcon_core.shell:Creating environment hook '/home/ubuntu/ros2-rover/install/tractor_control/share/tractor_control/hook/ament_prefix_path.sh'
[0.501s] INFO:colcon.colcon_core.shell:Skip shell extension 'powershell' for command environment: Not usable outside of PowerShell
[0.501s] DEBUG:colcon.colcon_core.shell:Skip shell extension 'dsv' for command environment
[0.506s] INFO:colcon.colcon_ros.task.ament_python.build:Building ROS package in '/home/ubuntu/ros2-rover/src/tractor_coverage' with build type 'ament_python'
[0.507s] Level 1:colcon.colcon_core.shell:create_environment_hook('tractor_coverage', 'ament_prefix_path')
[0.507s] INFO:colcon.colcon_core.shell:Creating environment hook '/home/ubuntu/ros2-rover/install/tractor_coverage/share/tractor_coverage/hook/ament_prefix_path.ps1'
[0.508s] INFO:colcon.colcon_core.shell:Creating environment descriptor '/home/ubuntu/ros2-rover/install/tractor_coverage/share/tractor_coverage/hook/ament_prefix_path.dsv'
[0.508s] INFO:colcon.colcon_core.shell:Creating environment hook '/home/ubuntu/ros2-rover/install/tractor_coverage/share/tractor_coverage/hook/ament_prefix_path.sh'
[0.509s] INFO:colcon.colcon_core.shell:Skip shell extension 'powershell' for command environment: Not usable outside of PowerShell
[0.509s] DEBUG:colcon.colcon_core.shell:Skip shell extension 'dsv' for command environment
[0.515s] INFO:colcon.colcon_ros.task.ament_python.build:Building ROS package in '/home/ubuntu/ros2-rover/src/tractor_implements' with build type 'ament_python'
[0.515s] Level 1:colcon.colcon_core.shell:create_environment_hook('tractor_implements', 'ament_prefix_path')
[0.515s] INFO:colcon.colcon_core.shell:Creating environment hook '/home/ubuntu/ros2-rover/install/tractor_implements/share/tractor_implements/hook/ament_prefix_path.ps1'
[0.516s] INFO:colcon.colcon_core.shell:Creating environment descriptor '/home/ubuntu/ros2-rover/install/tractor_implements/share/tractor_implements/hook/ament_prefix_path.dsv'
[0.517s] INFO:colcon.colcon_core.shell:Creating environment hook '/home/ubuntu/ros2-rover/install/tractor_implements/share/tractor_implements/hook/ament_prefix_path.sh'
[0.518s] INFO:colcon.colcon_core.shell:Skip shell extension 'powershell' for command environment: Not usable outside of PowerShell
[0.518s] DEBUG:colcon.colcon_core.shell:Skip shell extension 'dsv' for command environment
[0.524s] INFO:colcon.colcon_ros.task.ament_python.build:Building ROS package in '/home/ubuntu/ros2-rover/src/tractor_sensors' with build type 'ament_python'
[0.524s] Level 1:colcon.colcon_core.shell:create_environment_hook('tractor_sensors', 'ament_prefix_path')
[0.524s] INFO:colcon.colcon_core.shell:Creating environment hook '/home/ubuntu/ros2-rover/install/tractor_sensors/share/tractor_sensors/hook/ament_prefix_path.ps1'
[0.525s] INFO:colcon.colcon_core.shell:Creating environment descriptor '/home/ubuntu/ros2-rover/install/tractor_sensors/share/tractor_sensors/hook/ament_prefix_path.dsv'
[0.526s] INFO:colcon.colcon_core.shell:Creating environment hook '/home/ubuntu/ros2-rover/install/tractor_sensors/share/tractor_sensors/hook/ament_prefix_path.sh'
[0.527s] INFO:colcon.colcon_core.shell:Skip shell extension 'powershell' for command environment: Not usable outside of PowerShell
[0.527s] DEBUG:colcon.colcon_core.shell:Skip shell extension 'dsv' for command environment
[0.532s] INFO:colcon.colcon_ros.task.ament_python.build:Building ROS package in '/home/ubuntu/ros2-rover/src/tractor_vision' with build type 'ament_python'
[0.533s] Level 1:colcon.colcon_core.shell:create_environment_hook('tractor_vision', 'ament_prefix_path')
[0.533s] INFO:colcon.colcon_core.shell:Creating environment hook '/home/ubuntu/ros2-rover/install/tractor_vision/share/tractor_vision/hook/ament_prefix_path.ps1'
[0.534s] INFO:colcon.colcon_core.shell:Creating environment descriptor '/home/ubuntu/ros2-rover/install/tractor_vision/share/tractor_vision/hook/ament_prefix_path.dsv'
[0.535s] INFO:colcon.colcon_core.shell:Creating environment hook '/home/ubuntu/ros2-rover/install/tractor_vision/share/tractor_vision/hook/ament_prefix_path.sh'
[0.535s] INFO:colcon.colcon_core.shell:Skip shell extension 'powershell' for command environment: Not usable outside of PowerShell
[0.535s] DEBUG:colcon.colcon_core.shell:Skip shell extension 'dsv' for command environment
[0.967s] INFO:colcon.colcon_core.task.python.build:Building Python package in '/home/ubuntu/ros2-rover/src/slam_stress_test'
[0.968s] INFO:colcon.colcon_core.shell:Skip shell extension 'powershell' for command environment: Not usable outside of PowerShell
[0.968s] DEBUG:colcon.colcon_core.shell:Skip shell extension 'dsv' for command environment
[1.426s] INFO:colcon.colcon_core.task.python.build:Building Python package in '/home/ubuntu/ros2-rover/src/tractor_bringup'
[1.426s] INFO:colcon.colcon_core.shell:Skip shell extension 'powershell' for command environment: Not usable outside of PowerShell
[1.427s] DEBUG:colcon.colcon_core.shell:Skip shell extension 'dsv' for command environment
[1.859s] INFO:colcon.colcon_core.task.python.build:Building Python package in '/home/ubuntu/ros2-rover/src/tractor_control'
[1.860s] INFO:colcon.colcon_core.shell:Skip shell extension 'powershell' for command environment: Not usable outside of PowerShell
[1.860s] DEBUG:colcon.colcon_core.shell:Skip shell extension 'dsv' for command environment
[2.296s] INFO:colcon.colcon_core.task.python.build:Building Python package in '/home/ubuntu/ros2-rover/src/tractor_coverage'
[2.296s] INFO:colcon.colcon_core.shell:Skip shell extension 'powershell' for command environment: Not usable outside of PowerShell
[2.297s] DEBUG:colcon.colcon_core.shell:Skip shell extension 'dsv' for command environment
[2.719s] INFO:colcon.colcon_core.task.python.build:Building Python package in '/home/ubuntu/ros2-rover/src/tractor_implements'
[2.720s] INFO:colcon.colcon_core.shell:Skip shell extension 'powershell' for command environment: Not usable outside of PowerShell
[2.720s] DEBUG:colcon.colcon_core.shell:Skip shell extension 'dsv' for command environment
[3.149s] INFO:colcon.colcon_core.task.python.build:Building Python package in '/home/ubuntu/ros2-rover/src/tractor_sensors'
[3.149s] INFO:colcon.colcon_core.shell:Skip shell extension 'powershell' for command environment: Not usable outside of PowerShell
[3.150s] DEBUG:colcon.colcon_core.shell:Skip shell extension 'dsv' for command environment
[3.575s] INFO:colcon.colcon_core.task.python.build:Building Python package in '/home/ubuntu/ros2-rover/src/tractor_vision'
[3.576s] INFO:colcon.colcon_core.shell:Skip shell extension 'powershell' for command environment: Not usable outside of PowerShell
[3.576s] DEBUG:colcon.colcon_core.shell:Skip shell extension 'dsv' for command environment
[4.639s] DEBUG:colcon.colcon_core.task.python.build:While undoing a previous installation files outside the Python library path are being ignored: /home/ubuntu/ros2-rover/install/tractor_bringup/share/ament_index/resource_index/packages/tractor_bringup
[4.639s] DEBUG:colcon.colcon_core.task.python.build:While undoing a previous installation files outside the Python library path are being ignored: /home/ubuntu/ros2-rover/install/tractor_bringup/share/tractor_bringup/package.xml
[4.639s] DEBUG:colcon.colcon_core.task.python.build:While undoing a previous installation files outside the Python library path are being ignored: /home/ubuntu/ros2-rover/install/tractor_bringup/share/tractor_bringup/launch/control.launch.py
[4.639s] DEBUG:colcon.colcon_core.task.python.build:While undoing a previous installation files outside the Python library path are being ignored: /home/ubuntu/ros2-rover/install/tractor_bringup/share/tractor_bringup/launch/tractor_gazebo.launch.py
[4.640s] DEBUG:colcon.colcon_core.task.python.build:While undoing a previous installation files outside the Python library path are being ignored: /home/ubuntu/ros2-rover/install/tractor_bringup/share/tractor_bringup/launch/slam_mapping.launch.py
[4.640s] DEBUG:colcon.colcon_core.task.python.build:While undoing a previous installation files outside the Python library path are being ignored: /home/ubuntu/ros2-rover/install/tractor_bringup/share/tractor_bringup/launch/autonomous_mapping_simplified.launch.py
[4.640s] DEBUG:colcon.colcon_core.task.python.build:While undoing a previous installation files outside the Python library path are being ignored: /home/ubuntu/ros2-rover/install/tractor_bringup/share/tractor_bringup/launch/control_no_gps.launch.py
[4.640s] DEBUG:colcon.colcon_core.task.python.build:While undoing a previous installation files outside the Python library path are being ignored: /home/ubuntu/ros2-rover/install/tractor_bringup/share/tractor_bringup/launch/nav2_simple_test.launch.py
[4.640s] DEBUG:colcon.colcon_core.task.python.build:While undoing a previous installation files outside the Python library path are being ignored: /home/ubuntu/ros2-rover/install/tractor_bringup/share/tractor_bringup/launch/nav_no_gps_test.launch.py
[4.640s] DEBUG:colcon.colcon_core.task.python.build:While undoing a previous installation files outside the Python library path are being ignored: /home/ubuntu/ros2-rover/install/tractor_bringup/share/tractor_bringup/launch/control_with_feedback.launch.py
[4.640s] DEBUG:colcon.colcon_core.task.python.build:While undoing a previous installation files outside the Python library path are being ignored: /home/ubuntu/ros2-rover/install/tractor_bringup/share/tractor_bringup/launch/robot_localization.launch.py
[4.641s] DEBUG:colcon.colcon_core.task.python.build:While undoing a previous installation files outside the Python library path are being ignored: /home/ubuntu/ros2-rover/install/tractor_bringup/share/tractor_bringup/launch/nav2_pointcloud_test.launch.py
[4.641s] DEBUG:colcon.colcon_core.task.python.build:While undoing a previous installation files outside the Python library path are being ignored: /home/ubuntu/ros2-rover/install/tractor_bringup/share/tractor_bringup/launch/implements.launch.py
[4.641s] DEBUG:colcon.colcon_core.task.python.build:While undoing a previous installation files outside the Python library path are being ignored: /home/ubuntu/ros2-rover/install/tractor_bringup/share/tractor_bringup/launch/basic_nav_test.launch.py
[4.641s] DEBUG:colcon.colcon_core.task.python.build:While undoing a previous installation files outside the Python library path are being ignored: /home/ubuntu/ros2-rover/install/tractor_bringup/share/tractor_bringup/launch/tractor_bringup.launch.py
[4.641s] DEBUG:colcon.colcon_core.task.python.build:While undoing a previous installation files outside the Python library path are being ignored: /home/ubuntu/ros2-rover/install/tractor_bringup/share/tractor_bringup/launch/robot_description.launch.py
[4.641s] DEBUG:colcon.colcon_core.task.python.build:While undoing a previous installation files outside the Python library path are being ignored: /home/ubuntu/ros2-rover/install/tractor_bringup/share/tractor_bringup/launch/autonomous_mapping_minimal.launch.py
[4.641s] DEBUG:colcon.colcon_core.task.python.build:While undoing a previous installation files outside the Python library path are being ignored: /home/ubuntu/ros2-rover/install/tractor_bringup/share/tractor_bringup/launch/xbox_teleop_with_feedback.launch.py
[4.642s] DEBUG:colcon.colcon_core.task.python.build:While undoing a previous installation files outside the Python library path are being ignored: /home/ubuntu/ros2-rover/install/tractor_bringup/share/tractor_bringup/launch/nav_working_test.launch.py
[4.642s] DEBUG:colcon.colcon_core.task.python.build:While undoing a previous installation files outside the Python library path are being ignored: /home/ubuntu/ros2-rover/install/tractor_bringup/share/tractor_bringup/launch/tractor_sim.launch.py
[4.642s] DEBUG:colcon.colcon_core.task.python.build:While undoing a previous installation files outside the Python library path are being ignored: /home/ubuntu/ros2-rover/install/tractor_bringup/share/tractor_bringup/launch/autonomous_mapping.launch.py
[4.642s] DEBUG:colcon.colcon_core.task.python.build:While undoing a previous installation files outside the Python library path are being ignored: /home/ubuntu/ros2-rover/install/tractor_bringup/share/tractor_bringup/launch/hiwonder_control.launch.py
[4.642s] DEBUG:colcon.colcon_core.task.python.build:While undoing a previous installation files outside the Python library path are being ignored: /home/ubuntu/ros2-rover/install/tractor_bringup/share/tractor_bringup/launch/autonomous_mapping_no_gps.launch.py
[4.642s] DEBUG:colcon.colcon_core.task.python.build:While undoing a previous installation files outside the Python library path are being ignored: /home/ubuntu/ros2-rover/install/tractor_bringup/share/tractor_bringup/launch/navigation.launch.py
[4.642s] DEBUG:colcon.colcon_core.task.python.build:While undoing a previous installation files outside the Python library path are being ignored: /home/ubuntu/ros2-rover/install/tractor_bringup/share/tractor_bringup/launch/sensors.launch.py
[4.642s] DEBUG:colcon.colcon_core.task.python.build:While undoing a previous installation files outside the Python library path are being ignored: /home/ubuntu/ros2-rover/install/tractor_bringup/share/tractor_bringup/urdf/tractor.urdf.xacro
[4.643s] DEBUG:colcon.colcon_core.task.python.build:While undoing a previous installation files outside the Python library path are being ignored: /home/ubuntu/ros2-rover/install/tractor_bringup/share/tractor_bringup/config/minimal_costmap_params.yaml
[4.643s] DEBUG:colcon.colcon_core.task.python.build:While undoing a previous installation files outside the Python library path are being ignored: /home/ubuntu/ros2-rover/install/tractor_bringup/share/tractor_bringup/config/realsense_config.yaml
[4.643s] DEBUG:colcon.colcon_core.task.python.build:While undoing a previous installation files outside the Python library path are being ignored: /home/ubuntu/ros2-rover/install/tractor_bringup/share/tractor_bringup/config/nav2_params.yaml
[4.643s] DEBUG:colcon.colcon_core.task.python.build:While undoing a previous installation files outside the Python library path are being ignored: /home/ubuntu/ros2-rover/install/tractor_bringup/share/tractor_bringup/config/slam_toolbox_params.yaml
[4.643s] DEBUG:colcon.colcon_core.task.python.build:While undoing a previous installation files outside the Python library path are being ignored: /home/ubuntu/ros2-rover/install/tractor_bringup/share/tractor_bringup/config/minimal_ekf_params.yaml
[4.643s] DEBUG:colcon.colcon_core.task.python.build:While undoing a previous installation files outside the Python library path are being ignored: /home/ubuntu/ros2-rover/install/tractor_bringup/share/tractor_bringup/config/direct_costmap_params.yaml
[4.643s] DEBUG:colcon.colcon_core.task.python.build:While undoing a previous installation files outside the Python library path are being ignored: /home/ubuntu/ros2-rover/install/tractor_bringup/share/tractor_bringup/config/robot_localization.yaml
[4.644s] DEBUG:colcon.colcon_core.task.python.build:While undoing a previous installation files outside the Python library path are being ignored: /home/ubuntu/ros2-rover/install/tractor_bringup/share/tractor_bringup/config/hiwonder_motor_params.yaml
[4.644s] DEBUG:colcon.colcon_core.task.python.build:While undoing a previous installation files outside the Python library path are being ignored: /home/ubuntu/ros2-rover/install/tractor_bringup/share/tractor_bringup/maps/yard_map.yaml
[4.644s] DEBUG:colcon.colcon_core.task.python.build:While undoing a previous installation files outside the Python library path are being ignored: /home/ubuntu/ros2-rover/install/tractor_bringup/share/tractor_bringup/maps/yard_map.pgm
[4.645s] DEBUG:colcon.colcon_core.task.python.build:While undoing a previous installation files outside the Python library path are being ignored: /home/ubuntu/ros2-rover/install/tractor_bringup/lib/tractor_bringup/autonomous_mapping.py
[4.645s] DEBUG:colcon.colcon_core.task.python.build:While undoing a previous installation files outside the Python library path are being ignored: /home/ubuntu/ros2-rover/install/tractor_bringup/lib/tractor_bringup/safety_monitor.py
[4.660s] DEBUG:colcon.colcon_core.event_handler.log_command:Invoking command in '/home/ubuntu/ros2-rover/build/tractor_bringup': PYTHONPATH=/home/ubuntu/ros2-rover/build/tractor_bringup/prefix_override:/usr/lib/python3/dist-packages/colcon_core/task/python/colcon_distutils_commands:/home/ubuntu/ros2-rover/install/tractor_bringup/lib/python3.12/site-packages:${PYTHONPATH} /usr/bin/python3 -W ignore:setup.py install is deprecated -W ignore:easy_install command is deprecated setup.py develop --editable --build-directory /home/ubuntu/ros2-rover/build/tractor_bringup/build --no-deps symlink_data --force
[4.671s] DEBUG:colcon.colcon_core.event_handler.log_command:Invoking command in '/home/ubuntu/ros2-rover/build/tractor_coverage': PYTHONPATH=/home/ubuntu/ros2-rover/build/tractor_coverage/prefix_override:/usr/lib/python3/dist-packages/colcon_core/task/python/colcon_distutils_commands:/home/ubuntu/ros2-rover/install/tractor_coverage/lib/python3.12/site-packages:${PYTHONPATH} /usr/bin/python3 -W ignore:setup.py install is deprecated -W ignore:easy_install command is deprecated setup.py develop --editable --build-directory /home/ubuntu/ros2-rover/build/tractor_coverage/build --no-deps symlink_data
[4.675s] DEBUG:colcon.colcon_core.event_handler.log_command:Invoking command in '/home/ubuntu/ros2-rover/build/slam_stress_test': PYTHONPATH=/home/ubuntu/ros2-rover/build/slam_stress_test/prefix_override:/usr/lib/python3/dist-packages/colcon_core/task/python/colcon_distutils_commands:/home/ubuntu/ros2-rover/install/slam_stress_test/lib/python3.12/site-packages:${PYTHONPATH} /usr/bin/python3 -W ignore:setup.py install is deprecated -W ignore:easy_install command is deprecated setup.py develop --editable --build-directory /home/ubuntu/ros2-rover/build/slam_stress_test/build --no-deps symlink_data
[4.681s] DEBUG:colcon.colcon_core.event_handler.log_command:Invoking command in '/home/ubuntu/ros2-rover/build/tractor_control': PYTHONPATH=/home/ubuntu/ros2-rover/build/tractor_control/prefix_override:/usr/lib/python3/dist-packages/colcon_core/task/python/colcon_distutils_commands:/home/ubuntu/ros2-rover/install/tractor_control/lib/python3.12/site-packages:${PYTHONPATH} /usr/bin/python3 -W ignore:setup.py install is deprecated -W ignore:easy_install command is deprecated setup.py develop --editable --build-directory /home/ubuntu/ros2-rover/build/tractor_control/build --no-deps symlink_data
[5.351s] DEBUG:colcon.colcon_core.event_handler.log_command:Invoking command in '/home/ubuntu/ros2-rover/build/tractor_sensors': PYTHONPATH=/home/ubuntu/ros2-rover/build/tractor_sensors/prefix_override:/usr/lib/python3/dist-packages/colcon_core/task/python/colcon_distutils_commands:/home/ubuntu/ros2-rover/install/tractor_sensors/lib/python3.12/site-packages:${PYTHONPATH} /usr/bin/python3 -W ignore:setup.py install is deprecated -W ignore:easy_install command is deprecated setup.py develop --editable --build-directory /home/ubuntu/ros2-rover/build/tractor_sensors/build --no-deps symlink_data
[5.359s] DEBUG:colcon.colcon_core.event_handler.log_command:Invoking command in '/home/ubuntu/ros2-rover/build/tractor_implements': PYTHONPATH=/home/ubuntu/ros2-rover/build/tractor_implements/prefix_override:/usr/lib/python3/dist-packages/colcon_core/task/python/colcon_distutils_commands:/home/ubuntu/ros2-rover/install/tractor_implements/lib/python3.12/site-packages:${PYTHONPATH} /usr/bin/python3 -W ignore:setup.py install is deprecated -W ignore:easy_install command is deprecated setup.py develop --editable --build-directory /home/ubuntu/ros2-rover/build/tractor_implements/build --no-deps symlink_data
[5.366s] DEBUG:colcon.colcon_core.event_handler.log_command:Invoking command in '/home/ubuntu/ros2-rover/build/tractor_vision': PYTHONPATH=/home/ubuntu/ros2-rover/build/tractor_vision/prefix_override:/usr/lib/python3/dist-packages/colcon_core/task/python/colcon_distutils_commands:/home/ubuntu/ros2-rover/install/tractor_vision/lib/python3.12/site-packages:${PYTHONPATH} /usr/bin/python3 -W ignore:setup.py install is deprecated -W ignore:easy_install command is deprecated setup.py develop --editable --build-directory /home/ubuntu/ros2-rover/build/tractor_vision/build --no-deps symlink_data
[6.297s] Level 1:colcon.colcon_core.shell:create_environment_hook('tractor_coverage', 'pythonpath_develop')
[6.298s] INFO:colcon.colcon_core.shell:Creating environment hook '/home/ubuntu/ros2-rover/build/tractor_coverage/share/tractor_coverage/hook/pythonpath_develop.ps1'
[6.300s] DEBUG:colcon.colcon_core.event_handler.log_command:Invoked command in '/home/ubuntu/ros2-rover/build/tractor_coverage' returned '0': PYTHONPATH=/home/ubuntu/ros2-rover/build/tractor_coverage/prefix_override:/usr/lib/python3/dist-packages/colcon_core/task/python/colcon_distutils_commands:/home/ubuntu/ros2-rover/install/tractor_coverage/lib/python3.12/site-packages:${PYTHONPATH} /usr/bin/python3 -W ignore:setup.py install is deprecated -W ignore:easy_install command is deprecated setup.py develop --editable --build-directory /home/ubuntu/ros2-rover/build/tractor_coverage/build --no-deps symlink_data
[6.302s] INFO:colcon.colcon_core.shell:Creating environment descriptor '/home/ubuntu/ros2-rover/build/tractor_coverage/share/tractor_coverage/hook/pythonpath_develop.dsv'
[6.303s] INFO:colcon.colcon_core.shell:Creating environment hook '/home/ubuntu/ros2-rover/build/tractor_coverage/share/tractor_coverage/hook/pythonpath_develop.sh'
[6.320s] Level 1:colcon.colcon_core.environment:checking '/home/ubuntu/ros2-rover/install/tractor_coverage' for CMake module files
[6.323s] Level 1:colcon.colcon_core.environment:checking '/home/ubuntu/ros2-rover/install/tractor_coverage' for CMake config files
[6.326s] Level 1:colcon.colcon_core.environment:checking '/home/ubuntu/ros2-rover/install/tractor_coverage/lib'
[6.327s] Level 1:colcon.colcon_core.environment:checking '/home/ubuntu/ros2-rover/install/tractor_coverage/bin'
[6.327s] Level 1:colcon.colcon_core.environment:checking '/home/ubuntu/ros2-rover/install/tractor_coverage/lib/pkgconfig/tractor_coverage.pc'
[6.328s] Level 1:colcon.colcon_core.environment:checking '/home/ubuntu/ros2-rover/install/tractor_coverage/lib/python3.12/site-packages'
[6.329s] Level 1:colcon.colcon_core.shell:create_environment_hook('tractor_coverage', 'pythonpath')
[6.330s] INFO:colcon.colcon_core.shell:Creating environment hook '/home/ubuntu/ros2-rover/install/tractor_coverage/share/tractor_coverage/hook/pythonpath.ps1'
[6.332s] INFO:colcon.colcon_core.shell:Creating environment descriptor '/home/ubuntu/ros2-rover/install/tractor_coverage/share/tractor_coverage/hook/pythonpath.dsv'
[6.333s] INFO:colcon.colcon_core.shell:Creating environment hook '/home/ubuntu/ros2-rover/install/tractor_coverage/share/tractor_coverage/hook/pythonpath.sh'
[6.336s] Level 1:colcon.colcon_core.environment:checking '/home/ubuntu/ros2-rover/install/tractor_coverage/bin'
[6.336s] Level 1:colcon.colcon_core.environment:create_environment_scripts_only(tractor_coverage)
[6.338s] INFO:colcon.colcon_core.shell:Creating package script '/home/ubuntu/ros2-rover/install/tractor_coverage/share/tractor_coverage/package.ps1'
[6.342s] INFO:colcon.colcon_core.shell:Creating package descriptor '/home/ubuntu/ros2-rover/install/tractor_coverage/share/tractor_coverage/package.dsv'
[6.345s] INFO:colcon.colcon_core.shell:Creating package script '/home/ubuntu/ros2-rover/install/tractor_coverage/share/tractor_coverage/package.sh'
[6.348s] INFO:colcon.colcon_core.shell:Creating package script '/home/ubuntu/ros2-rover/install/tractor_coverage/share/tractor_coverage/package.bash'
[6.352s] INFO:colcon.colcon_core.shell:Creating package script '/home/ubuntu/ros2-rover/install/tractor_coverage/share/tractor_coverage/package.zsh'
[6.355s] Level 1:colcon.colcon_core.environment:create_file_with_runtime_dependencies(/home/ubuntu/ros2-rover/install/tractor_coverage/share/colcon-core/packages/tractor_coverage)
[6.356s] Level 1:colcon.colcon_core.shell:create_environment_hook('tractor_control', 'pythonpath_develop')
[6.357s] INFO:colcon.colcon_core.shell:Creating environment hook '/home/ubuntu/ros2-rover/build/tractor_control/share/tractor_control/hook/pythonpath_develop.ps1'
[6.359s] INFO:colcon.colcon_core.shell:Creating environment descriptor '/home/ubuntu/ros2-rover/build/tractor_control/share/tractor_control/hook/pythonpath_develop.dsv'
[6.361s] DEBUG:colcon.colcon_core.event_handler.log_command:Invoked command in '/home/ubuntu/ros2-rover/build/tractor_control' returned '0': PYTHONPATH=/home/ubuntu/ros2-rover/build/tractor_control/prefix_override:/usr/lib/python3/dist-packages/colcon_core/task/python/colcon_distutils_commands:/home/ubuntu/ros2-rover/install/tractor_control/lib/python3.12/site-packages:${PYTHONPATH} /usr/bin/python3 -W ignore:setup.py install is deprecated -W ignore:easy_install command is deprecated setup.py develop --editable --build-directory /home/ubuntu/ros2-rover/build/tractor_control/build --no-deps symlink_data
[6.362s] INFO:colcon.colcon_core.shell:Creating environment hook '/home/ubuntu/ros2-rover/build/tractor_control/share/tractor_control/hook/pythonpath_develop.sh'
[6.364s] Level 1:colcon.colcon_core.environment:checking '/home/ubuntu/ros2-rover/install/tractor_control' for CMake module files
[6.367s] Level 1:colcon.colcon_core.environment:checking '/home/ubuntu/ros2-rover/install/tractor_control' for CMake config files
[6.369s] Level 1:colcon.colcon_core.environment:checking '/home/ubuntu/ros2-rover/install/tractor_control/lib'
[6.369s] Level 1:colcon.colcon_core.environment:checking '/home/ubuntu/ros2-rover/install/tractor_control/bin'
[6.369s] Level 1:colcon.colcon_core.environment:checking '/home/ubuntu/ros2-rover/install/tractor_control/lib/pkgconfig/tractor_control.pc'
[6.371s] Level 1:colcon.colcon_core.environment:checking '/home/ubuntu/ros2-rover/install/tractor_control/lib/python3.12/site-packages'
[6.371s] Level 1:colcon.colcon_core.shell:create_environment_hook('tractor_control', 'pythonpath')
[6.372s] INFO:colcon.colcon_core.shell:Creating environment hook '/home/ubuntu/ros2-rover/install/tractor_control/share/tractor_control/hook/pythonpath.ps1'
[6.374s] INFO:colcon.colcon_core.shell:Creating environment descriptor '/home/ubuntu/ros2-rover/install/tractor_control/share/tractor_control/hook/pythonpath.dsv'
[6.375s] INFO:colcon.colcon_core.shell:Creating environment hook '/home/ubuntu/ros2-rover/install/tractor_control/share/tractor_control/hook/pythonpath.sh'
[6.377s] Level 1:colcon.colcon_core.environment:checking '/home/ubuntu/ros2-rover/install/tractor_control/bin'
[6.377s] Level 1:colcon.colcon_core.environment:create_environment_scripts_only(tractor_control)
[6.377s] INFO:colcon.colcon_core.shell:Creating package script '/home/ubuntu/ros2-rover/install/tractor_control/share/tractor_control/package.ps1'
[6.378s] INFO:colcon.colcon_core.shell:Creating package descriptor '/home/ubuntu/ros2-rover/install/tractor_control/share/tractor_control/package.dsv'
[6.378s] INFO:colcon.colcon_core.shell:Creating package script '/home/ubuntu/ros2-rover/install/tractor_control/share/tractor_control/package.sh'
[6.379s] INFO:colcon.colcon_core.shell:Creating package script '/home/ubuntu/ros2-rover/install/tractor_control/share/tractor_control/package.bash'
[6.380s] INFO:colcon.colcon_core.shell:Creating package script '/home/ubuntu/ros2-rover/install/tractor_control/share/tractor_control/package.zsh'
[6.380s] Level 1:colcon.colcon_core.environment:create_file_with_runtime_dependencies(/home/ubuntu/ros2-rover/install/tractor_control/share/colcon-core/packages/tractor_control)
[6.383s] Level 1:colcon.colcon_core.shell:create_environment_hook('tractor_bringup', 'pythonpath_develop')
[6.383s] INFO:colcon.colcon_core.shell:Creating environment hook '/home/ubuntu/ros2-rover/build/tractor_bringup/share/tractor_bringup/hook/pythonpath_develop.ps1'
[6.385s] INFO:colcon.colcon_core.shell:Creating environment descriptor '/home/ubuntu/ros2-rover/build/tractor_bringup/share/tractor_bringup/hook/pythonpath_develop.dsv'
[6.385s] DEBUG:colcon.colcon_core.event_handler.log_command:Invoked command in '/home/ubuntu/ros2-rover/build/tractor_bringup' returned '0': PYTHONPATH=/home/ubuntu/ros2-rover/build/tractor_bringup/prefix_override:/usr/lib/python3/dist-packages/colcon_core/task/python/colcon_distutils_commands:/home/ubuntu/ros2-rover/install/tractor_bringup/lib/python3.12/site-packages:${PYTHONPATH} /usr/bin/python3 -W ignore:setup.py install is deprecated -W ignore:easy_install command is deprecated setup.py develop --editable --build-directory /home/ubuntu/ros2-rover/build/tractor_bringup/build --no-deps symlink_data --force
[6.386s] INFO:colcon.colcon_core.shell:Creating environment hook '/home/ubuntu/ros2-rover/build/tractor_bringup/share/tractor_bringup/hook/pythonpath_develop.sh'
[6.388s] Level 1:colcon.colcon_core.environment:checking '/home/ubuntu/ros2-rover/install/tractor_bringup' for CMake module files
[6.391s] Level 1:colcon.colcon_core.environment:checking '/home/ubuntu/ros2-rover/install/tractor_bringup' for CMake config files
[6.393s] Level 1:colcon.colcon_core.environment:checking '/home/ubuntu/ros2-rover/install/tractor_bringup/lib'
[6.393s] Level 1:colcon.colcon_core.environment:checking '/home/ubuntu/ros2-rover/install/tractor_bringup/bin'
[6.393s] Level 1:colcon.colcon_core.environment:checking '/home/ubuntu/ros2-rover/install/tractor_bringup/lib/pkgconfig/tractor_bringup.pc'
[6.393s] Level 1:colcon.colcon_core.environment:checking '/home/ubuntu/ros2-rover/install/tractor_bringup/lib/python3.12/site-packages'
[6.393s] Level 1:colcon.colcon_core.shell:create_environment_hook('tractor_bringup', 'pythonpath')
[6.394s] INFO:colcon.colcon_core.shell:Creating environment hook '/home/ubuntu/ros2-rover/install/tractor_bringup/share/tractor_bringup/hook/pythonpath.ps1'
[6.394s] INFO:colcon.colcon_core.shell:Creating environment descriptor '/home/ubuntu/ros2-rover/install/tractor_bringup/share/tractor_bringup/hook/pythonpath.dsv'
[6.395s] INFO:colcon.colcon_core.shell:Creating environment hook '/home/ubuntu/ros2-rover/install/tractor_bringup/share/tractor_bringup/hook/pythonpath.sh'
[6.396s] Level 1:colcon.colcon_core.environment:checking '/home/ubuntu/ros2-rover/install/tractor_bringup/bin'
[6.396s] Level 1:colcon.colcon_core.environment:create_environment_scripts_only(tractor_bringup)
[6.396s] INFO:colcon.colcon_core.shell:Creating package script '/home/ubuntu/ros2-rover/install/tractor_bringup/share/tractor_bringup/package.ps1'
[6.397s] INFO:colcon.colcon_core.shell:Creating package descriptor '/home/ubuntu/ros2-rover/install/tractor_bringup/share/tractor_bringup/package.dsv'
[6.398s] INFO:colcon.colcon_core.shell:Creating package script '/home/ubuntu/ros2-rover/install/tractor_bringup/share/tractor_bringup/package.sh'
[6.399s] INFO:colcon.colcon_core.shell:Creating package script '/home/ubuntu/ros2-rover/install/tractor_bringup/share/tractor_bringup/package.bash'
[6.399s] INFO:colcon.colcon_core.shell:Creating package script '/home/ubuntu/ros2-rover/install/tractor_bringup/share/tractor_bringup/package.zsh'
[6.400s] Level 1:colcon.colcon_core.environment:create_file_with_runtime_dependencies(/home/ubuntu/ros2-rover/install/tractor_bringup/share/colcon-core/packages/tractor_bringup)
[6.400s] Level 1:colcon.colcon_core.shell:create_environment_hook('slam_stress_test', 'pythonpath_develop')
[6.401s] INFO:colcon.colcon_core.shell:Creating environment hook '/home/ubuntu/ros2-rover/build/slam_stress_test/share/slam_stress_test/hook/pythonpath_develop.ps1'
[6.402s] INFO:colcon.colcon_core.shell:Creating environment descriptor '/home/ubuntu/ros2-rover/build/slam_stress_test/share/slam_stress_test/hook/pythonpath_develop.dsv'
[6.404s] DEBUG:colcon.colcon_core.event_handler.log_command:Invoked command in '/home/ubuntu/ros2-rover/build/slam_stress_test' returned '0': PYTHONPATH=/home/ubuntu/ros2-rover/build/slam_stress_test/prefix_override:/usr/lib/python3/dist-packages/colcon_core/task/python/colcon_distutils_commands:/home/ubuntu/ros2-rover/install/slam_stress_test/lib/python3.12/site-packages:${PYTHONPATH} /usr/bin/python3 -W ignore:setup.py install is deprecated -W ignore:easy_install command is deprecated setup.py develop --editable --build-directory /home/ubuntu/ros2-rover/build/slam_stress_test/build --no-deps symlink_data
[6.404s] INFO:colcon.colcon_core.shell:Creating environment hook '/home/ubuntu/ros2-rover/build/slam_stress_test/share/slam_stress_test/hook/pythonpath_develop.sh'
[6.405s] Level 1:colcon.colcon_core.environment:checking '/home/ubuntu/ros2-rover/install/slam_stress_test' for CMake module files
[6.405s] Level 1:colcon.colcon_core.environment:checking '/home/ubuntu/ros2-rover/install/slam_stress_test' for CMake config files
[6.406s] Level 1:colcon.colcon_core.environment:checking '/home/ubuntu/ros2-rover/install/slam_stress_test/lib'
[6.406s] Level 1:colcon.colcon_core.environment:checking '/home/ubuntu/ros2-rover/install/slam_stress_test/bin'
[6.406s] Level 1:colcon.colcon_core.environment:checking '/home/ubuntu/ros2-rover/install/slam_stress_test/lib/pkgconfig/slam_stress_test.pc'
[6.407s] Level 1:colcon.colcon_core.environment:checking '/home/ubuntu/ros2-rover/install/slam_stress_test/lib/python3.12/site-packages'
[6.407s] Level 1:colcon.colcon_core.shell:create_environment_hook('slam_stress_test', 'pythonpath')
[6.407s] INFO:colcon.colcon_core.shell:Creating environment hook '/home/ubuntu/ros2-rover/install/slam_stress_test/share/slam_stress_test/hook/pythonpath.ps1'
[6.408s] INFO:colcon.colcon_core.shell:Creating environment descriptor '/home/ubuntu/ros2-rover/install/slam_stress_test/share/slam_stress_test/hook/pythonpath.dsv'
[6.408s] INFO:colcon.colcon_core.shell:Creating environment hook '/home/ubuntu/ros2-rover/install/slam_stress_test/share/slam_stress_test/hook/pythonpath.sh'
[6.409s] Level 1:colcon.colcon_core.environment:checking '/home/ubuntu/ros2-rover/install/slam_stress_test/bin'
[6.409s] Level 1:colcon.colcon_core.environment:create_environment_scripts_only(slam_stress_test)
[6.410s] INFO:colcon.colcon_core.shell:Creating package script '/home/ubuntu/ros2-rover/install/slam_stress_test/share/slam_stress_test/package.ps1'
[6.410s] INFO:colcon.colcon_core.shell:Creating package descriptor '/home/ubuntu/ros2-rover/install/slam_stress_test/share/slam_stress_test/package.dsv'
[6.411s] INFO:colcon.colcon_core.shell:Creating package script '/home/ubuntu/ros2-rover/install/slam_stress_test/share/slam_stress_test/package.sh'
[6.412s] INFO:colcon.colcon_core.shell:Creating package script '/home/ubuntu/ros2-rover/install/slam_stress_test/share/slam_stress_test/package.bash'
[6.412s] INFO:colcon.colcon_core.shell:Creating package script '/home/ubuntu/ros2-rover/install/slam_stress_test/share/slam_stress_test/package.zsh'
[6.413s] Level 1:colcon.colcon_core.environment:create_file_with_runtime_dependencies(/home/ubuntu/ros2-rover/install/slam_stress_test/share/colcon-core/packages/slam_stress_test)
[6.468s] Level 1:colcon.colcon_core.shell:create_environment_hook('tractor_sensors', 'pythonpath_develop')
[6.469s] INFO:colcon.colcon_core.shell:Creating environment hook '/home/ubuntu/ros2-rover/build/tractor_sensors/share/tractor_sensors/hook/pythonpath_develop.ps1'
[6.470s] DEBUG:colcon.colcon_core.event_handler.log_command:Invoked command in '/home/ubuntu/ros2-rover/build/tractor_sensors' returned '0': PYTHONPATH=/home/ubuntu/ros2-rover/build/tractor_sensors/prefix_override:/usr/lib/python3/dist-packages/colcon_core/task/python/colcon_distutils_commands:/home/ubuntu/ros2-rover/install/tractor_sensors/lib/python3.12/site-packages:${PYTHONPATH} /usr/bin/python3 -W ignore:setup.py install is deprecated -W ignore:easy_install command is deprecated setup.py develop --editable --build-directory /home/ubuntu/ros2-rover/build/tractor_sensors/build --no-deps symlink_data
[6.470s] INFO:colcon.colcon_core.shell:Creating environment descriptor '/home/ubuntu/ros2-rover/build/tractor_sensors/share/tractor_sensors/hook/pythonpath_develop.dsv'
[6.471s] INFO:colcon.colcon_core.shell:Creating environment hook '/home/ubuntu/ros2-rover/build/tractor_sensors/share/tractor_sensors/hook/pythonpath_develop.sh'
[6.471s] Level 1:colcon.colcon_core.environment:checking '/home/ubuntu/ros2-rover/install/tractor_sensors' for CMake module files
[6.472s] Level 1:colcon.colcon_core.environment:checking '/home/ubuntu/ros2-rover/install/tractor_sensors' for CMake config files
[6.473s] Level 1:colcon.colcon_core.environment:checking '/home/ubuntu/ros2-rover/install/tractor_sensors/lib'
[6.473s] Level 1:colcon.colcon_core.environment:checking '/home/ubuntu/ros2-rover/install/tractor_sensors/bin'
[6.473s] Level 1:colcon.colcon_core.environment:checking '/home/ubuntu/ros2-rover/install/tractor_sensors/lib/pkgconfig/tractor_sensors.pc'
[6.473s] Level 1:colcon.colcon_core.environment:checking '/home/ubuntu/ros2-rover/install/tractor_sensors/lib/python3.12/site-packages'
[6.473s] Level 1:colcon.colcon_core.shell:create_environment_hook('tractor_sensors', 'pythonpath')
[6.474s] INFO:colcon.colcon_core.shell:Creating environment hook '/home/ubuntu/ros2-rover/install/tractor_sensors/share/tractor_sensors/hook/pythonpath.ps1'
[6.474s] INFO:colcon.colcon_core.shell:Creating environment descriptor '/home/ubuntu/ros2-rover/install/tractor_sensors/share/tractor_sensors/hook/pythonpath.dsv'
[6.475s] INFO:colcon.colcon_core.shell:Creating environment hook '/home/ubuntu/ros2-rover/install/tractor_sensors/share/tractor_sensors/hook/pythonpath.sh'
[6.475s] Level 1:colcon.colcon_core.environment:checking '/home/ubuntu/ros2-rover/install/tractor_sensors/bin'
[6.475s] Level 1:colcon.colcon_core.environment:create_environment_scripts_only(tractor_sensors)
[6.476s] INFO:colcon.colcon_core.shell:Creating package script '/home/ubuntu/ros2-rover/install/tractor_sensors/share/tractor_sensors/package.ps1'
[6.476s] INFO:colcon.colcon_core.shell:Creating package descriptor '/home/ubuntu/ros2-rover/install/tractor_sensors/share/tractor_sensors/package.dsv'
[6.477s] INFO:colcon.colcon_core.shell:Creating package script '/home/ubuntu/ros2-rover/install/tractor_sensors/share/tractor_sensors/package.sh'
[6.478s] INFO:colcon.colcon_core.shell:Creating package script '/home/ubuntu/ros2-rover/install/tractor_sensors/share/tractor_sensors/package.bash'
[6.478s] INFO:colcon.colcon_core.shell:Creating package script '/home/ubuntu/ros2-rover/install/tractor_sensors/share/tractor_sensors/package.zsh'
[6.478s] Level 1:colcon.colcon_core.environment:create_file_with_runtime_dependencies(/home/ubuntu/ros2-rover/install/tractor_sensors/share/colcon-core/packages/tractor_sensors)
[7.209s] Level 1:colcon.colcon_core.shell:create_environment_hook('tractor_implements', 'pythonpath_develop')
[7.210s] INFO:colcon.colcon_core.shell:Creating environment hook '/home/ubuntu/ros2-rover/build/tractor_implements/share/tractor_implements/hook/pythonpath_develop.ps1'
[7.212s] DEBUG:colcon.colcon_core.event_handler.log_command:Invoked command in '/home/ubuntu/ros2-rover/build/tractor_implements' returned '0': PYTHONPATH=/home/ubuntu/ros2-rover/build/tractor_implements/prefix_override:/usr/lib/python3/dist-packages/colcon_core/task/python/colcon_distutils_commands:/home/ubuntu/ros2-rover/install/tractor_implements/lib/python3.12/site-packages:${PYTHONPATH} /usr/bin/python3 -W ignore:setup.py install is deprecated -W ignore:easy_install command is deprecated setup.py develop --editable --build-directory /home/ubuntu/ros2-rover/build/tractor_implements/build --no-deps symlink_data
[7.213s] INFO:colcon.colcon_core.shell:Creating environment descriptor '/home/ubuntu/ros2-rover/build/tractor_implements/share/tractor_implements/hook/pythonpath_develop.dsv'
[7.215s] INFO:colcon.colcon_core.shell:Creating environment hook '/home/ubuntu/ros2-rover/build/tractor_implements/share/tractor_implements/hook/pythonpath_develop.sh'
[7.217s] Level 1:colcon.colcon_core.environment:checking '/home/ubuntu/ros2-rover/install/tractor_implements' for CMake module files
[7.220s] Level 1:colcon.colcon_core.environment:checking '/home/ubuntu/ros2-rover/install/tractor_implements' for CMake config files
[7.222s] Level 1:colcon.colcon_core.environment:checking '/home/ubuntu/ros2-rover/install/tractor_implements/lib'
[7.223s] Level 1:colcon.colcon_core.environment:checking '/home/ubuntu/ros2-rover/install/tractor_implements/bin'
[7.223s] Level 1:colcon.colcon_core.environment:checking '/home/ubuntu/ros2-rover/install/tractor_implements/lib/pkgconfig/tractor_implements.pc'
[7.224s] Level 1:colcon.colcon_core.environment:checking '/home/ubuntu/ros2-rover/install/tractor_implements/lib/python3.12/site-packages'
[7.224s] Level 1:colcon.colcon_core.shell:create_environment_hook('tractor_implements', 'pythonpath')
[7.225s] INFO:colcon.colcon_core.shell:Creating environment hook '/home/ubuntu/ros2-rover/install/tractor_implements/share/tractor_implements/hook/pythonpath.ps1'
[7.227s] INFO:colcon.colcon_core.shell:Creating environment descriptor '/home/ubuntu/ros2-rover/install/tractor_implements/share/tractor_implements/hook/pythonpath.dsv'
[7.229s] INFO:colcon.colcon_core.shell:Creating environment hook '/home/ubuntu/ros2-rover/install/tractor_implements/share/tractor_implements/hook/pythonpath.sh'
[7.231s] Level 1:colcon.colcon_core.environment:checking '/home/ubuntu/ros2-rover/install/tractor_implements/bin'
[7.232s] Level 1:colcon.colcon_core.environment:create_environment_scripts_only(tractor_implements)
[7.233s] INFO:colcon.colcon_core.shell:Creating package script '/home/ubuntu/ros2-rover/install/tractor_implements/share/tractor_implements/package.ps1'
[7.236s] INFO:colcon.colcon_core.shell:Creating package descriptor '/home/ubuntu/ros2-rover/install/tractor_implements/share/tractor_implements/package.dsv'
[7.238s] INFO:colcon.colcon_core.shell:Creating package script '/home/ubuntu/ros2-rover/install/tractor_implements/share/tractor_implements/package.sh'
[7.240s] INFO:colcon.colcon_core.shell:Creating package script '/home/ubuntu/ros2-rover/install/tractor_implements/share/tractor_implements/package.bash'
[7.241s] INFO:colcon.colcon_core.shell:Creating package script '/home/ubuntu/ros2-rover/install/tractor_implements/share/tractor_implements/package.zsh'
[7.242s] Level 1:colcon.colcon_core.environment:create_file_with_runtime_dependencies(/home/ubuntu/ros2-rover/install/tractor_implements/share/colcon-core/packages/tractor_implements)
[7.245s] Level 1:colcon.colcon_core.shell:create_environment_hook('tractor_vision', 'pythonpath_develop')
[7.246s] INFO:colcon.colcon_core.shell:Creating environment hook '/home/ubuntu/ros2-rover/build/tractor_vision/share/tractor_vision/hook/pythonpath_develop.ps1'
[7.248s] DEBUG:colcon.colcon_core.event_handler.log_command:Invoked command in '/home/ubuntu/ros2-rover/build/tractor_vision' returned '0': PYTHONPATH=/home/ubuntu/ros2-rover/build/tractor_vision/prefix_override:/usr/lib/python3/dist-packages/colcon_core/task/python/colcon_distutils_commands:/home/ubuntu/ros2-rover/install/tractor_vision/lib/python3.12/site-packages:${PYTHONPATH} /usr/bin/python3 -W ignore:setup.py install is deprecated -W ignore:easy_install command is deprecated setup.py develop --editable --build-directory /home/ubuntu/ros2-rover/build/tractor_vision/build --no-deps symlink_data
[7.249s] INFO:colcon.colcon_core.shell:Creating environment descriptor '/home/ubuntu/ros2-rover/build/tractor_vision/share/tractor_vision/hook/pythonpath_develop.dsv'
[7.250s] INFO:colcon.colcon_core.shell:Creating environment hook '/home/ubuntu/ros2-rover/build/tractor_vision/share/tractor_vision/hook/pythonpath_develop.sh'
[7.252s] Level 1:colcon.colcon_core.environment:checking '/home/ubuntu/ros2-rover/install/tractor_vision' for CMake module files
[7.254s] Level 1:colcon.colcon_core.environment:checking '/home/ubuntu/ros2-rover/install/tractor_vision' for CMake config files
[7.256s] Level 1:colcon.colcon_core.environment:checking '/home/ubuntu/ros2-rover/install/tractor_vision/lib'
[7.257s] Level 1:colcon.colcon_core.environment:checking '/home/ubuntu/ros2-rover/install/tractor_vision/bin'
[7.257s] Level 1:colcon.colcon_core.environment:checking '/home/ubuntu/ros2-rover/install/tractor_vision/lib/pkgconfig/tractor_vision.pc'
[7.258s] Level 1:colcon.colcon_core.environment:checking '/home/ubuntu/ros2-rover/install/tractor_vision/lib/python3.12/site-packages'
[7.258s] Level 1:colcon.colcon_core.shell:create_environment_hook('tractor_vision', 'pythonpath')
[7.259s] INFO:colcon.colcon_core.shell:Creating environment hook '/home/ubuntu/ros2-rover/install/tractor_vision/share/tractor_vision/hook/pythonpath.ps1'
[7.261s] INFO:colcon.colcon_core.shell:Creating environment descriptor '/home/ubuntu/ros2-rover/install/tractor_vision/share/tractor_vision/hook/pythonpath.dsv'
[7.262s] INFO:colcon.colcon_core.shell:Creating environment hook '/home/ubuntu/ros2-rover/install/tractor_vision/share/tractor_vision/hook/pythonpath.sh'
[7.264s] Level 1:colcon.colcon_core.environment:checking '/home/ubuntu/ros2-rover/install/tractor_vision/bin'
[7.264s] Level 1:colcon.colcon_core.environment:create_environment_scripts_only(tractor_vision)
[7.265s] INFO:colcon.colcon_core.shell:Creating package script '/home/ubuntu/ros2-rover/install/tractor_vision/share/tractor_vision/package.ps1'
[7.267s] INFO:colcon.colcon_core.shell:Creating package descriptor '/home/ubuntu/ros2-rover/install/tractor_vision/share/tractor_vision/package.dsv'
[7.269s] INFO:colcon.colcon_core.shell:Creating package script '/home/ubuntu/ros2-rover/install/tractor_vision/share/tractor_vision/package.sh'
[7.271s] INFO:colcon.colcon_core.shell:Creating package script '/home/ubuntu/ros2-rover/install/tractor_vision/share/tractor_vision/package.bash'
[7.272s] INFO:colcon.colcon_core.shell:Creating package script '/home/ubuntu/ros2-rover/install/tractor_vision/share/tractor_vision/package.zsh'
[7.273s] Level 1:colcon.colcon_core.environment:create_file_with_runtime_dependencies(/home/ubuntu/ros2-rover/install/tractor_vision/share/colcon-core/packages/tractor_vision)
[7.274s] DEBUG:colcon.colcon_parallel_executor.executor.parallel:closing loop
[7.274s] DEBUG:colcon.colcon_parallel_executor.executor.parallel:loop closed
[7.274s] DEBUG:colcon.colcon_parallel_executor.executor.parallel:run_until_complete finished with '0'
[7.274s] DEBUG:colcon.colcon_core.event_reactor:joining thread
[7.355s] INFO:colcon.colcon_core.plugin_system:Skipping extension 'colcon_notification.desktop_notification.terminal_notifier': Not used on non-Darwin systems
[7.355s] INFO:colcon.colcon_core.plugin_system:Skipping extension 'colcon_notification.desktop_notification.win32': Not used on non-Windows systems
[7.355s] INFO:colcon.colcon_notification.desktop_notification:Sending desktop notification using 'notify2'
[7.357s] DEBUG:colcon.colcon_notification.desktop_notification.notify2:Failed to initialize notify2: org.freedesktop.DBus.Error.ServiceUnknown: The name org.freedesktop.Notifications was not provided by any .service files
[7.357s] DEBUG:colcon.colcon_core.event_reactor:joined thread
[7.358s] INFO:colcon.colcon_core.shell:Creating prefix script '/home/ubuntu/ros2-rover/install/local_setup.ps1'
[7.359s] INFO:colcon.colcon_core.shell:Creating prefix util module '/home/ubuntu/ros2-rover/install/_local_setup_util_ps1.py'
[7.361s] INFO:colcon.colcon_core.shell:Creating prefix chain script '/home/ubuntu/ros2-rover/install/setup.ps1'
[7.362s] INFO:colcon.colcon_core.shell:Creating prefix script '/home/ubuntu/ros2-rover/install/local_setup.sh'
[7.363s] INFO:colcon.colcon_core.shell:Creating prefix util module '/home/ubuntu/ros2-rover/install/_local_setup_util_sh.py'
[7.364s] INFO:colcon.colcon_core.shell:Creating prefix chain script '/home/ubuntu/ros2-rover/install/setup.sh'
[7.365s] INFO:colcon.colcon_core.shell:Creating prefix script '/home/ubuntu/ros2-rover/install/local_setup.bash'
[7.366s] INFO:colcon.colcon_core.shell:Creating prefix chain script '/home/ubuntu/ros2-rover/install/setup.bash'
[7.368s] INFO:colcon.colcon_core.shell:Creating prefix script '/home/ubuntu/ros2-rover/install/local_setup.zsh'
[7.368s] INFO:colcon.colcon_core.shell:Creating prefix chain script '/home/ubuntu/ros2-rover/install/setup.zsh'
