[1.515s] Invoking command in '/home/ubuntu/ros2-rover/src/tractor_sensors': PYTHONPATH=/home/ubuntu/ros2-rover/build/tractor_sensors/prefix_override:/usr/lib/python3/dist-packages/colcon_core/task/python/colcon_distutils_commands:/home/ubuntu/ros2-rover/install/tractor_sensors/lib/python3.12/site-packages:${PYTHONPATH} /usr/bin/python3 -W ignore:setup.py install is deprecated -W ignore:easy_install command is deprecated setup.py egg_info --egg-base ../../build/tractor_sensors build --build-base /home/ubuntu/ros2-rover/build/tractor_sensors/build install --record /home/ubuntu/ros2-rover/build/tractor_sensors/install.log --single-version-externally-managed install_data
[1.975s] running egg_info
[2.007s] writing ../../build/tractor_sensors/tractor_sensors.egg-info/PKG-INFO
[2.008s] writing dependency_links to ../../build/tractor_sensors/tractor_sensors.egg-info/dependency_links.txt
[2.009s] writing entry points to ../../build/tractor_sensors/tractor_sensors.egg-info/entry_points.txt
[2.009s] writing requirements to ../../build/tractor_sensors/tractor_sensors.egg-info/requires.txt
[2.010s] writing top-level names to ../../build/tractor_sensors/tractor_sensors.egg-info/top_level.txt
[2.074s] reading manifest file '../../build/tractor_sensors/tractor_sensors.egg-info/SOURCES.txt'
[2.075s] writing manifest file '../../build/tractor_sensors/tractor_sensors.egg-info/SOURCES.txt'
[2.076s] running build
[2.076s] running build_py
[2.077s] copying tractor_sensors/gps_compass_publisher.py -> /home/ubuntu/ros2-rover/build/tractor_sensors/build/lib/tractor_sensors
[2.077s] copying tractor_sensors/hglrc_m100_5883.py -> /home/ubuntu/ros2-rover/build/tractor_sensors/build/lib/tractor_sensors
[2.078s] running install
[2.087s] running install_lib
[2.120s] copying /home/ubuntu/ros2-rover/build/tractor_sensors/build/lib/tractor_sensors/gps_compass_publisher.py -> /home/ubuntu/ros2-rover/install/tractor_sensors/lib/python3.12/site-packages/tractor_sensors
[2.121s] copying /home/ubuntu/ros2-rover/build/tractor_sensors/build/lib/tractor_sensors/hglrc_m100_5883.py -> /home/ubuntu/ros2-rover/install/tractor_sensors/lib/python3.12/site-packages/tractor_sensors
[2.122s] byte-compiling /home/ubuntu/ros2-rover/install/tractor_sensors/lib/python3.12/site-packages/tractor_sensors/gps_compass_publisher.py to gps_compass_publisher.cpython-312.pyc
[2.125s] byte-compiling /home/ubuntu/ros2-rover/install/tractor_sensors/lib/python3.12/site-packages/tractor_sensors/hglrc_m100_5883.py to hglrc_m100_5883.cpython-312.pyc
[2.129s] running install_data
[2.130s] running install_egg_info
[2.166s] removing '/home/ubuntu/ros2-rover/install/tractor_sensors/lib/python3.12/site-packages/tractor_sensors-0.0.0-py3.12.egg-info' (and everything under it)
[2.166s] Copying ../../build/tractor_sensors/tractor_sensors.egg-info to /home/ubuntu/ros2-rover/install/tractor_sensors/lib/python3.12/site-packages/tractor_sensors-0.0.0-py3.12.egg-info
[2.167s] running install_scripts
[2.395s] Installing encoder_publisher script to /home/ubuntu/ros2-rover/install/tractor_sensors/lib/tractor_sensors
[2.396s] Installing gps_compass_publisher script to /home/ubuntu/ros2-rover/install/tractor_sensors/lib/tractor_sensors
[2.396s] Installing hglrc_m100_5883 script to /home/ubuntu/ros2-rover/install/tractor_sensors/lib/tractor_sensors
[2.397s] writing list of installed files to '/home/ubuntu/ros2-rover/build/tractor_sensors/install.log'
[2.517s] Invoked command in '/home/ubuntu/ros2-rover/src/tractor_sensors' returned '0': PYTHONPATH=/home/ubuntu/ros2-rover/build/tractor_sensors/prefix_override:/usr/lib/python3/dist-packages/colcon_core/task/python/colcon_distutils_commands:/home/ubuntu/ros2-rover/install/tractor_sensors/lib/python3.12/site-packages:${PYTHONPATH} /usr/bin/python3 -W ignore:setup.py install is deprecated -W ignore:easy_install command is deprecated setup.py egg_info --egg-base ../../build/tractor_sensors build --build-base /home/ubuntu/ros2-rover/build/tractor_sensors/build install --record /home/ubuntu/ros2-rover/build/tractor_sensors/install.log --single-version-externally-managed install_data
