[4.394s] Invoking command in '/home/ubuntu/ros2-rover/src/tractor_sensors': PYTHONPATH=/home/ubuntu/ros2-rover/build/tractor_sensors/prefix_override:/usr/lib/python3/dist-packages/colcon_core/task/python/colcon_distutils_commands:/home/ubuntu/ros2-rover/install/tractor_sensors/lib/python3.12/site-packages:${PYTHONPATH} /usr/bin/python3 -W ignore:setup.py install is deprecated -W ignore:easy_install command is deprecated setup.py egg_info --egg-base ../../build/tractor_sensors build --build-base /home/ubuntu/ros2-rover/build/tractor_sensors/build install --record /home/ubuntu/ros2-rover/build/tractor_sensors/install.log --single-version-externally-managed install_data
[4.855s] running egg_info
[4.885s] writing ../../build/tractor_sensors/tractor_sensors.egg-info/PKG-INFO
[4.886s] writing dependency_links to ../../build/tractor_sensors/tractor_sensors.egg-info/dependency_links.txt
[4.887s] writing entry points to ../../build/tractor_sensors/tractor_sensors.egg-info/entry_points.txt
[4.887s] writing requirements to ../../build/tractor_sensors/tractor_sensors.egg-info/requires.txt
[4.887s] writing top-level names to ../../build/tractor_sensors/tractor_sensors.egg-info/top_level.txt
[4.948s] reading manifest file '../../build/tractor_sensors/tractor_sensors.egg-info/SOURCES.txt'
[4.953s] writing manifest file '../../build/tractor_sensors/tractor_sensors.egg-info/SOURCES.txt'
[4.954s] running build
[4.954s] running build_py
[4.955s] copying tractor_sensors/hglrc_m100_5883.py -> /home/ubuntu/ros2-rover/build/tractor_sensors/build/lib/tractor_sensors
[4.957s] running install
[4.995s] running install_lib
[5.118s] copying /home/ubuntu/ros2-rover/build/tractor_sensors/build/lib/tractor_sensors/hglrc_m100_5883.py -> /home/ubuntu/ros2-rover/install/tractor_sensors/lib/python3.12/site-packages/tractor_sensors
[5.122s] byte-compiling /home/ubuntu/ros2-rover/install/tractor_sensors/lib/python3.12/site-packages/tractor_sensors/hglrc_m100_5883.py to hglrc_m100_5883.cpython-312.pyc
[5.136s] running install_data
[5.137s] running install_egg_info
[5.272s] removing '/home/ubuntu/ros2-rover/install/tractor_sensors/lib/python3.12/site-packages/tractor_sensors-0.0.0-py3.12.egg-info' (and everything under it)
[5.272s] Copying ../../build/tractor_sensors/tractor_sensors.egg-info to /home/ubuntu/ros2-rover/install/tractor_sensors/lib/python3.12/site-packages/tractor_sensors-0.0.0-py3.12.egg-info
[5.278s] running install_scripts
[5.563s] Installing hglrc_m100_5883 script to /home/ubuntu/ros2-rover/install/tractor_sensors/lib/tractor_sensors
[5.564s] writing list of installed files to '/home/ubuntu/ros2-rover/build/tractor_sensors/install.log'
[5.646s] Invoked command in '/home/ubuntu/ros2-rover/src/tractor_sensors' returned '0': PYTHONPATH=/home/ubuntu/ros2-rover/build/tractor_sensors/prefix_override:/usr/lib/python3/dist-packages/colcon_core/task/python/colcon_distutils_commands:/home/ubuntu/ros2-rover/install/tractor_sensors/lib/python3.12/site-packages:${PYTHONPATH} /usr/bin/python3 -W ignore:setup.py install is deprecated -W ignore:easy_install command is deprecated setup.py egg_info --egg-base ../../build/tractor_sensors build --build-base /home/ubuntu/ros2-rover/build/tractor_sensors/build install --record /home/ubuntu/ros2-rover/build/tractor_sensors/install.log --single-version-externally-managed install_data
