[4.884s] Invoking command in '/home/ubuntu/ros2-rover/build/tractor_control': PYTHONPATH=/home/ubuntu/ros2-rover/build/tractor_control/prefix_override:/usr/lib/python3/dist-packages/colcon_core/task/python/colcon_distutils_commands:/home/ubuntu/ros2-rover/install/tractor_control/lib/python3.12/site-packages:${PYTHONPATH} /usr/bin/python3 -W ignore:setup.py install is deprecated -W ignore:easy_install command is deprecated setup.py develop --editable --build-directory /home/ubuntu/ros2-rover/build/tractor_control/build --no-deps symlink_data --force
[6.072s] running develop
[6.418s] running egg_info
[6.453s] writing tractor_control.egg-info/PKG-INFO
[6.454s] writing dependency_links to tractor_control.egg-info/dependency_links.txt
[6.455s] writing entry points to tractor_control.egg-info/entry_points.txt
[6.455s] writing requirements to tractor_control.egg-info/requires.txt
[6.456s] writing top-level names to tractor_control.egg-info/top_level.txt
[6.523s] reading manifest file 'tractor_control.egg-info/SOURCES.txt'
[6.525s] writing manifest file 'tractor_control.egg-info/SOURCES.txt'
[6.562s] running build_ext
[6.563s] Creating /home/ubuntu/ros2-rover/install/tractor_control/lib/python3.12/site-packages/tractor-control.egg-link (link to .)
[6.563s] Installing hiwonder_motor_driver script to /home/ubuntu/ros2-rover/install/tractor_control/lib/tractor_control
[6.564s] Installing velocity_feedback_controller script to /home/ubuntu/ros2-rover/install/tractor_control/lib/tractor_control
[6.565s] Installing xbox_controller_teleop script to /home/ubuntu/ros2-rover/install/tractor_control/lib/tractor_control
[6.565s] 
[6.566s] Installed /home/ubuntu/ros2-rover/build/tractor_control
[6.566s] running symlink_data
[6.567s] symbolically linking /home/ubuntu/ros2-rover/build/tractor_control/resource/tractor_control -> /home/ubuntu/ros2-rover/install/tractor_control/share/ament_index/resource_index/packages
[6.567s] symbolically linking /home/ubuntu/ros2-rover/build/tractor_control/package.xml -> /home/ubuntu/ros2-rover/install/tractor_control/share/tractor_control
[6.705s] Invoked command in '/home/ubuntu/ros2-rover/build/tractor_control' returned '0': PYTHONPATH=/home/ubuntu/ros2-rover/build/tractor_control/prefix_override:/usr/lib/python3/dist-packages/colcon_core/task/python/colcon_distutils_commands:/home/ubuntu/ros2-rover/install/tractor_control/lib/python3.12/site-packages:${PYTHONPATH} /usr/bin/python3 -W ignore:setup.py install is deprecated -W ignore:easy_install command is deprecated setup.py develop --editable --build-directory /home/ubuntu/ros2-rover/build/tractor_control/build --no-deps symlink_data --force
