/home/ubuntu/ros2-rover/install/tractor_sensors/lib/python3.12/site-packages/tractor_sensors/gps_compass_publisher.py
/home/ubuntu/ros2-rover/install/tractor_sensors/lib/python3.12/site-packages/tractor_sensors/encoder_publisher.py
/home/ubuntu/ros2-rover/install/tractor_sensors/lib/python3.12/site-packages/tractor_sensors/hglrc_m100_5883.py
/home/ubuntu/ros2-rover/install/tractor_sensors/lib/python3.12/site-packages/tractor_sensors/__init__.py
/home/ubuntu/ros2-rover/install/tractor_sensors/lib/python3.12/site-packages/tractor_sensors/__pycache__/gps_compass_publisher.cpython-312.pyc
/home/ubuntu/ros2-rover/install/tractor_sensors/lib/python3.12/site-packages/tractor_sensors/__pycache__/encoder_publisher.cpython-312.pyc
/home/ubuntu/ros2-rover/install/tractor_sensors/lib/python3.12/site-packages/tractor_sensors/__pycache__/hglrc_m100_5883.cpython-312.pyc
/home/ubuntu/ros2-rover/install/tractor_sensors/lib/python3.12/site-packages/tractor_sensors/__pycache__/__init__.cpython-312.pyc
/home/ubuntu/ros2-rover/install/tractor_sensors/share/ament_index/resource_index/packages/tractor_sensors
/home/ubuntu/ros2-rover/install/tractor_sensors/share/tractor_sensors/package.xml
/home/ubuntu/ros2-rover/install/tractor_sensors/share/tractor_sensors/launch/hglrc_m100_5883.launch.py
/home/ubuntu/ros2-rover/install/tractor_sensors/share/tractor_sensors/config/hglrc_m100_5883_config.yaml
/home/ubuntu/ros2-rover/install/tractor_sensors/lib/python3.12/site-packages/tractor_sensors-0.0.0-py3.12.egg-info/SOURCES.txt
/home/ubuntu/ros2-rover/install/tractor_sensors/lib/python3.12/site-packages/tractor_sensors-0.0.0-py3.12.egg-info/entry_points.txt
/home/ubuntu/ros2-rover/install/tractor_sensors/lib/python3.12/site-packages/tractor_sensors-0.0.0-py3.12.egg-info/requires.txt
/home/ubuntu/ros2-rover/install/tractor_sensors/lib/python3.12/site-packages/tractor_sensors-0.0.0-py3.12.egg-info/dependency_links.txt
/home/ubuntu/ros2-rover/install/tractor_sensors/lib/python3.12/site-packages/tractor_sensors-0.0.0-py3.12.egg-info/zip-safe
/home/ubuntu/ros2-rover/install/tractor_sensors/lib/python3.12/site-packages/tractor_sensors-0.0.0-py3.12.egg-info/PKG-INFO
/home/ubuntu/ros2-rover/install/tractor_sensors/lib/python3.12/site-packages/tractor_sensors-0.0.0-py3.12.egg-info/top_level.txt
/home/ubuntu/ros2-rover/install/tractor_sensors/lib/tractor_sensors/encoder_publisher
/home/ubuntu/ros2-rover/install/tractor_sensors/lib/tractor_sensors/gps_compass_publisher
/home/ubuntu/ros2-rover/install/tractor_sensors/lib/tractor_sensors/hglrc_m100_5883
