[4.087s] Invoking command in '/home/ubuntu/ros2-rover/src/tractor_vision': PYTHONPATH=/home/ubuntu/ros2-rover/build/tractor_vision/prefix_override:/usr/lib/python3/dist-packages/colcon_core/task/python/colcon_distutils_commands:/home/ubuntu/ros2-rover/install/tractor_vision/lib/python3.12/site-packages:${PYTHONPATH} /usr/bin/python3 -W ignore:setup.py install is deprecated -W ignore:easy_install command is deprecated setup.py egg_info --egg-base ../../build/tractor_vision build --build-base /home/ubuntu/ros2-rover/build/tractor_vision/build install --record /home/ubuntu/ros2-rover/build/tractor_vision/install.log --single-version-externally-managed install_data
[4.548s] running egg_info
[4.585s] writing ../../build/tractor_vision/tractor_vision.egg-info/PKG-INFO
[4.585s] writing dependency_links to ../../build/tractor_vision/tractor_vision.egg-info/dependency_links.txt
[4.586s] writing entry points to ../../build/tractor_vision/tractor_vision.egg-info/entry_points.txt
[4.586s] writing requirements to ../../build/tractor_vision/tractor_vision.egg-info/requires.txt
[4.587s] writing top-level names to ../../build/tractor_vision/tractor_vision.egg-info/top_level.txt
[4.649s] reading manifest file '../../build/tractor_vision/tractor_vision.egg-info/SOURCES.txt'
[4.650s] writing manifest file '../../build/tractor_vision/tractor_vision.egg-info/SOURCES.txt'
[4.660s] running build
[4.661s] running build_py
[4.662s] running install
[4.662s] running install_lib
[4.696s] running install_data
[4.697s] running install_egg_info
[4.730s] removing '/home/ubuntu/ros2-rover/install/tractor_vision/lib/python3.12/site-packages/tractor_vision-0.0.0-py3.12.egg-info' (and everything under it)
[4.731s] Copying ../../build/tractor_vision/tractor_vision.egg-info to /home/ubuntu/ros2-rover/install/tractor_vision/lib/python3.12/site-packages/tractor_vision-0.0.0-py3.12.egg-info
[4.732s] running install_scripts
[4.949s] Installing obstacle_detector script to /home/ubuntu/ros2-rover/install/tractor_vision/lib/tractor_vision
[4.949s] Installing realsense_processor script to /home/ubuntu/ros2-rover/install/tractor_vision/lib/tractor_vision
[4.959s] writing list of installed files to '/home/ubuntu/ros2-rover/build/tractor_vision/install.log'
[5.043s] Invoked command in '/home/ubuntu/ros2-rover/src/tractor_vision' returned '0': PYTHONPATH=/home/ubuntu/ros2-rover/build/tractor_vision/prefix_override:/usr/lib/python3/dist-packages/colcon_core/task/python/colcon_distutils_commands:/home/ubuntu/ros2-rover/install/tractor_vision/lib/python3.12/site-packages:${PYTHONPATH} /usr/bin/python3 -W ignore:setup.py install is deprecated -W ignore:easy_install command is deprecated setup.py egg_info --egg-base ../../build/tractor_vision build --build-base /home/ubuntu/ros2-rover/build/tractor_vision/build install --record /home/ubuntu/ros2-rover/build/tractor_vision/install.log --single-version-externally-managed install_data
