[1.560s] Invoking command in '/home/ubuntu/ros2-rover/src/tractor_bringup': PYTHONPATH=/home/ubuntu/ros2-rover/build/tractor_bringup/prefix_override:/usr/lib/python3/dist-packages/colcon_core/task/python/colcon_distutils_commands:/home/ubuntu/ros2-rover/install/tractor_bringup/lib/python3.12/site-packages:${PYTHONPATH} /usr/bin/python3 -W ignore:setup.py install is deprecated -W ignore:easy_install command is deprecated setup.py egg_info --egg-base ../../build/tractor_bringup build --build-base /home/ubuntu/ros2-rover/build/tractor_bringup/build install --record /home/ubuntu/ros2-rover/build/tractor_bringup/install.log --single-version-externally-managed install_data
[2.032s] running egg_info
[2.066s] writing ../../build/tractor_bringup/tractor_bringup.egg-info/PKG-INFO
[2.067s] writing dependency_links to ../../build/tractor_bringup/tractor_bringup.egg-info/dependency_links.txt
[2.067s] writing entry points to ../../build/tractor_bringup/tractor_bringup.egg-info/entry_points.txt
[2.068s] writing requirements to ../../build/tractor_bringup/tractor_bringup.egg-info/requires.txt
[2.068s] writing top-level names to ../../build/tractor_bringup/tractor_bringup.egg-info/top_level.txt
[2.135s] reading manifest file '../../build/tractor_bringup/tractor_bringup.egg-info/SOURCES.txt'
[2.137s] writing manifest file '../../build/tractor_bringup/tractor_bringup.egg-info/SOURCES.txt'
[2.138s] running build
[2.138s] running build_py
[2.139s] running install
[2.148s] running install_lib
[2.184s] running install_data
[2.185s] running install_egg_info
[2.221s] removing '/home/ubuntu/ros2-rover/install/tractor_bringup/lib/python3.12/site-packages/tractor_bringup-0.0.0-py3.12.egg-info' (and everything under it)
[2.222s] Copying ../../build/tractor_bringup/tractor_bringup.egg-info to /home/ubuntu/ros2-rover/install/tractor_bringup/lib/python3.12/site-packages/tractor_bringup-0.0.0-py3.12.egg-info
[2.223s] running install_scripts
[2.456s] Installing autonomous_mapping.py script to /home/ubuntu/ros2-rover/install/tractor_bringup/lib/tractor_bringup
[2.457s] Installing safety_monitor.py script to /home/ubuntu/ros2-rover/install/tractor_bringup/lib/tractor_bringup
[2.458s] writing list of installed files to '/home/ubuntu/ros2-rover/build/tractor_bringup/install.log'
[2.576s] Invoked command in '/home/ubuntu/ros2-rover/src/tractor_bringup' returned '0': PYTHONPATH=/home/ubuntu/ros2-rover/build/tractor_bringup/prefix_override:/usr/lib/python3/dist-packages/colcon_core/task/python/colcon_distutils_commands:/home/ubuntu/ros2-rover/install/tractor_bringup/lib/python3.12/site-packages:${PYTHONPATH} /usr/bin/python3 -W ignore:setup.py install is deprecated -W ignore:easy_install command is deprecated setup.py egg_info --egg-base ../../build/tractor_bringup build --build-base /home/ubuntu/ros2-rover/build/tractor_bringup/build install --record /home/ubuntu/ros2-rover/build/tractor_bringup/install.log --single-version-externally-managed install_data
