[0.199s] DEBUG:colcon:Command line arguments: ['/usr/bin/colcon', 'build', '--symlink-install', '--event-handlers', 'console_direct+']
[0.200s] DEBUG:colcon:Parsed command line arguments: Namespace(log_base=None, log_level=None, verb_name='build', build_base='build', install_base='install', merge_install=False, symlink_install=True, test_result_base=None, continue_on_error=False, executor='parallel', parallel_workers=8, event_handlers=['console_direct+'], ignore_user_meta=False, metas=['./colcon.meta'], base_paths=['.'], packages_ignore=None, packages_ignore_regex=None, paths=None, packages_up_to=None, packages_up_to_regex=None, packages_above=None, packages_above_and_dependencies=None, packages_above_depth=None, packages_select_by_dep=None, packages_skip_by_dep=None, packages_skip_up_to=None, packages_select_build_failed=False, packages_skip_build_finished=False, packages_select_test_failures=False, packages_skip_test_passed=False, packages_select=None, packages_skip=None, packages_select_regex=None, packages_skip_regex=None, packages_start=None, packages_end=None, allow_overriding=[], cmake_args=None, cmake_target=None, cmake_target_skip_unavailable=False, cmake_clean_cache=False, cmake_clean_first=False, cmake_force_configure=False, ament_cmake_args=None, catkin_cmake_args=None, catkin_skip_building_tests=False, mixin_files=None, mixin=None, verb_parser=<colcon_mixin.mixin.mixin_argument.MixinArgumentDecorator object at 0xffff892ad6d0>, verb_extension=<colcon_core.verb.build.BuildVerb object at 0xffff89376d50>, main=<bound method BuildVerb.main of <colcon_core.verb.build.BuildVerb object at 0xffff89376d50>>, mixin_verb=('build',))
[0.271s] Level 1:colcon.colcon_core.package_discovery:discover_packages(colcon_meta) check parameters
[0.272s] Level 1:colcon.colcon_core.package_discovery:discover_packages(recursive) check parameters
[0.272s] Level 1:colcon.colcon_core.package_discovery:discover_packages(ignore) check parameters
[0.272s] Level 1:colcon.colcon_core.package_discovery:discover_packages(path) check parameters
[0.272s] Level 1:colcon.colcon_core.package_discovery:discover_packages(colcon_meta) discover
[0.272s] Level 1:colcon.colcon_core.package_discovery:discover_packages(recursive) discover
[0.272s] INFO:colcon.colcon_core.package_discovery:Crawling recursively for packages in '/home/ubuntu/ros2-rover'
[0.272s] Level 1:colcon.colcon_core.package_identification:_identify(.) by extensions ['ignore', 'ignore_ament_install']
[0.272s] Level 1:colcon.colcon_core.package_identification:_identify(.) by extension 'ignore'
[0.272s] Level 1:colcon.colcon_core.package_identification:_identify(.) by extension 'ignore_ament_install'
[0.272s] Level 1:colcon.colcon_core.package_identification:_identify(.) by extensions ['colcon_pkg']
[0.273s] Level 1:colcon.colcon_core.package_identification:_identify(.) by extension 'colcon_pkg'
[0.273s] Level 1:colcon.colcon_core.package_identification:_identify(.) by extensions ['colcon_meta']
[0.273s] Level 1:colcon.colcon_core.package_identification:_identify(.) by extension 'colcon_meta'
[0.273s] Level 1:colcon.colcon_core.package_identification:_identify(.) by extensions ['ros']
[0.273s] Level 1:colcon.colcon_core.package_identification:_identify(.) by extension 'ros'
[0.321s] Level 1:colcon.colcon_core.package_identification:_identify(.) by extensions ['cmake', 'python']
[0.321s] Level 1:colcon.colcon_core.package_identification:_identify(.) by extension 'cmake'
[0.321s] Level 1:colcon.colcon_core.package_identification:_identify(.) by extension 'python'
[0.321s] Level 1:colcon.colcon_core.package_identification:_identify(.) by extensions ['python_setup_py']
[0.321s] Level 1:colcon.colcon_core.package_identification:_identify(.) by extension 'python_setup_py'
[0.322s] Level 1:colcon.colcon_core.package_identification:_identify(build) by extensions ['ignore', 'ignore_ament_install']
[0.322s] Level 1:colcon.colcon_core.package_identification:_identify(build) by extension 'ignore'
[0.322s] Level 1:colcon.colcon_core.package_identification:_identify(build) ignored
[0.322s] Level 1:colcon.colcon_core.package_identification:_identify(install) by extensions ['ignore', 'ignore_ament_install']
[0.322s] Level 1:colcon.colcon_core.package_identification:_identify(install) by extension 'ignore'
[0.322s] Level 1:colcon.colcon_core.package_identification:_identify(install) ignored
[0.323s] Level 1:colcon.colcon_core.package_identification:_identify(log) by extensions ['ignore', 'ignore_ament_install']
[0.323s] Level 1:colcon.colcon_core.package_identification:_identify(log) by extension 'ignore'
[0.323s] Level 1:colcon.colcon_core.package_identification:_identify(log) ignored
[0.323s] Level 1:colcon.colcon_core.package_identification:_identify(maps) by extensions ['ignore', 'ignore_ament_install']
[0.323s] Level 1:colcon.colcon_core.package_identification:_identify(maps) by extension 'ignore'
[0.323s] Level 1:colcon.colcon_core.package_identification:_identify(maps) by extension 'ignore_ament_install'
[0.323s] Level 1:colcon.colcon_core.package_identification:_identify(maps) by extensions ['colcon_pkg']
[0.323s] Level 1:colcon.colcon_core.package_identification:_identify(maps) by extension 'colcon_pkg'
[0.323s] Level 1:colcon.colcon_core.package_identification:_identify(maps) by extensions ['colcon_meta']
[0.323s] Level 1:colcon.colcon_core.package_identification:_identify(maps) by extension 'colcon_meta'
[0.323s] Level 1:colcon.colcon_core.package_identification:_identify(maps) by extensions ['ros']
[0.324s] Level 1:colcon.colcon_core.package_identification:_identify(maps) by extension 'ros'
[0.324s] Level 1:colcon.colcon_core.package_identification:_identify(maps) by extensions ['cmake', 'python']
[0.324s] Level 1:colcon.colcon_core.package_identification:_identify(maps) by extension 'cmake'
[0.324s] Level 1:colcon.colcon_core.package_identification:_identify(maps) by extension 'python'
[0.324s] Level 1:colcon.colcon_core.package_identification:_identify(maps) by extensions ['python_setup_py']
[0.324s] Level 1:colcon.colcon_core.package_identification:_identify(maps) by extension 'python_setup_py'
[0.324s] Level 1:colcon.colcon_core.package_identification:_identify(maps/autonomous) by extensions ['ignore', 'ignore_ament_install']
[0.324s] Level 1:colcon.colcon_core.package_identification:_identify(maps/autonomous) by extension 'ignore'
[0.324s] Level 1:colcon.colcon_core.package_identification:_identify(maps/autonomous) by extension 'ignore_ament_install'
[0.324s] Level 1:colcon.colcon_core.package_identification:_identify(maps/autonomous) by extensions ['colcon_pkg']
[0.324s] Level 1:colcon.colcon_core.package_identification:_identify(maps/autonomous) by extension 'colcon_pkg'
[0.324s] Level 1:colcon.colcon_core.package_identification:_identify(maps/autonomous) by extensions ['colcon_meta']
[0.324s] Level 1:colcon.colcon_core.package_identification:_identify(maps/autonomous) by extension 'colcon_meta'
[0.324s] Level 1:colcon.colcon_core.package_identification:_identify(maps/autonomous) by extensions ['ros']
[0.324s] Level 1:colcon.colcon_core.package_identification:_identify(maps/autonomous) by extension 'ros'
[0.324s] Level 1:colcon.colcon_core.package_identification:_identify(maps/autonomous) by extensions ['cmake', 'python']
[0.325s] Level 1:colcon.colcon_core.package_identification:_identify(maps/autonomous) by extension 'cmake'
[0.325s] Level 1:colcon.colcon_core.package_identification:_identify(maps/autonomous) by extension 'python'
[0.325s] Level 1:colcon.colcon_core.package_identification:_identify(maps/autonomous) by extensions ['python_setup_py']
[0.325s] Level 1:colcon.colcon_core.package_identification:_identify(maps/autonomous) by extension 'python_setup_py'
[0.325s] Level 1:colcon.colcon_core.package_identification:_identify(src) by extensions ['ignore', 'ignore_ament_install']
[0.325s] Level 1:colcon.colcon_core.package_identification:_identify(src) by extension 'ignore'
[0.325s] Level 1:colcon.colcon_core.package_identification:_identify(src) by extension 'ignore_ament_install'
[0.325s] Level 1:colcon.colcon_core.package_identification:_identify(src) by extensions ['colcon_pkg']
[0.325s] Level 1:colcon.colcon_core.package_identification:_identify(src) by extension 'colcon_pkg'
[0.325s] Level 1:colcon.colcon_core.package_identification:_identify(src) by extensions ['colcon_meta']
[0.325s] Level 1:colcon.colcon_core.package_identification:_identify(src) by extension 'colcon_meta'
[0.325s] Level 1:colcon.colcon_core.package_identification:_identify(src) by extensions ['ros']
[0.325s] Level 1:colcon.colcon_core.package_identification:_identify(src) by extension 'ros'
[0.325s] Level 1:colcon.colcon_core.package_identification:_identify(src) by extensions ['cmake', 'python']
[0.325s] Level 1:colcon.colcon_core.package_identification:_identify(src) by extension 'cmake'
[0.325s] Level 1:colcon.colcon_core.package_identification:_identify(src) by extension 'python'
[0.325s] Level 1:colcon.colcon_core.package_identification:_identify(src) by extensions ['python_setup_py']
[0.326s] Level 1:colcon.colcon_core.package_identification:_identify(src) by extension 'python_setup_py'
[0.326s] Level 1:colcon.colcon_core.package_identification:_identify(src/slam_stress_test) by extensions ['ignore', 'ignore_ament_install']
[0.326s] Level 1:colcon.colcon_core.package_identification:_identify(src/slam_stress_test) by extension 'ignore'
[0.326s] Level 1:colcon.colcon_core.package_identification:_identify(src/slam_stress_test) by extension 'ignore_ament_install'
[0.326s] Level 1:colcon.colcon_core.package_identification:_identify(src/slam_stress_test) by extensions ['colcon_pkg']
[0.326s] Level 1:colcon.colcon_core.package_identification:_identify(src/slam_stress_test) by extension 'colcon_pkg'
[0.326s] Level 1:colcon.colcon_core.package_identification:_identify(src/slam_stress_test) by extensions ['colcon_meta']
[0.326s] Level 1:colcon.colcon_core.package_identification:_identify(src/slam_stress_test) by extension 'colcon_meta'
[0.326s] Level 1:colcon.colcon_core.package_identification:_identify(src/slam_stress_test) by extensions ['ros']
[0.326s] Level 1:colcon.colcon_core.package_identification:_identify(src/slam_stress_test) by extension 'ros'
[0.331s] DEBUG:colcon.colcon_core.package_identification:Package 'src/slam_stress_test' with type 'ros.ament_python' and name 'slam_stress_test'
[0.331s] Level 1:colcon.colcon_core.package_identification:_identify(src/tractor_bringup) by extensions ['ignore', 'ignore_ament_install']
[0.331s] Level 1:colcon.colcon_core.package_identification:_identify(src/tractor_bringup) by extension 'ignore'
[0.331s] Level 1:colcon.colcon_core.package_identification:_identify(src/tractor_bringup) by extension 'ignore_ament_install'
[0.331s] Level 1:colcon.colcon_core.package_identification:_identify(src/tractor_bringup) by extensions ['colcon_pkg']
[0.331s] Level 1:colcon.colcon_core.package_identification:_identify(src/tractor_bringup) by extension 'colcon_pkg'
[0.331s] Level 1:colcon.colcon_core.package_identification:_identify(src/tractor_bringup) by extensions ['colcon_meta']
[0.331s] Level 1:colcon.colcon_core.package_identification:_identify(src/tractor_bringup) by extension 'colcon_meta'
[0.332s] Level 1:colcon.colcon_core.package_identification:_identify(src/tractor_bringup) by extensions ['ros']
[0.332s] Level 1:colcon.colcon_core.package_identification:_identify(src/tractor_bringup) by extension 'ros'
[0.334s] DEBUG:colcon.colcon_core.package_identification:Package 'src/tractor_bringup' with type 'ros.ament_python' and name 'tractor_bringup'
[0.334s] Level 1:colcon.colcon_core.package_identification:_identify(src/tractor_control) by extensions ['ignore', 'ignore_ament_install']
[0.334s] Level 1:colcon.colcon_core.package_identification:_identify(src/tractor_control) by extension 'ignore'
[0.334s] Level 1:colcon.colcon_core.package_identification:_identify(src/tractor_control) by extension 'ignore_ament_install'
[0.334s] Level 1:colcon.colcon_core.package_identification:_identify(src/tractor_control) by extensions ['colcon_pkg']
[0.334s] Level 1:colcon.colcon_core.package_identification:_identify(src/tractor_control) by extension 'colcon_pkg'
[0.334s] Level 1:colcon.colcon_core.package_identification:_identify(src/tractor_control) by extensions ['colcon_meta']
[0.334s] Level 1:colcon.colcon_core.package_identification:_identify(src/tractor_control) by extension 'colcon_meta'
[0.334s] Level 1:colcon.colcon_core.package_identification:_identify(src/tractor_control) by extensions ['ros']
[0.334s] Level 1:colcon.colcon_core.package_identification:_identify(src/tractor_control) by extension 'ros'
[0.336s] DEBUG:colcon.colcon_core.package_identification:Package 'src/tractor_control' with type 'ros.ament_python' and name 'tractor_control'
[0.336s] Level 1:colcon.colcon_core.package_identification:_identify(src/tractor_coverage) by extensions ['ignore', 'ignore_ament_install']
[0.336s] Level 1:colcon.colcon_core.package_identification:_identify(src/tractor_coverage) by extension 'ignore'
[0.336s] Level 1:colcon.colcon_core.package_identification:_identify(src/tractor_coverage) by extension 'ignore_ament_install'
[0.336s] Level 1:colcon.colcon_core.package_identification:_identify(src/tractor_coverage) by extensions ['colcon_pkg']
[0.337s] Level 1:colcon.colcon_core.package_identification:_identify(src/tractor_coverage) by extension 'colcon_pkg'
[0.337s] Level 1:colcon.colcon_core.package_identification:_identify(src/tractor_coverage) by extensions ['colcon_meta']
[0.337s] Level 1:colcon.colcon_core.package_identification:_identify(src/tractor_coverage) by extension 'colcon_meta'
[0.337s] Level 1:colcon.colcon_core.package_identification:_identify(src/tractor_coverage) by extensions ['ros']
[0.337s] Level 1:colcon.colcon_core.package_identification:_identify(src/tractor_coverage) by extension 'ros'
[0.338s] DEBUG:colcon.colcon_core.package_identification:Package 'src/tractor_coverage' with type 'ros.ament_python' and name 'tractor_coverage'
[0.338s] Level 1:colcon.colcon_core.package_identification:_identify(src/tractor_implements) by extensions ['ignore', 'ignore_ament_install']
[0.338s] Level 1:colcon.colcon_core.package_identification:_identify(src/tractor_implements) by extension 'ignore'
[0.338s] Level 1:colcon.colcon_core.package_identification:_identify(src/tractor_implements) by extension 'ignore_ament_install'
[0.338s] Level 1:colcon.colcon_core.package_identification:_identify(src/tractor_implements) by extensions ['colcon_pkg']
[0.338s] Level 1:colcon.colcon_core.package_identification:_identify(src/tractor_implements) by extension 'colcon_pkg'
[0.338s] Level 1:colcon.colcon_core.package_identification:_identify(src/tractor_implements) by extensions ['colcon_meta']
[0.338s] Level 1:colcon.colcon_core.package_identification:_identify(src/tractor_implements) by extension 'colcon_meta'
[0.338s] Level 1:colcon.colcon_core.package_identification:_identify(src/tractor_implements) by extensions ['ros']
[0.338s] Level 1:colcon.colcon_core.package_identification:_identify(src/tractor_implements) by extension 'ros'
[0.339s] DEBUG:colcon.colcon_core.package_identification:Package 'src/tractor_implements' with type 'ros.ament_python' and name 'tractor_implements'
[0.340s] Level 1:colcon.colcon_core.package_identification:_identify(src/tractor_sensors) by extensions ['ignore', 'ignore_ament_install']
[0.340s] Level 1:colcon.colcon_core.package_identification:_identify(src/tractor_sensors) by extension 'ignore'
[0.340s] Level 1:colcon.colcon_core.package_identification:_identify(src/tractor_sensors) by extension 'ignore_ament_install'
[0.340s] Level 1:colcon.colcon_core.package_identification:_identify(src/tractor_sensors) by extensions ['colcon_pkg']
[0.340s] Level 1:colcon.colcon_core.package_identification:_identify(src/tractor_sensors) by extension 'colcon_pkg'
[0.340s] Level 1:colcon.colcon_core.package_identification:_identify(src/tractor_sensors) by extensions ['colcon_meta']
[0.340s] Level 1:colcon.colcon_core.package_identification:_identify(src/tractor_sensors) by extension 'colcon_meta'
[0.340s] Level 1:colcon.colcon_core.package_identification:_identify(src/tractor_sensors) by extensions ['ros']
[0.340s] Level 1:colcon.colcon_core.package_identification:_identify(src/tractor_sensors) by extension 'ros'
[0.341s] DEBUG:colcon.colcon_core.package_identification:Package 'src/tractor_sensors' with type 'ros.ament_python' and name 'tractor_sensors'
[0.341s] Level 1:colcon.colcon_core.package_identification:_identify(src/tractor_vision) by extensions ['ignore', 'ignore_ament_install']
[0.341s] Level 1:colcon.colcon_core.package_identification:_identify(src/tractor_vision) by extension 'ignore'
[0.341s] Level 1:colcon.colcon_core.package_identification:_identify(src/tractor_vision) by extension 'ignore_ament_install'
[0.342s] Level 1:colcon.colcon_core.package_identification:_identify(src/tractor_vision) by extensions ['colcon_pkg']
[0.342s] Level 1:colcon.colcon_core.package_identification:_identify(src/tractor_vision) by extension 'colcon_pkg'
[0.342s] Level 1:colcon.colcon_core.package_identification:_identify(src/tractor_vision) by extensions ['colcon_meta']
[0.342s] Level 1:colcon.colcon_core.package_identification:_identify(src/tractor_vision) by extension 'colcon_meta'
[0.342s] Level 1:colcon.colcon_core.package_identification:_identify(src/tractor_vision) by extensions ['ros']
[0.342s] Level 1:colcon.colcon_core.package_identification:_identify(src/tractor_vision) by extension 'ros'
[0.343s] DEBUG:colcon.colcon_core.package_identification:Package 'src/tractor_vision' with type 'ros.ament_python' and name 'tractor_vision'
[0.343s] Level 1:colcon.colcon_core.package_discovery:discover_packages(recursive) using defaults
[0.343s] Level 1:colcon.colcon_core.package_discovery:discover_packages(ignore) discover
[0.343s] Level 1:colcon.colcon_core.package_discovery:discover_packages(ignore) using defaults
[0.343s] Level 1:colcon.colcon_core.package_discovery:discover_packages(path) discover
[0.344s] Level 1:colcon.colcon_core.package_discovery:discover_packages(path) using defaults
[0.375s] Level 1:colcon.colcon_core.package_discovery:discover_packages(prefix_path) check parameters
[0.376s] Level 1:colcon.colcon_core.package_discovery:discover_packages(prefix_path) discover
[0.379s] DEBUG:colcon.colcon_installed_package_information.package_discovery:Found 7 installed packages in /home/ubuntu/ros2-rover/install
[0.382s] DEBUG:colcon.colcon_installed_package_information.package_discovery:Found 392 installed packages in /opt/ros/jazzy
[0.386s] Level 1:colcon.colcon_core.package_discovery:discover_packages(prefix_path) using defaults
[0.478s] Level 5:colcon.colcon_core.verb:set package 'slam_stress_test' build argument 'cmake_args' from command line to 'None'
[0.479s] Level 5:colcon.colcon_core.verb:set package 'slam_stress_test' build argument 'cmake_target' from command line to 'None'
[0.479s] Level 5:colcon.colcon_core.verb:set package 'slam_stress_test' build argument 'cmake_target_skip_unavailable' from command line to 'False'
[0.479s] Level 5:colcon.colcon_core.verb:set package 'slam_stress_test' build argument 'cmake_clean_cache' from command line to 'False'
[0.479s] Level 5:colcon.colcon_core.verb:set package 'slam_stress_test' build argument 'cmake_clean_first' from command line to 'False'
[0.479s] Level 5:colcon.colcon_core.verb:set package 'slam_stress_test' build argument 'cmake_force_configure' from command line to 'False'
[0.479s] Level 5:colcon.colcon_core.verb:set package 'slam_stress_test' build argument 'ament_cmake_args' from command line to 'None'
[0.479s] Level 5:colcon.colcon_core.verb:set package 'slam_stress_test' build argument 'catkin_cmake_args' from command line to 'None'
[0.479s] Level 5:colcon.colcon_core.verb:set package 'slam_stress_test' build argument 'catkin_skip_building_tests' from command line to 'False'
[0.479s] DEBUG:colcon.colcon_core.verb:Building package 'slam_stress_test' with the following arguments: {'ament_cmake_args': None, 'build_base': '/home/ubuntu/ros2-rover/build/slam_stress_test', 'catkin_cmake_args': None, 'catkin_skip_building_tests': False, 'cmake_args': None, 'cmake_clean_cache': False, 'cmake_clean_first': False, 'cmake_force_configure': False, 'cmake_target': None, 'cmake_target_skip_unavailable': False, 'install_base': '/home/ubuntu/ros2-rover/install/slam_stress_test', 'merge_install': False, 'path': '/home/ubuntu/ros2-rover/src/slam_stress_test', 'symlink_install': True, 'test_result_base': None}
[0.479s] Level 5:colcon.colcon_core.verb:set package 'tractor_bringup' build argument 'cmake_args' from command line to 'None'
[0.479s] Level 5:colcon.colcon_core.verb:set package 'tractor_bringup' build argument 'cmake_target' from command line to 'None'
[0.480s] Level 5:colcon.colcon_core.verb:set package 'tractor_bringup' build argument 'cmake_target_skip_unavailable' from command line to 'False'
[0.480s] Level 5:colcon.colcon_core.verb:set package 'tractor_bringup' build argument 'cmake_clean_cache' from command line to 'False'
[0.480s] Level 5:colcon.colcon_core.verb:set package 'tractor_bringup' build argument 'cmake_clean_first' from command line to 'False'
[0.480s] Level 5:colcon.colcon_core.verb:set package 'tractor_bringup' build argument 'cmake_force_configure' from command line to 'False'
[0.480s] Level 5:colcon.colcon_core.verb:set package 'tractor_bringup' build argument 'ament_cmake_args' from command line to 'None'
[0.480s] Level 5:colcon.colcon_core.verb:set package 'tractor_bringup' build argument 'catkin_cmake_args' from command line to 'None'
[0.480s] Level 5:colcon.colcon_core.verb:set package 'tractor_bringup' build argument 'catkin_skip_building_tests' from command line to 'False'
[0.480s] DEBUG:colcon.colcon_core.verb:Building package 'tractor_bringup' with the following arguments: {'ament_cmake_args': None, 'build_base': '/home/ubuntu/ros2-rover/build/tractor_bringup', 'catkin_cmake_args': None, 'catkin_skip_building_tests': False, 'cmake_args': None, 'cmake_clean_cache': False, 'cmake_clean_first': False, 'cmake_force_configure': False, 'cmake_target': None, 'cmake_target_skip_unavailable': False, 'install_base': '/home/ubuntu/ros2-rover/install/tractor_bringup', 'merge_install': False, 'path': '/home/ubuntu/ros2-rover/src/tractor_bringup', 'symlink_install': True, 'test_result_base': None}
[0.480s] Level 5:colcon.colcon_core.verb:set package 'tractor_control' build argument 'cmake_args' from command line to 'None'
[0.480s] Level 5:colcon.colcon_core.verb:set package 'tractor_control' build argument 'cmake_target' from command line to 'None'
[0.480s] Level 5:colcon.colcon_core.verb:set package 'tractor_control' build argument 'cmake_target_skip_unavailable' from command line to 'False'
[0.480s] Level 5:colcon.colcon_core.verb:set package 'tractor_control' build argument 'cmake_clean_cache' from command line to 'False'
[0.480s] Level 5:colcon.colcon_core.verb:set package 'tractor_control' build argument 'cmake_clean_first' from command line to 'False'
[0.480s] Level 5:colcon.colcon_core.verb:set package 'tractor_control' build argument 'cmake_force_configure' from command line to 'False'
[0.480s] Level 5:colcon.colcon_core.verb:set package 'tractor_control' build argument 'ament_cmake_args' from command line to 'None'
[0.480s] Level 5:colcon.colcon_core.verb:set package 'tractor_control' build argument 'catkin_cmake_args' from command line to 'None'
[0.480s] Level 5:colcon.colcon_core.verb:set package 'tractor_control' build argument 'catkin_skip_building_tests' from command line to 'False'
[0.480s] DEBUG:colcon.colcon_core.verb:Building package 'tractor_control' with the following arguments: {'ament_cmake_args': None, 'build_base': '/home/ubuntu/ros2-rover/build/tractor_control', 'catkin_cmake_args': None, 'catkin_skip_building_tests': False, 'cmake_args': None, 'cmake_clean_cache': False, 'cmake_clean_first': False, 'cmake_force_configure': False, 'cmake_target': None, 'cmake_target_skip_unavailable': False, 'install_base': '/home/ubuntu/ros2-rover/install/tractor_control', 'merge_install': False, 'path': '/home/ubuntu/ros2-rover/src/tractor_control', 'symlink_install': True, 'test_result_base': None}
[0.481s] Level 5:colcon.colcon_core.verb:set package 'tractor_coverage' build argument 'cmake_args' from command line to 'None'
[0.481s] Level 5:colcon.colcon_core.verb:set package 'tractor_coverage' build argument 'cmake_target' from command line to 'None'
[0.481s] Level 5:colcon.colcon_core.verb:set package 'tractor_coverage' build argument 'cmake_target_skip_unavailable' from command line to 'False'
[0.481s] Level 5:colcon.colcon_core.verb:set package 'tractor_coverage' build argument 'cmake_clean_cache' from command line to 'False'
[0.481s] Level 5:colcon.colcon_core.verb:set package 'tractor_coverage' build argument 'cmake_clean_first' from command line to 'False'
[0.481s] Level 5:colcon.colcon_core.verb:set package 'tractor_coverage' build argument 'cmake_force_configure' from command line to 'False'
[0.481s] Level 5:colcon.colcon_core.verb:set package 'tractor_coverage' build argument 'ament_cmake_args' from command line to 'None'
[0.481s] Level 5:colcon.colcon_core.verb:set package 'tractor_coverage' build argument 'catkin_cmake_args' from command line to 'None'
[0.481s] Level 5:colcon.colcon_core.verb:set package 'tractor_coverage' build argument 'catkin_skip_building_tests' from command line to 'False'
[0.481s] DEBUG:colcon.colcon_core.verb:Building package 'tractor_coverage' with the following arguments: {'ament_cmake_args': None, 'build_base': '/home/ubuntu/ros2-rover/build/tractor_coverage', 'catkin_cmake_args': None, 'catkin_skip_building_tests': False, 'cmake_args': None, 'cmake_clean_cache': False, 'cmake_clean_first': False, 'cmake_force_configure': False, 'cmake_target': None, 'cmake_target_skip_unavailable': False, 'install_base': '/home/ubuntu/ros2-rover/install/tractor_coverage', 'merge_install': False, 'path': '/home/ubuntu/ros2-rover/src/tractor_coverage', 'symlink_install': True, 'test_result_base': None}
[0.481s] Level 5:colcon.colcon_core.verb:set package 'tractor_implements' build argument 'cmake_args' from command line to 'None'
[0.481s] Level 5:colcon.colcon_core.verb:set package 'tractor_implements' build argument 'cmake_target' from command line to 'None'
[0.481s] Level 5:colcon.colcon_core.verb:set package 'tractor_implements' build argument 'cmake_target_skip_unavailable' from command line to 'False'
[0.481s] Level 5:colcon.colcon_core.verb:set package 'tractor_implements' build argument 'cmake_clean_cache' from command line to 'False'
[0.481s] Level 5:colcon.colcon_core.verb:set package 'tractor_implements' build argument 'cmake_clean_first' from command line to 'False'
[0.481s] Level 5:colcon.colcon_core.verb:set package 'tractor_implements' build argument 'cmake_force_configure' from command line to 'False'
[0.481s] Level 5:colcon.colcon_core.verb:set package 'tractor_implements' build argument 'ament_cmake_args' from command line to 'None'
[0.482s] Level 5:colcon.colcon_core.verb:set package 'tractor_implements' build argument 'catkin_cmake_args' from command line to 'None'
[0.482s] Level 5:colcon.colcon_core.verb:set package 'tractor_implements' build argument 'catkin_skip_building_tests' from command line to 'False'
[0.482s] DEBUG:colcon.colcon_core.verb:Building package 'tractor_implements' with the following arguments: {'ament_cmake_args': None, 'build_base': '/home/ubuntu/ros2-rover/build/tractor_implements', 'catkin_cmake_args': None, 'catkin_skip_building_tests': False, 'cmake_args': None, 'cmake_clean_cache': False, 'cmake_clean_first': False, 'cmake_force_configure': False, 'cmake_target': None, 'cmake_target_skip_unavailable': False, 'install_base': '/home/ubuntu/ros2-rover/install/tractor_implements', 'merge_install': False, 'path': '/home/ubuntu/ros2-rover/src/tractor_implements', 'symlink_install': True, 'test_result_base': None}
[0.482s] Level 5:colcon.colcon_core.verb:set package 'tractor_sensors' build argument 'cmake_args' from command line to 'None'
[0.482s] Level 5:colcon.colcon_core.verb:set package 'tractor_sensors' build argument 'cmake_target' from command line to 'None'
[0.482s] Level 5:colcon.colcon_core.verb:set package 'tractor_sensors' build argument 'cmake_target_skip_unavailable' from command line to 'False'
[0.482s] Level 5:colcon.colcon_core.verb:set package 'tractor_sensors' build argument 'cmake_clean_cache' from command line to 'False'
[0.482s] Level 5:colcon.colcon_core.verb:set package 'tractor_sensors' build argument 'cmake_clean_first' from command line to 'False'
[0.482s] Level 5:colcon.colcon_core.verb:set package 'tractor_sensors' build argument 'cmake_force_configure' from command line to 'False'
[0.482s] Level 5:colcon.colcon_core.verb:set package 'tractor_sensors' build argument 'ament_cmake_args' from command line to 'None'
[0.482s] Level 5:colcon.colcon_core.verb:set package 'tractor_sensors' build argument 'catkin_cmake_args' from command line to 'None'
[0.482s] Level 5:colcon.colcon_core.verb:set package 'tractor_sensors' build argument 'catkin_skip_building_tests' from command line to 'False'
[0.482s] DEBUG:colcon.colcon_core.verb:Building package 'tractor_sensors' with the following arguments: {'ament_cmake_args': None, 'build_base': '/home/ubuntu/ros2-rover/build/tractor_sensors', 'catkin_cmake_args': None, 'catkin_skip_building_tests': False, 'cmake_args': None, 'cmake_clean_cache': False, 'cmake_clean_first': False, 'cmake_force_configure': False, 'cmake_target': None, 'cmake_target_skip_unavailable': False, 'install_base': '/home/ubuntu/ros2-rover/install/tractor_sensors', 'merge_install': False, 'path': '/home/ubuntu/ros2-rover/src/tractor_sensors', 'symlink_install': True, 'test_result_base': None}
[0.482s] Level 5:colcon.colcon_core.verb:set package 'tractor_vision' build argument 'cmake_args' from command line to 'None'
[0.482s] Level 5:colcon.colcon_core.verb:set package 'tractor_vision' build argument 'cmake_target' from command line to 'None'
[0.483s] Level 5:colcon.colcon_core.verb:set package 'tractor_vision' build argument 'cmake_target_skip_unavailable' from command line to 'False'
[0.483s] Level 5:colcon.colcon_core.verb:set package 'tractor_vision' build argument 'cmake_clean_cache' from command line to 'False'
[0.483s] Level 5:colcon.colcon_core.verb:set package 'tractor_vision' build argument 'cmake_clean_first' from command line to 'False'
[0.483s] Level 5:colcon.colcon_core.verb:set package 'tractor_vision' build argument 'cmake_force_configure' from command line to 'False'
[0.483s] Level 5:colcon.colcon_core.verb:set package 'tractor_vision' build argument 'ament_cmake_args' from command line to 'None'
[0.483s] Level 5:colcon.colcon_core.verb:set package 'tractor_vision' build argument 'catkin_cmake_args' from command line to 'None'
[0.483s] Level 5:colcon.colcon_core.verb:set package 'tractor_vision' build argument 'catkin_skip_building_tests' from command line to 'False'
[0.483s] DEBUG:colcon.colcon_core.verb:Building package 'tractor_vision' with the following arguments: {'ament_cmake_args': None, 'build_base': '/home/ubuntu/ros2-rover/build/tractor_vision', 'catkin_cmake_args': None, 'catkin_skip_building_tests': False, 'cmake_args': None, 'cmake_clean_cache': False, 'cmake_clean_first': False, 'cmake_force_configure': False, 'cmake_target': None, 'cmake_target_skip_unavailable': False, 'install_base': '/home/ubuntu/ros2-rover/install/tractor_vision', 'merge_install': False, 'path': '/home/ubuntu/ros2-rover/src/tractor_vision', 'symlink_install': True, 'test_result_base': None}
[0.483s] INFO:colcon.colcon_core.executor:Executing jobs using 'parallel' executor
[0.485s] DEBUG:colcon.colcon_parallel_executor.executor.parallel:run_until_complete
[0.485s] INFO:colcon.colcon_ros.task.ament_python.build:Building ROS package in '/home/ubuntu/ros2-rover/src/slam_stress_test' with build type 'ament_python'
[0.485s] Level 1:colcon.colcon_core.shell:create_environment_hook('slam_stress_test', 'ament_prefix_path')
[0.490s] INFO:colcon.colcon_core.plugin_system:Skipping extension 'colcon_core.shell.bat': Not used on non-Windows systems
[0.491s] INFO:colcon.colcon_core.shell:Creating environment hook '/home/ubuntu/ros2-rover/install/slam_stress_test/share/slam_stress_test/hook/ament_prefix_path.ps1'
[0.492s] INFO:colcon.colcon_core.shell:Creating environment descriptor '/home/ubuntu/ros2-rover/install/slam_stress_test/share/slam_stress_test/hook/ament_prefix_path.dsv'
[0.493s] INFO:colcon.colcon_core.shell:Creating environment hook '/home/ubuntu/ros2-rover/install/slam_stress_test/share/slam_stress_test/hook/ament_prefix_path.sh'
[0.494s] INFO:colcon.colcon_core.shell:Skip shell extension 'powershell' for command environment: Not usable outside of PowerShell
[0.494s] DEBUG:colcon.colcon_core.shell:Skip shell extension 'dsv' for command environment
[0.500s] INFO:colcon.colcon_ros.task.ament_python.build:Building ROS package in '/home/ubuntu/ros2-rover/src/tractor_bringup' with build type 'ament_python'
[0.500s] Level 1:colcon.colcon_core.shell:create_environment_hook('tractor_bringup', 'ament_prefix_path')
[0.501s] INFO:colcon.colcon_core.shell:Creating environment hook '/home/ubuntu/ros2-rover/install/tractor_bringup/share/tractor_bringup/hook/ament_prefix_path.ps1'
[0.502s] INFO:colcon.colcon_core.shell:Creating environment descriptor '/home/ubuntu/ros2-rover/install/tractor_bringup/share/tractor_bringup/hook/ament_prefix_path.dsv'
[0.502s] INFO:colcon.colcon_core.shell:Creating environment hook '/home/ubuntu/ros2-rover/install/tractor_bringup/share/tractor_bringup/hook/ament_prefix_path.sh'
[0.503s] INFO:colcon.colcon_core.shell:Skip shell extension 'powershell' for command environment: Not usable outside of PowerShell
[0.503s] DEBUG:colcon.colcon_core.shell:Skip shell extension 'dsv' for command environment
[0.509s] INFO:colcon.colcon_ros.task.ament_python.build:Building ROS package in '/home/ubuntu/ros2-rover/src/tractor_control' with build type 'ament_python'
[0.510s] Level 1:colcon.colcon_core.shell:create_environment_hook('tractor_control', 'ament_prefix_path')
[0.510s] INFO:colcon.colcon_core.shell:Creating environment hook '/home/ubuntu/ros2-rover/install/tractor_control/share/tractor_control/hook/ament_prefix_path.ps1'
[0.511s] INFO:colcon.colcon_core.shell:Creating environment descriptor '/home/ubuntu/ros2-rover/install/tractor_control/share/tractor_control/hook/ament_prefix_path.dsv'
[0.511s] INFO:colcon.colcon_core.shell:Creating environment hook '/home/ubuntu/ros2-rover/install/tractor_control/share/tractor_control/hook/ament_prefix_path.sh'
[0.512s] INFO:colcon.colcon_core.shell:Skip shell extension 'powershell' for command environment: Not usable outside of PowerShell
[0.512s] DEBUG:colcon.colcon_core.shell:Skip shell extension 'dsv' for command environment
[0.518s] INFO:colcon.colcon_ros.task.ament_python.build:Building ROS package in '/home/ubuntu/ros2-rover/src/tractor_coverage' with build type 'ament_python'
[0.518s] Level 1:colcon.colcon_core.shell:create_environment_hook('tractor_coverage', 'ament_prefix_path')
[0.519s] INFO:colcon.colcon_core.shell:Creating environment hook '/home/ubuntu/ros2-rover/install/tractor_coverage/share/tractor_coverage/hook/ament_prefix_path.ps1'
[0.520s] INFO:colcon.colcon_core.shell:Creating environment descriptor '/home/ubuntu/ros2-rover/install/tractor_coverage/share/tractor_coverage/hook/ament_prefix_path.dsv'
[0.520s] INFO:colcon.colcon_core.shell:Creating environment hook '/home/ubuntu/ros2-rover/install/tractor_coverage/share/tractor_coverage/hook/ament_prefix_path.sh'
[0.521s] INFO:colcon.colcon_core.shell:Skip shell extension 'powershell' for command environment: Not usable outside of PowerShell
[0.521s] DEBUG:colcon.colcon_core.shell:Skip shell extension 'dsv' for command environment
[0.527s] INFO:colcon.colcon_ros.task.ament_python.build:Building ROS package in '/home/ubuntu/ros2-rover/src/tractor_implements' with build type 'ament_python'
[0.527s] Level 1:colcon.colcon_core.shell:create_environment_hook('tractor_implements', 'ament_prefix_path')
[0.527s] INFO:colcon.colcon_core.shell:Creating environment hook '/home/ubuntu/ros2-rover/install/tractor_implements/share/tractor_implements/hook/ament_prefix_path.ps1'
[0.528s] INFO:colcon.colcon_core.shell:Creating environment descriptor '/home/ubuntu/ros2-rover/install/tractor_implements/share/tractor_implements/hook/ament_prefix_path.dsv'
[0.529s] INFO:colcon.colcon_core.shell:Creating environment hook '/home/ubuntu/ros2-rover/install/tractor_implements/share/tractor_implements/hook/ament_prefix_path.sh'
[0.530s] INFO:colcon.colcon_core.shell:Skip shell extension 'powershell' for command environment: Not usable outside of PowerShell
[0.530s] DEBUG:colcon.colcon_core.shell:Skip shell extension 'dsv' for command environment
[0.536s] INFO:colcon.colcon_ros.task.ament_python.build:Building ROS package in '/home/ubuntu/ros2-rover/src/tractor_sensors' with build type 'ament_python'
[0.536s] Level 1:colcon.colcon_core.shell:create_environment_hook('tractor_sensors', 'ament_prefix_path')
[0.536s] INFO:colcon.colcon_core.shell:Creating environment hook '/home/ubuntu/ros2-rover/install/tractor_sensors/share/tractor_sensors/hook/ament_prefix_path.ps1'
[0.537s] INFO:colcon.colcon_core.shell:Creating environment descriptor '/home/ubuntu/ros2-rover/install/tractor_sensors/share/tractor_sensors/hook/ament_prefix_path.dsv'
[0.538s] INFO:colcon.colcon_core.shell:Creating environment hook '/home/ubuntu/ros2-rover/install/tractor_sensors/share/tractor_sensors/hook/ament_prefix_path.sh'
[0.539s] INFO:colcon.colcon_core.shell:Skip shell extension 'powershell' for command environment: Not usable outside of PowerShell
[0.539s] DEBUG:colcon.colcon_core.shell:Skip shell extension 'dsv' for command environment
[0.545s] INFO:colcon.colcon_ros.task.ament_python.build:Building ROS package in '/home/ubuntu/ros2-rover/src/tractor_vision' with build type 'ament_python'
[0.545s] Level 1:colcon.colcon_core.shell:create_environment_hook('tractor_vision', 'ament_prefix_path')
[0.545s] INFO:colcon.colcon_core.shell:Creating environment hook '/home/ubuntu/ros2-rover/install/tractor_vision/share/tractor_vision/hook/ament_prefix_path.ps1'
[0.546s] INFO:colcon.colcon_core.shell:Creating environment descriptor '/home/ubuntu/ros2-rover/install/tractor_vision/share/tractor_vision/hook/ament_prefix_path.dsv'
[0.547s] INFO:colcon.colcon_core.shell:Creating environment hook '/home/ubuntu/ros2-rover/install/tractor_vision/share/tractor_vision/hook/ament_prefix_path.sh'
[0.548s] INFO:colcon.colcon_core.shell:Skip shell extension 'powershell' for command environment: Not usable outside of PowerShell
[0.548s] DEBUG:colcon.colcon_core.shell:Skip shell extension 'dsv' for command environment
[0.971s] INFO:colcon.colcon_core.task.python.build:Building Python package in '/home/ubuntu/ros2-rover/src/slam_stress_test'
[0.972s] INFO:colcon.colcon_core.shell:Skip shell extension 'powershell' for command environment: Not usable outside of PowerShell
[0.973s] DEBUG:colcon.colcon_core.shell:Skip shell extension 'dsv' for command environment
[1.390s] INFO:colcon.colcon_core.task.python.build:Building Python package in '/home/ubuntu/ros2-rover/src/tractor_bringup'
[1.390s] INFO:colcon.colcon_core.shell:Skip shell extension 'powershell' for command environment: Not usable outside of PowerShell
[1.391s] DEBUG:colcon.colcon_core.shell:Skip shell extension 'dsv' for command environment
[1.825s] INFO:colcon.colcon_core.task.python.build:Building Python package in '/home/ubuntu/ros2-rover/src/tractor_control'
[1.826s] INFO:colcon.colcon_core.shell:Skip shell extension 'powershell' for command environment: Not usable outside of PowerShell
[1.826s] DEBUG:colcon.colcon_core.shell:Skip shell extension 'dsv' for command environment
[2.252s] INFO:colcon.colcon_core.task.python.build:Building Python package in '/home/ubuntu/ros2-rover/src/tractor_coverage'
[2.253s] INFO:colcon.colcon_core.shell:Skip shell extension 'powershell' for command environment: Not usable outside of PowerShell
[2.253s] DEBUG:colcon.colcon_core.shell:Skip shell extension 'dsv' for command environment
[2.687s] INFO:colcon.colcon_core.task.python.build:Building Python package in '/home/ubuntu/ros2-rover/src/tractor_implements'
[2.688s] INFO:colcon.colcon_core.shell:Skip shell extension 'powershell' for command environment: Not usable outside of PowerShell
[2.688s] DEBUG:colcon.colcon_core.shell:Skip shell extension 'dsv' for command environment
[3.124s] INFO:colcon.colcon_core.task.python.build:Building Python package in '/home/ubuntu/ros2-rover/src/tractor_sensors'
[3.124s] INFO:colcon.colcon_core.shell:Skip shell extension 'powershell' for command environment: Not usable outside of PowerShell
[3.125s] DEBUG:colcon.colcon_core.shell:Skip shell extension 'dsv' for command environment
[3.551s] INFO:colcon.colcon_core.task.python.build:Building Python package in '/home/ubuntu/ros2-rover/src/tractor_vision'
[3.552s] INFO:colcon.colcon_core.shell:Skip shell extension 'powershell' for command environment: Not usable outside of PowerShell
[3.552s] DEBUG:colcon.colcon_core.shell:Skip shell extension 'dsv' for command environment
[4.638s] DEBUG:colcon.colcon_core.event_handler.log_command:Invoking command in '/home/ubuntu/ros2-rover/build/tractor_coverage': PYTHONPATH=/home/ubuntu/ros2-rover/build/tractor_coverage/prefix_override:/usr/lib/python3/dist-packages/colcon_core/task/python/colcon_distutils_commands:/home/ubuntu/ros2-rover/install/tractor_coverage/lib/python3.12/site-packages:${PYTHONPATH} /usr/bin/python3 -W ignore:setup.py install is deprecated -W ignore:easy_install command is deprecated setup.py develop --editable --build-directory /home/ubuntu/ros2-rover/build/tractor_coverage/build --no-deps symlink_data
[4.649s] DEBUG:colcon.colcon_core.event_handler.log_command:Invoking command in '/home/ubuntu/ros2-rover/build/tractor_control': PYTHONPATH=/home/ubuntu/ros2-rover/build/tractor_control/prefix_override:/usr/lib/python3/dist-packages/colcon_core/task/python/colcon_distutils_commands:/home/ubuntu/ros2-rover/install/tractor_control/lib/python3.12/site-packages:${PYTHONPATH} /usr/bin/python3 -W ignore:setup.py install is deprecated -W ignore:easy_install command is deprecated setup.py develop --editable --build-directory /home/ubuntu/ros2-rover/build/tractor_control/build --no-deps symlink_data
[4.649s] DEBUG:colcon.colcon_core.task.python.build:While undoing a previous installation files outside the Python library path are being ignored: /home/ubuntu/ros2-rover/install/tractor_bringup/share/ament_index/resource_index/packages/tractor_bringup
[4.650s] DEBUG:colcon.colcon_core.task.python.build:While undoing a previous installation files outside the Python library path are being ignored: /home/ubuntu/ros2-rover/install/tractor_bringup/share/tractor_bringup/package.xml
[4.650s] DEBUG:colcon.colcon_core.task.python.build:While undoing a previous installation files outside the Python library path are being ignored: /home/ubuntu/ros2-rover/install/tractor_bringup/share/tractor_bringup/launch/robot_description.launch.py
[4.650s] DEBUG:colcon.colcon_core.task.python.build:While undoing a previous installation files outside the Python library path are being ignored: /home/ubuntu/ros2-rover/install/tractor_bringup/share/tractor_bringup/launch/autonomous_mapping_minimal.launch.py
[4.650s] DEBUG:colcon.colcon_core.task.python.build:While undoing a previous installation files outside the Python library path are being ignored: /home/ubuntu/ros2-rover/install/tractor_bringup/share/tractor_bringup/urdf/tractor.urdf.xacro
[4.650s] DEBUG:colcon.colcon_core.task.python.build:While undoing a previous installation files outside the Python library path are being ignored: /home/ubuntu/ros2-rover/install/tractor_bringup/share/tractor_bringup/config/realsense_config.yaml
[4.650s] DEBUG:colcon.colcon_core.task.python.build:While undoing a previous installation files outside the Python library path are being ignored: /home/ubuntu/ros2-rover/install/tractor_bringup/share/tractor_bringup/config/nav2_params.yaml
[4.650s] DEBUG:colcon.colcon_core.task.python.build:While undoing a previous installation files outside the Python library path are being ignored: /home/ubuntu/ros2-rover/install/tractor_bringup/share/tractor_bringup/config/slam_toolbox_params.yaml
[4.651s] DEBUG:colcon.colcon_core.task.python.build:While undoing a previous installation files outside the Python library path are being ignored: /home/ubuntu/ros2-rover/install/tractor_bringup/share/tractor_bringup/config/pointcloud_to_laserscan.yaml
[4.651s] DEBUG:colcon.colcon_core.task.python.build:While undoing a previous installation files outside the Python library path are being ignored: /home/ubuntu/ros2-rover/install/tractor_bringup/share/tractor_bringup/config/hiwonder_motor_params.yaml
[4.651s] DEBUG:colcon.colcon_core.task.python.build:While undoing a previous installation files outside the Python library path are being ignored: /home/ubuntu/ros2-rover/install/tractor_bringup/share/tractor_bringup/maps/yard_map.yaml
[4.651s] DEBUG:colcon.colcon_core.task.python.build:While undoing a previous installation files outside the Python library path are being ignored: /home/ubuntu/ros2-rover/install/tractor_bringup/share/tractor_bringup/maps/yard_map.pgm
[4.652s] DEBUG:colcon.colcon_core.task.python.build:While undoing a previous installation files outside the Python library path are being ignored: /home/ubuntu/ros2-rover/install/tractor_bringup/lib/tractor_bringup/autonomous_mapping.py
[4.652s] DEBUG:colcon.colcon_core.task.python.build:While undoing a previous installation files outside the Python library path are being ignored: /home/ubuntu/ros2-rover/install/tractor_bringup/lib/tractor_bringup/safety_monitor.py
[4.660s] DEBUG:colcon.colcon_core.event_handler.log_command:Invoking command in '/home/ubuntu/ros2-rover/build/tractor_bringup': PYTHONPATH=/home/ubuntu/ros2-rover/build/tractor_bringup/prefix_override:/usr/lib/python3/dist-packages/colcon_core/task/python/colcon_distutils_commands:/home/ubuntu/ros2-rover/install/tractor_bringup/lib/python3.12/site-packages:${PYTHONPATH} /usr/bin/python3 -W ignore:setup.py install is deprecated -W ignore:easy_install command is deprecated setup.py develop --editable --build-directory /home/ubuntu/ros2-rover/build/tractor_bringup/build --no-deps symlink_data --force
[4.666s] DEBUG:colcon.colcon_core.event_handler.log_command:Invoking command in '/home/ubuntu/ros2-rover/build/tractor_vision': PYTHONPATH=/home/ubuntu/ros2-rover/build/tractor_vision/prefix_override:/usr/lib/python3/dist-packages/colcon_core/task/python/colcon_distutils_commands:/home/ubuntu/ros2-rover/install/tractor_vision/lib/python3.12/site-packages:${PYTHONPATH} /usr/bin/python3 -W ignore:setup.py install is deprecated -W ignore:easy_install command is deprecated setup.py develop --editable --build-directory /home/ubuntu/ros2-rover/build/tractor_vision/build --no-deps symlink_data
[5.330s] DEBUG:colcon.colcon_core.event_handler.log_command:Invoking command in '/home/ubuntu/ros2-rover/build/slam_stress_test': PYTHONPATH=/home/ubuntu/ros2-rover/build/slam_stress_test/prefix_override:/usr/lib/python3/dist-packages/colcon_core/task/python/colcon_distutils_commands:/home/ubuntu/ros2-rover/install/slam_stress_test/lib/python3.12/site-packages:${PYTHONPATH} /usr/bin/python3 -W ignore:setup.py install is deprecated -W ignore:easy_install command is deprecated setup.py develop --editable --build-directory /home/ubuntu/ros2-rover/build/slam_stress_test/build --no-deps symlink_data
[5.354s] DEBUG:colcon.colcon_core.event_handler.log_command:Invoking command in '/home/ubuntu/ros2-rover/build/tractor_implements': PYTHONPATH=/home/ubuntu/ros2-rover/build/tractor_implements/prefix_override:/usr/lib/python3/dist-packages/colcon_core/task/python/colcon_distutils_commands:/home/ubuntu/ros2-rover/install/tractor_implements/lib/python3.12/site-packages:${PYTHONPATH} /usr/bin/python3 -W ignore:setup.py install is deprecated -W ignore:easy_install command is deprecated setup.py develop --editable --build-directory /home/ubuntu/ros2-rover/build/tractor_implements/build --no-deps symlink_data
[5.747s] Level 1:colcon.colcon_core.shell:create_environment_hook('tractor_coverage', 'pythonpath_develop')
[5.748s] INFO:colcon.colcon_core.shell:Creating environment hook '/home/ubuntu/ros2-rover/build/tractor_coverage/share/tractor_coverage/hook/pythonpath_develop.ps1'
[5.750s] DEBUG:colcon.colcon_core.event_handler.log_command:Invoked command in '/home/ubuntu/ros2-rover/build/tractor_coverage' returned '0': PYTHONPATH=/home/ubuntu/ros2-rover/build/tractor_coverage/prefix_override:/usr/lib/python3/dist-packages/colcon_core/task/python/colcon_distutils_commands:/home/ubuntu/ros2-rover/install/tractor_coverage/lib/python3.12/site-packages:${PYTHONPATH} /usr/bin/python3 -W ignore:setup.py install is deprecated -W ignore:easy_install command is deprecated setup.py develop --editable --build-directory /home/ubuntu/ros2-rover/build/tractor_coverage/build --no-deps symlink_data
[5.751s] INFO:colcon.colcon_core.shell:Creating environment descriptor '/home/ubuntu/ros2-rover/build/tractor_coverage/share/tractor_coverage/hook/pythonpath_develop.dsv'
[5.752s] INFO:colcon.colcon_core.shell:Creating environment hook '/home/ubuntu/ros2-rover/build/tractor_coverage/share/tractor_coverage/hook/pythonpath_develop.sh'
[5.768s] Level 1:colcon.colcon_core.environment:checking '/home/ubuntu/ros2-rover/install/tractor_coverage' for CMake module files
[5.771s] Level 1:colcon.colcon_core.environment:checking '/home/ubuntu/ros2-rover/install/tractor_coverage' for CMake config files
[5.773s] Level 1:colcon.colcon_core.environment:checking '/home/ubuntu/ros2-rover/install/tractor_coverage/lib'
[5.774s] Level 1:colcon.colcon_core.environment:checking '/home/ubuntu/ros2-rover/install/tractor_coverage/bin'
[5.774s] Level 1:colcon.colcon_core.environment:checking '/home/ubuntu/ros2-rover/install/tractor_coverage/lib/pkgconfig/tractor_coverage.pc'
[5.775s] Level 1:colcon.colcon_core.environment:checking '/home/ubuntu/ros2-rover/install/tractor_coverage/lib/python3.12/site-packages'
[5.776s] Level 1:colcon.colcon_core.shell:create_environment_hook('tractor_coverage', 'pythonpath')
[5.777s] INFO:colcon.colcon_core.shell:Creating environment hook '/home/ubuntu/ros2-rover/install/tractor_coverage/share/tractor_coverage/hook/pythonpath.ps1'
[5.779s] INFO:colcon.colcon_core.shell:Creating environment descriptor '/home/ubuntu/ros2-rover/install/tractor_coverage/share/tractor_coverage/hook/pythonpath.dsv'
[5.780s] INFO:colcon.colcon_core.shell:Creating environment hook '/home/ubuntu/ros2-rover/install/tractor_coverage/share/tractor_coverage/hook/pythonpath.sh'
[5.782s] Level 1:colcon.colcon_core.environment:checking '/home/ubuntu/ros2-rover/install/tractor_coverage/bin'
[5.783s] Level 1:colcon.colcon_core.environment:create_environment_scripts_only(tractor_coverage)
[5.784s] INFO:colcon.colcon_core.shell:Creating package script '/home/ubuntu/ros2-rover/install/tractor_coverage/share/tractor_coverage/package.ps1'
[5.788s] INFO:colcon.colcon_core.shell:Creating package descriptor '/home/ubuntu/ros2-rover/install/tractor_coverage/share/tractor_coverage/package.dsv'
[5.790s] INFO:colcon.colcon_core.shell:Creating package script '/home/ubuntu/ros2-rover/install/tractor_coverage/share/tractor_coverage/package.sh'
[5.794s] INFO:colcon.colcon_core.shell:Creating package script '/home/ubuntu/ros2-rover/install/tractor_coverage/share/tractor_coverage/package.bash'
[5.799s] INFO:colcon.colcon_core.shell:Creating package script '/home/ubuntu/ros2-rover/install/tractor_coverage/share/tractor_coverage/package.zsh'
[5.803s] Level 1:colcon.colcon_core.environment:create_file_with_runtime_dependencies(/home/ubuntu/ros2-rover/install/tractor_coverage/share/colcon-core/packages/tractor_coverage)
[5.883s] Level 1:colcon.colcon_core.shell:create_environment_hook('tractor_control', 'pythonpath_develop')
[5.884s] INFO:colcon.colcon_core.shell:Creating environment hook '/home/ubuntu/ros2-rover/build/tractor_control/share/tractor_control/hook/pythonpath_develop.ps1'
[5.886s] DEBUG:colcon.colcon_core.event_handler.log_command:Invoked command in '/home/ubuntu/ros2-rover/build/tractor_control' returned '0': PYTHONPATH=/home/ubuntu/ros2-rover/build/tractor_control/prefix_override:/usr/lib/python3/dist-packages/colcon_core/task/python/colcon_distutils_commands:/home/ubuntu/ros2-rover/install/tractor_control/lib/python3.12/site-packages:${PYTHONPATH} /usr/bin/python3 -W ignore:setup.py install is deprecated -W ignore:easy_install command is deprecated setup.py develop --editable --build-directory /home/ubuntu/ros2-rover/build/tractor_control/build --no-deps symlink_data
[5.887s] INFO:colcon.colcon_core.shell:Creating environment descriptor '/home/ubuntu/ros2-rover/build/tractor_control/share/tractor_control/hook/pythonpath_develop.dsv'
[5.888s] INFO:colcon.colcon_core.shell:Creating environment hook '/home/ubuntu/ros2-rover/build/tractor_control/share/tractor_control/hook/pythonpath_develop.sh'
[5.891s] Level 1:colcon.colcon_core.environment:checking '/home/ubuntu/ros2-rover/install/tractor_control' for CMake module files
[5.893s] Level 1:colcon.colcon_core.environment:checking '/home/ubuntu/ros2-rover/install/tractor_control' for CMake config files
[5.896s] Level 1:colcon.colcon_core.environment:checking '/home/ubuntu/ros2-rover/install/tractor_control/lib'
[5.896s] Level 1:colcon.colcon_core.environment:checking '/home/ubuntu/ros2-rover/install/tractor_control/bin'
[5.896s] Level 1:colcon.colcon_core.environment:checking '/home/ubuntu/ros2-rover/install/tractor_control/lib/pkgconfig/tractor_control.pc'
[5.897s] Level 1:colcon.colcon_core.environment:checking '/home/ubuntu/ros2-rover/install/tractor_control/lib/python3.12/site-packages'
[5.898s] Level 1:colcon.colcon_core.shell:create_environment_hook('tractor_control', 'pythonpath')
[5.899s] INFO:colcon.colcon_core.shell:Creating environment hook '/home/ubuntu/ros2-rover/install/tractor_control/share/tractor_control/hook/pythonpath.ps1'
[5.900s] INFO:colcon.colcon_core.shell:Creating environment descriptor '/home/ubuntu/ros2-rover/install/tractor_control/share/tractor_control/hook/pythonpath.dsv'
[5.902s] INFO:colcon.colcon_core.shell:Creating environment hook '/home/ubuntu/ros2-rover/install/tractor_control/share/tractor_control/hook/pythonpath.sh'
[5.904s] Level 1:colcon.colcon_core.environment:checking '/home/ubuntu/ros2-rover/install/tractor_control/bin'
[5.904s] Level 1:colcon.colcon_core.environment:create_environment_scripts_only(tractor_control)
[5.906s] INFO:colcon.colcon_core.shell:Creating package script '/home/ubuntu/ros2-rover/install/tractor_control/share/tractor_control/package.ps1'
[5.908s] INFO:colcon.colcon_core.shell:Creating package descriptor '/home/ubuntu/ros2-rover/install/tractor_control/share/tractor_control/package.dsv'
[5.910s] INFO:colcon.colcon_core.shell:Creating package script '/home/ubuntu/ros2-rover/install/tractor_control/share/tractor_control/package.sh'
[5.912s] INFO:colcon.colcon_core.shell:Creating package script '/home/ubuntu/ros2-rover/install/tractor_control/share/tractor_control/package.bash'
[5.914s] INFO:colcon.colcon_core.shell:Creating package script '/home/ubuntu/ros2-rover/install/tractor_control/share/tractor_control/package.zsh'
[5.915s] Level 1:colcon.colcon_core.environment:create_file_with_runtime_dependencies(/home/ubuntu/ros2-rover/install/tractor_control/share/colcon-core/packages/tractor_control)
[6.245s] Level 1:colcon.colcon_core.shell:create_environment_hook('tractor_vision', 'pythonpath_develop')
[6.246s] INFO:colcon.colcon_core.shell:Creating environment hook '/home/ubuntu/ros2-rover/build/tractor_vision/share/tractor_vision/hook/pythonpath_develop.ps1'
[6.247s] DEBUG:colcon.colcon_core.event_handler.log_command:Invoked command in '/home/ubuntu/ros2-rover/build/tractor_vision' returned '0': PYTHONPATH=/home/ubuntu/ros2-rover/build/tractor_vision/prefix_override:/usr/lib/python3/dist-packages/colcon_core/task/python/colcon_distutils_commands:/home/ubuntu/ros2-rover/install/tractor_vision/lib/python3.12/site-packages:${PYTHONPATH} /usr/bin/python3 -W ignore:setup.py install is deprecated -W ignore:easy_install command is deprecated setup.py develop --editable --build-directory /home/ubuntu/ros2-rover/build/tractor_vision/build --no-deps symlink_data
[6.250s] INFO:colcon.colcon_core.shell:Creating environment descriptor '/home/ubuntu/ros2-rover/build/tractor_vision/share/tractor_vision/hook/pythonpath_develop.dsv'
[6.252s] INFO:colcon.colcon_core.shell:Creating environment hook '/home/ubuntu/ros2-rover/build/tractor_vision/share/tractor_vision/hook/pythonpath_develop.sh'
[6.255s] Level 1:colcon.colcon_core.environment:checking '/home/ubuntu/ros2-rover/install/tractor_vision' for CMake module files
[6.258s] Level 1:colcon.colcon_core.environment:checking '/home/ubuntu/ros2-rover/install/tractor_vision' for CMake config files
[6.261s] Level 1:colcon.colcon_core.environment:checking '/home/ubuntu/ros2-rover/install/tractor_vision/lib'
[6.262s] Level 1:colcon.colcon_core.environment:checking '/home/ubuntu/ros2-rover/install/tractor_vision/bin'
[6.262s] Level 1:colcon.colcon_core.environment:checking '/home/ubuntu/ros2-rover/install/tractor_vision/lib/pkgconfig/tractor_vision.pc'
[6.264s] Level 1:colcon.colcon_core.environment:checking '/home/ubuntu/ros2-rover/install/tractor_vision/lib/python3.12/site-packages'
[6.264s] Level 1:colcon.colcon_core.shell:create_environment_hook('tractor_vision', 'pythonpath')
[6.265s] INFO:colcon.colcon_core.shell:Creating environment hook '/home/ubuntu/ros2-rover/install/tractor_vision/share/tractor_vision/hook/pythonpath.ps1'
[6.267s] INFO:colcon.colcon_core.shell:Creating environment descriptor '/home/ubuntu/ros2-rover/install/tractor_vision/share/tractor_vision/hook/pythonpath.dsv'
[6.269s] INFO:colcon.colcon_core.shell:Creating environment hook '/home/ubuntu/ros2-rover/install/tractor_vision/share/tractor_vision/hook/pythonpath.sh'
[6.272s] Level 1:colcon.colcon_core.environment:checking '/home/ubuntu/ros2-rover/install/tractor_vision/bin'
[6.272s] Level 1:colcon.colcon_core.environment:create_environment_scripts_only(tractor_vision)
[6.274s] INFO:colcon.colcon_core.shell:Creating package script '/home/ubuntu/ros2-rover/install/tractor_vision/share/tractor_vision/package.ps1'
[6.277s] INFO:colcon.colcon_core.shell:Creating package descriptor '/home/ubuntu/ros2-rover/install/tractor_vision/share/tractor_vision/package.dsv'
[6.279s] INFO:colcon.colcon_core.shell:Creating package script '/home/ubuntu/ros2-rover/install/tractor_vision/share/tractor_vision/package.sh'
[6.281s] INFO:colcon.colcon_core.shell:Creating package script '/home/ubuntu/ros2-rover/install/tractor_vision/share/tractor_vision/package.bash'
[6.283s] INFO:colcon.colcon_core.shell:Creating package script '/home/ubuntu/ros2-rover/install/tractor_vision/share/tractor_vision/package.zsh'
[6.285s] Level 1:colcon.colcon_core.environment:create_file_with_runtime_dependencies(/home/ubuntu/ros2-rover/install/tractor_vision/share/colcon-core/packages/tractor_vision)
[6.289s] Level 1:colcon.colcon_core.shell:create_environment_hook('tractor_bringup', 'pythonpath_develop')
[6.290s] INFO:colcon.colcon_core.shell:Creating environment hook '/home/ubuntu/ros2-rover/build/tractor_bringup/share/tractor_bringup/hook/pythonpath_develop.ps1'
[6.292s] DEBUG:colcon.colcon_core.event_handler.log_command:Invoked command in '/home/ubuntu/ros2-rover/build/tractor_bringup' returned '0': PYTHONPATH=/home/ubuntu/ros2-rover/build/tractor_bringup/prefix_override:/usr/lib/python3/dist-packages/colcon_core/task/python/colcon_distutils_commands:/home/ubuntu/ros2-rover/install/tractor_bringup/lib/python3.12/site-packages:${PYTHONPATH} /usr/bin/python3 -W ignore:setup.py install is deprecated -W ignore:easy_install command is deprecated setup.py develop --editable --build-directory /home/ubuntu/ros2-rover/build/tractor_bringup/build --no-deps symlink_data --force
[6.293s] INFO:colcon.colcon_core.shell:Creating environment descriptor '/home/ubuntu/ros2-rover/build/tractor_bringup/share/tractor_bringup/hook/pythonpath_develop.dsv'
[6.295s] INFO:colcon.colcon_core.shell:Creating environment hook '/home/ubuntu/ros2-rover/build/tractor_bringup/share/tractor_bringup/hook/pythonpath_develop.sh'
[6.297s] Level 1:colcon.colcon_core.environment:checking '/home/ubuntu/ros2-rover/install/tractor_bringup' for CMake module files
[6.300s] Level 1:colcon.colcon_core.environment:checking '/home/ubuntu/ros2-rover/install/tractor_bringup' for CMake config files
[6.303s] Level 1:colcon.colcon_core.environment:checking '/home/ubuntu/ros2-rover/install/tractor_bringup/lib'
[6.304s] Level 1:colcon.colcon_core.environment:checking '/home/ubuntu/ros2-rover/install/tractor_bringup/bin'
[6.304s] Level 1:colcon.colcon_core.environment:checking '/home/ubuntu/ros2-rover/install/tractor_bringup/lib/pkgconfig/tractor_bringup.pc'
[6.305s] Level 1:colcon.colcon_core.environment:checking '/home/ubuntu/ros2-rover/install/tractor_bringup/lib/python3.12/site-packages'
[6.306s] Level 1:colcon.colcon_core.shell:create_environment_hook('tractor_bringup', 'pythonpath')
[6.307s] INFO:colcon.colcon_core.shell:Creating environment hook '/home/ubuntu/ros2-rover/install/tractor_bringup/share/tractor_bringup/hook/pythonpath.ps1'
[6.309s] INFO:colcon.colcon_core.shell:Creating environment descriptor '/home/ubuntu/ros2-rover/install/tractor_bringup/share/tractor_bringup/hook/pythonpath.dsv'
[6.311s] INFO:colcon.colcon_core.shell:Creating environment hook '/home/ubuntu/ros2-rover/install/tractor_bringup/share/tractor_bringup/hook/pythonpath.sh'
[6.314s] Level 1:colcon.colcon_core.environment:checking '/home/ubuntu/ros2-rover/install/tractor_bringup/bin'
[6.314s] Level 1:colcon.colcon_core.environment:create_environment_scripts_only(tractor_bringup)
[6.315s] INFO:colcon.colcon_core.shell:Creating package script '/home/ubuntu/ros2-rover/install/tractor_bringup/share/tractor_bringup/package.ps1'
[6.317s] INFO:colcon.colcon_core.shell:Creating package descriptor '/home/ubuntu/ros2-rover/install/tractor_bringup/share/tractor_bringup/package.dsv'
[6.318s] INFO:colcon.colcon_core.shell:Creating package script '/home/ubuntu/ros2-rover/install/tractor_bringup/share/tractor_bringup/package.sh'
[6.319s] INFO:colcon.colcon_core.shell:Creating package script '/home/ubuntu/ros2-rover/install/tractor_bringup/share/tractor_bringup/package.bash'
[6.319s] INFO:colcon.colcon_core.shell:Creating package script '/home/ubuntu/ros2-rover/install/tractor_bringup/share/tractor_bringup/package.zsh'
[6.320s] Level 1:colcon.colcon_core.environment:create_file_with_runtime_dependencies(/home/ubuntu/ros2-rover/install/tractor_bringup/share/colcon-core/packages/tractor_bringup)
[6.340s] DEBUG:colcon.colcon_core.event_handler.log_command:Invoking command in '/home/ubuntu/ros2-rover/build/tractor_sensors': PYTHONPATH=/home/ubuntu/ros2-rover/build/tractor_sensors/prefix_override:/usr/lib/python3/dist-packages/colcon_core/task/python/colcon_distutils_commands:/home/ubuntu/ros2-rover/install/tractor_sensors/lib/python3.12/site-packages:${PYTHONPATH} /usr/bin/python3 -W ignore:setup.py install is deprecated -W ignore:easy_install command is deprecated setup.py develop --editable --build-directory /home/ubuntu/ros2-rover/build/tractor_sensors/build --no-deps symlink_data
[6.849s] Level 1:colcon.colcon_core.shell:create_environment_hook('tractor_implements', 'pythonpath_develop')
[6.850s] INFO:colcon.colcon_core.shell:Creating environment hook '/home/ubuntu/ros2-rover/build/tractor_implements/share/tractor_implements/hook/pythonpath_develop.ps1'
[6.852s] DEBUG:colcon.colcon_core.event_handler.log_command:Invoked command in '/home/ubuntu/ros2-rover/build/tractor_implements' returned '0': PYTHONPATH=/home/ubuntu/ros2-rover/build/tractor_implements/prefix_override:/usr/lib/python3/dist-packages/colcon_core/task/python/colcon_distutils_commands:/home/ubuntu/ros2-rover/install/tractor_implements/lib/python3.12/site-packages:${PYTHONPATH} /usr/bin/python3 -W ignore:setup.py install is deprecated -W ignore:easy_install command is deprecated setup.py develop --editable --build-directory /home/ubuntu/ros2-rover/build/tractor_implements/build --no-deps symlink_data
[6.853s] INFO:colcon.colcon_core.shell:Creating environment descriptor '/home/ubuntu/ros2-rover/build/tractor_implements/share/tractor_implements/hook/pythonpath_develop.dsv'
[6.854s] INFO:colcon.colcon_core.shell:Creating environment hook '/home/ubuntu/ros2-rover/build/tractor_implements/share/tractor_implements/hook/pythonpath_develop.sh'
[6.855s] Level 1:colcon.colcon_core.environment:checking '/home/ubuntu/ros2-rover/install/tractor_implements' for CMake module files
[6.856s] Level 1:colcon.colcon_core.environment:checking '/home/ubuntu/ros2-rover/install/tractor_implements' for CMake config files
[6.857s] Level 1:colcon.colcon_core.environment:checking '/home/ubuntu/ros2-rover/install/tractor_implements/lib'
[6.857s] Level 1:colcon.colcon_core.environment:checking '/home/ubuntu/ros2-rover/install/tractor_implements/bin'
[6.857s] Level 1:colcon.colcon_core.environment:checking '/home/ubuntu/ros2-rover/install/tractor_implements/lib/pkgconfig/tractor_implements.pc'
[6.857s] Level 1:colcon.colcon_core.environment:checking '/home/ubuntu/ros2-rover/install/tractor_implements/lib/python3.12/site-packages'
[6.857s] Level 1:colcon.colcon_core.shell:create_environment_hook('tractor_implements', 'pythonpath')
[6.858s] INFO:colcon.colcon_core.shell:Creating environment hook '/home/ubuntu/ros2-rover/install/tractor_implements/share/tractor_implements/hook/pythonpath.ps1'
[6.858s] INFO:colcon.colcon_core.shell:Creating environment descriptor '/home/ubuntu/ros2-rover/install/tractor_implements/share/tractor_implements/hook/pythonpath.dsv'
[6.859s] INFO:colcon.colcon_core.shell:Creating environment hook '/home/ubuntu/ros2-rover/install/tractor_implements/share/tractor_implements/hook/pythonpath.sh'
[6.860s] Level 1:colcon.colcon_core.environment:checking '/home/ubuntu/ros2-rover/install/tractor_implements/bin'
[6.860s] Level 1:colcon.colcon_core.environment:create_environment_scripts_only(tractor_implements)
[6.860s] INFO:colcon.colcon_core.shell:Creating package script '/home/ubuntu/ros2-rover/install/tractor_implements/share/tractor_implements/package.ps1'
[6.861s] INFO:colcon.colcon_core.shell:Creating package descriptor '/home/ubuntu/ros2-rover/install/tractor_implements/share/tractor_implements/package.dsv'
[6.862s] INFO:colcon.colcon_core.shell:Creating package script '/home/ubuntu/ros2-rover/install/tractor_implements/share/tractor_implements/package.sh'
[6.863s] INFO:colcon.colcon_core.shell:Creating package script '/home/ubuntu/ros2-rover/install/tractor_implements/share/tractor_implements/package.bash'
[6.863s] INFO:colcon.colcon_core.shell:Creating package script '/home/ubuntu/ros2-rover/install/tractor_implements/share/tractor_implements/package.zsh'
[6.864s] Level 1:colcon.colcon_core.environment:create_file_with_runtime_dependencies(/home/ubuntu/ros2-rover/install/tractor_implements/share/colcon-core/packages/tractor_implements)
[6.884s] Level 1:colcon.colcon_core.shell:create_environment_hook('slam_stress_test', 'pythonpath_develop')
[6.884s] INFO:colcon.colcon_core.shell:Creating environment hook '/home/ubuntu/ros2-rover/build/slam_stress_test/share/slam_stress_test/hook/pythonpath_develop.ps1'
[6.886s] DEBUG:colcon.colcon_core.event_handler.log_command:Invoked command in '/home/ubuntu/ros2-rover/build/slam_stress_test' returned '0': PYTHONPATH=/home/ubuntu/ros2-rover/build/slam_stress_test/prefix_override:/usr/lib/python3/dist-packages/colcon_core/task/python/colcon_distutils_commands:/home/ubuntu/ros2-rover/install/slam_stress_test/lib/python3.12/site-packages:${PYTHONPATH} /usr/bin/python3 -W ignore:setup.py install is deprecated -W ignore:easy_install command is deprecated setup.py develop --editable --build-directory /home/ubuntu/ros2-rover/build/slam_stress_test/build --no-deps symlink_data
[6.886s] INFO:colcon.colcon_core.shell:Creating environment descriptor '/home/ubuntu/ros2-rover/build/slam_stress_test/share/slam_stress_test/hook/pythonpath_develop.dsv'
[6.887s] INFO:colcon.colcon_core.shell:Creating environment hook '/home/ubuntu/ros2-rover/build/slam_stress_test/share/slam_stress_test/hook/pythonpath_develop.sh'
[6.888s] Level 1:colcon.colcon_core.environment:checking '/home/ubuntu/ros2-rover/install/slam_stress_test' for CMake module files
[6.888s] Level 1:colcon.colcon_core.environment:checking '/home/ubuntu/ros2-rover/install/slam_stress_test' for CMake config files
[6.889s] Level 1:colcon.colcon_core.environment:checking '/home/ubuntu/ros2-rover/install/slam_stress_test/lib'
[6.889s] Level 1:colcon.colcon_core.environment:checking '/home/ubuntu/ros2-rover/install/slam_stress_test/bin'
[6.889s] Level 1:colcon.colcon_core.environment:checking '/home/ubuntu/ros2-rover/install/slam_stress_test/lib/pkgconfig/slam_stress_test.pc'
[6.890s] Level 1:colcon.colcon_core.environment:checking '/home/ubuntu/ros2-rover/install/slam_stress_test/lib/python3.12/site-packages'
[6.890s] Level 1:colcon.colcon_core.shell:create_environment_hook('slam_stress_test', 'pythonpath')
[6.890s] INFO:colcon.colcon_core.shell:Creating environment hook '/home/ubuntu/ros2-rover/install/slam_stress_test/share/slam_stress_test/hook/pythonpath.ps1'
[6.891s] INFO:colcon.colcon_core.shell:Creating environment descriptor '/home/ubuntu/ros2-rover/install/slam_stress_test/share/slam_stress_test/hook/pythonpath.dsv'
[6.891s] INFO:colcon.colcon_core.shell:Creating environment hook '/home/ubuntu/ros2-rover/install/slam_stress_test/share/slam_stress_test/hook/pythonpath.sh'
[6.892s] Level 1:colcon.colcon_core.environment:checking '/home/ubuntu/ros2-rover/install/slam_stress_test/bin'
[6.892s] Level 1:colcon.colcon_core.environment:create_environment_scripts_only(slam_stress_test)
[6.892s] INFO:colcon.colcon_core.shell:Creating package script '/home/ubuntu/ros2-rover/install/slam_stress_test/share/slam_stress_test/package.ps1'
[6.893s] INFO:colcon.colcon_core.shell:Creating package descriptor '/home/ubuntu/ros2-rover/install/slam_stress_test/share/slam_stress_test/package.dsv'
[6.894s] INFO:colcon.colcon_core.shell:Creating package script '/home/ubuntu/ros2-rover/install/slam_stress_test/share/slam_stress_test/package.sh'
[6.894s] INFO:colcon.colcon_core.shell:Creating package script '/home/ubuntu/ros2-rover/install/slam_stress_test/share/slam_stress_test/package.bash'
[6.894s] INFO:colcon.colcon_core.shell:Creating package script '/home/ubuntu/ros2-rover/install/slam_stress_test/share/slam_stress_test/package.zsh'
[6.895s] Level 1:colcon.colcon_core.environment:create_file_with_runtime_dependencies(/home/ubuntu/ros2-rover/install/slam_stress_test/share/colcon-core/packages/slam_stress_test)
[7.491s] Level 1:colcon.colcon_core.shell:create_environment_hook('tractor_sensors', 'pythonpath_develop')
[7.492s] INFO:colcon.colcon_core.shell:Creating environment hook '/home/ubuntu/ros2-rover/build/tractor_sensors/share/tractor_sensors/hook/pythonpath_develop.ps1'
[7.494s] DEBUG:colcon.colcon_core.event_handler.log_command:Invoked command in '/home/ubuntu/ros2-rover/build/tractor_sensors' returned '0': PYTHONPATH=/home/ubuntu/ros2-rover/build/tractor_sensors/prefix_override:/usr/lib/python3/dist-packages/colcon_core/task/python/colcon_distutils_commands:/home/ubuntu/ros2-rover/install/tractor_sensors/lib/python3.12/site-packages:${PYTHONPATH} /usr/bin/python3 -W ignore:setup.py install is deprecated -W ignore:easy_install command is deprecated setup.py develop --editable --build-directory /home/ubuntu/ros2-rover/build/tractor_sensors/build --no-deps symlink_data
[7.495s] INFO:colcon.colcon_core.shell:Creating environment descriptor '/home/ubuntu/ros2-rover/build/tractor_sensors/share/tractor_sensors/hook/pythonpath_develop.dsv'
[7.495s] INFO:colcon.colcon_core.shell:Creating environment hook '/home/ubuntu/ros2-rover/build/tractor_sensors/share/tractor_sensors/hook/pythonpath_develop.sh'
[7.496s] Level 1:colcon.colcon_core.environment:checking '/home/ubuntu/ros2-rover/install/tractor_sensors' for CMake module files
[7.497s] Level 1:colcon.colcon_core.environment:checking '/home/ubuntu/ros2-rover/install/tractor_sensors' for CMake config files
[7.498s] Level 1:colcon.colcon_core.environment:checking '/home/ubuntu/ros2-rover/install/tractor_sensors/lib'
[7.498s] Level 1:colcon.colcon_core.environment:checking '/home/ubuntu/ros2-rover/install/tractor_sensors/bin'
[7.498s] Level 1:colcon.colcon_core.environment:checking '/home/ubuntu/ros2-rover/install/tractor_sensors/lib/pkgconfig/tractor_sensors.pc'
[7.499s] Level 1:colcon.colcon_core.environment:checking '/home/ubuntu/ros2-rover/install/tractor_sensors/lib/python3.12/site-packages'
[7.499s] Level 1:colcon.colcon_core.shell:create_environment_hook('tractor_sensors', 'pythonpath')
[7.499s] INFO:colcon.colcon_core.shell:Creating environment hook '/home/ubuntu/ros2-rover/install/tractor_sensors/share/tractor_sensors/hook/pythonpath.ps1'
[7.500s] INFO:colcon.colcon_core.shell:Creating environment descriptor '/home/ubuntu/ros2-rover/install/tractor_sensors/share/tractor_sensors/hook/pythonpath.dsv'
[7.501s] INFO:colcon.colcon_core.shell:Creating environment hook '/home/ubuntu/ros2-rover/install/tractor_sensors/share/tractor_sensors/hook/pythonpath.sh'
[7.501s] Level 1:colcon.colcon_core.environment:checking '/home/ubuntu/ros2-rover/install/tractor_sensors/bin'
[7.501s] Level 1:colcon.colcon_core.environment:create_environment_scripts_only(tractor_sensors)
[7.502s] INFO:colcon.colcon_core.shell:Creating package script '/home/ubuntu/ros2-rover/install/tractor_sensors/share/tractor_sensors/package.ps1'
[7.503s] INFO:colcon.colcon_core.shell:Creating package descriptor '/home/ubuntu/ros2-rover/install/tractor_sensors/share/tractor_sensors/package.dsv'
[7.503s] INFO:colcon.colcon_core.shell:Creating package script '/home/ubuntu/ros2-rover/install/tractor_sensors/share/tractor_sensors/package.sh'
[7.504s] INFO:colcon.colcon_core.shell:Creating package script '/home/ubuntu/ros2-rover/install/tractor_sensors/share/tractor_sensors/package.bash'
[7.504s] INFO:colcon.colcon_core.shell:Creating package script '/home/ubuntu/ros2-rover/install/tractor_sensors/share/tractor_sensors/package.zsh'
[7.505s] Level 1:colcon.colcon_core.environment:create_file_with_runtime_dependencies(/home/ubuntu/ros2-rover/install/tractor_sensors/share/colcon-core/packages/tractor_sensors)
[7.505s] DEBUG:colcon.colcon_parallel_executor.executor.parallel:closing loop
[7.506s] DEBUG:colcon.colcon_parallel_executor.executor.parallel:loop closed
[7.506s] DEBUG:colcon.colcon_parallel_executor.executor.parallel:run_until_complete finished with '0'
[7.506s] DEBUG:colcon.colcon_core.event_reactor:joining thread
[7.593s] INFO:colcon.colcon_core.plugin_system:Skipping extension 'colcon_notification.desktop_notification.terminal_notifier': Not used on non-Darwin systems
[7.593s] INFO:colcon.colcon_core.plugin_system:Skipping extension 'colcon_notification.desktop_notification.win32': Not used on non-Windows systems
[7.593s] INFO:colcon.colcon_notification.desktop_notification:Sending desktop notification using 'notify2'
[7.596s] DEBUG:colcon.colcon_notification.desktop_notification.notify2:Failed to initialize notify2: org.freedesktop.DBus.Error.ServiceUnknown: The name org.freedesktop.Notifications was not provided by any .service files
[7.596s] DEBUG:colcon.colcon_core.event_reactor:joined thread
[7.597s] INFO:colcon.colcon_core.shell:Creating prefix script '/home/ubuntu/ros2-rover/install/local_setup.ps1'
[7.598s] INFO:colcon.colcon_core.shell:Creating prefix util module '/home/ubuntu/ros2-rover/install/_local_setup_util_ps1.py'
[7.600s] INFO:colcon.colcon_core.shell:Creating prefix chain script '/home/ubuntu/ros2-rover/install/setup.ps1'
[7.602s] INFO:colcon.colcon_core.shell:Creating prefix script '/home/ubuntu/ros2-rover/install/local_setup.sh'
[7.603s] INFO:colcon.colcon_core.shell:Creating prefix util module '/home/ubuntu/ros2-rover/install/_local_setup_util_sh.py'
[7.604s] INFO:colcon.colcon_core.shell:Creating prefix chain script '/home/ubuntu/ros2-rover/install/setup.sh'
[7.606s] INFO:colcon.colcon_core.shell:Creating prefix script '/home/ubuntu/ros2-rover/install/local_setup.bash'
[7.606s] INFO:colcon.colcon_core.shell:Creating prefix chain script '/home/ubuntu/ros2-rover/install/setup.bash'
[7.608s] INFO:colcon.colcon_core.shell:Creating prefix script '/home/ubuntu/ros2-rover/install/local_setup.zsh'
[7.609s] INFO:colcon.colcon_core.shell:Creating prefix chain script '/home/ubuntu/ros2-rover/install/setup.zsh'
