[1.516s] Invoking command in '/home/ubuntu/ros2-rover/src/tractor_control': PYTHONPATH=/home/ubuntu/ros2-rover/build/tractor_control/prefix_override:/usr/lib/python3/dist-packages/colcon_core/task/python/colcon_distutils_commands:/home/ubuntu/ros2-rover/install/tractor_control/lib/python3.12/site-packages:${PYTHONPATH} /usr/bin/python3 -W ignore:setup.py install is deprecated -W ignore:easy_install command is deprecated setup.py egg_info --egg-base ../../build/tractor_control build --build-base /home/ubuntu/ros2-rover/build/tractor_control/build install --record /home/ubuntu/ros2-rover/build/tractor_control/install.log --single-version-externally-managed install_data
[1.977s] running egg_info
[2.010s] writing ../../build/tractor_control/tractor_control.egg-info/PKG-INFO
[2.011s] writing dependency_links to ../../build/tractor_control/tractor_control.egg-info/dependency_links.txt
[2.011s] writing entry points to ../../build/tractor_control/tractor_control.egg-info/entry_points.txt
[2.012s] writing requirements to ../../build/tractor_control/tractor_control.egg-info/requires.txt
[2.012s] writing top-level names to ../../build/tractor_control/tractor_control.egg-info/top_level.txt
[2.079s] reading manifest file '../../build/tractor_control/tractor_control.egg-info/SOURCES.txt'
[2.080s] writing manifest file '../../build/tractor_control/tractor_control.egg-info/SOURCES.txt'
[2.081s] running build
[2.082s] running build_py
[2.082s] copying tractor_control/hiwonder_motor_driver.py -> /home/ubuntu/ros2-rover/build/tractor_control/build/lib/tractor_control
[2.083s] running install
[2.092s] running install_lib
[2.126s] copying /home/ubuntu/ros2-rover/build/tractor_control/build/lib/tractor_control/hiwonder_motor_driver.py -> /home/ubuntu/ros2-rover/install/tractor_control/lib/python3.12/site-packages/tractor_control
[2.127s] byte-compiling /home/ubuntu/ros2-rover/install/tractor_control/lib/python3.12/site-packages/tractor_control/hiwonder_motor_driver.py to hiwonder_motor_driver.cpython-312.pyc
[2.134s] running install_data
[2.135s] running install_egg_info
[2.171s] removing '/home/ubuntu/ros2-rover/install/tractor_control/lib/python3.12/site-packages/tractor_control-0.0.0-py3.12.egg-info' (and everything under it)
[2.172s] Copying ../../build/tractor_control/tractor_control.egg-info to /home/ubuntu/ros2-rover/install/tractor_control/lib/python3.12/site-packages/tractor_control-0.0.0-py3.12.egg-info
[2.172s] running install_scripts
[2.403s] Installing hiwonder_motor_driver script to /home/ubuntu/ros2-rover/install/tractor_control/lib/tractor_control
[2.404s] Installing xbox_controller_teleop script to /home/ubuntu/ros2-rover/install/tractor_control/lib/tractor_control
[2.405s] writing list of installed files to '/home/ubuntu/ros2-rover/build/tractor_control/install.log'
[2.526s] Invoked command in '/home/ubuntu/ros2-rover/src/tractor_control' returned '0': PYTHONPATH=/home/ubuntu/ros2-rover/build/tractor_control/prefix_override:/usr/lib/python3/dist-packages/colcon_core/task/python/colcon_distutils_commands:/home/ubuntu/ros2-rover/install/tractor_control/lib/python3.12/site-packages:${PYTHONPATH} /usr/bin/python3 -W ignore:setup.py install is deprecated -W ignore:easy_install command is deprecated setup.py egg_info --egg-base ../../build/tractor_control build --build-base /home/ubuntu/ros2-rover/build/tractor_control/build install --record /home/ubuntu/ros2-rover/build/tractor_control/install.log --single-version-externally-managed install_data
