running develop
running egg_info
creating tractor_vision.egg-info
writing tractor_vision.egg-info/PKG-INFO
writing dependency_links to tractor_vision.egg-info/dependency_links.txt
writing entry points to tractor_vision.egg-info/entry_points.txt
writing requirements to tractor_vision.egg-info/requires.txt
writing top-level names to tractor_vision.egg-info/top_level.txt
writing manifest file 'tractor_vision.egg-info/SOURCES.txt'
reading manifest file 'tractor_vision.egg-info/SOURCES.txt'
writing manifest file 'tractor_vision.egg-info/SOURCES.txt'
running build_ext
Creating /home/ubuntu/ros2-rover/install/tractor_vision/lib/python3.12/site-packages/tractor-vision.egg-link (link to .)
Installing obstacle_detector script to /home/ubuntu/ros2-rover/install/tractor_vision/lib/tractor_vision
Installing realsense_processor script to /home/ubuntu/ros2-rover/install/tractor_vision/lib/tractor_vision

Installed /home/ubuntu/ros2-rover/build/tractor_vision
running symlink_data
creating /home/ubuntu/ros2-rover/install/tractor_vision/share/ament_index
creating /home/ubuntu/ros2-rover/install/tractor_vision/share/ament_index/resource_index
creating /home/ubuntu/ros2-rover/install/tractor_vision/share/ament_index/resource_index/packages
symbolically linking /home/ubuntu/ros2-rover/build/tractor_vision/resource/tractor_vision -> /home/ubuntu/ros2-rover/install/tractor_vision/share/ament_index/resource_index/packages
symbolically linking /home/ubuntu/ros2-rover/build/tractor_vision/package.xml -> /home/ubuntu/ros2-rover/install/tractor_vision/share/tractor_vision
creating /home/ubuntu/ros2-rover/install/tractor_vision/share/tractor_vision/config
symbolically linking /home/ubuntu/ros2-rover/build/tractor_vision/config/realsense_config.yaml -> /home/ubuntu/ros2-rover/install/tractor_vision/share/tractor_vision/config
