[4.236s] Invoking command in '/home/ubuntu/ros2-rover/build/tractor_vision': PYTHONPATH=/home/ubuntu/ros2-rover/build/tractor_vision/prefix_override:/usr/lib/python3/dist-packages/colcon_core/task/python/colcon_distutils_commands:/home/ubuntu/ros2-rover/install/tractor_vision/lib/python3.12/site-packages:${PYTHONPATH} /usr/bin/python3 -W ignore:setup.py install is deprecated -W ignore:easy_install command is deprecated setup.py develop --editable --build-directory /home/ubuntu/ros2-rover/build/tractor_vision/build --no-deps symlink_data
[4.752s] running develop
[5.074s] running egg_info
[5.074s] creating tractor_vision.egg-info
[5.114s] writing tractor_vision.egg-info/PKG-INFO
[5.114s] writing dependency_links to tractor_vision.egg-info/dependency_links.txt
[5.115s] writing entry points to tractor_vision.egg-info/entry_points.txt
[5.115s] writing requirements to tractor_vision.egg-info/requires.txt
[5.115s] writing top-level names to tractor_vision.egg-info/top_level.txt
[5.116s] writing manifest file 'tractor_vision.egg-info/SOURCES.txt'
[5.137s] reading manifest file 'tractor_vision.egg-info/SOURCES.txt'
[5.138s] writing manifest file 'tractor_vision.egg-info/SOURCES.txt'
[5.169s] running build_ext
[5.169s] Creating /home/ubuntu/ros2-rover/install/tractor_vision/lib/python3.12/site-packages/tractor-vision.egg-link (link to .)
[5.171s] Installing obstacle_detector script to /home/ubuntu/ros2-rover/install/tractor_vision/lib/tractor_vision
[5.172s] Installing realsense_processor script to /home/ubuntu/ros2-rover/install/tractor_vision/lib/tractor_vision
[5.172s] 
[5.173s] Installed /home/ubuntu/ros2-rover/build/tractor_vision
[5.173s] running symlink_data
[5.173s] creating /home/ubuntu/ros2-rover/install/tractor_vision/share/ament_index
[5.174s] creating /home/ubuntu/ros2-rover/install/tractor_vision/share/ament_index/resource_index
[5.174s] creating /home/ubuntu/ros2-rover/install/tractor_vision/share/ament_index/resource_index/packages
[5.175s] symbolically linking /home/ubuntu/ros2-rover/build/tractor_vision/resource/tractor_vision -> /home/ubuntu/ros2-rover/install/tractor_vision/share/ament_index/resource_index/packages
[5.175s] symbolically linking /home/ubuntu/ros2-rover/build/tractor_vision/package.xml -> /home/ubuntu/ros2-rover/install/tractor_vision/share/tractor_vision
[5.176s] creating /home/ubuntu/ros2-rover/install/tractor_vision/share/tractor_vision/config
[5.176s] symbolically linking /home/ubuntu/ros2-rover/build/tractor_vision/config/realsense_config.yaml -> /home/ubuntu/ros2-rover/install/tractor_vision/share/tractor_vision/config
[5.258s] Invoked command in '/home/ubuntu/ros2-rover/build/tractor_vision' returned '0': PYTHONPATH=/home/ubuntu/ros2-rover/build/tractor_vision/prefix_override:/usr/lib/python3/dist-packages/colcon_core/task/python/colcon_distutils_commands:/home/ubuntu/ros2-rover/install/tractor_vision/lib/python3.12/site-packages:${PYTHONPATH} /usr/bin/python3 -W ignore:setup.py install is deprecated -W ignore:easy_install command is deprecated setup.py develop --editable --build-directory /home/ubuntu/ros2-rover/build/tractor_vision/build --no-deps symlink_data
