/home/benson/tractor_ws/install/tractor_bringup/lib/python3.12/site-packages/tractor_bringup/__init__.py
/home/benson/tractor_ws/install/tractor_bringup/lib/python3.12/site-packages/tractor_bringup/__pycache__/__init__.cpython-312.pyc
/home/benson/tractor_ws/install/tractor_bringup/share/ament_index/resource_index/packages/tractor_bringup
/home/benson/tractor_ws/install/tractor_bringup/share/tractor_bringup/package.xml
/home/benson/tractor_ws/install/tractor_bringup/share/tractor_bringup/launch/control.launch.py
/home/benson/tractor_ws/install/tractor_bringup/share/tractor_bringup/launch/implements.launch.py
/home/benson/tractor_ws/install/tractor_bringup/share/tractor_bringup/launch/navigation.launch.py
/home/benson/tractor_ws/install/tractor_bringup/share/tractor_bringup/launch/robot_description.launch.py
/home/benson/tractor_ws/install/tractor_bringup/share/tractor_bringup/launch/sensors.launch.py
/home/benson/tractor_ws/install/tractor_bringup/share/tractor_bringup/launch/tractor_bringup.launch.py
/home/benson/tractor_ws/install/tractor_bringup/share/tractor_bringup/launch/tractor_gazebo.launch.py
/home/benson/tractor_ws/install/tractor_bringup/share/tractor_bringup/launch/tractor_sim.launch.py
/home/benson/tractor_ws/install/tractor_bringup/share/tractor_bringup/launch/vision.launch.py
/home/benson/tractor_ws/install/tractor_bringup/share/tractor_bringup/launch/hiwonder_control.launch.py
/home/benson/tractor_ws/install/tractor_bringup/share/tractor_bringup/urdf/tractor.urdf.xacro
/home/benson/tractor_ws/install/tractor_bringup/share/tractor_bringup/config/nav2_params.yaml
/home/benson/tractor_ws/install/tractor_bringup/share/tractor_bringup/maps/yard_map.yaml
/home/benson/tractor_ws/install/tractor_bringup/share/tractor_bringup/maps/yard_map.pgm
/home/benson/tractor_ws/install/tractor_bringup/lib/python3.12/site-packages/tractor_bringup-0.0.0-py3.12.egg-info/requires.txt
/home/benson/tractor_ws/install/tractor_bringup/lib/python3.12/site-packages/tractor_bringup-0.0.0-py3.12.egg-info/top_level.txt
/home/benson/tractor_ws/install/tractor_bringup/lib/python3.12/site-packages/tractor_bringup-0.0.0-py3.12.egg-info/dependency_links.txt
/home/benson/tractor_ws/install/tractor_bringup/lib/python3.12/site-packages/tractor_bringup-0.0.0-py3.12.egg-info/SOURCES.txt
/home/benson/tractor_ws/install/tractor_bringup/lib/python3.12/site-packages/tractor_bringup-0.0.0-py3.12.egg-info/zip-safe
/home/benson/tractor_ws/install/tractor_bringup/lib/python3.12/site-packages/tractor_bringup-0.0.0-py3.12.egg-info/PKG-INFO
