running develop
Removing /home/ubuntu/ros2-rover/install/tractor_bringup/lib/python3.12/site-packages/tractor-bringup.egg-link (link to .)
running egg_info
writing ../../build/tractor_bringup/tractor_bringup.egg-info/PKG-INFO
writing dependency_links to ../../build/tractor_bringup/tractor_bringup.egg-info/dependency_links.txt
writing entry points to ../../build/tractor_bringup/tractor_bringup.egg-info/entry_points.txt
writing requirements to ../../build/tractor_bringup/tractor_bringup.egg-info/requires.txt
writing top-level names to ../../build/tractor_bringup/tractor_bringup.egg-info/top_level.txt
reading manifest file '../../build/tractor_bringup/tractor_bringup.egg-info/SOURCES.txt'
writing manifest file '../../build/tractor_bringup/tractor_bringup.egg-info/SOURCES.txt'
running build
running build_py
copying tractor_bringup/autonomous_mapping.py -> /home/ubuntu/ros2-rover/build/tractor_bringup/build/lib/tractor_bringup
running install
running install_lib
creating /home/ubuntu/ros2-rover/install/tractor_bringup/lib/python3.12/site-packages/tractor_bringup
copying /home/ubuntu/ros2-rover/build/tractor_bringup/build/lib/tractor_bringup/autonomous_mapping.py -> /home/ubuntu/ros2-rover/install/tractor_bringup/lib/python3.12/site-packages/tractor_bringup
copying /home/ubuntu/ros2-rover/build/tractor_bringup/build/lib/tractor_bringup/safety_monitor.py -> /home/ubuntu/ros2-rover/install/tractor_bringup/lib/python3.12/site-packages/tractor_bringup
copying /home/ubuntu/ros2-rover/build/tractor_bringup/build/lib/tractor_bringup/__init__.py -> /home/ubuntu/ros2-rover/install/tractor_bringup/lib/python3.12/site-packages/tractor_bringup
byte-compiling /home/ubuntu/ros2-rover/install/tractor_bringup/lib/python3.12/site-packages/tractor_bringup/autonomous_mapping.py to autonomous_mapping.cpython-312.pyc
byte-compiling /home/ubuntu/ros2-rover/install/tractor_bringup/lib/python3.12/site-packages/tractor_bringup/safety_monitor.py to safety_monitor.cpython-312.pyc
byte-compiling /home/ubuntu/ros2-rover/install/tractor_bringup/lib/python3.12/site-packages/tractor_bringup/__init__.py to __init__.cpython-312.pyc
running install_data
copying resource/tractor_bringup -> /home/ubuntu/ros2-rover/install/tractor_bringup/share/ament_index/resource_index/packages
copying package.xml -> /home/ubuntu/ros2-rover/install/tractor_bringup/share/tractor_bringup
copying launch/robot_description.launch.py -> /home/ubuntu/ros2-rover/install/tractor_bringup/share/tractor_bringup/launch
copying launch/autonomous_mapping_minimal.launch.py -> /home/ubuntu/ros2-rover/install/tractor_bringup/share/tractor_bringup/launch
copying urdf/tractor.urdf.xacro -> /home/ubuntu/ros2-rover/install/tractor_bringup/share/tractor_bringup/urdf
copying config/realsense_config.yaml -> /home/ubuntu/ros2-rover/install/tractor_bringup/share/tractor_bringup/config
copying config/nav2_params.yaml -> /home/ubuntu/ros2-rover/install/tractor_bringup/share/tractor_bringup/config
copying config/slam_toolbox_params.yaml -> /home/ubuntu/ros2-rover/install/tractor_bringup/share/tractor_bringup/config
copying config/pointcloud_to_laserscan.yaml -> /home/ubuntu/ros2-rover/install/tractor_bringup/share/tractor_bringup/config
copying config/hiwonder_motor_params.yaml -> /home/ubuntu/ros2-rover/install/tractor_bringup/share/tractor_bringup/config
copying maps/yard_map.yaml -> /home/ubuntu/ros2-rover/install/tractor_bringup/share/tractor_bringup/maps
copying maps/yard_map.pgm -> /home/ubuntu/ros2-rover/install/tractor_bringup/share/tractor_bringup/maps
running install_egg_info
Copying ../../build/tractor_bringup/tractor_bringup.egg-info to /home/ubuntu/ros2-rover/install/tractor_bringup/lib/python3.12/site-packages/tractor_bringup-0.0.0-py3.12.egg-info
running install_scripts
Installing autonomous_mapping.py script to /home/ubuntu/ros2-rover/install/tractor_bringup/lib/tractor_bringup
Installing safety_monitor.py script to /home/ubuntu/ros2-rover/install/tractor_bringup/lib/tractor_bringup
writing list of installed files to '/home/ubuntu/ros2-rover/build/tractor_bringup/install.log'
