running develop
Removing /home/benson/tractor_ws/install/tractor_bringup/lib/python3.12/site-packages/tractor-bringup.egg-link (link to .)
running egg_info
writing ../../build/tractor_bringup/tractor_bringup.egg-info/PKG-INFO
writing dependency_links to ../../build/tractor_bringup/tractor_bringup.egg-info/dependency_links.txt
writing requirements to ../../build/tractor_bringup/tractor_bringup.egg-info/requires.txt
writing top-level names to ../../build/tractor_bringup/tractor_bringup.egg-info/top_level.txt
reading manifest file '../../build/tractor_bringup/tractor_bringup.egg-info/SOURCES.txt'
writing manifest file '../../build/tractor_bringup/tractor_bringup.egg-info/SOURCES.txt'
running build
running build_py
creating /home/benson/tractor_ws/build/tractor_bringup/build
creating /home/benson/tractor_ws/build/tractor_bringup/build/lib
creating /home/benson/tractor_ws/build/tractor_bringup/build/lib/tractor_bringup
copying tractor_bringup/__init__.py -> /home/benson/tractor_ws/build/tractor_bringup/build/lib/tractor_bringup
running install
running install_lib
creating /home/benson/tractor_ws/install/tractor_bringup/lib/python3.12/site-packages/tractor_bringup
copying /home/benson/tractor_ws/build/tractor_bringup/build/lib/tractor_bringup/__init__.py -> /home/benson/tractor_ws/install/tractor_bringup/lib/python3.12/site-packages/tractor_bringup
byte-compiling /home/benson/tractor_ws/install/tractor_bringup/lib/python3.12/site-packages/tractor_bringup/__init__.py to __init__.cpython-312.pyc
running install_data
copying resource/tractor_bringup -> /home/benson/tractor_ws/install/tractor_bringup/share/ament_index/resource_index/packages
copying package.xml -> /home/benson/tractor_ws/install/tractor_bringup/share/tractor_bringup
running install_egg_info
Copying ../../build/tractor_bringup/tractor_bringup.egg-info to /home/benson/tractor_ws/install/tractor_bringup/lib/python3.12/site-packages/tractor_bringup-0.0.0-py3.12.egg-info
running install_scripts
writing list of installed files to '/home/benson/tractor_ws/build/tractor_bringup/install.log'
