[1.279s] Invoking command in '/home/benson/tractor_ws/build/tractor_bringup': PYTHONPATH=/home/benson/tractor_ws/build/tractor_bringup/prefix_override:/usr/lib/python3/dist-packages/colcon_core/task/python/colcon_distutils_commands:/home/benson/tractor_ws/install/tractor_bringup/lib/python3.12/site-packages:${PYTHONPATH} /usr/bin/python3 -W ignore:setup.py install is deprecated -W ignore:easy_install command is deprecated setup.py develop --uninstall --editable --build-directory /home/benson/tractor_ws/build/tractor_bringup/build
[1.771s] running develop
[2.039s] /usr/lib/python3/dist-packages/setuptools/command/easy_install.py:363: UserWarning: Unbuilt egg for pytest-repeat [unknown version] (/usr/lib/python3/dist-packages)
[2.039s]   self.local_index = Environment(self.shadow_path + sys.path)
[2.101s] Removing /home/benson/tractor_ws/install/tractor_bringup/lib/python3.12/site-packages/tractor-bringup.egg-link (link to .)
[2.182s] Invoked command in '/home/benson/tractor_ws/build/tractor_bringup' returned '0': PYTHONPATH=/home/benson/tractor_ws/build/tractor_bringup/prefix_override:/usr/lib/python3/dist-packages/colcon_core/task/python/colcon_distutils_commands:/home/benson/tractor_ws/install/tractor_bringup/lib/python3.12/site-packages:${PYTHONPATH} /usr/bin/python3 -W ignore:setup.py install is deprecated -W ignore:easy_install command is deprecated setup.py develop --uninstall --editable --build-directory /home/benson/tractor_ws/build/tractor_bringup/build
[2.184s] Invoking command in '/home/benson/tractor_ws/src/tractor_bringup': PYTHONPATH=/home/benson/tractor_ws/build/tractor_bringup/prefix_override:/usr/lib/python3/dist-packages/colcon_core/task/python/colcon_distutils_commands:/home/benson/tractor_ws/install/tractor_bringup/lib/python3.12/site-packages:${PYTHONPATH} /usr/bin/python3 -W ignore:setup.py install is deprecated -W ignore:easy_install command is deprecated setup.py egg_info --egg-base ../../build/tractor_bringup build --build-base /home/benson/tractor_ws/build/tractor_bringup/build install --record /home/benson/tractor_ws/build/tractor_bringup/install.log --single-version-externally-managed install_data --force
[2.631s] running egg_info
[2.664s] writing ../../build/tractor_bringup/tractor_bringup.egg-info/PKG-INFO
[2.664s] writing dependency_links to ../../build/tractor_bringup/tractor_bringup.egg-info/dependency_links.txt
[2.665s] writing requirements to ../../build/tractor_bringup/tractor_bringup.egg-info/requires.txt
[2.665s] writing top-level names to ../../build/tractor_bringup/tractor_bringup.egg-info/top_level.txt
[2.729s] reading manifest file '../../build/tractor_bringup/tractor_bringup.egg-info/SOURCES.txt'
[2.730s] writing manifest file '../../build/tractor_bringup/tractor_bringup.egg-info/SOURCES.txt'
[2.730s] running build
[2.731s] running build_py
[2.731s] creating /home/benson/tractor_ws/build/tractor_bringup/build
[2.732s] creating /home/benson/tractor_ws/build/tractor_bringup/build/lib
[2.732s] creating /home/benson/tractor_ws/build/tractor_bringup/build/lib/tractor_bringup
[2.732s] copying tractor_bringup/__init__.py -> /home/benson/tractor_ws/build/tractor_bringup/build/lib/tractor_bringup
[2.733s] running install
[2.741s] running install_lib
[2.774s] creating /home/benson/tractor_ws/install/tractor_bringup/lib/python3.12/site-packages/tractor_bringup
[2.775s] copying /home/benson/tractor_ws/build/tractor_bringup/build/lib/tractor_bringup/__init__.py -> /home/benson/tractor_ws/install/tractor_bringup/lib/python3.12/site-packages/tractor_bringup
[2.775s] byte-compiling /home/benson/tractor_ws/install/tractor_bringup/lib/python3.12/site-packages/tractor_bringup/__init__.py to __init__.cpython-312.pyc
[2.776s] running install_data
[2.776s] copying resource/tractor_bringup -> /home/benson/tractor_ws/install/tractor_bringup/share/ament_index/resource_index/packages
[2.776s] copying package.xml -> /home/benson/tractor_ws/install/tractor_bringup/share/tractor_bringup
[2.777s] running install_egg_info
[2.810s] Copying ../../build/tractor_bringup/tractor_bringup.egg-info to /home/benson/tractor_ws/install/tractor_bringup/lib/python3.12/site-packages/tractor_bringup-0.0.0-py3.12.egg-info
[2.810s] running install_scripts
[3.015s] writing list of installed files to '/home/benson/tractor_ws/build/tractor_bringup/install.log'
[3.077s] Invoked command in '/home/benson/tractor_ws/src/tractor_bringup' returned '0': PYTHONPATH=/home/benson/tractor_ws/build/tractor_bringup/prefix_override:/usr/lib/python3/dist-packages/colcon_core/task/python/colcon_distutils_commands:/home/benson/tractor_ws/install/tractor_bringup/lib/python3.12/site-packages:${PYTHONPATH} /usr/bin/python3 -W ignore:setup.py install is deprecated -W ignore:easy_install command is deprecated setup.py egg_info --egg-base ../../build/tractor_bringup build --build-base /home/benson/tractor_ws/build/tractor_bringup/build install --record /home/benson/tractor_ws/build/tractor_bringup/install.log --single-version-externally-managed install_data --force
