[INFO] [launch]: All log files can be found below /home/ubuntu/.ros/log/2025-06-29-04-21-16-492674-ubuntu-5803
[INFO] [launch]: Default logging verbosity is set to INFO
[INFO] [encoder_publisher-1]: process started with pid [5807]
[INFO] [gps_compass_publisher-2]: process started with pid [5808]
[encoder_publisher-1] Traceback (most recent call last):
[encoder_publisher-1]   File "/home/ubuntu/ros2-rover/install/tractor_sensors/lib/tractor_sensors/encoder_publisher", line 33, in <module>
[encoder_publisher-1]     sys.exit(load_entry_point('tractor-sensors==0.0.0', 'console_scripts', 'encoder_publisher')())
[encoder_publisher-1]              ^^^^^^^^^^^^^^^^^^^^^^^^^^^^^^^^^^^^^^^^^^^^^^^^^^^^^^^^^^^^^^^^^^^^^^^^^^^^^^^^^^
[encoder_publisher-1]   File "/home/ubuntu/ros2-rover/install/tractor_sensors/lib/tractor_sensors/encoder_publisher", line 25, in importlib_load_entry_point
[encoder_publisher-1]     return next(matches).load()
[encoder_publisher-1]            ^^^^^^^^^^^^^^^^^^^^
[encoder_publisher-1]   File "/usr/lib/python3.12/importlib/metadata/__init__.py", line 205, in load
[encoder_publisher-1]     module = import_module(match.group('module'))
[encoder_publisher-1]              ^^^^^^^^^^^^^^^^^^^^^^^^^^^^^^^^^^^^
[encoder_publisher-1]   File "/usr/lib/python3.12/importlib/__init__.py", line 90, in import_module
[encoder_publisher-1]     return _bootstrap._gcd_import(name[level:], package, level)
[encoder_publisher-1]            ^^^^^^^^^^^^^^^^^^^^^^^^^^^^^^^^^^^^^^^^^^^^^^^^^^^^
[encoder_publisher-1]   File "<frozen importlib._bootstrap>", line 1387, in _gcd_import
[encoder_publisher-1]   File "<frozen importlib._bootstrap>", line 1360, in _find_and_load
[encoder_publisher-1]   File "<frozen importlib._bootstrap>", line 1331, in _find_and_load_unlocked
[encoder_publisher-1]   File "<frozen importlib._bootstrap>", line 935, in _load_unlocked
[encoder_publisher-1]   File "<frozen importlib._bootstrap_external>", line 995, in exec_module
[encoder_publisher-1]   File "<frozen importlib._bootstrap>", line 488, in _call_with_frames_removed
[encoder_publisher-1]   File "/home/ubuntu/ros2-rover/install/tractor_sensors/lib/python3.12/site-packages/tractor_sensors/encoder_publisher.py", line 11, in <module>
[encoder_publisher-1]     import RPi.GPIO as GPIO
[encoder_publisher-1] ModuleNotFoundError: No module named 'RPi'
[gps_compass_publisher-2] [INFO] [1751170877.447651626] [gps_compass_publisher]: GPS serial port /dev/ttyS6 opened successfully
[gps_compass_publisher-2] [ERROR] [1751170877.448635995] [gps_compass_publisher]: Failed to open compass serial port: [Errno 2] could not open port /dev/ttyUSB1: [Errno 2] No such file or directory: '/dev/ttyUSB1'
[ERROR] [encoder_publisher-1]: process has died [pid 5807, exit code 1, cmd '/home/ubuntu/ros2-rover/install/tractor_sensors/lib/tractor_sensors/encoder_publisher --ros-args -r __node:=encoder_publisher --params-file /tmp/launch_params_g33uby3u'].
[gps_compass_publisher-2] [INFO] [1751170877.510746613] [gps_compass_publisher]: GPS and Compass Publisher initialized
[gps_compass_publisher-2] [ERROR] [1751170879.034902639] [gps_compass_publisher]: GPS reading error: device reports readiness to read but returned no data (device disconnected or multiple access on port?)
[gps_compass_publisher-2] [ERROR] [1751170885.391282109] [gps_compass_publisher]: GPS reading error: device reports readiness to read but returned no data (device disconnected or multiple access on port?)
[gps_compass_publisher-2] [ERROR] [1751170887.047140178] [gps_compass_publisher]: GPS reading error: device reports readiness to read but returned no data (device disconnected or multiple access on port?)
[gps_compass_publisher-2] [ERROR] [1751170889.916354310] [gps_compass_publisher]: GPS reading error: device reports readiness to read but returned no data (device disconnected or multiple access on port?)
[gps_compass_publisher-2] [ERROR] [1751170893.319954064] [gps_compass_publisher]: GPS reading error: device reports readiness to read but returned no data (device disconnected or multiple access on port?)
[gps_compass_publisher-2] [ERROR] [1751170897.714354894] [gps_compass_publisher]: GPS reading error: device reports readiness to read but returned no data (device disconnected or multiple access on port?)
[gps_compass_publisher-2] [ERROR] [1751170899.036944913] [gps_compass_publisher]: GPS reading error: device reports readiness to read but returned no data (device disconnected or multiple access on port?)
[gps_compass_publisher-2] [ERROR] [1751170901.682900445] [gps_compass_publisher]: GPS reading error: device reports readiness to read but returned no data (device disconnected or multiple access on port?)
[gps_compass_publisher-2] [ERROR] [1751170903.890334673] [gps_compass_publisher]: GPS reading error: device reports readiness to read but returned no data (device disconnected or multiple access on port?)
[gps_compass_publisher-2] [ERROR] [1751170907.837610673] [gps_compass_publisher]: GPS reading error: device reports readiness to read but returned no data (device disconnected or multiple access on port?)
[gps_compass_publisher-2] [ERROR] [1751170912.133024653] [gps_compass_publisher]: GPS reading error: device reports readiness to read but returned no data (device disconnected or multiple access on port?)
[gps_compass_publisher-2] [ERROR] [1751170916.158151282] [gps_compass_publisher]: GPS reading error: device reports readiness to read but returned no data (device disconnected or multiple access on port?)
[gps_compass_publisher-2] [ERROR] [1751170917.986800512] [gps_compass_publisher]: GPS reading error: device reports readiness to read but returned no data (device disconnected or multiple access on port?)
[gps_compass_publisher-2] [ERROR] [1751170920.984385554] [gps_compass_publisher]: GPS reading error: device reports readiness to read but returned no data (device disconnected or multiple access on port?)
[gps_compass_publisher-2] [ERROR] [1751170922.274901257] [gps_compass_publisher]: GPS reading error: device reports readiness to read but returned no data (device disconnected or multiple access on port?)
[gps_compass_publisher-2] [ERROR] [1751170927.099224909] [gps_compass_publisher]: GPS reading error: device reports readiness to read but returned no data (device disconnected or multiple access on port?)
[gps_compass_publisher-2] [ERROR] [1751170930.662413917] [gps_compass_publisher]: GPS reading error: device reports readiness to read but returned no data (device disconnected or multiple access on port?)
[gps_compass_publisher-2] [ERROR] [1751170931.666233872] [gps_compass_publisher]: GPS reading error: device reports readiness to read but returned no data (device disconnected or multiple access on port?)
[gps_compass_publisher-2] [ERROR] [1751170933.178937931] [gps_compass_publisher]: GPS reading error: device reports readiness to read but returned no data (device disconnected or multiple access on port?)
[gps_compass_publisher-2] [ERROR] [1751170937.753155189] [gps_compass_publisher]: GPS reading error: device reports readiness to read but returned no data (device disconnected or multiple access on port?)
[gps_compass_publisher-2] [ERROR] [1751170938.788464093] [gps_compass_publisher]: GPS reading error: device reports readiness to read but returned no data (device disconnected or multiple access on port?)
[gps_compass_publisher-2] [ERROR] [1751170940.966134792] [gps_compass_publisher]: GPS reading error: device reports readiness to read but returned no data (device disconnected or multiple access on port?)
[gps_compass_publisher-2] [ERROR] [1751170944.047787904] [gps_compass_publisher]: GPS reading error: device reports readiness to read but returned no data (device disconnected or multiple access on port?)
[gps_compass_publisher-2] [ERROR] [1751170946.865970874] [gps_compass_publisher]: GPS reading error: device reports readiness to read but returned no data (device disconnected or multiple access on port?)
[gps_compass_publisher-2] [ERROR] [1751170949.019100489] [gps_compass_publisher]: GPS reading error: device reports readiness to read but returned no data (device disconnected or multiple access on port?)
[gps_compass_publisher-2] [ERROR] [1751170950.573207043] [gps_compass_publisher]: GPS reading error: device reports readiness to read but returned no data (device disconnected or multiple access on port?)
[gps_compass_publisher-2] [ERROR] [1751170952.716473086] [gps_compass_publisher]: GPS reading error: device reports readiness to read but returned no data (device disconnected or multiple access on port?)
[gps_compass_publisher-2] [ERROR] [1751170953.749256064] [gps_compass_publisher]: GPS reading error: device reports readiness to read but returned no data (device disconnected or multiple access on port?)
[gps_compass_publisher-2] [ERROR] [1751170954.773657759] [gps_compass_publisher]: GPS reading error: device reports readiness to read but returned no data (device disconnected or multiple access on port?)
[gps_compass_publisher-2] [ERROR] [1751170955.777408710] [gps_compass_publisher]: GPS reading error: device reports readiness to read but returned no data (device disconnected or multiple access on port?)
[gps_compass_publisher-2] [ERROR] [1751170957.061257224] [gps_compass_publisher]: GPS reading error: device reports readiness to read but returned no data (device disconnected or multiple access on port?)
[gps_compass_publisher-2] [ERROR] [1751170958.181449457] [gps_compass_publisher]: GPS reading error: device reports readiness to read but returned no data (device disconnected or multiple access on port?)
[gps_compass_publisher-2] [ERROR] [1751170961.894261092] [gps_compass_publisher]: GPS reading error: device reports readiness to read but returned no data (device disconnected or multiple access on port?)
[gps_compass_publisher-2] [ERROR] [1751170963.268827770] [gps_compass_publisher]: GPS reading error: device reports readiness to read but returned no data (device disconnected or multiple access on port?)
[gps_compass_publisher-2] [ERROR] [1751170965.235848825] [gps_compass_publisher]: GPS reading error: device reports readiness to read but returned no data (device disconnected or multiple access on port?)
[gps_compass_publisher-2] [ERROR] [1751170966.421370384] [gps_compass_publisher]: GPS reading error: device reports readiness to read but returned no data (device disconnected or multiple access on port?)
[gps_compass_publisher-2] [ERROR] [1751170968.762386013] [gps_compass_publisher]: GPS reading error: device reports readiness to read but returned no data (device disconnected or multiple access on port?)
[gps_compass_publisher-2] [ERROR] [1751170969.788914422] [gps_compass_publisher]: GPS reading error: device reports readiness to read but returned no data (device disconnected or multiple access on port?)
[gps_compass_publisher-2] [ERROR] [1751170977.023057714] [gps_compass_publisher]: GPS reading error: device reports readiness to read but returned no data (device disconnected or multiple access on port?)
[gps_compass_publisher-2] [ERROR] [1751170984.302446306] [gps_compass_publisher]: GPS reading error: device reports readiness to read but returned no data (device disconnected or multiple access on port?)
[gps_compass_publisher-2] [ERROR] [1751170985.306600723] [gps_compass_publisher]: GPS reading error: device reports readiness to read but returned no data (device disconnected or multiple access on port?)
[gps_compass_publisher-2] [ERROR] [1751170986.489802808] [gps_compass_publisher]: GPS reading error: device reports readiness to read but returned no data (device disconnected or multiple access on port?)
[gps_compass_publisher-2] [ERROR] [1751170987.743490895] [gps_compass_publisher]: GPS reading error: device reports readiness to read but returned no data (device disconnected or multiple access on port?)
[gps_compass_publisher-2] [ERROR] [1751170989.080912097] [gps_compass_publisher]: GPS reading error: device reports readiness to read but returned no data (device disconnected or multiple access on port?)
[gps_compass_publisher-2] [ERROR] [1751170990.160513708] [gps_compass_publisher]: GPS reading error: device reports readiness to read but returned no data (device disconnected or multiple access on port?)
[gps_compass_publisher-2] [ERROR] [1751170994.516156609] [gps_compass_publisher]: GPS reading error: device reports readiness to read but returned no data (device disconnected or multiple access on port?)
[gps_compass_publisher-2] [ERROR] [1751170996.790069987] [gps_compass_publisher]: GPS reading error: device reports readiness to read but returned no data (device disconnected or multiple access on port?)
[gps_compass_publisher-2] [ERROR] [1751170998.100685092] [gps_compass_publisher]: GPS reading error: device reports readiness to read but returned no data (device disconnected or multiple access on port?)
[gps_compass_publisher-2] [ERROR] [1751171002.101747312] [gps_compass_publisher]: GPS reading error: device reports readiness to read but returned no data (device disconnected or multiple access on port?)
[gps_compass_publisher-2] [ERROR] [1751171004.333421713] [gps_compass_publisher]: GPS reading error: device reports readiness to read but returned no data (device disconnected or multiple access on port?)
[gps_compass_publisher-2] [ERROR] [1751171007.094979796] [gps_compass_publisher]: GPS reading error: device reports readiness to read but returned no data (device disconnected or multiple access on port?)
[gps_compass_publisher-2] [ERROR] [1751171012.223311456] [gps_compass_publisher]: GPS reading error: device reports readiness to read but returned no data (device disconnected or multiple access on port?)
[gps_compass_publisher-2] [ERROR] [1751171016.467769174] [gps_compass_publisher]: GPS reading error: device reports readiness to read but returned no data (device disconnected or multiple access on port?)
[gps_compass_publisher-2] [ERROR] [1751171019.208308826] [gps_compass_publisher]: GPS reading error: device reports readiness to read but returned no data (device disconnected or multiple access on port?)
[gps_compass_publisher-2] [ERROR] [1751171023.352289668] [gps_compass_publisher]: GPS reading error: device reports readiness to read but returned no data (device disconnected or multiple access on port?)
[gps_compass_publisher-2] [ERROR] [1751171029.541508680] [gps_compass_publisher]: GPS reading error: device reports readiness to read but returned no data (device disconnected or multiple access on port?)
[gps_compass_publisher-2] [ERROR] [1751171037.872221067] [gps_compass_publisher]: GPS reading error: device reports readiness to read but returned no data (device disconnected or multiple access on port?)
[gps_compass_publisher-2] [ERROR] [1751171038.889227643] [gps_compass_publisher]: GPS reading error: device reports readiness to read but returned no data (device disconnected or multiple access on port?)
[gps_compass_publisher-2] [ERROR] [1751171044.009979425] [gps_compass_publisher]: GPS reading error: device reports readiness to read but returned no data (device disconnected or multiple access on port?)
[gps_compass_publisher-2] [ERROR] [1751171046.316938589] [gps_compass_publisher]: GPS reading error: device reports readiness to read but returned no data (device disconnected or multiple access on port?)
[gps_compass_publisher-2] [ERROR] [1751171047.555419413] [gps_compass_publisher]: GPS reading error: device reports readiness to read but returned no data (device disconnected or multiple access on port?)
[gps_compass_publisher-2] [ERROR] [1751171050.414426278] [gps_compass_publisher]: GPS reading error: device reports readiness to read but returned no data (device disconnected or multiple access on port?)
[gps_compass_publisher-2] [ERROR] [1751171051.715947153] [gps_compass_publisher]: GPS reading error: device reports readiness to read but returned no data (device disconnected or multiple access on port?)
[gps_compass_publisher-2] [ERROR] [1751171054.475190683] [gps_compass_publisher]: GPS reading error: device reports readiness to read but returned no data (device disconnected or multiple access on port?)
[gps_compass_publisher-2] [ERROR] [1751171056.751319312] [gps_compass_publisher]: GPS reading error: device reports readiness to read but returned no data (device disconnected or multiple access on port?)
[gps_compass_publisher-2] [ERROR] [1751171058.059719631] [gps_compass_publisher]: GPS reading error: device reports readiness to read but returned no data (device disconnected or multiple access on port?)
[gps_compass_publisher-2] [ERROR] [1751171062.209001415] [gps_compass_publisher]: GPS reading error: device reports readiness to read but returned no data (device disconnected or multiple access on port?)
[gps_compass_publisher-2] [ERROR] [1751171063.861212316] [gps_compass_publisher]: GPS reading error: device reports readiness to read but returned no data (device disconnected or multiple access on port?)
[gps_compass_publisher-2] [ERROR] [1751171066.442887975] [gps_compass_publisher]: GPS reading error: device reports readiness to read but returned no data (device disconnected or multiple access on port?)
[gps_compass_publisher-2] [ERROR] [1751171068.914993997] [gps_compass_publisher]: GPS reading error: device reports readiness to read but returned no data (device disconnected or multiple access on port?)
[gps_compass_publisher-2] [ERROR] [1751171070.090619798] [gps_compass_publisher]: GPS reading error: device reports readiness to read but returned no data (device disconnected or multiple access on port?)
[gps_compass_publisher-2] [ERROR] [1751171071.317163504] [gps_compass_publisher]: GPS reading error: device reports readiness to read but returned no data (device disconnected or multiple access on port?)
[gps_compass_publisher-2] [ERROR] [1751171077.815735635] [gps_compass_publisher]: GPS reading error: device reports readiness to read but returned no data (device disconnected or multiple access on port?)
[gps_compass_publisher-2] [ERROR] [1751171081.001263031] [gps_compass_publisher]: GPS reading error: device reports readiness to read but returned no data (device disconnected or multiple access on port?)
[gps_compass_publisher-2] [ERROR] [1751171082.167998238] [gps_compass_publisher]: GPS reading error: device reports readiness to read but returned no data (device disconnected or multiple access on port?)
[gps_compass_publisher-2] [ERROR] [1751171083.739727938] [gps_compass_publisher]: GPS reading error: device reports readiness to read but returned no data (device disconnected or multiple access on port?)
[gps_compass_publisher-2] [ERROR] [1751171088.021710933] [gps_compass_publisher]: GPS reading error: device reports readiness to read but returned no data (device disconnected or multiple access on port?)
[gps_compass_publisher-2] [ERROR] [1751171090.605788112] [gps_compass_publisher]: GPS reading error: device reports readiness to read but returned no data (device disconnected or multiple access on port?)
[gps_compass_publisher-2] [ERROR] [1751171092.094489037] [gps_compass_publisher]: GPS reading error: device reports readiness to read but returned no data (device disconnected or multiple access on port?)
[gps_compass_publisher-2] [ERROR] [1751171104.758800803] [gps_compass_publisher]: GPS reading error: device reports readiness to read but returned no data (device disconnected or multiple access on port?)
[gps_compass_publisher-2] [ERROR] [1751171109.277457352] [gps_compass_publisher]: GPS reading error: device reports readiness to read but returned no data (device disconnected or multiple access on port?)
[gps_compass_publisher-2] [ERROR] [1751171111.758855242] [gps_compass_publisher]: GPS reading error: device reports readiness to read but returned no data (device disconnected or multiple access on port?)
[gps_compass_publisher-2] [ERROR] [1751171113.552290209] [gps_compass_publisher]: GPS reading error: device reports readiness to read but returned no data (device disconnected or multiple access on port?)
[gps_compass_publisher-2] [ERROR] [1751171114.914368930] [gps_compass_publisher]: GPS reading error: device reports readiness to read but returned no data (device disconnected or multiple access on port?)
[gps_compass_publisher-2] [ERROR] [1751171117.789576138] [gps_compass_publisher]: GPS reading error: device reports readiness to read but returned no data (device disconnected or multiple access on port?)
[gps_compass_publisher-2] [ERROR] [1751171119.842772927] [gps_compass_publisher]: GPS reading error: device reports readiness to read but returned no data (device disconnected or multiple access on port?)
[gps_compass_publisher-2] [ERROR] [1751171121.279128323] [gps_compass_publisher]: GPS reading error: device reports readiness to read but returned no data (device disconnected or multiple access on port?)
[gps_compass_publisher-2] [ERROR] [1751171122.841143240] [gps_compass_publisher]: GPS reading error: device reports readiness to read but returned no data (device disconnected or multiple access on port?)
[gps_compass_publisher-2] [ERROR] [1751171123.995852290] [gps_compass_publisher]: GPS reading error: device reports readiness to read but returned no data (device disconnected or multiple access on port?)
[gps_compass_publisher-2] [ERROR] [1751171125.150233501] [gps_compass_publisher]: GPS reading error: device reports readiness to read but returned no data (device disconnected or multiple access on port?)
[gps_compass_publisher-2] [ERROR] [1751171130.598855426] [gps_compass_publisher]: GPS reading error: device reports readiness to read but returned no data (device disconnected or multiple access on port?)
[gps_compass_publisher-2] [ERROR] [1751171133.198311511] [gps_compass_publisher]: GPS reading error: device reports readiness to read but returned no data (device disconnected or multiple access on port?)
[gps_compass_publisher-2] [ERROR] [1751171136.500975970] [gps_compass_publisher]: GPS reading error: device reports readiness to read but returned no data (device disconnected or multiple access on port?)
[gps_compass_publisher-2] [ERROR] [1751171140.446171783] [gps_compass_publisher]: GPS reading error: device reports readiness to read but returned no data (device disconnected or multiple access on port?)
[gps_compass_publisher-2] [ERROR] [1751171141.521231563] [gps_compass_publisher]: GPS reading error: device reports readiness to read but returned no data (device disconnected or multiple access on port?)
[gps_compass_publisher-2] [ERROR] [1751171146.974007817] [gps_compass_publisher]: GPS reading error: device reports readiness to read but returned no data (device disconnected or multiple access on port?)
[gps_compass_publisher-2] [ERROR] [1751171148.696635990] [gps_compass_publisher]: GPS reading error: device reports readiness to read but returned no data (device disconnected or multiple access on port?)
[gps_compass_publisher-2] [ERROR] [1751171151.569001625] [gps_compass_publisher]: GPS reading error: device reports readiness to read but returned no data (device disconnected or multiple access on port?)
[gps_compass_publisher-2] [ERROR] [1751171152.792120102] [gps_compass_publisher]: GPS reading error: device reports readiness to read but returned no data (device disconnected or multiple access on port?)
[gps_compass_publisher-2] [ERROR] [1751171154.253462158] [gps_compass_publisher]: GPS reading error: device reports readiness to read but returned no data (device disconnected or multiple access on port?)
[gps_compass_publisher-2] [ERROR] [1751171155.382507485] [gps_compass_publisher]: GPS reading error: device reports readiness to read but returned no data (device disconnected or multiple access on port?)
[gps_compass_publisher-2] [ERROR] [1751171156.418122500] [gps_compass_publisher]: GPS reading error: device reports readiness to read but returned no data (device disconnected or multiple access on port?)
[gps_compass_publisher-2] [ERROR] [1751171158.035904257] [gps_compass_publisher]: GPS reading error: device reports readiness to read but returned no data (device disconnected or multiple access on port?)
[gps_compass_publisher-2] [ERROR] [1751171159.959108758] [gps_compass_publisher]: GPS reading error: device reports readiness to read but returned no data (device disconnected or multiple access on port?)
[gps_compass_publisher-2] [ERROR] [1751171161.156348684] [gps_compass_publisher]: GPS reading error: device reports readiness to read but returned no data (device disconnected or multiple access on port?)
[gps_compass_publisher-2] [ERROR] [1751171162.232728432] [gps_compass_publisher]: GPS reading error: device reports readiness to read but returned no data (device disconnected or multiple access on port?)
[gps_compass_publisher-2] [ERROR] [1751171164.893123899] [gps_compass_publisher]: GPS reading error: device reports readiness to read but returned no data (device disconnected or multiple access on port?)
[gps_compass_publisher-2] [ERROR] [1751171166.060108579] [gps_compass_publisher]: GPS reading error: device reports readiness to read but returned no data (device disconnected or multiple access on port?)
[gps_compass_publisher-2] [ERROR] [1751171168.044101694] [gps_compass_publisher]: GPS reading error: device reports readiness to read but returned no data (device disconnected or multiple access on port?)
[gps_compass_publisher-2] [ERROR] [1751171169.265843714] [gps_compass_publisher]: GPS reading error: device reports readiness to read but returned no data (device disconnected or multiple access on port?)
[gps_compass_publisher-2] [ERROR] [1751171173.382871519] [gps_compass_publisher]: GPS reading error: device reports readiness to read but returned no data (device disconnected or multiple access on port?)
[gps_compass_publisher-2] [ERROR] [1751171176.246354483] [gps_compass_publisher]: GPS reading error: device reports readiness to read but returned no data (device disconnected or multiple access on port?)
[gps_compass_publisher-2] [ERROR] [1751171180.168572839] [gps_compass_publisher]: GPS reading error: device reports readiness to read but returned no data (device disconnected or multiple access on port?)
[gps_compass_publisher-2] [ERROR] [1751171181.455349232] [gps_compass_publisher]: GPS reading error: device reports readiness to read but returned no data (device disconnected or multiple access on port?)
[gps_compass_publisher-2] [ERROR] [1751171182.601215578] [gps_compass_publisher]: GPS reading error: device reports readiness to read but returned no data (device disconnected or multiple access on port?)
[gps_compass_publisher-2] [ERROR] [1751171184.478928981] [gps_compass_publisher]: GPS reading error: device reports readiness to read but returned no data (device disconnected or multiple access on port?)
[gps_compass_publisher-2] [ERROR] [1751171188.416369155] [gps_compass_publisher]: GPS reading error: device reports readiness to read but returned no data (device disconnected or multiple access on port?)
[gps_compass_publisher-2] [ERROR] [1751171189.785617966] [gps_compass_publisher]: GPS reading error: device reports readiness to read but returned no data (device disconnected or multiple access on port?)
[gps_compass_publisher-2] [ERROR] [1751171191.014168481] [gps_compass_publisher]: GPS reading error: device reports readiness to read but returned no data (device disconnected or multiple access on port?)
[gps_compass_publisher-2] [ERROR] [1751171196.731202761] [gps_compass_publisher]: GPS reading error: device reports readiness to read but returned no data (device disconnected or multiple access on port?)
[gps_compass_publisher-2] [ERROR] [1751171204.452396538] [gps_compass_publisher]: GPS reading error: device reports readiness to read but returned no data (device disconnected or multiple access on port?)
[gps_compass_publisher-2] [ERROR] [1751171205.533236504] [gps_compass_publisher]: GPS reading error: device reports readiness to read but returned no data (device disconnected or multiple access on port?)
[gps_compass_publisher-2] [ERROR] [1751171208.783770434] [gps_compass_publisher]: GPS reading error: device reports readiness to read but returned no data (device disconnected or multiple access on port?)
[gps_compass_publisher-2] [ERROR] [1751171209.886675660] [gps_compass_publisher]: GPS reading error: device reports readiness to read but returned no data (device disconnected or multiple access on port?)
[gps_compass_publisher-2] [ERROR] [1751171212.267181637] [gps_compass_publisher]: GPS reading error: device reports readiness to read but returned no data (device disconnected or multiple access on port?)
[gps_compass_publisher-2] [ERROR] [1751171214.845477399] [gps_compass_publisher]: GPS reading error: device reports readiness to read but returned no data (device disconnected or multiple access on port?)
[gps_compass_publisher-2] [ERROR] [1751171215.897430595] [gps_compass_publisher]: GPS reading error: device reports readiness to read but returned no data (device disconnected or multiple access on port?)
[gps_compass_publisher-2] [ERROR] [1751171219.886531575] [gps_compass_publisher]: GPS reading error: device reports readiness to read but returned no data (device disconnected or multiple access on port?)
[gps_compass_publisher-2] [ERROR] [1751171221.030997745] [gps_compass_publisher]: GPS reading error: device reports readiness to read but returned no data (device disconnected or multiple access on port?)
[gps_compass_publisher-2] [ERROR] [1751171222.292560121] [gps_compass_publisher]: GPS reading error: device reports readiness to read but returned no data (device disconnected or multiple access on port?)
[gps_compass_publisher-2] [ERROR] [1751171223.438168728] [gps_compass_publisher]: GPS reading error: device reports readiness to read but returned no data (device disconnected or multiple access on port?)
[gps_compass_publisher-2] [ERROR] [1751171227.214471326] [gps_compass_publisher]: GPS reading error: device reports readiness to read but returned no data (device disconnected or multiple access on port?)
[gps_compass_publisher-2] [ERROR] [1751171228.935156412] [gps_compass_publisher]: GPS reading error: device reports readiness to read but returned no data (device disconnected or multiple access on port?)
[gps_compass_publisher-2] [ERROR] [1751171231.131629046] [gps_compass_publisher]: GPS reading error: device reports readiness to read but returned no data (device disconnected or multiple access on port?)
[gps_compass_publisher-2] [ERROR] [1751171235.847025148] [gps_compass_publisher]: GPS reading error: device reports readiness to read but returned no data (device disconnected or multiple access on port?)
[gps_compass_publisher-2] [ERROR] [1751171237.566968472] [gps_compass_publisher]: GPS reading error: device reports readiness to read but returned no data (device disconnected or multiple access on port?)
[gps_compass_publisher-2] [ERROR] [1751171238.724487411] [gps_compass_publisher]: GPS reading error: device reports readiness to read but returned no data (device disconnected or multiple access on port?)
[gps_compass_publisher-2] [ERROR] [1751171244.046407663] [gps_compass_publisher]: GPS reading error: device reports readiness to read but returned no data (device disconnected or multiple access on port?)
[gps_compass_publisher-2] [ERROR] [1751171247.178926436] [gps_compass_publisher]: GPS reading error: device reports readiness to read but returned no data (device disconnected or multiple access on port?)
[gps_compass_publisher-2] [ERROR] [1751171248.325921502] [gps_compass_publisher]: GPS reading error: device reports readiness to read but returned no data (device disconnected or multiple access on port?)
[gps_compass_publisher-2] [ERROR] [1751171251.015606680] [gps_compass_publisher]: GPS reading error: device reports readiness to read but returned no data (device disconnected or multiple access on port?)
[gps_compass_publisher-2] [ERROR] [1751171252.166499530] [gps_compass_publisher]: GPS reading error: device reports readiness to read but returned no data (device disconnected or multiple access on port?)
[gps_compass_publisher-2] [ERROR] [1751171253.401249639] [gps_compass_publisher]: GPS reading error: device reports readiness to read but returned no data (device disconnected or multiple access on port?)
[gps_compass_publisher-2] [ERROR] [1751171257.105338641] [gps_compass_publisher]: GPS reading error: device reports readiness to read but returned no data (device disconnected or multiple access on port?)
[gps_compass_publisher-2] [ERROR] [1751171258.119931804] [gps_compass_publisher]: GPS reading error: device reports readiness to read but returned no data (device disconnected or multiple access on port?)
[gps_compass_publisher-2] [ERROR] [1751171263.120996494] [gps_compass_publisher]: GPS reading error: device reports readiness to read but returned no data (device disconnected or multiple access on port?)
[gps_compass_publisher-2] [ERROR] [1751171268.815168476] [gps_compass_publisher]: GPS reading error: device reports readiness to read but returned no data (device disconnected or multiple access on port?)
[gps_compass_publisher-2] [ERROR] [1751171272.419281474] [gps_compass_publisher]: GPS reading error: device reports readiness to read but returned no data (device disconnected or multiple access on port?)
[gps_compass_publisher-2] [ERROR] [1751171275.616735159] [gps_compass_publisher]: GPS reading error: device reports readiness to read but returned no data (device disconnected or multiple access on port?)
[gps_compass_publisher-2] [ERROR] [1751171276.914212510] [gps_compass_publisher]: GPS reading error: device reports readiness to read but returned no data (device disconnected or multiple access on port?)
[gps_compass_publisher-2] [ERROR] [1751171278.214205458] [gps_compass_publisher]: GPS reading error: device reports readiness to read but returned no data (device disconnected or multiple access on port?)
[gps_compass_publisher-2] [ERROR] [1751171280.918272880] [gps_compass_publisher]: GPS reading error: device reports readiness to read but returned no data (device disconnected or multiple access on port?)
[gps_compass_publisher-2] [ERROR] [1751171282.078336400] [gps_compass_publisher]: GPS reading error: device reports readiness to read but returned no data (device disconnected or multiple access on port?)
[gps_compass_publisher-2] [ERROR] [1751171283.616217368] [gps_compass_publisher]: GPS reading error: device reports readiness to read but returned no data (device disconnected or multiple access on port?)
[gps_compass_publisher-2] [ERROR] [1751171284.742944531] [gps_compass_publisher]: GPS reading error: device reports readiness to read but returned no data (device disconnected or multiple access on port?)
[gps_compass_publisher-2] [ERROR] [1751171287.210909708] [gps_compass_publisher]: GPS reading error: device reports readiness to read but returned no data (device disconnected or multiple access on port?)
[gps_compass_publisher-2] [ERROR] [1751171288.409217088] [gps_compass_publisher]: GPS reading error: device reports readiness to read but returned no data (device disconnected or multiple access on port?)
[gps_compass_publisher-2] [ERROR] [1751171291.192385203] [gps_compass_publisher]: GPS reading error: device reports readiness to read but returned no data (device disconnected or multiple access on port?)
[gps_compass_publisher-2] [ERROR] [1751171293.251502144] [gps_compass_publisher]: GPS reading error: device reports readiness to read but returned no data (device disconnected or multiple access on port?)
[gps_compass_publisher-2] [ERROR] [1751171296.077772639] [gps_compass_publisher]: GPS reading error: device reports readiness to read but returned no data (device disconnected or multiple access on port?)
[gps_compass_publisher-2] [ERROR] [1751171298.005470613] [gps_compass_publisher]: GPS reading error: device reports readiness to read but returned no data (device disconnected or multiple access on port?)
[gps_compass_publisher-2] [ERROR] [1751171301.326798748] [gps_compass_publisher]: GPS reading error: device reports readiness to read but returned no data (device disconnected or multiple access on port?)
[gps_compass_publisher-2] [ERROR] [1751171303.079954915] [gps_compass_publisher]: GPS reading error: device reports readiness to read but returned no data (device disconnected or multiple access on port?)
[gps_compass_publisher-2] [ERROR] [1751171307.697363711] [gps_compass_publisher]: GPS reading error: device reports readiness to read but returned no data (device disconnected or multiple access on port?)
[gps_compass_publisher-2] [ERROR] [1751171309.555565614] [gps_compass_publisher]: GPS reading error: device reports readiness to read but returned no data (device disconnected or multiple access on port?)
[gps_compass_publisher-2] [ERROR] [1751171312.250213442] [gps_compass_publisher]: GPS reading error: device reports readiness to read but returned no data (device disconnected or multiple access on port?)
[gps_compass_publisher-2] [ERROR] [1751171317.159706274] [gps_compass_publisher]: GPS reading error: device reports readiness to read but returned no data (device disconnected or multiple access on port?)
[gps_compass_publisher-2] [ERROR] [1751171320.866908235] [gps_compass_publisher]: GPS reading error: device reports readiness to read but returned no data (device disconnected or multiple access on port?)
[gps_compass_publisher-2] [ERROR] [1751171322.152674187] [gps_compass_publisher]: GPS reading error: device reports readiness to read but returned no data (device disconnected or multiple access on port?)
[gps_compass_publisher-2] [ERROR] [1751171323.219524003] [gps_compass_publisher]: GPS reading error: device reports readiness to read but returned no data (device disconnected or multiple access on port?)
[gps_compass_publisher-2] [ERROR] [1751171327.343542576] [gps_compass_publisher]: GPS reading error: device reports readiness to read but returned no data (device disconnected or multiple access on port?)
