[3.624s] Invoking command in '/home/benson/tractor_ws/build/tractor_vision': PYTHONPATH=/home/benson/tractor_ws/build/tractor_vision/prefix_override:/usr/lib/python3/dist-packages/colcon_core/task/python/colcon_distutils_commands:/home/benson/tractor_ws/install/tractor_vision/lib/python3.12/site-packages:${PYTHONPATH} /usr/bin/python3 -W ignore:setup.py install is deprecated -W ignore:easy_install command is deprecated setup.py develop --editable --build-directory /home/benson/tractor_ws/build/tractor_vision/build --no-deps symlink_data
[4.197s] running develop
[4.482s] /usr/lib/python3/dist-packages/setuptools/command/easy_install.py:363: UserWarning: Unbuilt egg for pytest-repeat [unknown version] (/usr/lib/python3/dist-packages)
[4.482s]   self.local_index = Environment(self.shadow_path + sys.path)
[4.544s] running egg_info
[4.544s] creating tractor_vision.egg-info
[4.578s] writing tractor_vision.egg-info/PKG-INFO
[4.579s] writing dependency_links to tractor_vision.egg-info/dependency_links.txt
[4.579s] writing entry points to tractor_vision.egg-info/entry_points.txt
[4.579s] writing requirements to tractor_vision.egg-info/requires.txt
[4.579s] writing top-level names to tractor_vision.egg-info/top_level.txt
[4.579s] writing manifest file 'tractor_vision.egg-info/SOURCES.txt'
[4.647s] reading manifest file 'tractor_vision.egg-info/SOURCES.txt'
[4.648s] writing manifest file 'tractor_vision.egg-info/SOURCES.txt'
[4.686s] running build_ext
[4.687s] Creating /home/benson/tractor_ws/install/tractor_vision/lib/python3.12/site-packages/tractor-vision.egg-link (link to .)
[4.690s] Installing obstacle_detector script to /home/benson/tractor_ws/install/tractor_vision/lib/tractor_vision
[4.691s] Installing realsense_processor script to /home/benson/tractor_ws/install/tractor_vision/lib/tractor_vision
[4.691s] 
[4.691s] Installed /home/benson/tractor_ws/build/tractor_vision
[4.691s] running symlink_data
[4.691s] creating /home/benson/tractor_ws/install/tractor_vision/share/ament_index
[4.691s] creating /home/benson/tractor_ws/install/tractor_vision/share/ament_index/resource_index
[4.691s] creating /home/benson/tractor_ws/install/tractor_vision/share/ament_index/resource_index/packages
[4.691s] symbolically linking /home/benson/tractor_ws/build/tractor_vision/resource/tractor_vision -> /home/benson/tractor_ws/install/tractor_vision/share/ament_index/resource_index/packages
[4.691s] symbolically linking /home/benson/tractor_ws/build/tractor_vision/package.xml -> /home/benson/tractor_ws/install/tractor_vision/share/tractor_vision
[4.691s] creating /home/benson/tractor_ws/install/tractor_vision/share/tractor_vision/config
[4.691s] symbolically linking /home/benson/tractor_ws/build/tractor_vision/config/realsense_config.yaml -> /home/benson/tractor_ws/install/tractor_vision/share/tractor_vision/config
[4.789s] Invoked command in '/home/benson/tractor_ws/build/tractor_vision' returned '0': PYTHONPATH=/home/benson/tractor_ws/build/tractor_vision/prefix_override:/usr/lib/python3/dist-packages/colcon_core/task/python/colcon_distutils_commands:/home/benson/tractor_ws/install/tractor_vision/lib/python3.12/site-packages:${PYTHONPATH} /usr/bin/python3 -W ignore:setup.py install is deprecated -W ignore:easy_install command is deprecated setup.py develop --editable --build-directory /home/benson/tractor_ws/build/tractor_vision/build --no-deps symlink_data
