[3.653s] Invoking command in '/home/benson/tractor_ws/build/tractor_sensors': PYTHONPATH=/home/benson/tractor_ws/build/tractor_sensors/prefix_override:/usr/lib/python3/dist-packages/colcon_core/task/python/colcon_distutils_commands:/home/benson/tractor_ws/install/tractor_sensors/lib/python3.12/site-packages:${PYTHONPATH} /usr/bin/python3 -W ignore:setup.py install is deprecated -W ignore:easy_install command is deprecated setup.py develop --editable --build-directory /home/benson/tractor_ws/build/tractor_sensors/build --no-deps symlink_data
[4.629s] running develop
[4.897s] /usr/lib/python3/dist-packages/setuptools/command/easy_install.py:363: UserWarning: Unbuilt egg for pytest-repeat [unknown version] (/usr/lib/python3/dist-packages)
[4.898s]   self.local_index = Environment(self.shadow_path + sys.path)
[4.958s] running egg_info
[4.959s] creating tractor_sensors.egg-info
[4.992s] writing tractor_sensors.egg-info/PKG-INFO
[4.992s] writing dependency_links to tractor_sensors.egg-info/dependency_links.txt
[4.993s] writing entry points to tractor_sensors.egg-info/entry_points.txt
[4.993s] writing requirements to tractor_sensors.egg-info/requires.txt
[4.993s] writing top-level names to tractor_sensors.egg-info/top_level.txt
[4.994s] writing manifest file 'tractor_sensors.egg-info/SOURCES.txt'
[5.061s] reading manifest file 'tractor_sensors.egg-info/SOURCES.txt'
[5.061s] writing manifest file 'tractor_sensors.egg-info/SOURCES.txt'
[5.097s] running build_ext
[5.098s] Creating /home/benson/tractor_ws/install/tractor_sensors/lib/python3.12/site-packages/tractor-sensors.egg-link (link to .)
[5.099s] Installing encoder_publisher script to /home/benson/tractor_ws/install/tractor_sensors/lib/tractor_sensors
[5.100s] Installing gps_compass_publisher script to /home/benson/tractor_ws/install/tractor_sensors/lib/tractor_sensors
[5.100s] 
[5.101s] Installed /home/benson/tractor_ws/build/tractor_sensors
[5.101s] running symlink_data
[5.101s] creating /home/benson/tractor_ws/install/tractor_sensors/share/ament_index
[5.102s] creating /home/benson/tractor_ws/install/tractor_sensors/share/ament_index/resource_index
[5.102s] creating /home/benson/tractor_ws/install/tractor_sensors/share/ament_index/resource_index/packages
[5.102s] symbolically linking /home/benson/tractor_ws/build/tractor_sensors/resource/tractor_sensors -> /home/benson/tractor_ws/install/tractor_sensors/share/ament_index/resource_index/packages
[5.103s] symbolically linking /home/benson/tractor_ws/build/tractor_sensors/package.xml -> /home/benson/tractor_ws/install/tractor_sensors/share/tractor_sensors
[5.190s] Invoked command in '/home/benson/tractor_ws/build/tractor_sensors' returned '0': PYTHONPATH=/home/benson/tractor_ws/build/tractor_sensors/prefix_override:/usr/lib/python3/dist-packages/colcon_core/task/python/colcon_distutils_commands:/home/benson/tractor_ws/install/tractor_sensors/lib/python3.12/site-packages:${PYTHONPATH} /usr/bin/python3 -W ignore:setup.py install is deprecated -W ignore:easy_install command is deprecated setup.py develop --editable --build-directory /home/benson/tractor_ws/build/tractor_sensors/build --no-deps symlink_data
