[5.037s] Invoking command in '/home/ubuntu/ros2-rover/build/tractor_coverage': PYTHONPATH=/home/ubuntu/ros2-rover/build/tractor_coverage/prefix_override:/usr/lib/python3/dist-packages/colcon_core/task/python/colcon_distutils_commands:/home/ubuntu/ros2-rover/install/tractor_coverage/lib/python3.12/site-packages:${PYTHONPATH} /usr/bin/python3 -W ignore:setup.py install is deprecated -W ignore:easy_install command is deprecated setup.py develop --editable --build-directory /home/ubuntu/ros2-rover/build/tractor_coverage/build --no-deps symlink_data --force
[6.191s] running develop
[6.531s] running egg_info
[6.562s] writing tractor_coverage.egg-info/PKG-INFO
[6.562s] writing dependency_links to tractor_coverage.egg-info/dependency_links.txt
[6.562s] writing entry points to tractor_coverage.egg-info/entry_points.txt
[6.562s] writing requirements to tractor_coverage.egg-info/requires.txt
[6.562s] writing top-level names to tractor_coverage.egg-info/top_level.txt
[6.626s] reading manifest file 'tractor_coverage.egg-info/SOURCES.txt'
[6.627s] writing manifest file 'tractor_coverage.egg-info/SOURCES.txt'
[6.664s] running build_ext
[6.664s] Creating /home/ubuntu/ros2-rover/install/tractor_coverage/lib/python3.12/site-packages/tractor-coverage.egg-link (link to .)
[6.665s] Installing coverage_action_server script to /home/ubuntu/ros2-rover/install/tractor_coverage/lib/tractor_coverage
[6.666s] Installing coverage_client script to /home/ubuntu/ros2-rover/install/tractor_coverage/lib/tractor_coverage
[6.666s] Installing coverage_visualizer script to /home/ubuntu/ros2-rover/install/tractor_coverage/lib/tractor_coverage
[6.666s] 
[6.667s] Installed /home/ubuntu/ros2-rover/build/tractor_coverage
[6.667s] running symlink_data
[6.667s] symbolically linking /home/ubuntu/ros2-rover/build/tractor_coverage/resource/tractor_coverage -> /home/ubuntu/ros2-rover/install/tractor_coverage/share/ament_index/resource_index/packages
[6.667s] symbolically linking /home/ubuntu/ros2-rover/build/tractor_coverage/package.xml -> /home/ubuntu/ros2-rover/install/tractor_coverage/share/tractor_coverage
[6.667s] symbolically linking /home/ubuntu/ros2-rover/build/tractor_coverage/launch/coverage_system.launch.py -> /home/ubuntu/ros2-rover/install/tractor_coverage/share/tractor_coverage/launch
[6.773s] Invoked command in '/home/ubuntu/ros2-rover/build/tractor_coverage' returned '0': PYTHONPATH=/home/ubuntu/ros2-rover/build/tractor_coverage/prefix_override:/usr/lib/python3/dist-packages/colcon_core/task/python/colcon_distutils_commands:/home/ubuntu/ros2-rover/install/tractor_coverage/lib/python3.12/site-packages:${PYTHONPATH} /usr/bin/python3 -W ignore:setup.py install is deprecated -W ignore:easy_install command is deprecated setup.py develop --editable --build-directory /home/ubuntu/ros2-rover/build/tractor_coverage/build --no-deps symlink_data --force
