[4.341s] Invoking command in '/home/ubuntu/ros2-rover/build/tractor_coverage': PYTHONPATH=/home/ubuntu/ros2-rover/build/tractor_coverage/prefix_override:/usr/lib/python3/dist-packages/colcon_core/task/python/colcon_distutils_commands:/home/ubuntu/ros2-rover/install/tractor_coverage/lib/python3.12/site-packages:${PYTHONPATH} /usr/bin/python3 -W ignore:setup.py install is deprecated -W ignore:easy_install command is deprecated setup.py develop --uninstall --editable --build-directory /home/ubuntu/ros2-rover/build/tractor_coverage/build
[4.927s] running develop
[5.279s] Removing /home/ubuntu/ros2-rover/install/tractor_coverage/lib/python3.12/site-packages/tractor-coverage.egg-link (link to .)
[5.372s] Invoked command in '/home/ubuntu/ros2-rover/build/tractor_coverage' returned '0': PYTHONPATH=/home/ubuntu/ros2-rover/build/tractor_coverage/prefix_override:/usr/lib/python3/dist-packages/colcon_core/task/python/colcon_distutils_commands:/home/ubuntu/ros2-rover/install/tractor_coverage/lib/python3.12/site-packages:${PYTHONPATH} /usr/bin/python3 -W ignore:setup.py install is deprecated -W ignore:easy_install command is deprecated setup.py develop --uninstall --editable --build-directory /home/ubuntu/ros2-rover/build/tractor_coverage/build
[5.372s] Invoking command in '/home/ubuntu/ros2-rover/src/tractor_coverage': PYTHONPATH=/home/ubuntu/ros2-rover/build/tractor_coverage/prefix_override:/usr/lib/python3/dist-packages/colcon_core/task/python/colcon_distutils_commands:/home/ubuntu/ros2-rover/install/tractor_coverage/lib/python3.12/site-packages:${PYTHONPATH} /usr/bin/python3 -W ignore:setup.py install is deprecated -W ignore:easy_install command is deprecated setup.py egg_info --egg-base ../../build/tractor_coverage build --build-base /home/ubuntu/ros2-rover/build/tractor_coverage/build install --record /home/ubuntu/ros2-rover/build/tractor_coverage/install.log --single-version-externally-managed install_data --force
[5.825s] running egg_info
[5.858s] writing ../../build/tractor_coverage/tractor_coverage.egg-info/PKG-INFO
[5.859s] writing dependency_links to ../../build/tractor_coverage/tractor_coverage.egg-info/dependency_links.txt
[5.859s] writing entry points to ../../build/tractor_coverage/tractor_coverage.egg-info/entry_points.txt
[5.860s] writing requirements to ../../build/tractor_coverage/tractor_coverage.egg-info/requires.txt
[5.860s] writing top-level names to ../../build/tractor_coverage/tractor_coverage.egg-info/top_level.txt
[5.928s] reading manifest file '../../build/tractor_coverage/tractor_coverage.egg-info/SOURCES.txt'
[5.930s] writing manifest file '../../build/tractor_coverage/tractor_coverage.egg-info/SOURCES.txt'
[5.932s] running build
[5.932s] running build_py
[5.934s] running install
[5.944s] running install_lib
[5.978s] creating /home/ubuntu/ros2-rover/install/tractor_coverage/lib/python3.12/site-packages/tractor_coverage
[5.979s] copying /home/ubuntu/ros2-rover/build/tractor_coverage/build/lib/tractor_coverage/coverage_visualizer.py -> /home/ubuntu/ros2-rover/install/tractor_coverage/lib/python3.12/site-packages/tractor_coverage
[5.979s] copying /home/ubuntu/ros2-rover/build/tractor_coverage/build/lib/tractor_coverage/coverage_client.py -> /home/ubuntu/ros2-rover/install/tractor_coverage/lib/python3.12/site-packages/tractor_coverage
[5.980s] copying /home/ubuntu/ros2-rover/build/tractor_coverage/build/lib/tractor_coverage/coverage_action_server.py -> /home/ubuntu/ros2-rover/install/tractor_coverage/lib/python3.12/site-packages/tractor_coverage
[5.980s] copying /home/ubuntu/ros2-rover/build/tractor_coverage/build/lib/tractor_coverage/__init__.py -> /home/ubuntu/ros2-rover/install/tractor_coverage/lib/python3.12/site-packages/tractor_coverage
[5.981s] copying /home/ubuntu/ros2-rover/build/tractor_coverage/build/lib/tractor_coverage/coverage_planner.py -> /home/ubuntu/ros2-rover/install/tractor_coverage/lib/python3.12/site-packages/tractor_coverage
[5.982s] byte-compiling /home/ubuntu/ros2-rover/install/tractor_coverage/lib/python3.12/site-packages/tractor_coverage/coverage_visualizer.py to coverage_visualizer.cpython-312.pyc
[5.988s] byte-compiling /home/ubuntu/ros2-rover/install/tractor_coverage/lib/python3.12/site-packages/tractor_coverage/coverage_client.py to coverage_client.cpython-312.pyc
[5.991s] byte-compiling /home/ubuntu/ros2-rover/install/tractor_coverage/lib/python3.12/site-packages/tractor_coverage/coverage_action_server.py to coverage_action_server.cpython-312.pyc
[5.997s] byte-compiling /home/ubuntu/ros2-rover/install/tractor_coverage/lib/python3.12/site-packages/tractor_coverage/__init__.py to __init__.cpython-312.pyc
[5.997s] byte-compiling /home/ubuntu/ros2-rover/install/tractor_coverage/lib/python3.12/site-packages/tractor_coverage/coverage_planner.py to coverage_planner.cpython-312.pyc
[6.001s] running install_data
[6.002s] copying resource/tractor_coverage -> /home/ubuntu/ros2-rover/install/tractor_coverage/share/ament_index/resource_index/packages
[6.003s] copying package.xml -> /home/ubuntu/ros2-rover/install/tractor_coverage/share/tractor_coverage
[6.003s] copying launch/coverage_system.launch.py -> /home/ubuntu/ros2-rover/install/tractor_coverage/share/tractor_coverage/launch
[6.004s] running install_egg_info
[6.039s] Copying ../../build/tractor_coverage/tractor_coverage.egg-info to /home/ubuntu/ros2-rover/install/tractor_coverage/lib/python3.12/site-packages/tractor_coverage-0.0.0-py3.12.egg-info
[6.041s] running install_scripts
[6.293s] Installing coverage_action_server script to /home/ubuntu/ros2-rover/install/tractor_coverage/lib/tractor_coverage
[6.294s] Installing coverage_client script to /home/ubuntu/ros2-rover/install/tractor_coverage/lib/tractor_coverage
[6.295s] Installing coverage_visualizer script to /home/ubuntu/ros2-rover/install/tractor_coverage/lib/tractor_coverage
[6.295s] writing list of installed files to '/home/ubuntu/ros2-rover/build/tractor_coverage/install.log'
[6.367s] Invoked command in '/home/ubuntu/ros2-rover/src/tractor_coverage' returned '0': PYTHONPATH=/home/ubuntu/ros2-rover/build/tractor_coverage/prefix_override:/usr/lib/python3/dist-packages/colcon_core/task/python/colcon_distutils_commands:/home/ubuntu/ros2-rover/install/tractor_coverage/lib/python3.12/site-packages:${PYTHONPATH} /usr/bin/python3 -W ignore:setup.py install is deprecated -W ignore:easy_install command is deprecated setup.py egg_info --egg-base ../../build/tractor_coverage build --build-base /home/ubuntu/ros2-rover/build/tractor_coverage/build install --record /home/ubuntu/ros2-rover/build/tractor_coverage/install.log --single-version-externally-managed install_data --force
