[1.739s] Invoking command in '/home/ubuntu/ros2-rover/src/tractor_vision': PYTHONPATH=/home/ubuntu/ros2-rover/build/tractor_vision/prefix_override:/usr/lib/python3/dist-packages/colcon_core/task/python/colcon_distutils_commands:/home/ubuntu/ros2-rover/install/tractor_vision/lib/python3.12/site-packages:${PYTHONPATH} /usr/bin/python3 -W ignore:setup.py install is deprecated -W ignore:easy_install command is deprecated setup.py egg_info --egg-base ../../build/tractor_vision build --build-base /home/ubuntu/ros2-rover/build/tractor_vision/build install --record /home/ubuntu/ros2-rover/build/tractor_vision/install.log --single-version-externally-managed install_data
[2.172s] running egg_info
[2.202s] writing ../../build/tractor_vision/tractor_vision.egg-info/PKG-INFO
[2.203s] writing dependency_links to ../../build/tractor_vision/tractor_vision.egg-info/dependency_links.txt
[2.203s] writing entry points to ../../build/tractor_vision/tractor_vision.egg-info/entry_points.txt
[2.204s] writing requirements to ../../build/tractor_vision/tractor_vision.egg-info/requires.txt
[2.204s] writing top-level names to ../../build/tractor_vision/tractor_vision.egg-info/top_level.txt
[2.267s] reading manifest file '../../build/tractor_vision/tractor_vision.egg-info/SOURCES.txt'
[2.269s] writing manifest file '../../build/tractor_vision/tractor_vision.egg-info/SOURCES.txt'
[2.269s] running build
[2.270s] running build_py
[2.270s] copying tractor_vision/realsense_nav2_node.py -> /home/ubuntu/ros2-rover/build/tractor_vision/build/lib/tractor_vision
[2.271s] running install
[2.281s] running install_lib
[2.311s] copying /home/ubuntu/ros2-rover/build/tractor_vision/build/lib/tractor_vision/realsense_nav2_node.py -> /home/ubuntu/ros2-rover/install/tractor_vision/lib/python3.12/site-packages/tractor_vision
[2.312s] byte-compiling /home/ubuntu/ros2-rover/install/tractor_vision/lib/python3.12/site-packages/tractor_vision/realsense_nav2_node.py to realsense_nav2_node.cpython-312.pyc
[2.317s] running install_data
[2.317s] running install_egg_info
[2.351s] removing '/home/ubuntu/ros2-rover/install/tractor_vision/lib/python3.12/site-packages/tractor_vision-0.0.0-py3.12.egg-info' (and everything under it)
[2.351s] Copying ../../build/tractor_vision/tractor_vision.egg-info to /home/ubuntu/ros2-rover/install/tractor_vision/lib/python3.12/site-packages/tractor_vision-0.0.0-py3.12.egg-info
[2.352s] running install_scripts
[2.567s] Installing obstacle_detector script to /home/ubuntu/ros2-rover/install/tractor_vision/lib/tractor_vision
[2.568s] Installing opencv_camera_node script to /home/ubuntu/ros2-rover/install/tractor_vision/lib/tractor_vision
[2.568s] Installing realsense_nav2_node script to /home/ubuntu/ros2-rover/install/tractor_vision/lib/tractor_vision
[2.569s] Installing realsense_processor script to /home/ubuntu/ros2-rover/install/tractor_vision/lib/tractor_vision
[2.569s] writing list of installed files to '/home/ubuntu/ros2-rover/build/tractor_vision/install.log'
[2.654s] Invoked command in '/home/ubuntu/ros2-rover/src/tractor_vision' returned '0': PYTHONPATH=/home/ubuntu/ros2-rover/build/tractor_vision/prefix_override:/usr/lib/python3/dist-packages/colcon_core/task/python/colcon_distutils_commands:/home/ubuntu/ros2-rover/install/tractor_vision/lib/python3.12/site-packages:${PYTHONPATH} /usr/bin/python3 -W ignore:setup.py install is deprecated -W ignore:easy_install command is deprecated setup.py egg_info --egg-base ../../build/tractor_vision build --build-base /home/ubuntu/ros2-rover/build/tractor_vision/build install --record /home/ubuntu/ros2-rover/build/tractor_vision/install.log --single-version-externally-managed install_data
