[5.834s] Invoking command in '/home/ubuntu/ros2-rover/build/tractor_vision': PYTHONPATH=/home/ubuntu/ros2-rover/build/tractor_vision/prefix_override:/usr/lib/python3/dist-packages/colcon_core/task/python/colcon_distutils_commands:/home/ubuntu/ros2-rover/install/tractor_vision/lib/python3.12/site-packages:${PYTHONPATH} /usr/bin/python3 -W ignore:setup.py install is deprecated -W ignore:easy_install command is deprecated setup.py develop --uninstall --editable --build-directory /home/ubuntu/ros2-rover/build/tractor_vision/build
[6.303s] running develop
[6.641s] Removing /home/ubuntu/ros2-rover/install/tractor_vision/lib/python3.12/site-packages/tractor-vision.egg-link (link to .)
[6.734s] Invoked command in '/home/ubuntu/ros2-rover/build/tractor_vision' returned '0': PYTHONPATH=/home/ubuntu/ros2-rover/build/tractor_vision/prefix_override:/usr/lib/python3/dist-packages/colcon_core/task/python/colcon_distutils_commands:/home/ubuntu/ros2-rover/install/tractor_vision/lib/python3.12/site-packages:${PYTHONPATH} /usr/bin/python3 -W ignore:setup.py install is deprecated -W ignore:easy_install command is deprecated setup.py develop --uninstall --editable --build-directory /home/ubuntu/ros2-rover/build/tractor_vision/build
[6.734s] Invoking command in '/home/ubuntu/ros2-rover/src/tractor_vision': PYTHONPATH=/home/ubuntu/ros2-rover/build/tractor_vision/prefix_override:/usr/lib/python3/dist-packages/colcon_core/task/python/colcon_distutils_commands:/home/ubuntu/ros2-rover/install/tractor_vision/lib/python3.12/site-packages:${PYTHONPATH} /usr/bin/python3 -W ignore:setup.py install is deprecated -W ignore:easy_install command is deprecated setup.py egg_info --egg-base ../../build/tractor_vision build --build-base /home/ubuntu/ros2-rover/build/tractor_vision/build install --record /home/ubuntu/ros2-rover/build/tractor_vision/install.log --single-version-externally-managed install_data --force
[7.228s] running egg_info
[7.259s] writing ../../build/tractor_vision/tractor_vision.egg-info/PKG-INFO
[7.260s] writing dependency_links to ../../build/tractor_vision/tractor_vision.egg-info/dependency_links.txt
[7.260s] writing entry points to ../../build/tractor_vision/tractor_vision.egg-info/entry_points.txt
[7.261s] writing requirements to ../../build/tractor_vision/tractor_vision.egg-info/requires.txt
[7.261s] writing top-level names to ../../build/tractor_vision/tractor_vision.egg-info/top_level.txt
[7.325s] reading manifest file '../../build/tractor_vision/tractor_vision.egg-info/SOURCES.txt'
[7.326s] writing manifest file '../../build/tractor_vision/tractor_vision.egg-info/SOURCES.txt'
[7.327s] running build
[7.327s] running build_py
[7.328s] running install
[7.337s] running install_lib
[7.369s] creating /home/ubuntu/ros2-rover/install/tractor_vision/lib/python3.12/site-packages/tractor_vision
[7.370s] copying /home/ubuntu/ros2-rover/build/tractor_vision/build/lib/tractor_vision/obstacle_detector.py -> /home/ubuntu/ros2-rover/install/tractor_vision/lib/python3.12/site-packages/tractor_vision
[7.370s] copying /home/ubuntu/ros2-rover/build/tractor_vision/build/lib/tractor_vision/__init__.py -> /home/ubuntu/ros2-rover/install/tractor_vision/lib/python3.12/site-packages/tractor_vision
[7.371s] copying /home/ubuntu/ros2-rover/build/tractor_vision/build/lib/tractor_vision/realsense_processor.py -> /home/ubuntu/ros2-rover/install/tractor_vision/lib/python3.12/site-packages/tractor_vision
[7.371s] byte-compiling /home/ubuntu/ros2-rover/install/tractor_vision/lib/python3.12/site-packages/tractor_vision/obstacle_detector.py to obstacle_detector.cpython-312.pyc
[7.374s] byte-compiling /home/ubuntu/ros2-rover/install/tractor_vision/lib/python3.12/site-packages/tractor_vision/__init__.py to __init__.cpython-312.pyc
[7.374s] byte-compiling /home/ubuntu/ros2-rover/install/tractor_vision/lib/python3.12/site-packages/tractor_vision/realsense_processor.py to realsense_processor.cpython-312.pyc
[7.379s] running install_data
[7.380s] copying resource/tractor_vision -> /home/ubuntu/ros2-rover/install/tractor_vision/share/ament_index/resource_index/packages
[7.380s] copying package.xml -> /home/ubuntu/ros2-rover/install/tractor_vision/share/tractor_vision
[7.380s] copying config/realsense_config.yaml -> /home/ubuntu/ros2-rover/install/tractor_vision/share/tractor_vision/config
[7.381s] running install_egg_info
[7.413s] Copying ../../build/tractor_vision/tractor_vision.egg-info to /home/ubuntu/ros2-rover/install/tractor_vision/lib/python3.12/site-packages/tractor_vision-0.0.0-py3.12.egg-info
[7.414s] running install_scripts
[7.655s] Installing obstacle_detector script to /home/ubuntu/ros2-rover/install/tractor_vision/lib/tractor_vision
[7.656s] Installing realsense_processor script to /home/ubuntu/ros2-rover/install/tractor_vision/lib/tractor_vision
[7.657s] writing list of installed files to '/home/ubuntu/ros2-rover/build/tractor_vision/install.log'
[7.786s] Invoked command in '/home/ubuntu/ros2-rover/src/tractor_vision' returned '0': PYTHONPATH=/home/ubuntu/ros2-rover/build/tractor_vision/prefix_override:/usr/lib/python3/dist-packages/colcon_core/task/python/colcon_distutils_commands:/home/ubuntu/ros2-rover/install/tractor_vision/lib/python3.12/site-packages:${PYTHONPATH} /usr/bin/python3 -W ignore:setup.py install is deprecated -W ignore:easy_install command is deprecated setup.py egg_info --egg-base ../../build/tractor_vision build --build-base /home/ubuntu/ros2-rover/build/tractor_vision/build install --record /home/ubuntu/ros2-rover/build/tractor_vision/install.log --single-version-externally-managed install_data --force
