[4.940s] Invoking command in '/home/ubuntu/ros2-rover/build/tractor_bringup': PYTHONPATH=/home/ubuntu/ros2-rover/build/tractor_bringup/prefix_override:/usr/lib/python3/dist-packages/colcon_core/task/python/colcon_distutils_commands:/home/ubuntu/ros2-rover/install/tractor_bringup/lib/python3.12/site-packages:${PYTHONPATH} /usr/bin/python3 -W ignore:setup.py install is deprecated -W ignore:easy_install command is deprecated setup.py develop --editable --build-directory /home/ubuntu/ros2-rover/build/tractor_bringup/build --no-deps symlink_data
[5.503s] running develop
[5.847s] running egg_info
[5.883s] writing tractor_bringup.egg-info/PKG-INFO
[5.883s] writing dependency_links to tractor_bringup.egg-info/dependency_links.txt
[5.884s] writing entry points to tractor_bringup.egg-info/entry_points.txt
[5.884s] writing requirements to tractor_bringup.egg-info/requires.txt
[5.885s] writing top-level names to tractor_bringup.egg-info/top_level.txt
[5.954s] reading manifest file 'tractor_bringup.egg-info/SOURCES.txt'
[5.954s] writing manifest file 'tractor_bringup.egg-info/SOURCES.txt'
[5.990s] running build_ext
[5.991s] Creating /home/ubuntu/ros2-rover/install/tractor_bringup/lib/python3.12/site-packages/tractor-bringup.egg-link (link to .)
[5.992s] Installing autonomous_mapping.py script to /home/ubuntu/ros2-rover/install/tractor_bringup/lib/tractor_bringup
[5.992s] Installing safety_monitor.py script to /home/ubuntu/ros2-rover/install/tractor_bringup/lib/tractor_bringup
[5.993s] 
[5.994s] Installed /home/ubuntu/ros2-rover/build/tractor_bringup
[5.994s] running symlink_data
[5.995s] symbolically linking /home/ubuntu/ros2-rover/build/tractor_bringup/maps/yard_map.yaml -> /home/ubuntu/ros2-rover/install/tractor_bringup/share/tractor_bringup/maps
[5.995s] symbolically linking /home/ubuntu/ros2-rover/build/tractor_bringup/maps/yard_map.pgm -> /home/ubuntu/ros2-rover/install/tractor_bringup/share/tractor_bringup/maps
[6.123s] Invoked command in '/home/ubuntu/ros2-rover/build/tractor_bringup' returned '0': PYTHONPATH=/home/ubuntu/ros2-rover/build/tractor_bringup/prefix_override:/usr/lib/python3/dist-packages/colcon_core/task/python/colcon_distutils_commands:/home/ubuntu/ros2-rover/install/tractor_bringup/lib/python3.12/site-packages:${PYTHONPATH} /usr/bin/python3 -W ignore:setup.py install is deprecated -W ignore:easy_install command is deprecated setup.py develop --editable --build-directory /home/ubuntu/ros2-rover/build/tractor_bringup/build --no-deps symlink_data
