[0.182s] DEBUG:colcon:Command line arguments: ['/usr/bin/colcon', 'build', '--symlink-install', '--event-handlers', 'console_direct+']
[0.182s] DEBUG:colcon:Parsed command line arguments: Namespace(log_base=None, log_level=None, verb_name='build', build_base='build', install_base='install', merge_install=False, symlink_install=True, test_result_base=None, continue_on_error=False, executor='parallel', parallel_workers=8, event_handlers=['console_direct+'], ignore_user_meta=False, metas=['./colcon.meta'], base_paths=['.'], packages_ignore=None, packages_ignore_regex=None, paths=None, packages_up_to=None, packages_up_to_regex=None, packages_above=None, packages_above_and_dependencies=None, packages_above_depth=None, packages_select_by_dep=None, packages_skip_by_dep=None, packages_skip_up_to=None, packages_select_build_failed=False, packages_skip_build_finished=False, packages_select_test_failures=False, packages_skip_test_passed=False, packages_select=None, packages_skip=None, packages_select_regex=None, packages_skip_regex=None, packages_start=None, packages_end=None, allow_overriding=[], cmake_args=None, cmake_target=None, cmake_target_skip_unavailable=False, cmake_clean_cache=False, cmake_clean_first=False, cmake_force_configure=False, ament_cmake_args=None, catkin_cmake_args=None, catkin_skip_building_tests=False, mixin_files=None, mixin=None, verb_parser=<colcon_mixin.mixin.mixin_argument.MixinArgumentDecorator object at 0xffffb60019a0>, verb_extension=<colcon_core.verb.build.BuildVerb object at 0xffffb6185e50>, main=<bound method BuildVerb.main of <colcon_core.verb.build.BuildVerb object at 0xffffb6185e50>>, mixin_verb=('build',))
[0.248s] Level 1:colcon.colcon_core.package_discovery:discover_packages(colcon_meta) check parameters
[0.248s] Level 1:colcon.colcon_core.package_discovery:discover_packages(recursive) check parameters
[0.248s] Level 1:colcon.colcon_core.package_discovery:discover_packages(ignore) check parameters
[0.248s] Level 1:colcon.colcon_core.package_discovery:discover_packages(path) check parameters
[0.248s] Level 1:colcon.colcon_core.package_discovery:discover_packages(colcon_meta) discover
[0.248s] Level 1:colcon.colcon_core.package_discovery:discover_packages(recursive) discover
[0.248s] INFO:colcon.colcon_core.package_discovery:Crawling recursively for packages in '/home/ubuntu/ros2-rover'
[0.248s] Level 1:colcon.colcon_core.package_identification:_identify(.) by extensions ['ignore', 'ignore_ament_install']
[0.249s] Level 1:colcon.colcon_core.package_identification:_identify(.) by extension 'ignore'
[0.249s] Level 1:colcon.colcon_core.package_identification:_identify(.) by extension 'ignore_ament_install'
[0.249s] Level 1:colcon.colcon_core.package_identification:_identify(.) by extensions ['colcon_pkg']
[0.249s] Level 1:colcon.colcon_core.package_identification:_identify(.) by extension 'colcon_pkg'
[0.249s] Level 1:colcon.colcon_core.package_identification:_identify(.) by extensions ['colcon_meta']
[0.249s] Level 1:colcon.colcon_core.package_identification:_identify(.) by extension 'colcon_meta'
[0.249s] Level 1:colcon.colcon_core.package_identification:_identify(.) by extensions ['ros']
[0.249s] Level 1:colcon.colcon_core.package_identification:_identify(.) by extension 'ros'
[0.294s] Level 1:colcon.colcon_core.package_identification:_identify(.) by extensions ['cmake', 'python']
[0.294s] Level 1:colcon.colcon_core.package_identification:_identify(.) by extension 'cmake'
[0.294s] Level 1:colcon.colcon_core.package_identification:_identify(.) by extension 'python'
[0.294s] Level 1:colcon.colcon_core.package_identification:_identify(.) by extensions ['python_setup_py']
[0.294s] Level 1:colcon.colcon_core.package_identification:_identify(.) by extension 'python_setup_py'
[0.294s] Level 1:colcon.colcon_core.package_identification:_identify(build) by extensions ['ignore', 'ignore_ament_install']
[0.295s] Level 1:colcon.colcon_core.package_identification:_identify(build) by extension 'ignore'
[0.295s] Level 1:colcon.colcon_core.package_identification:_identify(build) ignored
[0.295s] Level 1:colcon.colcon_core.package_identification:_identify(install) by extensions ['ignore', 'ignore_ament_install']
[0.295s] Level 1:colcon.colcon_core.package_identification:_identify(install) by extension 'ignore'
[0.295s] Level 1:colcon.colcon_core.package_identification:_identify(install) ignored
[0.295s] Level 1:colcon.colcon_core.package_identification:_identify(log) by extensions ['ignore', 'ignore_ament_install']
[0.295s] Level 1:colcon.colcon_core.package_identification:_identify(log) by extension 'ignore'
[0.296s] Level 1:colcon.colcon_core.package_identification:_identify(log) ignored
[0.296s] Level 1:colcon.colcon_core.package_identification:_identify(maps) by extensions ['ignore', 'ignore_ament_install']
[0.296s] Level 1:colcon.colcon_core.package_identification:_identify(maps) by extension 'ignore'
[0.296s] Level 1:colcon.colcon_core.package_identification:_identify(maps) by extension 'ignore_ament_install'
[0.296s] Level 1:colcon.colcon_core.package_identification:_identify(maps) by extensions ['colcon_pkg']
[0.296s] Level 1:colcon.colcon_core.package_identification:_identify(maps) by extension 'colcon_pkg'
[0.296s] Level 1:colcon.colcon_core.package_identification:_identify(maps) by extensions ['colcon_meta']
[0.296s] Level 1:colcon.colcon_core.package_identification:_identify(maps) by extension 'colcon_meta'
[0.296s] Level 1:colcon.colcon_core.package_identification:_identify(maps) by extensions ['ros']
[0.296s] Level 1:colcon.colcon_core.package_identification:_identify(maps) by extension 'ros'
[0.296s] Level 1:colcon.colcon_core.package_identification:_identify(maps) by extensions ['cmake', 'python']
[0.296s] Level 1:colcon.colcon_core.package_identification:_identify(maps) by extension 'cmake'
[0.296s] Level 1:colcon.colcon_core.package_identification:_identify(maps) by extension 'python'
[0.296s] Level 1:colcon.colcon_core.package_identification:_identify(maps) by extensions ['python_setup_py']
[0.296s] Level 1:colcon.colcon_core.package_identification:_identify(maps) by extension 'python_setup_py'
[0.296s] Level 1:colcon.colcon_core.package_identification:_identify(maps/autonomous) by extensions ['ignore', 'ignore_ament_install']
[0.297s] Level 1:colcon.colcon_core.package_identification:_identify(maps/autonomous) by extension 'ignore'
[0.297s] Level 1:colcon.colcon_core.package_identification:_identify(maps/autonomous) by extension 'ignore_ament_install'
[0.297s] Level 1:colcon.colcon_core.package_identification:_identify(maps/autonomous) by extensions ['colcon_pkg']
[0.297s] Level 1:colcon.colcon_core.package_identification:_identify(maps/autonomous) by extension 'colcon_pkg'
[0.297s] Level 1:colcon.colcon_core.package_identification:_identify(maps/autonomous) by extensions ['colcon_meta']
[0.297s] Level 1:colcon.colcon_core.package_identification:_identify(maps/autonomous) by extension 'colcon_meta'
[0.297s] Level 1:colcon.colcon_core.package_identification:_identify(maps/autonomous) by extensions ['ros']
[0.297s] Level 1:colcon.colcon_core.package_identification:_identify(maps/autonomous) by extension 'ros'
[0.297s] Level 1:colcon.colcon_core.package_identification:_identify(maps/autonomous) by extensions ['cmake', 'python']
[0.297s] Level 1:colcon.colcon_core.package_identification:_identify(maps/autonomous) by extension 'cmake'
[0.297s] Level 1:colcon.colcon_core.package_identification:_identify(maps/autonomous) by extension 'python'
[0.297s] Level 1:colcon.colcon_core.package_identification:_identify(maps/autonomous) by extensions ['python_setup_py']
[0.297s] Level 1:colcon.colcon_core.package_identification:_identify(maps/autonomous) by extension 'python_setup_py'
[0.297s] Level 1:colcon.colcon_core.package_identification:_identify(src) by extensions ['ignore', 'ignore_ament_install']
[0.297s] Level 1:colcon.colcon_core.package_identification:_identify(src) by extension 'ignore'
[0.297s] Level 1:colcon.colcon_core.package_identification:_identify(src) by extension 'ignore_ament_install'
[0.297s] Level 1:colcon.colcon_core.package_identification:_identify(src) by extensions ['colcon_pkg']
[0.298s] Level 1:colcon.colcon_core.package_identification:_identify(src) by extension 'colcon_pkg'
[0.298s] Level 1:colcon.colcon_core.package_identification:_identify(src) by extensions ['colcon_meta']
[0.298s] Level 1:colcon.colcon_core.package_identification:_identify(src) by extension 'colcon_meta'
[0.298s] Level 1:colcon.colcon_core.package_identification:_identify(src) by extensions ['ros']
[0.298s] Level 1:colcon.colcon_core.package_identification:_identify(src) by extension 'ros'
[0.298s] Level 1:colcon.colcon_core.package_identification:_identify(src) by extensions ['cmake', 'python']
[0.298s] Level 1:colcon.colcon_core.package_identification:_identify(src) by extension 'cmake'
[0.298s] Level 1:colcon.colcon_core.package_identification:_identify(src) by extension 'python'
[0.298s] Level 1:colcon.colcon_core.package_identification:_identify(src) by extensions ['python_setup_py']
[0.298s] Level 1:colcon.colcon_core.package_identification:_identify(src) by extension 'python_setup_py'
[0.298s] Level 1:colcon.colcon_core.package_identification:_identify(src/slam_stress_test) by extensions ['ignore', 'ignore_ament_install']
[0.298s] Level 1:colcon.colcon_core.package_identification:_identify(src/slam_stress_test) by extension 'ignore'
[0.298s] Level 1:colcon.colcon_core.package_identification:_identify(src/slam_stress_test) by extension 'ignore_ament_install'
[0.298s] Level 1:colcon.colcon_core.package_identification:_identify(src/slam_stress_test) by extensions ['colcon_pkg']
[0.298s] Level 1:colcon.colcon_core.package_identification:_identify(src/slam_stress_test) by extension 'colcon_pkg'
[0.298s] Level 1:colcon.colcon_core.package_identification:_identify(src/slam_stress_test) by extensions ['colcon_meta']
[0.298s] Level 1:colcon.colcon_core.package_identification:_identify(src/slam_stress_test) by extension 'colcon_meta'
[0.298s] Level 1:colcon.colcon_core.package_identification:_identify(src/slam_stress_test) by extensions ['ros']
[0.298s] Level 1:colcon.colcon_core.package_identification:_identify(src/slam_stress_test) by extension 'ros'
[0.302s] DEBUG:colcon.colcon_core.package_identification:Package 'src/slam_stress_test' with type 'ros.ament_python' and name 'slam_stress_test'
[0.303s] Level 1:colcon.colcon_core.package_identification:_identify(src/tractor_bringup) by extensions ['ignore', 'ignore_ament_install']
[0.303s] Level 1:colcon.colcon_core.package_identification:_identify(src/tractor_bringup) by extension 'ignore'
[0.303s] Level 1:colcon.colcon_core.package_identification:_identify(src/tractor_bringup) by extension 'ignore_ament_install'
[0.303s] Level 1:colcon.colcon_core.package_identification:_identify(src/tractor_bringup) by extensions ['colcon_pkg']
[0.303s] Level 1:colcon.colcon_core.package_identification:_identify(src/tractor_bringup) by extension 'colcon_pkg'
[0.303s] Level 1:colcon.colcon_core.package_identification:_identify(src/tractor_bringup) by extensions ['colcon_meta']
[0.303s] Level 1:colcon.colcon_core.package_identification:_identify(src/tractor_bringup) by extension 'colcon_meta'
[0.303s] Level 1:colcon.colcon_core.package_identification:_identify(src/tractor_bringup) by extensions ['ros']
[0.303s] Level 1:colcon.colcon_core.package_identification:_identify(src/tractor_bringup) by extension 'ros'
[0.305s] DEBUG:colcon.colcon_core.package_identification:Package 'src/tractor_bringup' with type 'ros.ament_python' and name 'tractor_bringup'
[0.305s] Level 1:colcon.colcon_core.package_identification:_identify(src/tractor_control) by extensions ['ignore', 'ignore_ament_install']
[0.305s] Level 1:colcon.colcon_core.package_identification:_identify(src/tractor_control) by extension 'ignore'
[0.305s] Level 1:colcon.colcon_core.package_identification:_identify(src/tractor_control) by extension 'ignore_ament_install'
[0.305s] Level 1:colcon.colcon_core.package_identification:_identify(src/tractor_control) by extensions ['colcon_pkg']
[0.305s] Level 1:colcon.colcon_core.package_identification:_identify(src/tractor_control) by extension 'colcon_pkg'
[0.305s] Level 1:colcon.colcon_core.package_identification:_identify(src/tractor_control) by extensions ['colcon_meta']
[0.305s] Level 1:colcon.colcon_core.package_identification:_identify(src/tractor_control) by extension 'colcon_meta'
[0.306s] Level 1:colcon.colcon_core.package_identification:_identify(src/tractor_control) by extensions ['ros']
[0.306s] Level 1:colcon.colcon_core.package_identification:_identify(src/tractor_control) by extension 'ros'
[0.307s] DEBUG:colcon.colcon_core.package_identification:Package 'src/tractor_control' with type 'ros.ament_python' and name 'tractor_control'
[0.307s] Level 1:colcon.colcon_core.package_identification:_identify(src/tractor_coverage) by extensions ['ignore', 'ignore_ament_install']
[0.307s] Level 1:colcon.colcon_core.package_identification:_identify(src/tractor_coverage) by extension 'ignore'
[0.307s] Level 1:colcon.colcon_core.package_identification:_identify(src/tractor_coverage) by extension 'ignore_ament_install'
[0.307s] Level 1:colcon.colcon_core.package_identification:_identify(src/tractor_coverage) by extensions ['colcon_pkg']
[0.307s] Level 1:colcon.colcon_core.package_identification:_identify(src/tractor_coverage) by extension 'colcon_pkg'
[0.307s] Level 1:colcon.colcon_core.package_identification:_identify(src/tractor_coverage) by extensions ['colcon_meta']
[0.307s] Level 1:colcon.colcon_core.package_identification:_identify(src/tractor_coverage) by extension 'colcon_meta'
[0.307s] Level 1:colcon.colcon_core.package_identification:_identify(src/tractor_coverage) by extensions ['ros']
[0.307s] Level 1:colcon.colcon_core.package_identification:_identify(src/tractor_coverage) by extension 'ros'
[0.308s] DEBUG:colcon.colcon_core.package_identification:Package 'src/tractor_coverage' with type 'ros.ament_python' and name 'tractor_coverage'
[0.309s] Level 1:colcon.colcon_core.package_identification:_identify(src/tractor_implements) by extensions ['ignore', 'ignore_ament_install']
[0.309s] Level 1:colcon.colcon_core.package_identification:_identify(src/tractor_implements) by extension 'ignore'
[0.309s] Level 1:colcon.colcon_core.package_identification:_identify(src/tractor_implements) by extension 'ignore_ament_install'
[0.309s] Level 1:colcon.colcon_core.package_identification:_identify(src/tractor_implements) by extensions ['colcon_pkg']
[0.309s] Level 1:colcon.colcon_core.package_identification:_identify(src/tractor_implements) by extension 'colcon_pkg'
[0.309s] Level 1:colcon.colcon_core.package_identification:_identify(src/tractor_implements) by extensions ['colcon_meta']
[0.309s] Level 1:colcon.colcon_core.package_identification:_identify(src/tractor_implements) by extension 'colcon_meta'
[0.309s] Level 1:colcon.colcon_core.package_identification:_identify(src/tractor_implements) by extensions ['ros']
[0.309s] Level 1:colcon.colcon_core.package_identification:_identify(src/tractor_implements) by extension 'ros'
[0.310s] DEBUG:colcon.colcon_core.package_identification:Package 'src/tractor_implements' with type 'ros.ament_python' and name 'tractor_implements'
[0.310s] Level 1:colcon.colcon_core.package_identification:_identify(src/tractor_sensors) by extensions ['ignore', 'ignore_ament_install']
[0.310s] Level 1:colcon.colcon_core.package_identification:_identify(src/tractor_sensors) by extension 'ignore'
[0.310s] Level 1:colcon.colcon_core.package_identification:_identify(src/tractor_sensors) by extension 'ignore_ament_install'
[0.310s] Level 1:colcon.colcon_core.package_identification:_identify(src/tractor_sensors) by extensions ['colcon_pkg']
[0.310s] Level 1:colcon.colcon_core.package_identification:_identify(src/tractor_sensors) by extension 'colcon_pkg'
[0.310s] Level 1:colcon.colcon_core.package_identification:_identify(src/tractor_sensors) by extensions ['colcon_meta']
[0.310s] Level 1:colcon.colcon_core.package_identification:_identify(src/tractor_sensors) by extension 'colcon_meta'
[0.310s] Level 1:colcon.colcon_core.package_identification:_identify(src/tractor_sensors) by extensions ['ros']
[0.310s] Level 1:colcon.colcon_core.package_identification:_identify(src/tractor_sensors) by extension 'ros'
[0.312s] DEBUG:colcon.colcon_core.package_identification:Package 'src/tractor_sensors' with type 'ros.ament_python' and name 'tractor_sensors'
[0.312s] Level 1:colcon.colcon_core.package_identification:_identify(src/tractor_vision) by extensions ['ignore', 'ignore_ament_install']
[0.312s] Level 1:colcon.colcon_core.package_identification:_identify(src/tractor_vision) by extension 'ignore'
[0.312s] Level 1:colcon.colcon_core.package_identification:_identify(src/tractor_vision) by extension 'ignore_ament_install'
[0.312s] Level 1:colcon.colcon_core.package_identification:_identify(src/tractor_vision) by extensions ['colcon_pkg']
[0.312s] Level 1:colcon.colcon_core.package_identification:_identify(src/tractor_vision) by extension 'colcon_pkg'
[0.312s] Level 1:colcon.colcon_core.package_identification:_identify(src/tractor_vision) by extensions ['colcon_meta']
[0.312s] Level 1:colcon.colcon_core.package_identification:_identify(src/tractor_vision) by extension 'colcon_meta'
[0.312s] Level 1:colcon.colcon_core.package_identification:_identify(src/tractor_vision) by extensions ['ros']
[0.312s] Level 1:colcon.colcon_core.package_identification:_identify(src/tractor_vision) by extension 'ros'
[0.313s] DEBUG:colcon.colcon_core.package_identification:Package 'src/tractor_vision' with type 'ros.ament_python' and name 'tractor_vision'
[0.313s] Level 1:colcon.colcon_core.package_discovery:discover_packages(recursive) using defaults
[0.314s] Level 1:colcon.colcon_core.package_discovery:discover_packages(ignore) discover
[0.314s] Level 1:colcon.colcon_core.package_discovery:discover_packages(ignore) using defaults
[0.314s] Level 1:colcon.colcon_core.package_discovery:discover_packages(path) discover
[0.314s] Level 1:colcon.colcon_core.package_discovery:discover_packages(path) using defaults
[0.344s] Level 1:colcon.colcon_core.package_discovery:discover_packages(prefix_path) check parameters
[0.345s] Level 1:colcon.colcon_core.package_discovery:discover_packages(prefix_path) discover
[0.348s] DEBUG:colcon.colcon_installed_package_information.package_discovery:Found 7 installed packages in /home/ubuntu/ros2-rover/install
[0.350s] DEBUG:colcon.colcon_installed_package_information.package_discovery:Found 392 installed packages in /opt/ros/jazzy
[0.354s] Level 1:colcon.colcon_core.package_discovery:discover_packages(prefix_path) using defaults
[0.442s] Level 5:colcon.colcon_core.verb:set package 'slam_stress_test' build argument 'cmake_args' from command line to 'None'
[0.442s] Level 5:colcon.colcon_core.verb:set package 'slam_stress_test' build argument 'cmake_target' from command line to 'None'
[0.442s] Level 5:colcon.colcon_core.verb:set package 'slam_stress_test' build argument 'cmake_target_skip_unavailable' from command line to 'False'
[0.442s] Level 5:colcon.colcon_core.verb:set package 'slam_stress_test' build argument 'cmake_clean_cache' from command line to 'False'
[0.442s] Level 5:colcon.colcon_core.verb:set package 'slam_stress_test' build argument 'cmake_clean_first' from command line to 'False'
[0.442s] Level 5:colcon.colcon_core.verb:set package 'slam_stress_test' build argument 'cmake_force_configure' from command line to 'False'
[0.442s] Level 5:colcon.colcon_core.verb:set package 'slam_stress_test' build argument 'ament_cmake_args' from command line to 'None'
[0.442s] Level 5:colcon.colcon_core.verb:set package 'slam_stress_test' build argument 'catkin_cmake_args' from command line to 'None'
[0.442s] Level 5:colcon.colcon_core.verb:set package 'slam_stress_test' build argument 'catkin_skip_building_tests' from command line to 'False'
[0.442s] DEBUG:colcon.colcon_core.verb:Building package 'slam_stress_test' with the following arguments: {'ament_cmake_args': None, 'build_base': '/home/ubuntu/ros2-rover/build/slam_stress_test', 'catkin_cmake_args': None, 'catkin_skip_building_tests': False, 'cmake_args': None, 'cmake_clean_cache': False, 'cmake_clean_first': False, 'cmake_force_configure': False, 'cmake_target': None, 'cmake_target_skip_unavailable': False, 'install_base': '/home/ubuntu/ros2-rover/install/slam_stress_test', 'merge_install': False, 'path': '/home/ubuntu/ros2-rover/src/slam_stress_test', 'symlink_install': True, 'test_result_base': None}
[0.443s] Level 5:colcon.colcon_core.verb:set package 'tractor_bringup' build argument 'cmake_args' from command line to 'None'
[0.443s] Level 5:colcon.colcon_core.verb:set package 'tractor_bringup' build argument 'cmake_target' from command line to 'None'
[0.443s] Level 5:colcon.colcon_core.verb:set package 'tractor_bringup' build argument 'cmake_target_skip_unavailable' from command line to 'False'
[0.443s] Level 5:colcon.colcon_core.verb:set package 'tractor_bringup' build argument 'cmake_clean_cache' from command line to 'False'
[0.443s] Level 5:colcon.colcon_core.verb:set package 'tractor_bringup' build argument 'cmake_clean_first' from command line to 'False'
[0.443s] Level 5:colcon.colcon_core.verb:set package 'tractor_bringup' build argument 'cmake_force_configure' from command line to 'False'
[0.443s] Level 5:colcon.colcon_core.verb:set package 'tractor_bringup' build argument 'ament_cmake_args' from command line to 'None'
[0.443s] Level 5:colcon.colcon_core.verb:set package 'tractor_bringup' build argument 'catkin_cmake_args' from command line to 'None'
[0.443s] Level 5:colcon.colcon_core.verb:set package 'tractor_bringup' build argument 'catkin_skip_building_tests' from command line to 'False'
[0.443s] DEBUG:colcon.colcon_core.verb:Building package 'tractor_bringup' with the following arguments: {'ament_cmake_args': None, 'build_base': '/home/ubuntu/ros2-rover/build/tractor_bringup', 'catkin_cmake_args': None, 'catkin_skip_building_tests': False, 'cmake_args': None, 'cmake_clean_cache': False, 'cmake_clean_first': False, 'cmake_force_configure': False, 'cmake_target': None, 'cmake_target_skip_unavailable': False, 'install_base': '/home/ubuntu/ros2-rover/install/tractor_bringup', 'merge_install': False, 'path': '/home/ubuntu/ros2-rover/src/tractor_bringup', 'symlink_install': True, 'test_result_base': None}
[0.443s] Level 5:colcon.colcon_core.verb:set package 'tractor_control' build argument 'cmake_args' from command line to 'None'
[0.443s] Level 5:colcon.colcon_core.verb:set package 'tractor_control' build argument 'cmake_target' from command line to 'None'
[0.443s] Level 5:colcon.colcon_core.verb:set package 'tractor_control' build argument 'cmake_target_skip_unavailable' from command line to 'False'
[0.443s] Level 5:colcon.colcon_core.verb:set package 'tractor_control' build argument 'cmake_clean_cache' from command line to 'False'
[0.443s] Level 5:colcon.colcon_core.verb:set package 'tractor_control' build argument 'cmake_clean_first' from command line to 'False'
[0.443s] Level 5:colcon.colcon_core.verb:set package 'tractor_control' build argument 'cmake_force_configure' from command line to 'False'
[0.443s] Level 5:colcon.colcon_core.verb:set package 'tractor_control' build argument 'ament_cmake_args' from command line to 'None'
[0.443s] Level 5:colcon.colcon_core.verb:set package 'tractor_control' build argument 'catkin_cmake_args' from command line to 'None'
[0.443s] Level 5:colcon.colcon_core.verb:set package 'tractor_control' build argument 'catkin_skip_building_tests' from command line to 'False'
[0.443s] DEBUG:colcon.colcon_core.verb:Building package 'tractor_control' with the following arguments: {'ament_cmake_args': None, 'build_base': '/home/ubuntu/ros2-rover/build/tractor_control', 'catkin_cmake_args': None, 'catkin_skip_building_tests': False, 'cmake_args': None, 'cmake_clean_cache': False, 'cmake_clean_first': False, 'cmake_force_configure': False, 'cmake_target': None, 'cmake_target_skip_unavailable': False, 'install_base': '/home/ubuntu/ros2-rover/install/tractor_control', 'merge_install': False, 'path': '/home/ubuntu/ros2-rover/src/tractor_control', 'symlink_install': True, 'test_result_base': None}
[0.444s] Level 5:colcon.colcon_core.verb:set package 'tractor_coverage' build argument 'cmake_args' from command line to 'None'
[0.444s] Level 5:colcon.colcon_core.verb:set package 'tractor_coverage' build argument 'cmake_target' from command line to 'None'
[0.444s] Level 5:colcon.colcon_core.verb:set package 'tractor_coverage' build argument 'cmake_target_skip_unavailable' from command line to 'False'
[0.444s] Level 5:colcon.colcon_core.verb:set package 'tractor_coverage' build argument 'cmake_clean_cache' from command line to 'False'
[0.444s] Level 5:colcon.colcon_core.verb:set package 'tractor_coverage' build argument 'cmake_clean_first' from command line to 'False'
[0.444s] Level 5:colcon.colcon_core.verb:set package 'tractor_coverage' build argument 'cmake_force_configure' from command line to 'False'
[0.444s] Level 5:colcon.colcon_core.verb:set package 'tractor_coverage' build argument 'ament_cmake_args' from command line to 'None'
[0.444s] Level 5:colcon.colcon_core.verb:set package 'tractor_coverage' build argument 'catkin_cmake_args' from command line to 'None'
[0.444s] Level 5:colcon.colcon_core.verb:set package 'tractor_coverage' build argument 'catkin_skip_building_tests' from command line to 'False'
[0.444s] DEBUG:colcon.colcon_core.verb:Building package 'tractor_coverage' with the following arguments: {'ament_cmake_args': None, 'build_base': '/home/ubuntu/ros2-rover/build/tractor_coverage', 'catkin_cmake_args': None, 'catkin_skip_building_tests': False, 'cmake_args': None, 'cmake_clean_cache': False, 'cmake_clean_first': False, 'cmake_force_configure': False, 'cmake_target': None, 'cmake_target_skip_unavailable': False, 'install_base': '/home/ubuntu/ros2-rover/install/tractor_coverage', 'merge_install': False, 'path': '/home/ubuntu/ros2-rover/src/tractor_coverage', 'symlink_install': True, 'test_result_base': None}
[0.444s] Level 5:colcon.colcon_core.verb:set package 'tractor_implements' build argument 'cmake_args' from command line to 'None'
[0.444s] Level 5:colcon.colcon_core.verb:set package 'tractor_implements' build argument 'cmake_target' from command line to 'None'
[0.444s] Level 5:colcon.colcon_core.verb:set package 'tractor_implements' build argument 'cmake_target_skip_unavailable' from command line to 'False'
[0.445s] Level 5:colcon.colcon_core.verb:set package 'tractor_implements' build argument 'cmake_clean_cache' from command line to 'False'
[0.445s] Level 5:colcon.colcon_core.verb:set package 'tractor_implements' build argument 'cmake_clean_first' from command line to 'False'
[0.445s] Level 5:colcon.colcon_core.verb:set package 'tractor_implements' build argument 'cmake_force_configure' from command line to 'False'
[0.445s] Level 5:colcon.colcon_core.verb:set package 'tractor_implements' build argument 'ament_cmake_args' from command line to 'None'
[0.445s] Level 5:colcon.colcon_core.verb:set package 'tractor_implements' build argument 'catkin_cmake_args' from command line to 'None'
[0.445s] Level 5:colcon.colcon_core.verb:set package 'tractor_implements' build argument 'catkin_skip_building_tests' from command line to 'False'
[0.445s] DEBUG:colcon.colcon_core.verb:Building package 'tractor_implements' with the following arguments: {'ament_cmake_args': None, 'build_base': '/home/ubuntu/ros2-rover/build/tractor_implements', 'catkin_cmake_args': None, 'catkin_skip_building_tests': False, 'cmake_args': None, 'cmake_clean_cache': False, 'cmake_clean_first': False, 'cmake_force_configure': False, 'cmake_target': None, 'cmake_target_skip_unavailable': False, 'install_base': '/home/ubuntu/ros2-rover/install/tractor_implements', 'merge_install': False, 'path': '/home/ubuntu/ros2-rover/src/tractor_implements', 'symlink_install': True, 'test_result_base': None}
[0.445s] Level 5:colcon.colcon_core.verb:set package 'tractor_sensors' build argument 'cmake_args' from command line to 'None'
[0.445s] Level 5:colcon.colcon_core.verb:set package 'tractor_sensors' build argument 'cmake_target' from command line to 'None'
[0.445s] Level 5:colcon.colcon_core.verb:set package 'tractor_sensors' build argument 'cmake_target_skip_unavailable' from command line to 'False'
[0.445s] Level 5:colcon.colcon_core.verb:set package 'tractor_sensors' build argument 'cmake_clean_cache' from command line to 'False'
[0.445s] Level 5:colcon.colcon_core.verb:set package 'tractor_sensors' build argument 'cmake_clean_first' from command line to 'False'
[0.445s] Level 5:colcon.colcon_core.verb:set package 'tractor_sensors' build argument 'cmake_force_configure' from command line to 'False'
[0.445s] Level 5:colcon.colcon_core.verb:set package 'tractor_sensors' build argument 'ament_cmake_args' from command line to 'None'
[0.445s] Level 5:colcon.colcon_core.verb:set package 'tractor_sensors' build argument 'catkin_cmake_args' from command line to 'None'
[0.445s] Level 5:colcon.colcon_core.verb:set package 'tractor_sensors' build argument 'catkin_skip_building_tests' from command line to 'False'
[0.445s] DEBUG:colcon.colcon_core.verb:Building package 'tractor_sensors' with the following arguments: {'ament_cmake_args': None, 'build_base': '/home/ubuntu/ros2-rover/build/tractor_sensors', 'catkin_cmake_args': None, 'catkin_skip_building_tests': False, 'cmake_args': None, 'cmake_clean_cache': False, 'cmake_clean_first': False, 'cmake_force_configure': False, 'cmake_target': None, 'cmake_target_skip_unavailable': False, 'install_base': '/home/ubuntu/ros2-rover/install/tractor_sensors', 'merge_install': False, 'path': '/home/ubuntu/ros2-rover/src/tractor_sensors', 'symlink_install': True, 'test_result_base': None}
[0.446s] Level 5:colcon.colcon_core.verb:set package 'tractor_vision' build argument 'cmake_args' from command line to 'None'
[0.446s] Level 5:colcon.colcon_core.verb:set package 'tractor_vision' build argument 'cmake_target' from command line to 'None'
[0.446s] Level 5:colcon.colcon_core.verb:set package 'tractor_vision' build argument 'cmake_target_skip_unavailable' from command line to 'False'
[0.446s] Level 5:colcon.colcon_core.verb:set package 'tractor_vision' build argument 'cmake_clean_cache' from command line to 'False'
[0.446s] Level 5:colcon.colcon_core.verb:set package 'tractor_vision' build argument 'cmake_clean_first' from command line to 'False'
[0.446s] Level 5:colcon.colcon_core.verb:set package 'tractor_vision' build argument 'cmake_force_configure' from command line to 'False'
[0.446s] Level 5:colcon.colcon_core.verb:set package 'tractor_vision' build argument 'ament_cmake_args' from command line to 'None'
[0.446s] Level 5:colcon.colcon_core.verb:set package 'tractor_vision' build argument 'catkin_cmake_args' from command line to 'None'
[0.446s] Level 5:colcon.colcon_core.verb:set package 'tractor_vision' build argument 'catkin_skip_building_tests' from command line to 'False'
[0.446s] DEBUG:colcon.colcon_core.verb:Building package 'tractor_vision' with the following arguments: {'ament_cmake_args': None, 'build_base': '/home/ubuntu/ros2-rover/build/tractor_vision', 'catkin_cmake_args': None, 'catkin_skip_building_tests': False, 'cmake_args': None, 'cmake_clean_cache': False, 'cmake_clean_first': False, 'cmake_force_configure': False, 'cmake_target': None, 'cmake_target_skip_unavailable': False, 'install_base': '/home/ubuntu/ros2-rover/install/tractor_vision', 'merge_install': False, 'path': '/home/ubuntu/ros2-rover/src/tractor_vision', 'symlink_install': True, 'test_result_base': None}
[0.446s] INFO:colcon.colcon_core.executor:Executing jobs using 'parallel' executor
[0.448s] DEBUG:colcon.colcon_parallel_executor.executor.parallel:run_until_complete
[0.449s] INFO:colcon.colcon_ros.task.ament_python.build:Building ROS package in '/home/ubuntu/ros2-rover/src/slam_stress_test' with build type 'ament_python'
[0.449s] Level 1:colcon.colcon_core.shell:create_environment_hook('slam_stress_test', 'ament_prefix_path')
[0.452s] INFO:colcon.colcon_core.plugin_system:Skipping extension 'colcon_core.shell.bat': Not used on non-Windows systems
[0.453s] INFO:colcon.colcon_core.shell:Creating environment hook '/home/ubuntu/ros2-rover/install/slam_stress_test/share/slam_stress_test/hook/ament_prefix_path.ps1'
[0.454s] INFO:colcon.colcon_core.shell:Creating environment descriptor '/home/ubuntu/ros2-rover/install/slam_stress_test/share/slam_stress_test/hook/ament_prefix_path.dsv'
[0.455s] INFO:colcon.colcon_core.shell:Creating environment hook '/home/ubuntu/ros2-rover/install/slam_stress_test/share/slam_stress_test/hook/ament_prefix_path.sh'
[0.456s] INFO:colcon.colcon_core.shell:Skip shell extension 'powershell' for command environment: Not usable outside of PowerShell
[0.456s] DEBUG:colcon.colcon_core.shell:Skip shell extension 'dsv' for command environment
[0.462s] INFO:colcon.colcon_ros.task.ament_python.build:Building ROS package in '/home/ubuntu/ros2-rover/src/tractor_bringup' with build type 'ament_python'
[0.462s] Level 1:colcon.colcon_core.shell:create_environment_hook('tractor_bringup', 'ament_prefix_path')
[0.463s] INFO:colcon.colcon_core.shell:Creating environment hook '/home/ubuntu/ros2-rover/install/tractor_bringup/share/tractor_bringup/hook/ament_prefix_path.ps1'
[0.463s] INFO:colcon.colcon_core.shell:Creating environment descriptor '/home/ubuntu/ros2-rover/install/tractor_bringup/share/tractor_bringup/hook/ament_prefix_path.dsv'
[0.464s] INFO:colcon.colcon_core.shell:Creating environment hook '/home/ubuntu/ros2-rover/install/tractor_bringup/share/tractor_bringup/hook/ament_prefix_path.sh'
[0.465s] INFO:colcon.colcon_core.shell:Skip shell extension 'powershell' for command environment: Not usable outside of PowerShell
[0.465s] DEBUG:colcon.colcon_core.shell:Skip shell extension 'dsv' for command environment
[0.471s] INFO:colcon.colcon_ros.task.ament_python.build:Building ROS package in '/home/ubuntu/ros2-rover/src/tractor_control' with build type 'ament_python'
[0.471s] Level 1:colcon.colcon_core.shell:create_environment_hook('tractor_control', 'ament_prefix_path')
[0.471s] INFO:colcon.colcon_core.shell:Creating environment hook '/home/ubuntu/ros2-rover/install/tractor_control/share/tractor_control/hook/ament_prefix_path.ps1'
[0.472s] INFO:colcon.colcon_core.shell:Creating environment descriptor '/home/ubuntu/ros2-rover/install/tractor_control/share/tractor_control/hook/ament_prefix_path.dsv'
[0.473s] INFO:colcon.colcon_core.shell:Creating environment hook '/home/ubuntu/ros2-rover/install/tractor_control/share/tractor_control/hook/ament_prefix_path.sh'
[0.474s] INFO:colcon.colcon_core.shell:Skip shell extension 'powershell' for command environment: Not usable outside of PowerShell
[0.474s] DEBUG:colcon.colcon_core.shell:Skip shell extension 'dsv' for command environment
[0.480s] INFO:colcon.colcon_ros.task.ament_python.build:Building ROS package in '/home/ubuntu/ros2-rover/src/tractor_coverage' with build type 'ament_python'
[0.480s] Level 1:colcon.colcon_core.shell:create_environment_hook('tractor_coverage', 'ament_prefix_path')
[0.480s] INFO:colcon.colcon_core.shell:Creating environment hook '/home/ubuntu/ros2-rover/install/tractor_coverage/share/tractor_coverage/hook/ament_prefix_path.ps1'
[0.481s] INFO:colcon.colcon_core.shell:Creating environment descriptor '/home/ubuntu/ros2-rover/install/tractor_coverage/share/tractor_coverage/hook/ament_prefix_path.dsv'
[0.481s] INFO:colcon.colcon_core.shell:Creating environment hook '/home/ubuntu/ros2-rover/install/tractor_coverage/share/tractor_coverage/hook/ament_prefix_path.sh'
[0.482s] INFO:colcon.colcon_core.shell:Skip shell extension 'powershell' for command environment: Not usable outside of PowerShell
[0.482s] DEBUG:colcon.colcon_core.shell:Skip shell extension 'dsv' for command environment
[0.488s] INFO:colcon.colcon_ros.task.ament_python.build:Building ROS package in '/home/ubuntu/ros2-rover/src/tractor_implements' with build type 'ament_python'
[0.488s] Level 1:colcon.colcon_core.shell:create_environment_hook('tractor_implements', 'ament_prefix_path')
[0.488s] INFO:colcon.colcon_core.shell:Creating environment hook '/home/ubuntu/ros2-rover/install/tractor_implements/share/tractor_implements/hook/ament_prefix_path.ps1'
[0.489s] INFO:colcon.colcon_core.shell:Creating environment descriptor '/home/ubuntu/ros2-rover/install/tractor_implements/share/tractor_implements/hook/ament_prefix_path.dsv'
[0.489s] INFO:colcon.colcon_core.shell:Creating environment hook '/home/ubuntu/ros2-rover/install/tractor_implements/share/tractor_implements/hook/ament_prefix_path.sh'
[0.490s] INFO:colcon.colcon_core.shell:Skip shell extension 'powershell' for command environment: Not usable outside of PowerShell
[0.490s] DEBUG:colcon.colcon_core.shell:Skip shell extension 'dsv' for command environment
[0.496s] INFO:colcon.colcon_ros.task.ament_python.build:Building ROS package in '/home/ubuntu/ros2-rover/src/tractor_sensors' with build type 'ament_python'
[0.496s] Level 1:colcon.colcon_core.shell:create_environment_hook('tractor_sensors', 'ament_prefix_path')
[0.497s] INFO:colcon.colcon_core.shell:Creating environment hook '/home/ubuntu/ros2-rover/install/tractor_sensors/share/tractor_sensors/hook/ament_prefix_path.ps1'
[0.498s] INFO:colcon.colcon_core.shell:Creating environment descriptor '/home/ubuntu/ros2-rover/install/tractor_sensors/share/tractor_sensors/hook/ament_prefix_path.dsv'
[0.498s] INFO:colcon.colcon_core.shell:Creating environment hook '/home/ubuntu/ros2-rover/install/tractor_sensors/share/tractor_sensors/hook/ament_prefix_path.sh'
[0.499s] INFO:colcon.colcon_core.shell:Skip shell extension 'powershell' for command environment: Not usable outside of PowerShell
[0.499s] DEBUG:colcon.colcon_core.shell:Skip shell extension 'dsv' for command environment
[0.505s] INFO:colcon.colcon_ros.task.ament_python.build:Building ROS package in '/home/ubuntu/ros2-rover/src/tractor_vision' with build type 'ament_python'
[0.505s] Level 1:colcon.colcon_core.shell:create_environment_hook('tractor_vision', 'ament_prefix_path')
[0.505s] INFO:colcon.colcon_core.shell:Creating environment hook '/home/ubuntu/ros2-rover/install/tractor_vision/share/tractor_vision/hook/ament_prefix_path.ps1'
[0.506s] INFO:colcon.colcon_core.shell:Creating environment descriptor '/home/ubuntu/ros2-rover/install/tractor_vision/share/tractor_vision/hook/ament_prefix_path.dsv'
[0.506s] INFO:colcon.colcon_core.shell:Creating environment hook '/home/ubuntu/ros2-rover/install/tractor_vision/share/tractor_vision/hook/ament_prefix_path.sh'
[0.507s] INFO:colcon.colcon_core.shell:Skip shell extension 'powershell' for command environment: Not usable outside of PowerShell
[0.507s] DEBUG:colcon.colcon_core.shell:Skip shell extension 'dsv' for command environment
[0.936s] INFO:colcon.colcon_core.task.python.build:Building Python package in '/home/ubuntu/ros2-rover/src/slam_stress_test'
[0.936s] INFO:colcon.colcon_core.shell:Skip shell extension 'powershell' for command environment: Not usable outside of PowerShell
[0.937s] DEBUG:colcon.colcon_core.shell:Skip shell extension 'dsv' for command environment
[1.366s] INFO:colcon.colcon_core.task.python.build:Building Python package in '/home/ubuntu/ros2-rover/src/tractor_bringup'
[1.366s] INFO:colcon.colcon_core.shell:Skip shell extension 'powershell' for command environment: Not usable outside of PowerShell
[1.366s] DEBUG:colcon.colcon_core.shell:Skip shell extension 'dsv' for command environment
[1.805s] INFO:colcon.colcon_core.task.python.build:Building Python package in '/home/ubuntu/ros2-rover/src/tractor_control'
[1.806s] INFO:colcon.colcon_core.shell:Skip shell extension 'powershell' for command environment: Not usable outside of PowerShell
[1.806s] DEBUG:colcon.colcon_core.shell:Skip shell extension 'dsv' for command environment
[2.229s] INFO:colcon.colcon_core.task.python.build:Building Python package in '/home/ubuntu/ros2-rover/src/tractor_coverage'
[2.230s] INFO:colcon.colcon_core.shell:Skip shell extension 'powershell' for command environment: Not usable outside of PowerShell
[2.230s] DEBUG:colcon.colcon_core.shell:Skip shell extension 'dsv' for command environment
[2.647s] INFO:colcon.colcon_core.task.python.build:Building Python package in '/home/ubuntu/ros2-rover/src/tractor_implements'
[2.648s] INFO:colcon.colcon_core.shell:Skip shell extension 'powershell' for command environment: Not usable outside of PowerShell
[2.648s] DEBUG:colcon.colcon_core.shell:Skip shell extension 'dsv' for command environment
[3.071s] INFO:colcon.colcon_core.task.python.build:Building Python package in '/home/ubuntu/ros2-rover/src/tractor_sensors'
[3.072s] INFO:colcon.colcon_core.shell:Skip shell extension 'powershell' for command environment: Not usable outside of PowerShell
[3.072s] DEBUG:colcon.colcon_core.shell:Skip shell extension 'dsv' for command environment
[3.490s] INFO:colcon.colcon_core.task.python.build:Building Python package in '/home/ubuntu/ros2-rover/src/tractor_vision'
[3.490s] INFO:colcon.colcon_core.shell:Skip shell extension 'powershell' for command environment: Not usable outside of PowerShell
[3.490s] DEBUG:colcon.colcon_core.shell:Skip shell extension 'dsv' for command environment
[4.577s] DEBUG:colcon.colcon_core.event_handler.log_command:Invoking command in '/home/ubuntu/ros2-rover/build/tractor_coverage': PYTHONPATH=/home/ubuntu/ros2-rover/build/tractor_coverage/prefix_override:/usr/lib/python3/dist-packages/colcon_core/task/python/colcon_distutils_commands:/home/ubuntu/ros2-rover/install/tractor_coverage/lib/python3.12/site-packages:${PYTHONPATH} /usr/bin/python3 -W ignore:setup.py install is deprecated -W ignore:easy_install command is deprecated setup.py develop --editable --build-directory /home/ubuntu/ros2-rover/build/tractor_coverage/build --no-deps symlink_data
[4.588s] DEBUG:colcon.colcon_core.event_handler.log_command:Invoking command in '/home/ubuntu/ros2-rover/build/slam_stress_test': PYTHONPATH=/home/ubuntu/ros2-rover/build/slam_stress_test/prefix_override:/usr/lib/python3/dist-packages/colcon_core/task/python/colcon_distutils_commands:/home/ubuntu/ros2-rover/install/slam_stress_test/lib/python3.12/site-packages:${PYTHONPATH} /usr/bin/python3 -W ignore:setup.py install is deprecated -W ignore:easy_install command is deprecated setup.py develop --editable --build-directory /home/ubuntu/ros2-rover/build/slam_stress_test/build --no-deps symlink_data
[4.596s] DEBUG:colcon.colcon_core.event_handler.log_command:Invoking command in '/home/ubuntu/ros2-rover/build/tractor_sensors': PYTHONPATH=/home/ubuntu/ros2-rover/build/tractor_sensors/prefix_override:/usr/lib/python3/dist-packages/colcon_core/task/python/colcon_distutils_commands:/home/ubuntu/ros2-rover/install/tractor_sensors/lib/python3.12/site-packages:${PYTHONPATH} /usr/bin/python3 -W ignore:setup.py install is deprecated -W ignore:easy_install command is deprecated setup.py develop --editable --build-directory /home/ubuntu/ros2-rover/build/tractor_sensors/build --no-deps symlink_data
[4.600s] DEBUG:colcon.colcon_core.task.python.build:While undoing a previous installation files outside the Python library path are being ignored: /home/ubuntu/ros2-rover/install/tractor_bringup/share/ament_index/resource_index/packages/tractor_bringup
[4.600s] DEBUG:colcon.colcon_core.task.python.build:While undoing a previous installation files outside the Python library path are being ignored: /home/ubuntu/ros2-rover/install/tractor_bringup/share/tractor_bringup/package.xml
[4.600s] DEBUG:colcon.colcon_core.task.python.build:While undoing a previous installation files outside the Python library path are being ignored: /home/ubuntu/ros2-rover/install/tractor_bringup/share/tractor_bringup/launch/control.launch.py
[4.600s] DEBUG:colcon.colcon_core.task.python.build:While undoing a previous installation files outside the Python library path are being ignored: /home/ubuntu/ros2-rover/install/tractor_bringup/share/tractor_bringup/launch/tractor_gazebo.launch.py
[4.600s] DEBUG:colcon.colcon_core.task.python.build:While undoing a previous installation files outside the Python library path are being ignored: /home/ubuntu/ros2-rover/install/tractor_bringup/share/tractor_bringup/launch/slam_mapping.launch.py
[4.600s] DEBUG:colcon.colcon_core.task.python.build:While undoing a previous installation files outside the Python library path are being ignored: /home/ubuntu/ros2-rover/install/tractor_bringup/share/tractor_bringup/launch/autonomous_mapping_simplified.launch.py
[4.601s] DEBUG:colcon.colcon_core.task.python.build:While undoing a previous installation files outside the Python library path are being ignored: /home/ubuntu/ros2-rover/install/tractor_bringup/share/tractor_bringup/launch/control_no_gps.launch.py
[4.601s] DEBUG:colcon.colcon_core.task.python.build:While undoing a previous installation files outside the Python library path are being ignored: /home/ubuntu/ros2-rover/install/tractor_bringup/share/tractor_bringup/launch/nav2_simple_test.launch.py
[4.601s] DEBUG:colcon.colcon_core.task.python.build:While undoing a previous installation files outside the Python library path are being ignored: /home/ubuntu/ros2-rover/install/tractor_bringup/share/tractor_bringup/launch/nav_no_gps_test.launch.py
[4.601s] DEBUG:colcon.colcon_core.task.python.build:While undoing a previous installation files outside the Python library path are being ignored: /home/ubuntu/ros2-rover/install/tractor_bringup/share/tractor_bringup/launch/control_with_feedback.launch.py
[4.601s] DEBUG:colcon.colcon_core.task.python.build:While undoing a previous installation files outside the Python library path are being ignored: /home/ubuntu/ros2-rover/install/tractor_bringup/share/tractor_bringup/launch/robot_localization.launch.py
[4.601s] DEBUG:colcon.colcon_core.task.python.build:While undoing a previous installation files outside the Python library path are being ignored: /home/ubuntu/ros2-rover/install/tractor_bringup/share/tractor_bringup/launch/nav2_pointcloud_test.launch.py
[4.601s] DEBUG:colcon.colcon_core.task.python.build:While undoing a previous installation files outside the Python library path are being ignored: /home/ubuntu/ros2-rover/install/tractor_bringup/share/tractor_bringup/launch/implements.launch.py
[4.601s] DEBUG:colcon.colcon_core.task.python.build:While undoing a previous installation files outside the Python library path are being ignored: /home/ubuntu/ros2-rover/install/tractor_bringup/share/tractor_bringup/launch/basic_nav_test.launch.py
[4.602s] DEBUG:colcon.colcon_core.task.python.build:While undoing a previous installation files outside the Python library path are being ignored: /home/ubuntu/ros2-rover/install/tractor_bringup/share/tractor_bringup/launch/tractor_bringup.launch.py
[4.602s] DEBUG:colcon.colcon_core.task.python.build:While undoing a previous installation files outside the Python library path are being ignored: /home/ubuntu/ros2-rover/install/tractor_bringup/share/tractor_bringup/launch/robot_description.launch.py
[4.602s] DEBUG:colcon.colcon_core.task.python.build:While undoing a previous installation files outside the Python library path are being ignored: /home/ubuntu/ros2-rover/install/tractor_bringup/share/tractor_bringup/launch/autonomous_mapping_minimal.launch.py
[4.602s] DEBUG:colcon.colcon_core.task.python.build:While undoing a previous installation files outside the Python library path are being ignored: /home/ubuntu/ros2-rover/install/tractor_bringup/share/tractor_bringup/launch/xbox_teleop_with_feedback.launch.py
[4.602s] DEBUG:colcon.colcon_core.task.python.build:While undoing a previous installation files outside the Python library path are being ignored: /home/ubuntu/ros2-rover/install/tractor_bringup/share/tractor_bringup/launch/nav_working_test.launch.py
[4.602s] DEBUG:colcon.colcon_core.task.python.build:While undoing a previous installation files outside the Python library path are being ignored: /home/ubuntu/ros2-rover/install/tractor_bringup/share/tractor_bringup/launch/tractor_sim.launch.py
[4.602s] DEBUG:colcon.colcon_core.task.python.build:While undoing a previous installation files outside the Python library path are being ignored: /home/ubuntu/ros2-rover/install/tractor_bringup/share/tractor_bringup/launch/autonomous_mapping.launch.py
[4.602s] DEBUG:colcon.colcon_core.task.python.build:While undoing a previous installation files outside the Python library path are being ignored: /home/ubuntu/ros2-rover/install/tractor_bringup/share/tractor_bringup/launch/hiwonder_control.launch.py
[4.603s] DEBUG:colcon.colcon_core.task.python.build:While undoing a previous installation files outside the Python library path are being ignored: /home/ubuntu/ros2-rover/install/tractor_bringup/share/tractor_bringup/launch/autonomous_mapping_no_gps.launch.py
[4.603s] DEBUG:colcon.colcon_core.task.python.build:While undoing a previous installation files outside the Python library path are being ignored: /home/ubuntu/ros2-rover/install/tractor_bringup/share/tractor_bringup/launch/navigation.launch.py
[4.603s] DEBUG:colcon.colcon_core.task.python.build:While undoing a previous installation files outside the Python library path are being ignored: /home/ubuntu/ros2-rover/install/tractor_bringup/share/tractor_bringup/launch/sensors.launch.py
[4.603s] DEBUG:colcon.colcon_core.task.python.build:While undoing a previous installation files outside the Python library path are being ignored: /home/ubuntu/ros2-rover/install/tractor_bringup/share/tractor_bringup/urdf/tractor.urdf.xacro
[4.603s] DEBUG:colcon.colcon_core.task.python.build:While undoing a previous installation files outside the Python library path are being ignored: /home/ubuntu/ros2-rover/install/tractor_bringup/share/tractor_bringup/config/minimal_costmap_params.yaml
[4.603s] DEBUG:colcon.colcon_core.task.python.build:While undoing a previous installation files outside the Python library path are being ignored: /home/ubuntu/ros2-rover/install/tractor_bringup/share/tractor_bringup/config/realsense_config.yaml
[4.603s] DEBUG:colcon.colcon_core.task.python.build:While undoing a previous installation files outside the Python library path are being ignored: /home/ubuntu/ros2-rover/install/tractor_bringup/share/tractor_bringup/config/nav2_params.yaml
[4.604s] DEBUG:colcon.colcon_core.task.python.build:While undoing a previous installation files outside the Python library path are being ignored: /home/ubuntu/ros2-rover/install/tractor_bringup/share/tractor_bringup/config/slam_toolbox_params.yaml
[4.604s] DEBUG:colcon.colcon_core.task.python.build:While undoing a previous installation files outside the Python library path are being ignored: /home/ubuntu/ros2-rover/install/tractor_bringup/share/tractor_bringup/config/minimal_ekf_params.yaml
[4.604s] DEBUG:colcon.colcon_core.task.python.build:While undoing a previous installation files outside the Python library path are being ignored: /home/ubuntu/ros2-rover/install/tractor_bringup/share/tractor_bringup/config/direct_costmap_params.yaml
[4.604s] DEBUG:colcon.colcon_core.task.python.build:While undoing a previous installation files outside the Python library path are being ignored: /home/ubuntu/ros2-rover/install/tractor_bringup/share/tractor_bringup/config/robot_localization.yaml
[4.604s] DEBUG:colcon.colcon_core.task.python.build:While undoing a previous installation files outside the Python library path are being ignored: /home/ubuntu/ros2-rover/install/tractor_bringup/share/tractor_bringup/config/hiwonder_motor_params.yaml
[4.604s] DEBUG:colcon.colcon_core.task.python.build:While undoing a previous installation files outside the Python library path are being ignored: /home/ubuntu/ros2-rover/install/tractor_bringup/share/tractor_bringup/maps/yard_map.yaml
[4.604s] DEBUG:colcon.colcon_core.task.python.build:While undoing a previous installation files outside the Python library path are being ignored: /home/ubuntu/ros2-rover/install/tractor_bringup/share/tractor_bringup/maps/yard_map.pgm
[4.605s] DEBUG:colcon.colcon_core.task.python.build:While undoing a previous installation files outside the Python library path are being ignored: /home/ubuntu/ros2-rover/install/tractor_bringup/lib/tractor_bringup/autonomous_mapping.py
[4.605s] DEBUG:colcon.colcon_core.task.python.build:While undoing a previous installation files outside the Python library path are being ignored: /home/ubuntu/ros2-rover/install/tractor_bringup/lib/tractor_bringup/safety_monitor.py
[4.616s] DEBUG:colcon.colcon_core.event_handler.log_command:Invoking command in '/home/ubuntu/ros2-rover/build/tractor_bringup': PYTHONPATH=/home/ubuntu/ros2-rover/build/tractor_bringup/prefix_override:/usr/lib/python3/dist-packages/colcon_core/task/python/colcon_distutils_commands:/home/ubuntu/ros2-rover/install/tractor_bringup/lib/python3.12/site-packages:${PYTHONPATH} /usr/bin/python3 -W ignore:setup.py install is deprecated -W ignore:easy_install command is deprecated setup.py develop --editable --build-directory /home/ubuntu/ros2-rover/build/tractor_bringup/build --no-deps symlink_data --force
[5.263s] DEBUG:colcon.colcon_core.event_handler.log_command:Invoking command in '/home/ubuntu/ros2-rover/build/tractor_control': PYTHONPATH=/home/ubuntu/ros2-rover/build/tractor_control/prefix_override:/usr/lib/python3/dist-packages/colcon_core/task/python/colcon_distutils_commands:/home/ubuntu/ros2-rover/install/tractor_control/lib/python3.12/site-packages:${PYTHONPATH} /usr/bin/python3 -W ignore:setup.py install is deprecated -W ignore:easy_install command is deprecated setup.py develop --editable --build-directory /home/ubuntu/ros2-rover/build/tractor_control/build --no-deps symlink_data
[5.272s] DEBUG:colcon.colcon_core.event_handler.log_command:Invoking command in '/home/ubuntu/ros2-rover/build/tractor_implements': PYTHONPATH=/home/ubuntu/ros2-rover/build/tractor_implements/prefix_override:/usr/lib/python3/dist-packages/colcon_core/task/python/colcon_distutils_commands:/home/ubuntu/ros2-rover/install/tractor_implements/lib/python3.12/site-packages:${PYTHONPATH} /usr/bin/python3 -W ignore:setup.py install is deprecated -W ignore:easy_install command is deprecated setup.py develop --editable --build-directory /home/ubuntu/ros2-rover/build/tractor_implements/build --no-deps symlink_data
[5.605s] DEBUG:colcon.colcon_core.event_handler.log_command:Invoking command in '/home/ubuntu/ros2-rover/build/tractor_vision': PYTHONPATH=/home/ubuntu/ros2-rover/build/tractor_vision/prefix_override:/usr/lib/python3/dist-packages/colcon_core/task/python/colcon_distutils_commands:/home/ubuntu/ros2-rover/install/tractor_vision/lib/python3.12/site-packages:${PYTHONPATH} /usr/bin/python3 -W ignore:setup.py install is deprecated -W ignore:easy_install command is deprecated setup.py develop --editable --build-directory /home/ubuntu/ros2-rover/build/tractor_vision/build --no-deps symlink_data
[5.692s] Level 1:colcon.colcon_core.shell:create_environment_hook('slam_stress_test', 'pythonpath_develop')
[5.693s] INFO:colcon.colcon_core.shell:Creating environment hook '/home/ubuntu/ros2-rover/build/slam_stress_test/share/slam_stress_test/hook/pythonpath_develop.ps1'
[5.695s] DEBUG:colcon.colcon_core.event_handler.log_command:Invoked command in '/home/ubuntu/ros2-rover/build/slam_stress_test' returned '0': PYTHONPATH=/home/ubuntu/ros2-rover/build/slam_stress_test/prefix_override:/usr/lib/python3/dist-packages/colcon_core/task/python/colcon_distutils_commands:/home/ubuntu/ros2-rover/install/slam_stress_test/lib/python3.12/site-packages:${PYTHONPATH} /usr/bin/python3 -W ignore:setup.py install is deprecated -W ignore:easy_install command is deprecated setup.py develop --editable --build-directory /home/ubuntu/ros2-rover/build/slam_stress_test/build --no-deps symlink_data
[5.696s] INFO:colcon.colcon_core.shell:Creating environment descriptor '/home/ubuntu/ros2-rover/build/slam_stress_test/share/slam_stress_test/hook/pythonpath_develop.dsv'
[5.698s] INFO:colcon.colcon_core.shell:Creating environment hook '/home/ubuntu/ros2-rover/build/slam_stress_test/share/slam_stress_test/hook/pythonpath_develop.sh'
[5.713s] Level 1:colcon.colcon_core.environment:checking '/home/ubuntu/ros2-rover/install/slam_stress_test' for CMake module files
[5.716s] Level 1:colcon.colcon_core.environment:checking '/home/ubuntu/ros2-rover/install/slam_stress_test' for CMake config files
[5.718s] Level 1:colcon.colcon_core.environment:checking '/home/ubuntu/ros2-rover/install/slam_stress_test/lib'
[5.719s] Level 1:colcon.colcon_core.environment:checking '/home/ubuntu/ros2-rover/install/slam_stress_test/bin'
[5.719s] Level 1:colcon.colcon_core.environment:checking '/home/ubuntu/ros2-rover/install/slam_stress_test/lib/pkgconfig/slam_stress_test.pc'
[5.721s] Level 1:colcon.colcon_core.environment:checking '/home/ubuntu/ros2-rover/install/slam_stress_test/lib/python3.12/site-packages'
[5.721s] Level 1:colcon.colcon_core.shell:create_environment_hook('slam_stress_test', 'pythonpath')
[5.722s] INFO:colcon.colcon_core.shell:Creating environment hook '/home/ubuntu/ros2-rover/install/slam_stress_test/share/slam_stress_test/hook/pythonpath.ps1'
[5.724s] INFO:colcon.colcon_core.shell:Creating environment descriptor '/home/ubuntu/ros2-rover/install/slam_stress_test/share/slam_stress_test/hook/pythonpath.dsv'
[5.725s] INFO:colcon.colcon_core.shell:Creating environment hook '/home/ubuntu/ros2-rover/install/slam_stress_test/share/slam_stress_test/hook/pythonpath.sh'
[5.728s] Level 1:colcon.colcon_core.environment:checking '/home/ubuntu/ros2-rover/install/slam_stress_test/bin'
[5.729s] Level 1:colcon.colcon_core.environment:create_environment_scripts_only(slam_stress_test)
[5.730s] INFO:colcon.colcon_core.shell:Creating package script '/home/ubuntu/ros2-rover/install/slam_stress_test/share/slam_stress_test/package.ps1'
[5.735s] INFO:colcon.colcon_core.shell:Creating package descriptor '/home/ubuntu/ros2-rover/install/slam_stress_test/share/slam_stress_test/package.dsv'
[5.739s] INFO:colcon.colcon_core.shell:Creating package script '/home/ubuntu/ros2-rover/install/slam_stress_test/share/slam_stress_test/package.sh'
[5.743s] INFO:colcon.colcon_core.shell:Creating package script '/home/ubuntu/ros2-rover/install/slam_stress_test/share/slam_stress_test/package.bash'
[5.748s] INFO:colcon.colcon_core.shell:Creating package script '/home/ubuntu/ros2-rover/install/slam_stress_test/share/slam_stress_test/package.zsh'
[5.752s] Level 1:colcon.colcon_core.environment:create_file_with_runtime_dependencies(/home/ubuntu/ros2-rover/install/slam_stress_test/share/colcon-core/packages/slam_stress_test)
[5.826s] Level 1:colcon.colcon_core.shell:create_environment_hook('tractor_bringup', 'pythonpath_develop')
[5.827s] INFO:colcon.colcon_core.shell:Creating environment hook '/home/ubuntu/ros2-rover/build/tractor_bringup/share/tractor_bringup/hook/pythonpath_develop.ps1'
[5.829s] DEBUG:colcon.colcon_core.event_handler.log_command:Invoked command in '/home/ubuntu/ros2-rover/build/tractor_bringup' returned '0': PYTHONPATH=/home/ubuntu/ros2-rover/build/tractor_bringup/prefix_override:/usr/lib/python3/dist-packages/colcon_core/task/python/colcon_distutils_commands:/home/ubuntu/ros2-rover/install/tractor_bringup/lib/python3.12/site-packages:${PYTHONPATH} /usr/bin/python3 -W ignore:setup.py install is deprecated -W ignore:easy_install command is deprecated setup.py develop --editable --build-directory /home/ubuntu/ros2-rover/build/tractor_bringup/build --no-deps symlink_data --force
[5.830s] INFO:colcon.colcon_core.shell:Creating environment descriptor '/home/ubuntu/ros2-rover/build/tractor_bringup/share/tractor_bringup/hook/pythonpath_develop.dsv'
[5.831s] INFO:colcon.colcon_core.shell:Creating environment hook '/home/ubuntu/ros2-rover/build/tractor_bringup/share/tractor_bringup/hook/pythonpath_develop.sh'
[5.834s] Level 1:colcon.colcon_core.environment:checking '/home/ubuntu/ros2-rover/install/tractor_bringup' for CMake module files
[5.836s] Level 1:colcon.colcon_core.environment:checking '/home/ubuntu/ros2-rover/install/tractor_bringup' for CMake config files
[5.841s] Level 1:colcon.colcon_core.environment:checking '/home/ubuntu/ros2-rover/install/tractor_bringup/lib'
[5.841s] Level 1:colcon.colcon_core.environment:checking '/home/ubuntu/ros2-rover/install/tractor_bringup/bin'
[5.842s] Level 1:colcon.colcon_core.environment:checking '/home/ubuntu/ros2-rover/install/tractor_bringup/lib/pkgconfig/tractor_bringup.pc'
[5.843s] Level 1:colcon.colcon_core.environment:checking '/home/ubuntu/ros2-rover/install/tractor_bringup/lib/python3.12/site-packages'
[5.843s] Level 1:colcon.colcon_core.shell:create_environment_hook('tractor_bringup', 'pythonpath')
[5.844s] INFO:colcon.colcon_core.shell:Creating environment hook '/home/ubuntu/ros2-rover/install/tractor_bringup/share/tractor_bringup/hook/pythonpath.ps1'
[5.846s] INFO:colcon.colcon_core.shell:Creating environment descriptor '/home/ubuntu/ros2-rover/install/tractor_bringup/share/tractor_bringup/hook/pythonpath.dsv'
[5.847s] INFO:colcon.colcon_core.shell:Creating environment hook '/home/ubuntu/ros2-rover/install/tractor_bringup/share/tractor_bringup/hook/pythonpath.sh'
[5.850s] Level 1:colcon.colcon_core.environment:checking '/home/ubuntu/ros2-rover/install/tractor_bringup/bin'
[5.850s] Level 1:colcon.colcon_core.environment:create_environment_scripts_only(tractor_bringup)
[5.851s] INFO:colcon.colcon_core.shell:Creating package script '/home/ubuntu/ros2-rover/install/tractor_bringup/share/tractor_bringup/package.ps1'
[5.854s] INFO:colcon.colcon_core.shell:Creating package descriptor '/home/ubuntu/ros2-rover/install/tractor_bringup/share/tractor_bringup/package.dsv'
[5.856s] INFO:colcon.colcon_core.shell:Creating package script '/home/ubuntu/ros2-rover/install/tractor_bringup/share/tractor_bringup/package.sh'
[5.858s] INFO:colcon.colcon_core.shell:Creating package script '/home/ubuntu/ros2-rover/install/tractor_bringup/share/tractor_bringup/package.bash'
[5.859s] INFO:colcon.colcon_core.shell:Creating package script '/home/ubuntu/ros2-rover/install/tractor_bringup/share/tractor_bringup/package.zsh'
[5.861s] Level 1:colcon.colcon_core.environment:create_file_with_runtime_dependencies(/home/ubuntu/ros2-rover/install/tractor_bringup/share/colcon-core/packages/tractor_bringup)
[6.613s] Level 1:colcon.colcon_core.shell:create_environment_hook('tractor_implements', 'pythonpath_develop')
[6.614s] INFO:colcon.colcon_core.shell:Creating environment hook '/home/ubuntu/ros2-rover/build/tractor_implements/share/tractor_implements/hook/pythonpath_develop.ps1'
[6.617s] INFO:colcon.colcon_core.shell:Creating environment descriptor '/home/ubuntu/ros2-rover/build/tractor_implements/share/tractor_implements/hook/pythonpath_develop.dsv'
[6.618s] DEBUG:colcon.colcon_core.event_handler.log_command:Invoked command in '/home/ubuntu/ros2-rover/build/tractor_implements' returned '0': PYTHONPATH=/home/ubuntu/ros2-rover/build/tractor_implements/prefix_override:/usr/lib/python3/dist-packages/colcon_core/task/python/colcon_distutils_commands:/home/ubuntu/ros2-rover/install/tractor_implements/lib/python3.12/site-packages:${PYTHONPATH} /usr/bin/python3 -W ignore:setup.py install is deprecated -W ignore:easy_install command is deprecated setup.py develop --editable --build-directory /home/ubuntu/ros2-rover/build/tractor_implements/build --no-deps symlink_data
[6.619s] INFO:colcon.colcon_core.shell:Creating environment hook '/home/ubuntu/ros2-rover/build/tractor_implements/share/tractor_implements/hook/pythonpath_develop.sh'
[6.622s] Level 1:colcon.colcon_core.environment:checking '/home/ubuntu/ros2-rover/install/tractor_implements' for CMake module files
[6.625s] Level 1:colcon.colcon_core.environment:checking '/home/ubuntu/ros2-rover/install/tractor_implements' for CMake config files
[6.627s] Level 1:colcon.colcon_core.environment:checking '/home/ubuntu/ros2-rover/install/tractor_implements/lib'
[6.627s] Level 1:colcon.colcon_core.environment:checking '/home/ubuntu/ros2-rover/install/tractor_implements/bin'
[6.628s] Level 1:colcon.colcon_core.environment:checking '/home/ubuntu/ros2-rover/install/tractor_implements/lib/pkgconfig/tractor_implements.pc'
[6.628s] Level 1:colcon.colcon_core.environment:checking '/home/ubuntu/ros2-rover/install/tractor_implements/lib/python3.12/site-packages'
[6.628s] Level 1:colcon.colcon_core.shell:create_environment_hook('tractor_implements', 'pythonpath')
[6.628s] INFO:colcon.colcon_core.shell:Creating environment hook '/home/ubuntu/ros2-rover/install/tractor_implements/share/tractor_implements/hook/pythonpath.ps1'
[6.629s] INFO:colcon.colcon_core.shell:Creating environment descriptor '/home/ubuntu/ros2-rover/install/tractor_implements/share/tractor_implements/hook/pythonpath.dsv'
[6.629s] INFO:colcon.colcon_core.shell:Creating environment hook '/home/ubuntu/ros2-rover/install/tractor_implements/share/tractor_implements/hook/pythonpath.sh'
[6.630s] Level 1:colcon.colcon_core.environment:checking '/home/ubuntu/ros2-rover/install/tractor_implements/bin'
[6.630s] Level 1:colcon.colcon_core.environment:create_environment_scripts_only(tractor_implements)
[6.631s] INFO:colcon.colcon_core.shell:Creating package script '/home/ubuntu/ros2-rover/install/tractor_implements/share/tractor_implements/package.ps1'
[6.632s] INFO:colcon.colcon_core.shell:Creating package descriptor '/home/ubuntu/ros2-rover/install/tractor_implements/share/tractor_implements/package.dsv'
[6.632s] INFO:colcon.colcon_core.shell:Creating package script '/home/ubuntu/ros2-rover/install/tractor_implements/share/tractor_implements/package.sh'
[6.633s] INFO:colcon.colcon_core.shell:Creating package script '/home/ubuntu/ros2-rover/install/tractor_implements/share/tractor_implements/package.bash'
[6.633s] INFO:colcon.colcon_core.shell:Creating package script '/home/ubuntu/ros2-rover/install/tractor_implements/share/tractor_implements/package.zsh'
[6.634s] Level 1:colcon.colcon_core.environment:create_file_with_runtime_dependencies(/home/ubuntu/ros2-rover/install/tractor_implements/share/colcon-core/packages/tractor_implements)
[6.636s] Level 1:colcon.colcon_core.shell:create_environment_hook('tractor_sensors', 'pythonpath_develop')
[6.636s] INFO:colcon.colcon_core.shell:Creating environment hook '/home/ubuntu/ros2-rover/build/tractor_sensors/share/tractor_sensors/hook/pythonpath_develop.ps1'
[6.638s] DEBUG:colcon.colcon_core.event_handler.log_command:Invoked command in '/home/ubuntu/ros2-rover/build/tractor_sensors' returned '0': PYTHONPATH=/home/ubuntu/ros2-rover/build/tractor_sensors/prefix_override:/usr/lib/python3/dist-packages/colcon_core/task/python/colcon_distutils_commands:/home/ubuntu/ros2-rover/install/tractor_sensors/lib/python3.12/site-packages:${PYTHONPATH} /usr/bin/python3 -W ignore:setup.py install is deprecated -W ignore:easy_install command is deprecated setup.py develop --editable --build-directory /home/ubuntu/ros2-rover/build/tractor_sensors/build --no-deps symlink_data
[6.638s] INFO:colcon.colcon_core.shell:Creating environment descriptor '/home/ubuntu/ros2-rover/build/tractor_sensors/share/tractor_sensors/hook/pythonpath_develop.dsv'
[6.638s] INFO:colcon.colcon_core.shell:Creating environment hook '/home/ubuntu/ros2-rover/build/tractor_sensors/share/tractor_sensors/hook/pythonpath_develop.sh'
[6.639s] Level 1:colcon.colcon_core.environment:checking '/home/ubuntu/ros2-rover/install/tractor_sensors' for CMake module files
[6.640s] Level 1:colcon.colcon_core.environment:checking '/home/ubuntu/ros2-rover/install/tractor_sensors' for CMake config files
[6.641s] Level 1:colcon.colcon_core.environment:checking '/home/ubuntu/ros2-rover/install/tractor_sensors/lib'
[6.641s] Level 1:colcon.colcon_core.environment:checking '/home/ubuntu/ros2-rover/install/tractor_sensors/bin'
[6.641s] Level 1:colcon.colcon_core.environment:checking '/home/ubuntu/ros2-rover/install/tractor_sensors/lib/pkgconfig/tractor_sensors.pc'
[6.641s] Level 1:colcon.colcon_core.environment:checking '/home/ubuntu/ros2-rover/install/tractor_sensors/lib/python3.12/site-packages'
[6.641s] Level 1:colcon.colcon_core.shell:create_environment_hook('tractor_sensors', 'pythonpath')
[6.642s] INFO:colcon.colcon_core.shell:Creating environment hook '/home/ubuntu/ros2-rover/install/tractor_sensors/share/tractor_sensors/hook/pythonpath.ps1'
[6.642s] INFO:colcon.colcon_core.shell:Creating environment descriptor '/home/ubuntu/ros2-rover/install/tractor_sensors/share/tractor_sensors/hook/pythonpath.dsv'
[6.643s] INFO:colcon.colcon_core.shell:Creating environment hook '/home/ubuntu/ros2-rover/install/tractor_sensors/share/tractor_sensors/hook/pythonpath.sh'
[6.644s] Level 1:colcon.colcon_core.environment:checking '/home/ubuntu/ros2-rover/install/tractor_sensors/bin'
[6.644s] Level 1:colcon.colcon_core.environment:create_environment_scripts_only(tractor_sensors)
[6.644s] INFO:colcon.colcon_core.shell:Creating package script '/home/ubuntu/ros2-rover/install/tractor_sensors/share/tractor_sensors/package.ps1'
[6.645s] INFO:colcon.colcon_core.shell:Creating package descriptor '/home/ubuntu/ros2-rover/install/tractor_sensors/share/tractor_sensors/package.dsv'
[6.646s] INFO:colcon.colcon_core.shell:Creating package script '/home/ubuntu/ros2-rover/install/tractor_sensors/share/tractor_sensors/package.sh'
[6.646s] INFO:colcon.colcon_core.shell:Creating package script '/home/ubuntu/ros2-rover/install/tractor_sensors/share/tractor_sensors/package.bash'
[6.647s] INFO:colcon.colcon_core.shell:Creating package script '/home/ubuntu/ros2-rover/install/tractor_sensors/share/tractor_sensors/package.zsh'
[6.647s] Level 1:colcon.colcon_core.environment:create_file_with_runtime_dependencies(/home/ubuntu/ros2-rover/install/tractor_sensors/share/colcon-core/packages/tractor_sensors)
[6.680s] Level 1:colcon.colcon_core.shell:create_environment_hook('tractor_coverage', 'pythonpath_develop')
[6.680s] INFO:colcon.colcon_core.shell:Creating environment hook '/home/ubuntu/ros2-rover/build/tractor_coverage/share/tractor_coverage/hook/pythonpath_develop.ps1'
[6.681s] INFO:colcon.colcon_core.shell:Creating environment descriptor '/home/ubuntu/ros2-rover/build/tractor_coverage/share/tractor_coverage/hook/pythonpath_develop.dsv'
[6.681s] DEBUG:colcon.colcon_core.event_handler.log_command:Invoked command in '/home/ubuntu/ros2-rover/build/tractor_coverage' returned '0': PYTHONPATH=/home/ubuntu/ros2-rover/build/tractor_coverage/prefix_override:/usr/lib/python3/dist-packages/colcon_core/task/python/colcon_distutils_commands:/home/ubuntu/ros2-rover/install/tractor_coverage/lib/python3.12/site-packages:${PYTHONPATH} /usr/bin/python3 -W ignore:setup.py install is deprecated -W ignore:easy_install command is deprecated setup.py develop --editable --build-directory /home/ubuntu/ros2-rover/build/tractor_coverage/build --no-deps symlink_data
[6.682s] INFO:colcon.colcon_core.shell:Creating environment hook '/home/ubuntu/ros2-rover/build/tractor_coverage/share/tractor_coverage/hook/pythonpath_develop.sh'
[6.683s] Level 1:colcon.colcon_core.environment:checking '/home/ubuntu/ros2-rover/install/tractor_coverage' for CMake module files
[6.683s] Level 1:colcon.colcon_core.environment:checking '/home/ubuntu/ros2-rover/install/tractor_coverage' for CMake config files
[6.684s] Level 1:colcon.colcon_core.environment:checking '/home/ubuntu/ros2-rover/install/tractor_coverage/lib'
[6.684s] Level 1:colcon.colcon_core.environment:checking '/home/ubuntu/ros2-rover/install/tractor_coverage/bin'
[6.684s] Level 1:colcon.colcon_core.environment:checking '/home/ubuntu/ros2-rover/install/tractor_coverage/lib/pkgconfig/tractor_coverage.pc'
[6.685s] Level 1:colcon.colcon_core.environment:checking '/home/ubuntu/ros2-rover/install/tractor_coverage/lib/python3.12/site-packages'
[6.685s] Level 1:colcon.colcon_core.shell:create_environment_hook('tractor_coverage', 'pythonpath')
[6.685s] INFO:colcon.colcon_core.shell:Creating environment hook '/home/ubuntu/ros2-rover/install/tractor_coverage/share/tractor_coverage/hook/pythonpath.ps1'
[6.686s] INFO:colcon.colcon_core.shell:Creating environment descriptor '/home/ubuntu/ros2-rover/install/tractor_coverage/share/tractor_coverage/hook/pythonpath.dsv'
[6.686s] INFO:colcon.colcon_core.shell:Creating environment hook '/home/ubuntu/ros2-rover/install/tractor_coverage/share/tractor_coverage/hook/pythonpath.sh'
[6.687s] Level 1:colcon.colcon_core.environment:checking '/home/ubuntu/ros2-rover/install/tractor_coverage/bin'
[6.687s] Level 1:colcon.colcon_core.environment:create_environment_scripts_only(tractor_coverage)
[6.688s] INFO:colcon.colcon_core.shell:Creating package script '/home/ubuntu/ros2-rover/install/tractor_coverage/share/tractor_coverage/package.ps1'
[6.688s] INFO:colcon.colcon_core.shell:Creating package descriptor '/home/ubuntu/ros2-rover/install/tractor_coverage/share/tractor_coverage/package.dsv'
[6.689s] INFO:colcon.colcon_core.shell:Creating package script '/home/ubuntu/ros2-rover/install/tractor_coverage/share/tractor_coverage/package.sh'
[6.690s] INFO:colcon.colcon_core.shell:Creating package script '/home/ubuntu/ros2-rover/install/tractor_coverage/share/tractor_coverage/package.bash'
[6.690s] INFO:colcon.colcon_core.shell:Creating package script '/home/ubuntu/ros2-rover/install/tractor_coverage/share/tractor_coverage/package.zsh'
[6.691s] Level 1:colcon.colcon_core.environment:create_file_with_runtime_dependencies(/home/ubuntu/ros2-rover/install/tractor_coverage/share/colcon-core/packages/tractor_coverage)
[6.746s] Level 1:colcon.colcon_core.shell:create_environment_hook('tractor_control', 'pythonpath_develop')
[6.747s] INFO:colcon.colcon_core.shell:Creating environment hook '/home/ubuntu/ros2-rover/build/tractor_control/share/tractor_control/hook/pythonpath_develop.ps1'
[6.748s] DEBUG:colcon.colcon_core.event_handler.log_command:Invoked command in '/home/ubuntu/ros2-rover/build/tractor_control' returned '0': PYTHONPATH=/home/ubuntu/ros2-rover/build/tractor_control/prefix_override:/usr/lib/python3/dist-packages/colcon_core/task/python/colcon_distutils_commands:/home/ubuntu/ros2-rover/install/tractor_control/lib/python3.12/site-packages:${PYTHONPATH} /usr/bin/python3 -W ignore:setup.py install is deprecated -W ignore:easy_install command is deprecated setup.py develop --editable --build-directory /home/ubuntu/ros2-rover/build/tractor_control/build --no-deps symlink_data
[6.749s] INFO:colcon.colcon_core.shell:Creating environment descriptor '/home/ubuntu/ros2-rover/build/tractor_control/share/tractor_control/hook/pythonpath_develop.dsv'
[6.749s] INFO:colcon.colcon_core.shell:Creating environment hook '/home/ubuntu/ros2-rover/build/tractor_control/share/tractor_control/hook/pythonpath_develop.sh'
[6.750s] Level 1:colcon.colcon_core.environment:checking '/home/ubuntu/ros2-rover/install/tractor_control' for CMake module files
[6.751s] Level 1:colcon.colcon_core.environment:checking '/home/ubuntu/ros2-rover/install/tractor_control' for CMake config files
[6.752s] Level 1:colcon.colcon_core.environment:checking '/home/ubuntu/ros2-rover/install/tractor_control/lib'
[6.752s] Level 1:colcon.colcon_core.environment:checking '/home/ubuntu/ros2-rover/install/tractor_control/bin'
[6.752s] Level 1:colcon.colcon_core.environment:checking '/home/ubuntu/ros2-rover/install/tractor_control/lib/pkgconfig/tractor_control.pc'
[6.752s] Level 1:colcon.colcon_core.environment:checking '/home/ubuntu/ros2-rover/install/tractor_control/lib/python3.12/site-packages'
[6.752s] Level 1:colcon.colcon_core.shell:create_environment_hook('tractor_control', 'pythonpath')
[6.753s] INFO:colcon.colcon_core.shell:Creating environment hook '/home/ubuntu/ros2-rover/install/tractor_control/share/tractor_control/hook/pythonpath.ps1'
[6.753s] INFO:colcon.colcon_core.shell:Creating environment descriptor '/home/ubuntu/ros2-rover/install/tractor_control/share/tractor_control/hook/pythonpath.dsv'
[6.754s] INFO:colcon.colcon_core.shell:Creating environment hook '/home/ubuntu/ros2-rover/install/tractor_control/share/tractor_control/hook/pythonpath.sh'
[6.755s] Level 1:colcon.colcon_core.environment:checking '/home/ubuntu/ros2-rover/install/tractor_control/bin'
[6.755s] Level 1:colcon.colcon_core.environment:create_environment_scripts_only(tractor_control)
[6.755s] INFO:colcon.colcon_core.shell:Creating package script '/home/ubuntu/ros2-rover/install/tractor_control/share/tractor_control/package.ps1'
[6.756s] INFO:colcon.colcon_core.shell:Creating package descriptor '/home/ubuntu/ros2-rover/install/tractor_control/share/tractor_control/package.dsv'
[6.757s] INFO:colcon.colcon_core.shell:Creating package script '/home/ubuntu/ros2-rover/install/tractor_control/share/tractor_control/package.sh'
[6.757s] INFO:colcon.colcon_core.shell:Creating package script '/home/ubuntu/ros2-rover/install/tractor_control/share/tractor_control/package.bash'
[6.758s] INFO:colcon.colcon_core.shell:Creating package script '/home/ubuntu/ros2-rover/install/tractor_control/share/tractor_control/package.zsh'
[6.758s] Level 1:colcon.colcon_core.environment:create_file_with_runtime_dependencies(/home/ubuntu/ros2-rover/install/tractor_control/share/colcon-core/packages/tractor_control)
[6.798s] Level 1:colcon.colcon_core.shell:create_environment_hook('tractor_vision', 'pythonpath_develop')
[6.799s] INFO:colcon.colcon_core.shell:Creating environment hook '/home/ubuntu/ros2-rover/build/tractor_vision/share/tractor_vision/hook/pythonpath_develop.ps1'
[6.799s] DEBUG:colcon.colcon_core.event_handler.log_command:Invoked command in '/home/ubuntu/ros2-rover/build/tractor_vision' returned '0': PYTHONPATH=/home/ubuntu/ros2-rover/build/tractor_vision/prefix_override:/usr/lib/python3/dist-packages/colcon_core/task/python/colcon_distutils_commands:/home/ubuntu/ros2-rover/install/tractor_vision/lib/python3.12/site-packages:${PYTHONPATH} /usr/bin/python3 -W ignore:setup.py install is deprecated -W ignore:easy_install command is deprecated setup.py develop --editable --build-directory /home/ubuntu/ros2-rover/build/tractor_vision/build --no-deps symlink_data
[6.800s] INFO:colcon.colcon_core.shell:Creating environment descriptor '/home/ubuntu/ros2-rover/build/tractor_vision/share/tractor_vision/hook/pythonpath_develop.dsv'
[6.801s] INFO:colcon.colcon_core.shell:Creating environment hook '/home/ubuntu/ros2-rover/build/tractor_vision/share/tractor_vision/hook/pythonpath_develop.sh'
[6.802s] Level 1:colcon.colcon_core.environment:checking '/home/ubuntu/ros2-rover/install/tractor_vision' for CMake module files
[6.802s] Level 1:colcon.colcon_core.environment:checking '/home/ubuntu/ros2-rover/install/tractor_vision' for CMake config files
[6.803s] Level 1:colcon.colcon_core.environment:checking '/home/ubuntu/ros2-rover/install/tractor_vision/lib'
[6.803s] Level 1:colcon.colcon_core.environment:checking '/home/ubuntu/ros2-rover/install/tractor_vision/bin'
[6.803s] Level 1:colcon.colcon_core.environment:checking '/home/ubuntu/ros2-rover/install/tractor_vision/lib/pkgconfig/tractor_vision.pc'
[6.803s] Level 1:colcon.colcon_core.environment:checking '/home/ubuntu/ros2-rover/install/tractor_vision/lib/python3.12/site-packages'
[6.804s] Level 1:colcon.colcon_core.shell:create_environment_hook('tractor_vision', 'pythonpath')
[6.804s] INFO:colcon.colcon_core.shell:Creating environment hook '/home/ubuntu/ros2-rover/install/tractor_vision/share/tractor_vision/hook/pythonpath.ps1'
[6.804s] INFO:colcon.colcon_core.shell:Creating environment descriptor '/home/ubuntu/ros2-rover/install/tractor_vision/share/tractor_vision/hook/pythonpath.dsv'
[6.805s] INFO:colcon.colcon_core.shell:Creating environment hook '/home/ubuntu/ros2-rover/install/tractor_vision/share/tractor_vision/hook/pythonpath.sh'
[6.805s] Level 1:colcon.colcon_core.environment:checking '/home/ubuntu/ros2-rover/install/tractor_vision/bin'
[6.805s] Level 1:colcon.colcon_core.environment:create_environment_scripts_only(tractor_vision)
[6.806s] INFO:colcon.colcon_core.shell:Creating package script '/home/ubuntu/ros2-rover/install/tractor_vision/share/tractor_vision/package.ps1'
[6.806s] INFO:colcon.colcon_core.shell:Creating package descriptor '/home/ubuntu/ros2-rover/install/tractor_vision/share/tractor_vision/package.dsv'
[6.807s] INFO:colcon.colcon_core.shell:Creating package script '/home/ubuntu/ros2-rover/install/tractor_vision/share/tractor_vision/package.sh'
[6.807s] INFO:colcon.colcon_core.shell:Creating package script '/home/ubuntu/ros2-rover/install/tractor_vision/share/tractor_vision/package.bash'
[6.808s] INFO:colcon.colcon_core.shell:Creating package script '/home/ubuntu/ros2-rover/install/tractor_vision/share/tractor_vision/package.zsh'
[6.808s] Level 1:colcon.colcon_core.environment:create_file_with_runtime_dependencies(/home/ubuntu/ros2-rover/install/tractor_vision/share/colcon-core/packages/tractor_vision)
[6.809s] DEBUG:colcon.colcon_parallel_executor.executor.parallel:closing loop
[6.809s] DEBUG:colcon.colcon_parallel_executor.executor.parallel:loop closed
[6.809s] DEBUG:colcon.colcon_parallel_executor.executor.parallel:run_until_complete finished with '0'
[6.809s] DEBUG:colcon.colcon_core.event_reactor:joining thread
[6.869s] INFO:colcon.colcon_core.plugin_system:Skipping extension 'colcon_notification.desktop_notification.terminal_notifier': Not used on non-Darwin systems
[6.870s] INFO:colcon.colcon_core.plugin_system:Skipping extension 'colcon_notification.desktop_notification.win32': Not used on non-Windows systems
[6.870s] INFO:colcon.colcon_notification.desktop_notification:Sending desktop notification using 'notify2'
[6.871s] DEBUG:colcon.colcon_notification.desktop_notification.notify2:Failed to initialize notify2: org.freedesktop.DBus.Error.ServiceUnknown: The name org.freedesktop.Notifications was not provided by any .service files
[6.871s] DEBUG:colcon.colcon_core.event_reactor:joined thread
[6.871s] INFO:colcon.colcon_core.shell:Creating prefix script '/home/ubuntu/ros2-rover/install/local_setup.ps1'
[6.873s] INFO:colcon.colcon_core.shell:Creating prefix util module '/home/ubuntu/ros2-rover/install/_local_setup_util_ps1.py'
[6.874s] INFO:colcon.colcon_core.shell:Creating prefix chain script '/home/ubuntu/ros2-rover/install/setup.ps1'
[6.875s] INFO:colcon.colcon_core.shell:Creating prefix script '/home/ubuntu/ros2-rover/install/local_setup.sh'
[6.876s] INFO:colcon.colcon_core.shell:Creating prefix util module '/home/ubuntu/ros2-rover/install/_local_setup_util_sh.py'
[6.877s] INFO:colcon.colcon_core.shell:Creating prefix chain script '/home/ubuntu/ros2-rover/install/setup.sh'
[6.878s] INFO:colcon.colcon_core.shell:Creating prefix script '/home/ubuntu/ros2-rover/install/local_setup.bash'
[6.879s] INFO:colcon.colcon_core.shell:Creating prefix chain script '/home/ubuntu/ros2-rover/install/setup.bash'
[6.880s] INFO:colcon.colcon_core.shell:Creating prefix script '/home/ubuntu/ros2-rover/install/local_setup.zsh'
[6.881s] INFO:colcon.colcon_core.shell:Creating prefix chain script '/home/ubuntu/ros2-rover/install/setup.zsh'
