[4.196s] Invoking command in '/home/ubuntu/ros2-rover/build/tractor_vision': PYTHONPATH=/home/ubuntu/ros2-rover/build/tractor_vision/prefix_override:/usr/lib/python3/dist-packages/colcon_core/task/python/colcon_distutils_commands:/home/ubuntu/ros2-rover/install/tractor_vision/lib/python3.12/site-packages:${PYTHONPATH} /usr/bin/python3 -W ignore:setup.py install is deprecated -W ignore:easy_install command is deprecated setup.py develop --uninstall --editable --build-directory /home/ubuntu/ros2-rover/build/tractor_vision/build
[5.209s] running develop
[5.541s] Removing /home/ubuntu/ros2-rover/install/tractor_vision/lib/python3.12/site-packages/tractor-vision.egg-link (link to .)
[5.632s] Invoked command in '/home/ubuntu/ros2-rover/build/tractor_vision' returned '0': PYTHONPATH=/home/ubuntu/ros2-rover/build/tractor_vision/prefix_override:/usr/lib/python3/dist-packages/colcon_core/task/python/colcon_distutils_commands:/home/ubuntu/ros2-rover/install/tractor_vision/lib/python3.12/site-packages:${PYTHONPATH} /usr/bin/python3 -W ignore:setup.py install is deprecated -W ignore:easy_install command is deprecated setup.py develop --uninstall --editable --build-directory /home/ubuntu/ros2-rover/build/tractor_vision/build
[5.632s] Invoking command in '/home/ubuntu/ros2-rover/src/tractor_vision': PYTHONPATH=/home/ubuntu/ros2-rover/build/tractor_vision/prefix_override:/usr/lib/python3/dist-packages/colcon_core/task/python/colcon_distutils_commands:/home/ubuntu/ros2-rover/install/tractor_vision/lib/python3.12/site-packages:${PYTHONPATH} /usr/bin/python3 -W ignore:setup.py install is deprecated -W ignore:easy_install command is deprecated setup.py egg_info --egg-base ../../build/tractor_vision build --build-base /home/ubuntu/ros2-rover/build/tractor_vision/build install --record /home/ubuntu/ros2-rover/build/tractor_vision/install.log --single-version-externally-managed install_data --force
[6.095s] running egg_info
[6.117s] writing ../../build/tractor_vision/tractor_vision.egg-info/PKG-INFO
[6.118s] writing dependency_links to ../../build/tractor_vision/tractor_vision.egg-info/dependency_links.txt
[6.119s] writing entry points to ../../build/tractor_vision/tractor_vision.egg-info/entry_points.txt
[6.119s] writing requirements to ../../build/tractor_vision/tractor_vision.egg-info/requires.txt
[6.119s] writing top-level names to ../../build/tractor_vision/tractor_vision.egg-info/top_level.txt
[6.180s] reading manifest file '../../build/tractor_vision/tractor_vision.egg-info/SOURCES.txt'
[6.181s] writing manifest file '../../build/tractor_vision/tractor_vision.egg-info/SOURCES.txt'
[6.182s] running build
[6.182s] running build_py
[6.183s] running install
[6.192s] running install_lib
[6.225s] copying /home/ubuntu/ros2-rover/build/tractor_vision/build/lib/tractor_vision/obstacle_detector.py -> /home/ubuntu/ros2-rover/install/tractor_vision/lib/python3.12/site-packages/tractor_vision
[6.226s] copying /home/ubuntu/ros2-rover/build/tractor_vision/build/lib/tractor_vision/__init__.py -> /home/ubuntu/ros2-rover/install/tractor_vision/lib/python3.12/site-packages/tractor_vision
[6.230s] byte-compiling /home/ubuntu/ros2-rover/install/tractor_vision/lib/python3.12/site-packages/tractor_vision/obstacle_detector.py to obstacle_detector.cpython-312.pyc
[6.240s] byte-compiling /home/ubuntu/ros2-rover/install/tractor_vision/lib/python3.12/site-packages/tractor_vision/__init__.py to __init__.cpython-312.pyc
[6.241s] running install_data
[6.241s] copying resource/tractor_vision -> /home/ubuntu/ros2-rover/install/tractor_vision/share/ament_index/resource_index/packages
[6.242s] copying package.xml -> /home/ubuntu/ros2-rover/install/tractor_vision/share/tractor_vision
[6.242s] running install_egg_info
[6.294s] Copying ../../build/tractor_vision/tractor_vision.egg-info to /home/ubuntu/ros2-rover/install/tractor_vision/lib/python3.12/site-packages/tractor_vision-0.0.0-py3.12.egg-info
[6.296s] running install_scripts
[6.720s] Installing obstacle_detector script to /home/ubuntu/ros2-rover/install/tractor_vision/lib/tractor_vision
[6.721s] writing list of installed files to '/home/ubuntu/ros2-rover/build/tractor_vision/install.log'
[6.804s] Invoked command in '/home/ubuntu/ros2-rover/src/tractor_vision' returned '0': PYTHONPATH=/home/ubuntu/ros2-rover/build/tractor_vision/prefix_override:/usr/lib/python3/dist-packages/colcon_core/task/python/colcon_distutils_commands:/home/ubuntu/ros2-rover/install/tractor_vision/lib/python3.12/site-packages:${PYTHONPATH} /usr/bin/python3 -W ignore:setup.py install is deprecated -W ignore:easy_install command is deprecated setup.py egg_info --egg-base ../../build/tractor_vision build --build-base /home/ubuntu/ros2-rover/build/tractor_vision/build install --record /home/ubuntu/ros2-rover/build/tractor_vision/install.log --single-version-externally-managed install_data --force
