[4.868s] Invoking command in '/home/ubuntu/ros2-rover/build/tractor_sensors': PYTHONPATH=/home/ubuntu/ros2-rover/build/tractor_sensors/prefix_override:/usr/lib/python3/dist-packages/colcon_core/task/python/colcon_distutils_commands:/home/ubuntu/ros2-rover/install/tractor_sensors/lib/python3.12/site-packages:${PYTHONPATH} /usr/bin/python3 -W ignore:setup.py install is deprecated -W ignore:easy_install command is deprecated setup.py develop --editable --build-directory /home/ubuntu/ros2-rover/build/tractor_sensors/build --no-deps symlink_data --force
[5.670s] running develop
[5.843s] running egg_info
[5.876s] writing tractor_sensors.egg-info/PKG-INFO
[5.877s] writing dependency_links to tractor_sensors.egg-info/dependency_links.txt
[5.877s] writing entry points to tractor_sensors.egg-info/entry_points.txt
[5.878s] writing requirements to tractor_sensors.egg-info/requires.txt
[5.878s] writing top-level names to tractor_sensors.egg-info/top_level.txt
[5.943s] reading manifest file 'tractor_sensors.egg-info/SOURCES.txt'
[5.944s] writing manifest file 'tractor_sensors.egg-info/SOURCES.txt'
[5.979s] running build_ext
[5.979s] Creating /home/ubuntu/ros2-rover/install/tractor_sensors/lib/python3.12/site-packages/tractor-sensors.egg-link (link to .)
[5.980s] Installing hglrc_m100_5883 script to /home/ubuntu/ros2-rover/install/tractor_sensors/lib/tractor_sensors
[5.980s] 
[5.980s] Installed /home/ubuntu/ros2-rover/build/tractor_sensors
[5.980s] running symlink_data
[5.980s] symbolically linking /home/ubuntu/ros2-rover/build/tractor_sensors/resource/tractor_sensors -> /home/ubuntu/ros2-rover/install/tractor_sensors/share/ament_index/resource_index/packages
[5.981s] symbolically linking /home/ubuntu/ros2-rover/build/tractor_sensors/package.xml -> /home/ubuntu/ros2-rover/install/tractor_sensors/share/tractor_sensors
[5.981s] symbolically linking /home/ubuntu/ros2-rover/build/tractor_sensors/launch/hglrc_m100_5883.launch.py -> /home/ubuntu/ros2-rover/install/tractor_sensors/share/tractor_sensors/launch
[5.981s] symbolically linking /home/ubuntu/ros2-rover/build/tractor_sensors/config/hglrc_m100_5883_config.yaml -> /home/ubuntu/ros2-rover/install/tractor_sensors/share/tractor_sensors/config
[6.095s] Invoked command in '/home/ubuntu/ros2-rover/build/tractor_sensors' returned '0': PYTHONPATH=/home/ubuntu/ros2-rover/build/tractor_sensors/prefix_override:/usr/lib/python3/dist-packages/colcon_core/task/python/colcon_distutils_commands:/home/ubuntu/ros2-rover/install/tractor_sensors/lib/python3.12/site-packages:${PYTHONPATH} /usr/bin/python3 -W ignore:setup.py install is deprecated -W ignore:easy_install command is deprecated setup.py develop --editable --build-directory /home/ubuntu/ros2-rover/build/tractor_sensors/build --no-deps symlink_data --force
