[1.573s] Invoking command in '/home/ubuntu/ros2-rover/src/tractor_sensors': PYTHONPATH=/home/ubuntu/ros2-rover/build/tractor_sensors/prefix_override:/usr/lib/python3/dist-packages/colcon_core/task/python/colcon_distutils_commands:/home/ubuntu/ros2-rover/install/tractor_sensors/lib/python3.12/site-packages:${PYTHONPATH} /usr/bin/python3 -W ignore:setup.py install is deprecated -W ignore:easy_install command is deprecated setup.py egg_info --egg-base ../../build/tractor_sensors build --build-base /home/ubuntu/ros2-rover/build/tractor_sensors/build install --record /home/ubuntu/ros2-rover/build/tractor_sensors/install.log --single-version-externally-managed install_data
[2.031s] running egg_info
[2.063s] writing ../../build/tractor_sensors/tractor_sensors.egg-info/PKG-INFO
[2.064s] writing dependency_links to ../../build/tractor_sensors/tractor_sensors.egg-info/dependency_links.txt
[2.065s] writing entry points to ../../build/tractor_sensors/tractor_sensors.egg-info/entry_points.txt
[2.065s] writing requirements to ../../build/tractor_sensors/tractor_sensors.egg-info/requires.txt
[2.066s] writing top-level names to ../../build/tractor_sensors/tractor_sensors.egg-info/top_level.txt
[2.131s] reading manifest file '../../build/tractor_sensors/tractor_sensors.egg-info/SOURCES.txt'
[2.133s] writing manifest file '../../build/tractor_sensors/tractor_sensors.egg-info/SOURCES.txt'
[2.133s] running build
[2.134s] running build_py
[2.134s] running install
[2.144s] running install_lib
[2.179s] running install_data
[2.179s] creating /home/ubuntu/ros2-rover/install/tractor_sensors/share/tractor_sensors/launch
[2.180s] copying launch/hglrc_m100_5883.launch.py -> /home/ubuntu/ros2-rover/install/tractor_sensors/share/tractor_sensors/launch
[2.180s] creating /home/ubuntu/ros2-rover/install/tractor_sensors/share/tractor_sensors/config
[2.181s] copying config/hglrc_m100_5883_config.yaml -> /home/ubuntu/ros2-rover/install/tractor_sensors/share/tractor_sensors/config
[2.181s] running install_egg_info
[2.215s] removing '/home/ubuntu/ros2-rover/install/tractor_sensors/lib/python3.12/site-packages/tractor_sensors-0.0.0-py3.12.egg-info' (and everything under it)
[2.216s] Copying ../../build/tractor_sensors/tractor_sensors.egg-info to /home/ubuntu/ros2-rover/install/tractor_sensors/lib/python3.12/site-packages/tractor_sensors-0.0.0-py3.12.egg-info
[2.217s] running install_scripts
[2.446s] Installing encoder_publisher script to /home/ubuntu/ros2-rover/install/tractor_sensors/lib/tractor_sensors
[2.447s] Installing gps_compass_publisher script to /home/ubuntu/ros2-rover/install/tractor_sensors/lib/tractor_sensors
[2.448s] Installing hglrc_m100_5883 script to /home/ubuntu/ros2-rover/install/tractor_sensors/lib/tractor_sensors
[2.448s] writing list of installed files to '/home/ubuntu/ros2-rover/build/tractor_sensors/install.log'
[2.565s] Invoked command in '/home/ubuntu/ros2-rover/src/tractor_sensors' returned '0': PYTHONPATH=/home/ubuntu/ros2-rover/build/tractor_sensors/prefix_override:/usr/lib/python3/dist-packages/colcon_core/task/python/colcon_distutils_commands:/home/ubuntu/ros2-rover/install/tractor_sensors/lib/python3.12/site-packages:${PYTHONPATH} /usr/bin/python3 -W ignore:setup.py install is deprecated -W ignore:easy_install command is deprecated setup.py egg_info --egg-base ../../build/tractor_sensors build --build-base /home/ubuntu/ros2-rover/build/tractor_sensors/build install --record /home/ubuntu/ros2-rover/build/tractor_sensors/install.log --single-version-externally-managed install_data
