[1.914s] Invoking command in '/home/ubuntu/ros2-rover/build/tractor_bringup': PYTHONPATH=/home/ubuntu/ros2-rover/build/tractor_bringup/prefix_override:/usr/lib/python3/dist-packages/colcon_core/task/python/colcon_distutils_commands:/home/ubuntu/ros2-rover/install/tractor_bringup/lib/python3.12/site-packages:${PYTHONPATH} /usr/bin/python3 -W ignore:setup.py install is deprecated -W ignore:easy_install command is deprecated setup.py develop --uninstall --editable --build-directory /home/ubuntu/ros2-rover/build/tractor_bringup/build
[2.430s] running develop
[2.773s] Removing /home/ubuntu/ros2-rover/install/tractor_bringup/lib/python3.12/site-packages/tractor-bringup.egg-link (link to .)
[2.881s] Invoked command in '/home/ubuntu/ros2-rover/build/tractor_bringup' returned '0': PYTHONPATH=/home/ubuntu/ros2-rover/build/tractor_bringup/prefix_override:/usr/lib/python3/dist-packages/colcon_core/task/python/colcon_distutils_commands:/home/ubuntu/ros2-rover/install/tractor_bringup/lib/python3.12/site-packages:${PYTHONPATH} /usr/bin/python3 -W ignore:setup.py install is deprecated -W ignore:easy_install command is deprecated setup.py develop --uninstall --editable --build-directory /home/ubuntu/ros2-rover/build/tractor_bringup/build
[2.885s] Invoking command in '/home/ubuntu/ros2-rover/src/tractor_bringup': PYTHONPATH=/home/ubuntu/ros2-rover/build/tractor_bringup/prefix_override:/usr/lib/python3/dist-packages/colcon_core/task/python/colcon_distutils_commands:/home/ubuntu/ros2-rover/install/tractor_bringup/lib/python3.12/site-packages:${PYTHONPATH} /usr/bin/python3 -W ignore:setup.py install is deprecated -W ignore:easy_install command is deprecated setup.py egg_info --egg-base ../../build/tractor_bringup build --build-base /home/ubuntu/ros2-rover/build/tractor_bringup/build install --record /home/ubuntu/ros2-rover/build/tractor_bringup/install.log --single-version-externally-managed install_data --force
[3.320s] running egg_info
[3.353s] writing ../../build/tractor_bringup/tractor_bringup.egg-info/PKG-INFO
[3.353s] writing dependency_links to ../../build/tractor_bringup/tractor_bringup.egg-info/dependency_links.txt
[3.353s] writing requirements to ../../build/tractor_bringup/tractor_bringup.egg-info/requires.txt
[3.354s] writing top-level names to ../../build/tractor_bringup/tractor_bringup.egg-info/top_level.txt
[3.421s] reading manifest file '../../build/tractor_bringup/tractor_bringup.egg-info/SOURCES.txt'
[3.422s] writing manifest file '../../build/tractor_bringup/tractor_bringup.egg-info/SOURCES.txt'
[3.423s] running build
[3.423s] running build_py
[3.423s] running install
[3.434s] running install_lib
[3.467s] creating /home/ubuntu/ros2-rover/install/tractor_bringup/lib/python3.12/site-packages/tractor_bringup
[3.468s] copying /home/ubuntu/ros2-rover/build/tractor_bringup/build/lib/tractor_bringup/__init__.py -> /home/ubuntu/ros2-rover/install/tractor_bringup/lib/python3.12/site-packages/tractor_bringup
[3.469s] byte-compiling /home/ubuntu/ros2-rover/install/tractor_bringup/lib/python3.12/site-packages/tractor_bringup/__init__.py to __init__.cpython-312.pyc
[3.470s] running install_data
[3.471s] copying resource/tractor_bringup -> /home/ubuntu/ros2-rover/install/tractor_bringup/share/ament_index/resource_index/packages
[3.471s] copying package.xml -> /home/ubuntu/ros2-rover/install/tractor_bringup/share/tractor_bringup
[3.471s] copying launch/control.launch.py -> /home/ubuntu/ros2-rover/install/tractor_bringup/share/tractor_bringup/launch
[3.471s] copying launch/implements.launch.py -> /home/ubuntu/ros2-rover/install/tractor_bringup/share/tractor_bringup/launch
[3.471s] copying launch/navigation.launch.py -> /home/ubuntu/ros2-rover/install/tractor_bringup/share/tractor_bringup/launch
[3.471s] copying launch/robot_description.launch.py -> /home/ubuntu/ros2-rover/install/tractor_bringup/share/tractor_bringup/launch
[3.471s] copying launch/sensors.launch.py -> /home/ubuntu/ros2-rover/install/tractor_bringup/share/tractor_bringup/launch
[3.471s] copying launch/tractor_bringup.launch.py -> /home/ubuntu/ros2-rover/install/tractor_bringup/share/tractor_bringup/launch
[3.472s] copying launch/tractor_gazebo.launch.py -> /home/ubuntu/ros2-rover/install/tractor_bringup/share/tractor_bringup/launch
[3.472s] copying launch/tractor_sim.launch.py -> /home/ubuntu/ros2-rover/install/tractor_bringup/share/tractor_bringup/launch
[3.472s] copying launch/vision.launch.py -> /home/ubuntu/ros2-rover/install/tractor_bringup/share/tractor_bringup/launch
[3.472s] copying launch/hiwonder_control.launch.py -> /home/ubuntu/ros2-rover/install/tractor_bringup/share/tractor_bringup/launch
[3.472s] copying launch/robot_localization.launch.py -> /home/ubuntu/ros2-rover/install/tractor_bringup/share/tractor_bringup/launch
[3.472s] copying launch/slam_mapping.launch.py -> /home/ubuntu/ros2-rover/install/tractor_bringup/share/tractor_bringup/launch
[3.473s] copying launch/control_with_feedback.launch.py -> /home/ubuntu/ros2-rover/install/tractor_bringup/share/tractor_bringup/launch
[3.473s] copying launch/xbox_teleop_with_feedback.launch.py -> /home/ubuntu/ros2-rover/install/tractor_bringup/share/tractor_bringup/launch
[3.473s] copying urdf/tractor.urdf.xacro -> /home/ubuntu/ros2-rover/install/tractor_bringup/share/tractor_bringup/urdf
[3.473s] copying config/nav2_params.yaml -> /home/ubuntu/ros2-rover/install/tractor_bringup/share/tractor_bringup/config
[3.473s] copying config/robot_localization.yaml -> /home/ubuntu/ros2-rover/install/tractor_bringup/share/tractor_bringup/config
[3.473s] copying config/slam_toolbox_params.yaml -> /home/ubuntu/ros2-rover/install/tractor_bringup/share/tractor_bringup/config
[3.473s] copying config/hiwonder_motor_params.yaml -> /home/ubuntu/ros2-rover/install/tractor_bringup/share/tractor_bringup/config
[3.473s] copying maps/yard_map.yaml -> /home/ubuntu/ros2-rover/install/tractor_bringup/share/tractor_bringup/maps
[3.474s] copying maps/yard_map.pgm -> /home/ubuntu/ros2-rover/install/tractor_bringup/share/tractor_bringup/maps
[3.474s] running install_egg_info
[3.510s] Copying ../../build/tractor_bringup/tractor_bringup.egg-info to /home/ubuntu/ros2-rover/install/tractor_bringup/lib/python3.12/site-packages/tractor_bringup-0.0.0-py3.12.egg-info
[3.511s] running install_scripts
[3.741s] writing list of installed files to '/home/ubuntu/ros2-rover/build/tractor_bringup/install.log'
[3.840s] Invoked command in '/home/ubuntu/ros2-rover/src/tractor_bringup' returned '0': PYTHONPATH=/home/ubuntu/ros2-rover/build/tractor_bringup/prefix_override:/usr/lib/python3/dist-packages/colcon_core/task/python/colcon_distutils_commands:/home/ubuntu/ros2-rover/install/tractor_bringup/lib/python3.12/site-packages:${PYTHONPATH} /usr/bin/python3 -W ignore:setup.py install is deprecated -W ignore:easy_install command is deprecated setup.py egg_info --egg-base ../../build/tractor_bringup build --build-base /home/ubuntu/ros2-rover/build/tractor_bringup/build install --record /home/ubuntu/ros2-rover/build/tractor_bringup/install.log --single-version-externally-managed install_data --force
