[4.520s] Invoking command in '/home/ubuntu/ros2-rover/src/tractor_implements': PYTHONPATH=/home/ubuntu/ros2-rover/build/tractor_implements/prefix_override:/usr/lib/python3/dist-packages/colcon_core/task/python/colcon_distutils_commands:/home/ubuntu/ros2-rover/install/tractor_implements/lib/python3.12/site-packages:${PYTHONPATH} /usr/bin/python3 -W ignore:setup.py install is deprecated -W ignore:easy_install command is deprecated setup.py egg_info --egg-base ../../build/tractor_implements build --build-base /home/ubuntu/ros2-rover/build/tractor_implements/build install --record /home/ubuntu/ros2-rover/build/tractor_implements/install.log --single-version-externally-managed install_data
[5.687s] running egg_info
[5.717s] writing ../../build/tractor_implements/tractor_implements.egg-info/PKG-INFO
[5.717s] writing dependency_links to ../../build/tractor_implements/tractor_implements.egg-info/dependency_links.txt
[5.718s] writing entry points to ../../build/tractor_implements/tractor_implements.egg-info/entry_points.txt
[5.718s] writing requirements to ../../build/tractor_implements/tractor_implements.egg-info/requires.txt
[5.719s] writing top-level names to ../../build/tractor_implements/tractor_implements.egg-info/top_level.txt
[5.755s] reading manifest file '../../build/tractor_implements/tractor_implements.egg-info/SOURCES.txt'
[5.756s] writing manifest file '../../build/tractor_implements/tractor_implements.egg-info/SOURCES.txt'
[5.757s] running build
[5.757s] running build_py
[5.758s] running install
[5.767s] running install_lib
[5.800s] running install_data
[5.801s] running install_egg_info
[5.837s] removing '/home/ubuntu/ros2-rover/install/tractor_implements/lib/python3.12/site-packages/tractor_implements-0.0.0-py3.12.egg-info' (and everything under it)
[5.838s] Copying ../../build/tractor_implements/tractor_implements.egg-info to /home/ubuntu/ros2-rover/install/tractor_implements/lib/python3.12/site-packages/tractor_implements-0.0.0-py3.12.egg-info
[5.838s] running install_scripts
[6.054s] Installing mower_controller script to /home/ubuntu/ros2-rover/install/tractor_implements/lib/tractor_implements
[6.055s] Installing sprayer_controller script to /home/ubuntu/ros2-rover/install/tractor_implements/lib/tractor_implements
[6.056s] writing list of installed files to '/home/ubuntu/ros2-rover/build/tractor_implements/install.log'
[6.174s] Invoked command in '/home/ubuntu/ros2-rover/src/tractor_implements' returned '0': PYTHONPATH=/home/ubuntu/ros2-rover/build/tractor_implements/prefix_override:/usr/lib/python3/dist-packages/colcon_core/task/python/colcon_distutils_commands:/home/ubuntu/ros2-rover/install/tractor_implements/lib/python3.12/site-packages:${PYTHONPATH} /usr/bin/python3 -W ignore:setup.py install is deprecated -W ignore:easy_install command is deprecated setup.py egg_info --egg-base ../../build/tractor_implements build --build-base /home/ubuntu/ros2-rover/build/tractor_implements/build install --record /home/ubuntu/ros2-rover/build/tractor_implements/install.log --single-version-externally-managed install_data
