/root/ros2-rover/remote_training_server/v620_map_elites_trainer.py:272: FutureWarning: `torch.cuda.amp.GradScaler(args...)` is deprecated. Please use `torch.amp.GradScaler('cuda', args...)` instead.
  self.scaler = torch.cuda.amp.GradScaler(enabled=self.use_amp) if self.use_amp else None
/root/ros2-rover/remote_training_server/v620_map_elites_trainer.py:370: FutureWarning: `torch.cuda.amp.autocast(args...)` is deprecated. Please use `torch.amp.autocast('cuda', args...)` instead.
  with torch.cuda.amp.autocast(enabled=self.use_amp):
✓ GPU: AMD Radeon PRO V620
  CUDA version: None

  GPU Memory: 30.0GB total
  Running dynamic memory profiling...
    Test batch (8 samples): 0.27GB used
    Memory per sample: 0.034GB
  Optimal batch size: 256
  Predicted usage: 8.8GB / 30.0GB (29%)
✓ Auto-selected batch size: 256 (based on dynamic profiling)
✓ Mixed precision (fp16): enabled
✓ Adaptive evolution trainer initialized on cuda
✓ Population: 10 → 25 (adaptive)
✓ Tournament sizes: 75-500 (adaptive)
✓ Batch size: 256 (auto-scaled)
✓ REP socket listening on port 5556
  Features enabled:
    Diversity bonus: True
    Multi-tournament: True
    Warmup acceleration: True

🔄 Resuming from checkpoint: evolution_warmup_complete.json
  Population metadata has 11 entries
  Found 11 model files in checkpoints/evolution_models
  Loaded 11/11 models from checkpoint
✓ Checkpoint loaded

Population Summary:
  Population size: 11
  Total evaluations: 50
  Improvements: 33
  Fitness - Best: 54.88, Mean: 8.55, Min: -16.02
  Avg speed: 0.250 m/s
  Avg clearance: 0.38 m

============================================================
Starting Single-Population Evolution Training
============================================================

Resuming from evaluation 50
Target evaluations: 1000 (need 950 more)
Population size: 10

Waiting for rover to connect...

→ Sent model #0 (mutation) to rover
