MIOpen Error: /longer_pathname_so_that_rpms_can_support_packaging_the_debug_info_for_all_os_profiles/src/rocm-libraries/projects/miopen/src/find_controls.cpp:137: Invalid value of MIOPEN_DEBUG_FIND_ONLY_SOLVER: 0
Traceback (most recent call last):
  File "/root/ros2-rover/remote_training_server/v620_map_elites_trainer.py", line 422, in _calculate_gpu_batch_size
    pred_actions = test_model(rgb_test, depth_test, proprio_test)
                   ^^^^^^^^^^^^^^^^^^^^^^^^^^^^^^^^^^^^^^^^^^^^^^
  File "/root/rocm-train/lib/python3.12/site-packages/torch/nn/modules/module.py", line 1783, in _wrapped_call_impl
    return self._call_impl(*args, **kwargs)
           ^^^^^^^^^^^^^^^^^^^^^^^^^^^^^^^^
  File "/root/rocm-train/lib/python3.12/site-packages/torch/nn/modules/module.py", line 1794, in _call_impl
    return forward_call(*args, **kwargs)
           ^^^^^^^^^^^^^^^^^^^^^^^^^^^^^
  File "/root/ros2-rover/remote_training_server/v620_map_elites_trainer.py", line 44, in forward
    features = self.encoder(rgb, depth)
               ^^^^^^^^^^^^^^^^^^^^^^^^
  File "/root/rocm-train/lib/python3.12/site-packages/torch/nn/modules/module.py", line 1783, in _wrapped_call_impl
    return self._call_impl(*args, **kwargs)
           ^^^^^^^^^^^^^^^^^^^^^^^^^^^^^^^^
  File "/root/rocm-train/lib/python3.12/site-packages/torch/nn/modules/module.py", line 1794, in _call_impl
    return forward_call(*args, **kwargs)
           ^^^^^^^^^^^^^^^^^^^^^^^^^^^^^
  File "/root/ros2-rover/remote_training_server/model_architectures.py", line 55, in forward
    rgb_feat = self.rgb_conv(rgb)
               ^^^^^^^^^^^^^^^^^^
  File "/root/rocm-train/lib/python3.12/site-packages/torch/nn/modules/module.py", line 1783, in _wrapped_call_impl
    return self._call_impl(*args, **kwargs)
           ^^^^^^^^^^^^^^^^^^^^^^^^^^^^^^^^
  File "/root/rocm-train/lib/python3.12/site-packages/torch/nn/modules/module.py", line 1794, in _call_impl
    return forward_call(*args, **kwargs)
           ^^^^^^^^^^^^^^^^^^^^^^^^^^^^^
  File "/root/rocm-train/lib/python3.12/site-packages/torch/nn/modules/container.py", line 251, in forward
    input = module(input)
            ^^^^^^^^^^^^^
  File "/root/rocm-train/lib/python3.12/site-packages/torch/nn/modules/module.py", line 1783, in _wrapped_call_impl
    return self._call_impl(*args, **kwargs)
           ^^^^^^^^^^^^^^^^^^^^^^^^^^^^^^^^
  File "/root/rocm-train/lib/python3.12/site-packages/torch/nn/modules/module.py", line 1794, in _call_impl
    return forward_call(*args, **kwargs)
           ^^^^^^^^^^^^^^^^^^^^^^^^^^^^^
  File "/root/rocm-train/lib/python3.12/site-packages/torch/nn/modules/conv.py", line 550, in forward
    return self._conv_forward(input, self.weight, self.bias)
           ^^^^^^^^^^^^^^^^^^^^^^^^^^^^^^^^^^^^^^^^^^^^^^^^^
  File "/root/rocm-train/lib/python3.12/site-packages/torch/nn/modules/conv.py", line 545, in _conv_forward
    return F.conv2d(
           ^^^^^^^^^
RuntimeError: miopenStatusBadParm
✓ GPU: AMD Radeon PRO V620
  CUDA version: None

✓ ROCm detected (HIP version: 7.0.2)
  ✓ Enabled MIOpen auto-tuner (cudnn.benchmark)
  Recommended environment variables for next run:
    ✓ HSA_FORCE_FINE_GRAIN_PCIE=1
    export MIOPEN_FIND_MODE=1  # (currently: not set)
  ✓ Enabled TF32 matrix operations (new API)
  GPU Memory: 30.0GB total
  Running dynamic memory profiling...
  ⚠ Dynamic profiling failed: miopenStatusBadParm, using conservative batch size 32
✓ Auto-selected batch size: 32 (based on dynamic profiling)
✓ Precision: fp32 (full precision for RKNN compatibility)
✓ Adaptive evolution trainer initialized on cuda
✓ Population: 10 → 25 (adaptive)
✓ Tournament sizes: 75-500 (adaptive)
✓ Batch size: 32 (auto-scaled)
✓ REP socket listening on port 5556
  Features enabled:
    Diversity bonus: True
    Multi-tournament: True
    Warmup acceleration: True

🔄 Resuming from checkpoint: evolution_warmup_complete.json
  Population metadata has 11 entries
  Found 11 model files in checkpoints/evolution_models
  Loaded 11/11 models from checkpoint
✓ Checkpoint loaded

Population Summary:
  Population size: 11
  Total evaluations: 50
  Improvements: 33
  Fitness - Best: 54.88, Mean: 8.55, Min: -16.02
  Avg speed: 0.250 m/s
  Avg clearance: 0.38 m

============================================================
Starting Single-Population Evolution Training
============================================================

Resuming from evaluation 50
Target evaluations: 1000 (need 950 more)
Population size: 10

Waiting for rover to connect...

→ Sent model #0 (random) to rover
→ Sent model #1 (random) to rover
→ Sent model #2 (random) to rover
→ Sent model #3 (mutation) to rover
→ Sent model #4 (mutation) to rover
→ Sent model #5 (random) to rover
→ Sent model #6 (mutation) to rover
→ Sent model #7 (mutation) to rover
→ Sent model #8 (mutation) to rover
→ Sent model #9 (mutation) to rover
