Traceback (most recent call last):
  File "/root/ros2-rover/remote_training_server/v620_map_elites_trainer.py", line 847, in run
    model_state, gen_type = self.generate_model_for_evaluation()
                            ^^^^^^^^^^^^^^^^^^^^^^^^^^^^^^^^^^^^
  File "/root/ros2-rover/remote_training_server/v620_map_elites_trainer.py", line 690, in generate_model_for_evaluation
    return self.generate_heuristic_model(policy_type), f'heuristic_{policy_type}'
           ^^^^^^^^^^^^^^^^^^^^^^^^^^^^^^^^^^^^^^^^^^
  File "/root/ros2-rover/remote_training_server/v620_map_elites_trainer.py", line 336, in generate_heuristic_model
    model.policy_head.fc_out.bias[0] = 0.2  # linear: slow
    ^^^^^^^^^^^^^^^^^^^^^^^^
  File "/root/rocm-train/lib/python3.12/site-packages/torch/nn/modules/module.py", line 1972, in __getattr__
    raise AttributeError(
AttributeError: 'PolicyHead' object has no attribute 'fc_out'
Traceback (most recent call last):
  File "/root/ros2-rover/remote_training_server/v620_map_elites_trainer.py", line 847, in run
    model_state, gen_type = self.generate_model_for_evaluation()
                            ^^^^^^^^^^^^^^^^^^^^^^^^^^^^^^^^^^^^
  File "/root/ros2-rover/remote_training_server/v620_map_elites_trainer.py", line 690, in generate_model_for_evaluation
    return self.generate_heuristic_model(policy_type), f'heuristic_{policy_type}'
           ^^^^^^^^^^^^^^^^^^^^^^^^^^^^^^^^^^^^^^^^^^
  File "/root/ros2-rover/remote_training_server/v620_map_elites_trainer.py", line 336, in generate_heuristic_model
    model.policy_head.fc_out.bias[0] = 0.2  # linear: slow
    ^^^^^^^^^^^^^^^^^^^^^^^^
  File "/root/rocm-train/lib/python3.12/site-packages/torch/nn/modules/module.py", line 1972, in __getattr__
    raise AttributeError(
AttributeError: 'PolicyHead' object has no attribute 'fc_out'
Traceback (most recent call last):
  File "/root/ros2-rover/remote_training_server/v620_map_elites_trainer.py", line 847, in run
    model_state, gen_type = self.generate_model_for_evaluation()
                            ^^^^^^^^^^^^^^^^^^^^^^^^^^^^^^^^^^^^
  File "/root/ros2-rover/remote_training_server/v620_map_elites_trainer.py", line 690, in generate_model_for_evaluation
    return self.generate_heuristic_model(policy_type), f'heuristic_{policy_type}'
           ^^^^^^^^^^^^^^^^^^^^^^^^^^^^^^^^^^^^^^^^^^
  File "/root/ros2-rover/remote_training_server/v620_map_elites_trainer.py", line 336, in generate_heuristic_model
    model.policy_head.fc_out.bias[0] = 0.2  # linear: slow
    ^^^^^^^^^^^^^^^^^^^^^^^^
  File "/root/rocm-train/lib/python3.12/site-packages/torch/nn/modules/module.py", line 1972, in __getattr__
    raise AttributeError(
AttributeError: 'PolicyHead' object has no attribute 'fc_out'
Traceback (most recent call last):
  File "/root/ros2-rover/remote_training_server/v620_map_elites_trainer.py", line 847, in run
    model_state, gen_type = self.generate_model_for_evaluation()
                            ^^^^^^^^^^^^^^^^^^^^^^^^^^^^^^^^^^^^
  File "/root/ros2-rover/remote_training_server/v620_map_elites_trainer.py", line 690, in generate_model_for_evaluation
    return self.generate_heuristic_model(policy_type), f'heuristic_{policy_type}'
           ^^^^^^^^^^^^^^^^^^^^^^^^^^^^^^^^^^^^^^^^^^
  File "/root/ros2-rover/remote_training_server/v620_map_elites_trainer.py", line 336, in generate_heuristic_model
    model.policy_head.fc_out.bias[0] = 0.2  # linear: slow
    ^^^^^^^^^^^^^^^^^^^^^^^^
  File "/root/rocm-train/lib/python3.12/site-packages/torch/nn/modules/module.py", line 1972, in __getattr__
    raise AttributeError(
AttributeError: 'PolicyHead' object has no attribute 'fc_out'
