✓ GPU: AMD Radeon PRO V620
  CUDA version: None

✓ MAP-Elites trainer initialized on cuda
✓ REP socket listening on port 5556
============================================================
Starting MAP-Elites Training
============================================================

Target evaluations: 1000
Archive dimensions: 4 × 4

Waiting for rover to connect...

→ Sent model #0 (random) to rover
  → Requesting trajectory data for refinement...
← Eval 1/1000 | Model #0 (random) | Fitness: 0.00 | Speed: 0.000 m/s | Clear: 0.43 m | ✓ ADDED
← Received trajectory data for model #0 (600 samples)
  Refining model #0 (cell (0, 0)) with gradient descent...
Traceback (most recent call last):
  File "/root/ros2-rover/remote_training_server/v620_map_elites_trainer.py", line 485, in run
    refined_model_state = self.refine_model_with_gradients(
                          ^^^^^^^^^^^^^^^^^^^^^^^^^^^^^^^^^
  File "/root/ros2-rover/remote_training_server/v620_map_elites_trainer.py", line 294, in refine_model_with_gradients
    pred_actions = model(rgb_batch, depth_batch, proprio_batch)
                   ^^^^^^^^^^^^^^^^^^^^^^^^^^^^^^^^^^^^^^^^^^^^
  File "/root/rocm-train/lib/python3.12/site-packages/torch/nn/modules/module.py", line 1783, in _wrapped_call_impl
    return self._call_impl(*args, **kwargs)
           ^^^^^^^^^^^^^^^^^^^^^^^^^^^^^^^^
  File "/root/rocm-train/lib/python3.12/site-packages/torch/nn/modules/module.py", line 1794, in _call_impl
    return forward_call(*args, **kwargs)
           ^^^^^^^^^^^^^^^^^^^^^^^^^^^^^
  File "/root/ros2-rover/remote_training_server/v620_map_elites_trainer.py", line 43, in forward
    features = self.encoder(rgb, depth)
               ^^^^^^^^^^^^^^^^^^^^^^^^
  File "/root/rocm-train/lib/python3.12/site-packages/torch/nn/modules/module.py", line 1783, in _wrapped_call_impl
    return self._call_impl(*args, **kwargs)
           ^^^^^^^^^^^^^^^^^^^^^^^^^^^^^^^^
  File "/root/rocm-train/lib/python3.12/site-packages/torch/nn/modules/module.py", line 1794, in _call_impl
    return forward_call(*args, **kwargs)
           ^^^^^^^^^^^^^^^^^^^^^^^^^^^^^
  File "/root/ros2-rover/remote_training_server/model_architectures.py", line 55, in forward
    rgb_feat = self.rgb_conv(rgb)
               ^^^^^^^^^^^^^^^^^^
  File "/root/rocm-train/lib/python3.12/site-packages/torch/nn/modules/module.py", line 1783, in _wrapped_call_impl
    return self._call_impl(*args, **kwargs)
           ^^^^^^^^^^^^^^^^^^^^^^^^^^^^^^^^
  File "/root/rocm-train/lib/python3.12/site-packages/torch/nn/modules/module.py", line 1794, in _call_impl
    return forward_call(*args, **kwargs)
           ^^^^^^^^^^^^^^^^^^^^^^^^^^^^^
  File "/root/rocm-train/lib/python3.12/site-packages/torch/nn/modules/container.py", line 251, in forward
    input = module(input)
            ^^^^^^^^^^^^^
  File "/root/rocm-train/lib/python3.12/site-packages/torch/nn/modules/module.py", line 1783, in _wrapped_call_impl
    return self._call_impl(*args, **kwargs)
           ^^^^^^^^^^^^^^^^^^^^^^^^^^^^^^^^
  File "/root/rocm-train/lib/python3.12/site-packages/torch/nn/modules/module.py", line 1794, in _call_impl
    return forward_call(*args, **kwargs)
           ^^^^^^^^^^^^^^^^^^^^^^^^^^^^^
  File "/root/rocm-train/lib/python3.12/site-packages/torch/nn/modules/conv.py", line 550, in forward
    return self._conv_forward(input, self.weight, self.bias)
           ^^^^^^^^^^^^^^^^^^^^^^^^^^^^^^^^^^^^^^^^^^^^^^^^^
  File "/root/rocm-train/lib/python3.12/site-packages/torch/nn/modules/conv.py", line 545, in _conv_forward
    return F.conv2d(
           ^^^^^^^^^
RuntimeError: Given groups=1, weight of size [32, 3, 5, 5], expected input[32, 240, 424, 3] to have 3 channels, but got 240 channels instead
