✓ GPU: AMD Radeon PRO V620
  CUDA version: None

✓ MAP-Elites trainer initialized on cuda
✓ REP socket listening on port 5556
============================================================
Starting MAP-Elites Training
============================================================

Target evaluations: 1000
Archive dimensions: 4 × 4

Waiting for rover to connect...

→ Sent model #0 (random) to rover
→ Sent model #1 (random) to rover
→ Sent model #2 (random) to rover
→ Sent model #3 (random) to rover
→ Sent model #4 (random) to rover
→ Sent model #5 (random) to rover
← Eval 1/1000 | Model #5 (random) | Fitness: 0.03 | Speed: 0.036 m/s | Clear: 0.38 m | ✓ ADDED
→ Sent model #6 (random) to rover
← Eval 2/1000 | Model #6 (random) | Fitness: 0.04 | Speed: 0.087 m/s | Clear: 0.37 m | ✓ ADDED
→ Sent model #7 (random) to rover
← Eval 3/1000 | Model #7 (random) | Fitness: 0.01 | Speed: 0.000 m/s | Clear: 0.22 m | rejected
→ Sent model #8 (random) to rover
← Eval 4/1000 | Model #8 (random) | Fitness: 0.00 | Speed: 0.000 m/s | Clear: 0.39 m | rejected
→ Sent model #9 (random) to rover
← Eval 5/1000 | Model #9 (random) | Fitness: 0.02 | Speed: 0.088 m/s | Clear: 0.40 m | rejected
→ Sent model #10 (random) to rover
