Initializing V620 PPO Trainer...
ROCm GPU detected: AMD Radeon PRO V620
Training server listening on port 5555
Episode finished | Reward: -295.72 | Avg (100): -295.72 | Total steps: 563
Episode finished | Reward: -5.55 | Avg (100): -150.63 | Total steps: 564
Episode finished | Reward: -5.27 | Avg (100): -102.18 | Total steps: 565
Episode finished | Reward: -40.70 | Avg (100): -86.81 | Total steps: 577
Episode finished | Reward: -19.91 | Avg (100): -73.43 | Total steps: 589
Episode finished | Reward: 8.50 | Avg (100): -59.77 | Total steps: 875
Episode finished | Reward: -2.08 | Avg (100): -51.53 | Total steps: 876
Episode finished | Reward: -4.09 | Avg (100): -45.60 | Total steps: 877
DEBUG: Step 1000, Buffer size: 1000, Minibatch size: 256
Episode finished | Reward: 240.71 | Avg (100): -13.79 | Total steps: 1349
Episode finished | Reward: -5.77 | Avg (100): -12.99 | Total steps: 1350
Episode finished | Reward: -104.33 | Avg (100): -21.29 | Total steps: 1433
Episode finished | Reward: -3.25 | Avg (100): -19.79 | Total steps: 1434
Episode finished | Reward: -38.12 | Avg (100): -21.20 | Total steps: 1461
Episode finished | Reward: -5.32 | Avg (100): -20.06 | Total steps: 1462
Episode finished | Reward: -5.07 | Avg (100): -19.06 | Total steps: 1463
Episode finished | Reward: -5.01 | Avg (100): -18.19 | Total steps: 1464
Episode finished | Reward: -5.39 | Avg (100): -17.43 | Total steps: 1465
Episode finished | Reward: -5.60 | Avg (100): -16.78 | Total steps: 1466
Episode finished | Reward: -7.26 | Avg (100): -16.27 | Total steps: 1467
Episode finished | Reward: -6.46 | Avg (100): -15.78 | Total steps: 1468
DEBUG: Step 2000, Buffer size: 2000, Minibatch size: 256
Episode finished | Reward: -117.65 | Avg (100): -20.63 | Total steps: 2069
Episode finished | Reward: 412.06 | Avg (100): -0.97 | Total steps: 2550
Episode finished | Reward: -7.12 | Avg (100): -1.23 | Total steps: 2552
DEBUG: Step 3000, Buffer size: 3000, Minibatch size: 256
Episode finished | Reward: -2.74 | Avg (100): -1.30 | Total steps: 3142
Episode finished | Reward: -6.49 | Avg (100): -1.50 | Total steps: 3143
Episode finished | Reward: -5.27 | Avg (100): -1.65 | Total steps: 3144
Episode finished | Reward: -5.31 | Avg (100): -1.78 | Total steps: 3145
Episode finished | Reward: -5.45 | Avg (100): -1.92 | Total steps: 3146
Episode finished | Reward: -6.28 | Avg (100): -2.07 | Total steps: 3147
Episode finished | Reward: -7.33 | Avg (100): -2.24 | Total steps: 3148
Episode finished | Reward: 10.41 | Avg (100): -1.83 | Total steps: 3749
DEBUG: Step 4000, Buffer size: 4000, Minibatch size: 256
Episode finished | Reward: 174.59 | Avg (100): 3.68 | Total steps: 4350
Episode finished | Reward: -191.28 | Avg (100): -2.23 | Total steps: 4450
Episode finished | Reward: -5.01 | Avg (100): -2.31 | Total steps: 4451
Episode finished | Reward: -5.01 | Avg (100): -2.39 | Total steps: 4452
Episode finished | Reward: -5.01 | Avg (100): -2.46 | Total steps: 4453
Episode finished | Reward: -5.01 | Avg (100): -2.53 | Total steps: 4454
Episode finished | Reward: -5.01 | Avg (100): -2.59 | Total steps: 4455
Episode finished | Reward: -5.01 | Avg (100): -2.66 | Total steps: 4456
Episode finished | Reward: -5.01 | Avg (100): -2.72 | Total steps: 4457
Episode finished | Reward: -5.01 | Avg (100): -2.77 | Total steps: 4458
Episode finished | Reward: -5.01 | Avg (100): -2.82 | Total steps: 4459
Episode finished | Reward: -5.39 | Avg (100): -2.88 | Total steps: 4460
DEBUG: Step 5000, Buffer size: 5000, Minibatch size: 256
Episode finished | Reward: -3872.15 | Avg (100): -90.82 | Total steps: 5061
Episode finished | Reward: -3730.21 | Avg (100): -171.70 | Total steps: 5662
DEBUG: Step 6000, Buffer size: 6000, Minibatch size: 256
Episode finished | Reward: 206.24 | Avg (100): -163.48 | Total steps: 6262
Episode finished | Reward: -39.73 | Avg (100): -160.85 | Total steps: 6863
DEBUG: Step 7000, Buffer size: 7000, Minibatch size: 256
Episode finished | Reward: 164.89 | Avg (100): -154.06 | Total steps: 7464
DEBUG: Step 8000, Buffer size: 8000, Minibatch size: 256
Episode finished | Reward: -233.87 | Avg (100): -155.69 | Total steps: 8021
Episode finished | Reward: -19.62 | Avg (100): -152.97 | Total steps: 8180
Episode finished | Reward: -5.97 | Avg (100): -150.09 | Total steps: 8181
Episode finished | Reward: -5.62 | Avg (100): -147.31 | Total steps: 8182
