[1.557s] Invoking command in '/home/ubuntu/ros2-rover/src/tractor_bringup': PYTHONPATH=/home/ubuntu/ros2-rover/build/tractor_bringup/prefix_override:/usr/lib/python3/dist-packages/colcon_core/task/python/colcon_distutils_commands:/home/ubuntu/ros2-rover/install/tractor_bringup/lib/python3.12/site-packages:${PYTHONPATH} /usr/bin/python3 -W ignore:setup.py install is deprecated -W ignore:easy_install command is deprecated setup.py egg_info --egg-base ../../build/tractor_bringup build --build-base /home/ubuntu/ros2-rover/build/tractor_bringup/build install --record /home/ubuntu/ros2-rover/build/tractor_bringup/install.log --single-version-externally-managed install_data
[1.990s] running egg_info
[2.023s] writing ../../build/tractor_bringup/tractor_bringup.egg-info/PKG-INFO
[2.024s] writing dependency_links to ../../build/tractor_bringup/tractor_bringup.egg-info/dependency_links.txt
[2.025s] writing entry points to ../../build/tractor_bringup/tractor_bringup.egg-info/entry_points.txt
[2.025s] writing requirements to ../../build/tractor_bringup/tractor_bringup.egg-info/requires.txt
[2.026s] writing top-level names to ../../build/tractor_bringup/tractor_bringup.egg-info/top_level.txt
[2.093s] reading manifest file '../../build/tractor_bringup/tractor_bringup.egg-info/SOURCES.txt'
[2.095s] writing manifest file '../../build/tractor_bringup/tractor_bringup.egg-info/SOURCES.txt'
[2.096s] running build
[2.097s] running build_py
[2.097s] running install
[2.107s] running install_lib
[2.143s] running install_data
[2.144s] copying config/direct_costmap_params.yaml -> /home/ubuntu/ros2-rover/install/tractor_bringup/share/tractor_bringup/config
[2.144s] running install_egg_info
[2.182s] removing '/home/ubuntu/ros2-rover/install/tractor_bringup/lib/python3.12/site-packages/tractor_bringup-0.0.0-py3.12.egg-info' (and everything under it)
[2.183s] Copying ../../build/tractor_bringup/tractor_bringup.egg-info to /home/ubuntu/ros2-rover/install/tractor_bringup/lib/python3.12/site-packages/tractor_bringup-0.0.0-py3.12.egg-info
[2.184s] running install_scripts
[2.423s] Installing autonomous_mapping.py script to /home/ubuntu/ros2-rover/install/tractor_bringup/lib/tractor_bringup
[2.424s] Installing safety_monitor.py script to /home/ubuntu/ros2-rover/install/tractor_bringup/lib/tractor_bringup
[2.424s] writing list of installed files to '/home/ubuntu/ros2-rover/build/tractor_bringup/install.log'
[2.544s] Invoked command in '/home/ubuntu/ros2-rover/src/tractor_bringup' returned '0': PYTHONPATH=/home/ubuntu/ros2-rover/build/tractor_bringup/prefix_override:/usr/lib/python3/dist-packages/colcon_core/task/python/colcon_distutils_commands:/home/ubuntu/ros2-rover/install/tractor_bringup/lib/python3.12/site-packages:${PYTHONPATH} /usr/bin/python3 -W ignore:setup.py install is deprecated -W ignore:easy_install command is deprecated setup.py egg_info --egg-base ../../build/tractor_bringup build --build-base /home/ubuntu/ros2-rover/build/tractor_bringup/build install --record /home/ubuntu/ros2-rover/build/tractor_bringup/install.log --single-version-externally-managed install_data
