[4.531s] Invoking command in '/home/ubuntu/ros2-rover/src/tractor_vision': PYTHONPATH=/home/ubuntu/ros2-rover/build/tractor_vision/prefix_override:/usr/lib/python3/dist-packages/colcon_core/task/python/colcon_distutils_commands:/home/ubuntu/ros2-rover/install/tractor_vision/lib/python3.12/site-packages:${PYTHONPATH} /usr/bin/python3 -W ignore:setup.py install is deprecated -W ignore:easy_install command is deprecated setup.py egg_info --egg-base ../../build/tractor_vision build --build-base /home/ubuntu/ros2-rover/build/tractor_vision/build install --record /home/ubuntu/ros2-rover/build/tractor_vision/install.log --single-version-externally-managed install_data
[4.967s] running egg_info
[5.004s] writing ../../build/tractor_vision/tractor_vision.egg-info/PKG-INFO
[5.005s] writing dependency_links to ../../build/tractor_vision/tractor_vision.egg-info/dependency_links.txt
[5.005s] writing entry points to ../../build/tractor_vision/tractor_vision.egg-info/entry_points.txt
[5.006s] writing requirements to ../../build/tractor_vision/tractor_vision.egg-info/requires.txt
[5.006s] writing top-level names to ../../build/tractor_vision/tractor_vision.egg-info/top_level.txt
[5.073s] reading manifest file '../../build/tractor_vision/tractor_vision.egg-info/SOURCES.txt'
[5.074s] writing manifest file '../../build/tractor_vision/tractor_vision.egg-info/SOURCES.txt'
[5.075s] running build
[5.075s] running build_py
[5.076s] running install
[5.085s] running install_lib
[5.117s] running install_data
[5.117s] running install_egg_info
[5.151s] removing '/home/ubuntu/ros2-rover/install/tractor_vision/lib/python3.12/site-packages/tractor_vision-0.0.0-py3.12.egg-info' (and everything under it)
[5.153s] Copying ../../build/tractor_vision/tractor_vision.egg-info to /home/ubuntu/ros2-rover/install/tractor_vision/lib/python3.12/site-packages/tractor_vision-0.0.0-py3.12.egg-info
[5.153s] running install_scripts
[5.366s] Installing obstacle_detector script to /home/ubuntu/ros2-rover/install/tractor_vision/lib/tractor_vision
[5.368s] Installing realsense_processor script to /home/ubuntu/ros2-rover/install/tractor_vision/lib/tractor_vision
[5.368s] writing list of installed files to '/home/ubuntu/ros2-rover/build/tractor_vision/install.log'
[5.450s] Invoked command in '/home/ubuntu/ros2-rover/src/tractor_vision' returned '0': PYTHONPATH=/home/ubuntu/ros2-rover/build/tractor_vision/prefix_override:/usr/lib/python3/dist-packages/colcon_core/task/python/colcon_distutils_commands:/home/ubuntu/ros2-rover/install/tractor_vision/lib/python3.12/site-packages:${PYTHONPATH} /usr/bin/python3 -W ignore:setup.py install is deprecated -W ignore:easy_install command is deprecated setup.py egg_info --egg-base ../../build/tractor_vision build --build-base /home/ubuntu/ros2-rover/build/tractor_vision/build install --record /home/ubuntu/ros2-rover/build/tractor_vision/install.log --single-version-externally-managed install_data
