[4.646s] Invoking command in '/home/ubuntu/ros2-rover/src/tractor_implements': PYTHONPATH=/home/ubuntu/ros2-rover/build/tractor_implements/prefix_override:/usr/lib/python3/dist-packages/colcon_core/task/python/colcon_distutils_commands:/home/ubuntu/ros2-rover/install/tractor_implements/lib/python3.12/site-packages:${PYTHONPATH} /usr/bin/python3 -W ignore:setup.py install is deprecated -W ignore:easy_install command is deprecated setup.py egg_info --egg-base ../../build/tractor_implements build --build-base /home/ubuntu/ros2-rover/build/tractor_implements/build install --record /home/ubuntu/ros2-rover/build/tractor_implements/install.log --single-version-externally-managed install_data
[5.579s] running egg_info
[5.610s] writing ../../build/tractor_implements/tractor_implements.egg-info/PKG-INFO
[5.610s] writing dependency_links to ../../build/tractor_implements/tractor_implements.egg-info/dependency_links.txt
[5.611s] writing entry points to ../../build/tractor_implements/tractor_implements.egg-info/entry_points.txt
[5.611s] writing requirements to ../../build/tractor_implements/tractor_implements.egg-info/requires.txt
[5.612s] writing top-level names to ../../build/tractor_implements/tractor_implements.egg-info/top_level.txt
[5.674s] reading manifest file '../../build/tractor_implements/tractor_implements.egg-info/SOURCES.txt'
[5.676s] writing manifest file '../../build/tractor_implements/tractor_implements.egg-info/SOURCES.txt'
[5.676s] running build
[5.677s] running build_py
[5.677s] running install
[5.686s] running install_lib
[5.725s] running install_data
[5.725s] running install_egg_info
[5.755s] removing '/home/ubuntu/ros2-rover/install/tractor_implements/lib/python3.12/site-packages/tractor_implements-0.0.0-py3.12.egg-info' (and everything under it)
[5.756s] Copying ../../build/tractor_implements/tractor_implements.egg-info to /home/ubuntu/ros2-rover/install/tractor_implements/lib/python3.12/site-packages/tractor_implements-0.0.0-py3.12.egg-info
[5.756s] running install_scripts
[5.978s] Installing mower_controller script to /home/ubuntu/ros2-rover/install/tractor_implements/lib/tractor_implements
[5.979s] Installing sprayer_controller script to /home/ubuntu/ros2-rover/install/tractor_implements/lib/tractor_implements
[5.979s] writing list of installed files to '/home/ubuntu/ros2-rover/build/tractor_implements/install.log'
[6.110s] Invoked command in '/home/ubuntu/ros2-rover/src/tractor_implements' returned '0': PYTHONPATH=/home/ubuntu/ros2-rover/build/tractor_implements/prefix_override:/usr/lib/python3/dist-packages/colcon_core/task/python/colcon_distutils_commands:/home/ubuntu/ros2-rover/install/tractor_implements/lib/python3.12/site-packages:${PYTHONPATH} /usr/bin/python3 -W ignore:setup.py install is deprecated -W ignore:easy_install command is deprecated setup.py egg_info --egg-base ../../build/tractor_implements build --build-base /home/ubuntu/ros2-rover/build/tractor_implements/build install --record /home/ubuntu/ros2-rover/build/tractor_implements/install.log --single-version-externally-managed install_data
