[4.527s] Invoking command in '/home/ubuntu/ros2-rover/build/tractor_bringup': PYTHONPATH=/home/ubuntu/ros2-rover/build/tractor_bringup/prefix_override:/usr/lib/python3/dist-packages/colcon_core/task/python/colcon_distutils_commands:/home/ubuntu/ros2-rover/install/tractor_bringup/lib/python3.12/site-packages:${PYTHONPATH} /usr/bin/python3 -W ignore:setup.py install is deprecated -W ignore:easy_install command is deprecated setup.py develop --editable --build-directory /home/ubuntu/ros2-rover/build/tractor_bringup/build --no-deps symlink_data --force
[5.826s] running develop
[6.166s] running egg_info
[6.206s] writing tractor_bringup.egg-info/PKG-INFO
[6.207s] writing dependency_links to tractor_bringup.egg-info/dependency_links.txt
[6.207s] writing entry points to tractor_bringup.egg-info/entry_points.txt
[6.208s] writing requirements to tractor_bringup.egg-info/requires.txt
[6.208s] writing top-level names to tractor_bringup.egg-info/top_level.txt
[6.284s] reading manifest file 'tractor_bringup.egg-info/SOURCES.txt'
[6.285s] writing manifest file 'tractor_bringup.egg-info/SOURCES.txt'
[6.326s] running build_ext
[6.327s] Creating /home/ubuntu/ros2-rover/install/tractor_bringup/lib/python3.12/site-packages/tractor-bringup.egg-link (link to .)
[6.328s] Installing autonomous_mapping.py script to /home/ubuntu/ros2-rover/install/tractor_bringup/lib/tractor_bringup
[6.328s] Installing safety_monitor.py script to /home/ubuntu/ros2-rover/install/tractor_bringup/lib/tractor_bringup
[6.329s] 
[6.330s] Installed /home/ubuntu/ros2-rover/build/tractor_bringup
[6.332s] running symlink_data
[6.333s] symbolically linking /home/ubuntu/ros2-rover/build/tractor_bringup/resource/tractor_bringup -> /home/ubuntu/ros2-rover/install/tractor_bringup/share/ament_index/resource_index/packages
[6.334s] symbolically linking /home/ubuntu/ros2-rover/build/tractor_bringup/package.xml -> /home/ubuntu/ros2-rover/install/tractor_bringup/share/tractor_bringup
[6.335s] symbolically linking /home/ubuntu/ros2-rover/build/tractor_bringup/launch/robot_description.launch.py -> /home/ubuntu/ros2-rover/install/tractor_bringup/share/tractor_bringup/launch
[6.337s] symbolically linking /home/ubuntu/ros2-rover/build/tractor_bringup/launch/autonomous_mapping_minimal.launch.py -> /home/ubuntu/ros2-rover/install/tractor_bringup/share/tractor_bringup/launch
[6.337s] symbolically linking /home/ubuntu/ros2-rover/build/tractor_bringup/urdf/tractor.urdf.xacro -> /home/ubuntu/ros2-rover/install/tractor_bringup/share/tractor_bringup/urdf
[6.338s] symbolically linking /home/ubuntu/ros2-rover/build/tractor_bringup/config/realsense_config.yaml -> /home/ubuntu/ros2-rover/install/tractor_bringup/share/tractor_bringup/config
[6.339s] symbolically linking /home/ubuntu/ros2-rover/build/tractor_bringup/config/nav2_params.yaml -> /home/ubuntu/ros2-rover/install/tractor_bringup/share/tractor_bringup/config
[6.339s] symbolically linking /home/ubuntu/ros2-rover/build/tractor_bringup/config/slam_toolbox_params.yaml -> /home/ubuntu/ros2-rover/install/tractor_bringup/share/tractor_bringup/config
[6.340s] symbolically linking /home/ubuntu/ros2-rover/build/tractor_bringup/config/pointcloud_to_laserscan.yaml -> /home/ubuntu/ros2-rover/install/tractor_bringup/share/tractor_bringup/config
[6.341s] symbolically linking /home/ubuntu/ros2-rover/build/tractor_bringup/config/hiwonder_motor_params.yaml -> /home/ubuntu/ros2-rover/install/tractor_bringup/share/tractor_bringup/config
[6.344s] symbolically linking /home/ubuntu/ros2-rover/build/tractor_bringup/maps/yard_map.yaml -> /home/ubuntu/ros2-rover/install/tractor_bringup/share/tractor_bringup/maps
[6.345s] symbolically linking /home/ubuntu/ros2-rover/build/tractor_bringup/maps/yard_map.pgm -> /home/ubuntu/ros2-rover/install/tractor_bringup/share/tractor_bringup/maps
[6.408s] Invoked command in '/home/ubuntu/ros2-rover/build/tractor_bringup' returned '0': PYTHONPATH=/home/ubuntu/ros2-rover/build/tractor_bringup/prefix_override:/usr/lib/python3/dist-packages/colcon_core/task/python/colcon_distutils_commands:/home/ubuntu/ros2-rover/install/tractor_bringup/lib/python3.12/site-packages:${PYTHONPATH} /usr/bin/python3 -W ignore:setup.py install is deprecated -W ignore:easy_install command is deprecated setup.py develop --editable --build-directory /home/ubuntu/ros2-rover/build/tractor_bringup/build --no-deps symlink_data --force
