running egg_info
writing ../../build/tractor_coverage/tractor_coverage.egg-info/PKG-INFO
writing dependency_links to ../../build/tractor_coverage/tractor_coverage.egg-info/dependency_links.txt
writing entry points to ../../build/tractor_coverage/tractor_coverage.egg-info/entry_points.txt
writing requirements to ../../build/tractor_coverage/tractor_coverage.egg-info/requires.txt
writing top-level names to ../../build/tractor_coverage/tractor_coverage.egg-info/top_level.txt
reading manifest file '../../build/tractor_coverage/tractor_coverage.egg-info/SOURCES.txt'
writing manifest file '../../build/tractor_coverage/tractor_coverage.egg-info/SOURCES.txt'
running build
running build_py
running install
running install_lib
running install_data
running install_egg_info
removing '/home/ubuntu/ros2-rover/install/tractor_coverage/lib/python3.12/site-packages/tractor_coverage-0.0.0-py3.12.egg-info' (and everything under it)
Copying ../../build/tractor_coverage/tractor_coverage.egg-info to /home/ubuntu/ros2-rover/install/tractor_coverage/lib/python3.12/site-packages/tractor_coverage-0.0.0-py3.12.egg-info
running install_scripts
Installing coverage_action_server script to /home/ubuntu/ros2-rover/install/tractor_coverage/lib/tractor_coverage
Installing coverage_client script to /home/ubuntu/ros2-rover/install/tractor_coverage/lib/tractor_coverage
Installing coverage_visualizer script to /home/ubuntu/ros2-rover/install/tractor_coverage/lib/tractor_coverage
writing list of installed files to '/home/ubuntu/ros2-rover/build/tractor_coverage/install.log'
