[4.357s] Invoking command in '/home/ubuntu/ros2-rover/build/tractor_implements': PYTHONPATH=/home/ubuntu/ros2-rover/build/tractor_implements/prefix_override:/usr/lib/python3/dist-packages/colcon_core/task/python/colcon_distutils_commands:/home/ubuntu/ros2-rover/install/tractor_implements/lib/python3.12/site-packages:${PYTHONPATH} /usr/bin/python3 -W ignore:setup.py install is deprecated -W ignore:easy_install command is deprecated setup.py develop --editable --build-directory /home/ubuntu/ros2-rover/build/tractor_implements/build --no-deps symlink_data --force
[4.987s] running develop
[5.316s] running egg_info
[5.350s] writing tractor_implements.egg-info/PKG-INFO
[5.351s] writing dependency_links to tractor_implements.egg-info/dependency_links.txt
[5.352s] writing entry points to tractor_implements.egg-info/entry_points.txt
[5.352s] writing requirements to tractor_implements.egg-info/requires.txt
[5.353s] writing top-level names to tractor_implements.egg-info/top_level.txt
[5.422s] reading manifest file 'tractor_implements.egg-info/SOURCES.txt'
[5.426s] writing manifest file 'tractor_implements.egg-info/SOURCES.txt'
[5.472s] running build_ext
[5.474s] Creating /home/ubuntu/ros2-rover/install/tractor_implements/lib/python3.12/site-packages/tractor-implements.egg-link (link to .)
[5.475s] Installing mower_controller script to /home/ubuntu/ros2-rover/install/tractor_implements/lib/tractor_implements
[5.476s] Installing sprayer_controller script to /home/ubuntu/ros2-rover/install/tractor_implements/lib/tractor_implements
[5.478s] 
[5.479s] Installed /home/ubuntu/ros2-rover/build/tractor_implements
[5.481s] running symlink_data
[5.482s] symbolically linking /home/ubuntu/ros2-rover/build/tractor_implements/resource/tractor_implements -> /home/ubuntu/ros2-rover/install/tractor_implements/share/ament_index/resource_index/packages
[5.483s] symbolically linking /home/ubuntu/ros2-rover/build/tractor_implements/package.xml -> /home/ubuntu/ros2-rover/install/tractor_implements/share/tractor_implements
[5.699s] Invoked command in '/home/ubuntu/ros2-rover/build/tractor_implements' returned '0': PYTHONPATH=/home/ubuntu/ros2-rover/build/tractor_implements/prefix_override:/usr/lib/python3/dist-packages/colcon_core/task/python/colcon_distutils_commands:/home/ubuntu/ros2-rover/install/tractor_implements/lib/python3.12/site-packages:${PYTHONPATH} /usr/bin/python3 -W ignore:setup.py install is deprecated -W ignore:easy_install command is deprecated setup.py develop --editable --build-directory /home/ubuntu/ros2-rover/build/tractor_implements/build --no-deps symlink_data --force
