running egg_info
writing ../../build/tractor_vision/tractor_vision.egg-info/PKG-INFO
writing dependency_links to ../../build/tractor_vision/tractor_vision.egg-info/dependency_links.txt
writing entry points to ../../build/tractor_vision/tractor_vision.egg-info/entry_points.txt
writing requirements to ../../build/tractor_vision/tractor_vision.egg-info/requires.txt
writing top-level names to ../../build/tractor_vision/tractor_vision.egg-info/top_level.txt
reading manifest file '../../build/tractor_vision/tractor_vision.egg-info/SOURCES.txt'
writing manifest file '../../build/tractor_vision/tractor_vision.egg-info/SOURCES.txt'
running build
running build_py
running install
running install_lib
running install_data
running install_egg_info
removing '/home/ubuntu/ros2-rover/install/tractor_vision/lib/python3.12/site-packages/tractor_vision-0.0.0-py3.12.egg-info' (and everything under it)
Copying ../../build/tractor_vision/tractor_vision.egg-info to /home/ubuntu/ros2-rover/install/tractor_vision/lib/python3.12/site-packages/tractor_vision-0.0.0-py3.12.egg-info
running install_scripts
Installing obstacle_detector script to /home/ubuntu/ros2-rover/install/tractor_vision/lib/tractor_vision
Installing realsense_processor script to /home/ubuntu/ros2-rover/install/tractor_vision/lib/tractor_vision
writing list of installed files to '/home/ubuntu/ros2-rover/build/tractor_vision/install.log'
