/home/ubuntu/ros2-rover/install/tractor_control/lib/python3.12/site-packages/tractor_control/hiwonder_motor_driver.py
/home/ubuntu/ros2-rover/install/tractor_control/lib/python3.12/site-packages/tractor_control/xbox_controller_teleop.py
/home/ubuntu/ros2-rover/install/tractor_control/lib/python3.12/site-packages/tractor_control/velocity_feedback_controller.py
/home/ubuntu/ros2-rover/install/tractor_control/lib/python3.12/site-packages/tractor_control/__init__.py
/home/ubuntu/ros2-rover/install/tractor_control/lib/python3.12/site-packages/tractor_control/__pycache__/hiwonder_motor_driver.cpython-312.pyc
/home/ubuntu/ros2-rover/install/tractor_control/lib/python3.12/site-packages/tractor_control/__pycache__/xbox_controller_teleop.cpython-312.pyc
/home/ubuntu/ros2-rover/install/tractor_control/lib/python3.12/site-packages/tractor_control/__pycache__/velocity_feedback_controller.cpython-312.pyc
/home/ubuntu/ros2-rover/install/tractor_control/lib/python3.12/site-packages/tractor_control/__pycache__/__init__.cpython-312.pyc
/home/ubuntu/ros2-rover/install/tractor_control/share/ament_index/resource_index/packages/tractor_control
/home/ubuntu/ros2-rover/install/tractor_control/share/tractor_control/package.xml
/home/ubuntu/ros2-rover/install/tractor_control/lib/python3.12/site-packages/tractor_control-0.0.0-py3.12.egg-info/SOURCES.txt
/home/ubuntu/ros2-rover/install/tractor_control/lib/python3.12/site-packages/tractor_control-0.0.0-py3.12.egg-info/entry_points.txt
/home/ubuntu/ros2-rover/install/tractor_control/lib/python3.12/site-packages/tractor_control-0.0.0-py3.12.egg-info/requires.txt
/home/ubuntu/ros2-rover/install/tractor_control/lib/python3.12/site-packages/tractor_control-0.0.0-py3.12.egg-info/dependency_links.txt
/home/ubuntu/ros2-rover/install/tractor_control/lib/python3.12/site-packages/tractor_control-0.0.0-py3.12.egg-info/zip-safe
/home/ubuntu/ros2-rover/install/tractor_control/lib/python3.12/site-packages/tractor_control-0.0.0-py3.12.egg-info/PKG-INFO
/home/ubuntu/ros2-rover/install/tractor_control/lib/python3.12/site-packages/tractor_control-0.0.0-py3.12.egg-info/top_level.txt
/home/ubuntu/ros2-rover/install/tractor_control/lib/tractor_control/hiwonder_motor_driver
/home/ubuntu/ros2-rover/install/tractor_control/lib/tractor_control/velocity_feedback_controller
/home/ubuntu/ros2-rover/install/tractor_control/lib/tractor_control/xbox_controller_teleop
