[4.150s] Invoking command in '/home/ubuntu/ros2-rover/build/tractor_bringup': PYTHONPATH=/home/ubuntu/ros2-rover/build/tractor_bringup/prefix_override:/usr/lib/python3/dist-packages/colcon_core/task/python/colcon_distutils_commands:/home/ubuntu/ros2-rover/install/tractor_bringup/lib/python3.12/site-packages:${PYTHONPATH} /usr/bin/python3 -W ignore:setup.py install is deprecated -W ignore:easy_install command is deprecated setup.py develop --editable --build-directory /home/ubuntu/ros2-rover/build/tractor_bringup/build --no-deps symlink_data --force
[4.905s] running develop
[5.236s] running egg_info
[5.268s] writing tractor_bringup.egg-info/PKG-INFO
[5.270s] writing dependency_links to tractor_bringup.egg-info/dependency_links.txt
[5.270s] writing entry points to tractor_bringup.egg-info/entry_points.txt
[5.271s] writing requirements to tractor_bringup.egg-info/requires.txt
[5.272s] writing top-level names to tractor_bringup.egg-info/top_level.txt
[5.334s] reading manifest file 'tractor_bringup.egg-info/SOURCES.txt'
[5.335s] writing manifest file 'tractor_bringup.egg-info/SOURCES.txt'
[5.370s] running build_ext
[5.370s] Creating /home/ubuntu/ros2-rover/install/tractor_bringup/lib/python3.12/site-packages/tractor-bringup.egg-link (link to .)
[5.373s] Installing autonomous_mapping.py script to /home/ubuntu/ros2-rover/install/tractor_bringup/lib/tractor_bringup
[5.374s] Installing safety_monitor.py script to /home/ubuntu/ros2-rover/install/tractor_bringup/lib/tractor_bringup
[5.374s] 
[5.375s] Installed /home/ubuntu/ros2-rover/build/tractor_bringup
[5.376s] running symlink_data
[5.376s] symbolically linking /home/ubuntu/ros2-rover/build/tractor_bringup/resource/tractor_bringup -> /home/ubuntu/ros2-rover/install/tractor_bringup/share/ament_index/resource_index/packages
[5.377s] symbolically linking /home/ubuntu/ros2-rover/build/tractor_bringup/package.xml -> /home/ubuntu/ros2-rover/install/tractor_bringup/share/tractor_bringup
[5.378s] symbolically linking /home/ubuntu/ros2-rover/build/tractor_bringup/launch/control.launch.py -> /home/ubuntu/ros2-rover/install/tractor_bringup/share/tractor_bringup/launch
[5.378s] symbolically linking /home/ubuntu/ros2-rover/build/tractor_bringup/launch/implements.launch.py -> /home/ubuntu/ros2-rover/install/tractor_bringup/share/tractor_bringup/launch
[5.379s] symbolically linking /home/ubuntu/ros2-rover/build/tractor_bringup/launch/navigation.launch.py -> /home/ubuntu/ros2-rover/install/tractor_bringup/share/tractor_bringup/launch
[5.380s] symbolically linking /home/ubuntu/ros2-rover/build/tractor_bringup/launch/robot_description.launch.py -> /home/ubuntu/ros2-rover/install/tractor_bringup/share/tractor_bringup/launch
[5.381s] symbolically linking /home/ubuntu/ros2-rover/build/tractor_bringup/launch/sensors.launch.py -> /home/ubuntu/ros2-rover/install/tractor_bringup/share/tractor_bringup/launch
[5.382s] symbolically linking /home/ubuntu/ros2-rover/build/tractor_bringup/launch/tractor_bringup.launch.py -> /home/ubuntu/ros2-rover/install/tractor_bringup/share/tractor_bringup/launch
[5.384s] symbolically linking /home/ubuntu/ros2-rover/build/tractor_bringup/launch/tractor_gazebo.launch.py -> /home/ubuntu/ros2-rover/install/tractor_bringup/share/tractor_bringup/launch
[5.384s] symbolically linking /home/ubuntu/ros2-rover/build/tractor_bringup/launch/tractor_sim.launch.py -> /home/ubuntu/ros2-rover/install/tractor_bringup/share/tractor_bringup/launch
[5.385s] symbolically linking /home/ubuntu/ros2-rover/build/tractor_bringup/launch/vision.launch.py -> /home/ubuntu/ros2-rover/install/tractor_bringup/share/tractor_bringup/launch
[5.386s] symbolically linking /home/ubuntu/ros2-rover/build/tractor_bringup/launch/hiwonder_control.launch.py -> /home/ubuntu/ros2-rover/install/tractor_bringup/share/tractor_bringup/launch
[5.387s] symbolically linking /home/ubuntu/ros2-rover/build/tractor_bringup/launch/robot_localization.launch.py -> /home/ubuntu/ros2-rover/install/tractor_bringup/share/tractor_bringup/launch
[5.388s] symbolically linking /home/ubuntu/ros2-rover/build/tractor_bringup/launch/slam_mapping.launch.py -> /home/ubuntu/ros2-rover/install/tractor_bringup/share/tractor_bringup/launch
[5.391s] symbolically linking /home/ubuntu/ros2-rover/build/tractor_bringup/launch/control_with_feedback.launch.py -> /home/ubuntu/ros2-rover/install/tractor_bringup/share/tractor_bringup/launch
[5.391s] symbolically linking /home/ubuntu/ros2-rover/build/tractor_bringup/launch/xbox_teleop_with_feedback.launch.py -> /home/ubuntu/ros2-rover/install/tractor_bringup/share/tractor_bringup/launch
[5.392s] symbolically linking /home/ubuntu/ros2-rover/build/tractor_bringup/launch/autonomous_mapping.launch.py -> /home/ubuntu/ros2-rover/install/tractor_bringup/share/tractor_bringup/launch
[5.393s] symbolically linking /home/ubuntu/ros2-rover/build/tractor_bringup/urdf/tractor.urdf.xacro -> /home/ubuntu/ros2-rover/install/tractor_bringup/share/tractor_bringup/urdf
[5.393s] symbolically linking /home/ubuntu/ros2-rover/build/tractor_bringup/config/nav2_params.yaml -> /home/ubuntu/ros2-rover/install/tractor_bringup/share/tractor_bringup/config
[5.394s] symbolically linking /home/ubuntu/ros2-rover/build/tractor_bringup/config/robot_localization.yaml -> /home/ubuntu/ros2-rover/install/tractor_bringup/share/tractor_bringup/config
[5.394s] symbolically linking /home/ubuntu/ros2-rover/build/tractor_bringup/config/slam_toolbox_params.yaml -> /home/ubuntu/ros2-rover/install/tractor_bringup/share/tractor_bringup/config
[5.395s] symbolically linking /home/ubuntu/ros2-rover/build/tractor_bringup/config/hiwonder_motor_params.yaml -> /home/ubuntu/ros2-rover/install/tractor_bringup/share/tractor_bringup/config
[5.395s] symbolically linking /home/ubuntu/ros2-rover/build/tractor_bringup/config/realsense_config.yaml -> /home/ubuntu/ros2-rover/install/tractor_bringup/share/tractor_bringup/config
[5.396s] symbolically linking /home/ubuntu/ros2-rover/build/tractor_bringup/maps/yard_map.yaml -> /home/ubuntu/ros2-rover/install/tractor_bringup/share/tractor_bringup/maps
[5.396s] symbolically linking /home/ubuntu/ros2-rover/build/tractor_bringup/maps/yard_map.pgm -> /home/ubuntu/ros2-rover/install/tractor_bringup/share/tractor_bringup/maps
[5.627s] Invoked command in '/home/ubuntu/ros2-rover/build/tractor_bringup' returned '0': PYTHONPATH=/home/ubuntu/ros2-rover/build/tractor_bringup/prefix_override:/usr/lib/python3/dist-packages/colcon_core/task/python/colcon_distutils_commands:/home/ubuntu/ros2-rover/install/tractor_bringup/lib/python3.12/site-packages:${PYTHONPATH} /usr/bin/python3 -W ignore:setup.py install is deprecated -W ignore:easy_install command is deprecated setup.py develop --editable --build-directory /home/ubuntu/ros2-rover/build/tractor_bringup/build --no-deps symlink_data --force
