[3.975s] Invoking command in '/home/ubuntu/ros2-rover/src/tractor_control': PYTHONPATH=/home/ubuntu/ros2-rover/build/tractor_control/prefix_override:/usr/lib/python3/dist-packages/colcon_core/task/python/colcon_distutils_commands:/home/ubuntu/ros2-rover/install/tractor_control/lib/python3.12/site-packages:${PYTHONPATH} /usr/bin/python3 -W ignore:setup.py install is deprecated -W ignore:easy_install command is deprecated setup.py egg_info --egg-base ../../build/tractor_control build --build-base /home/ubuntu/ros2-rover/build/tractor_control/build install --record /home/ubuntu/ros2-rover/build/tractor_control/install.log --single-version-externally-managed install_data
[4.415s] running egg_info
[4.446s] writing ../../build/tractor_control/tractor_control.egg-info/PKG-INFO
[4.447s] writing dependency_links to ../../build/tractor_control/tractor_control.egg-info/dependency_links.txt
[4.447s] writing entry points to ../../build/tractor_control/tractor_control.egg-info/entry_points.txt
[4.448s] writing requirements to ../../build/tractor_control/tractor_control.egg-info/requires.txt
[4.448s] writing top-level names to ../../build/tractor_control/tractor_control.egg-info/top_level.txt
[4.511s] reading manifest file '../../build/tractor_control/tractor_control.egg-info/SOURCES.txt'
[4.513s] writing manifest file '../../build/tractor_control/tractor_control.egg-info/SOURCES.txt'
[4.513s] running build
[4.514s] running build_py
[4.514s] running install
[4.524s] running install_lib
[4.558s] running install_data
[4.558s] running install_egg_info
[4.592s] removing '/home/ubuntu/ros2-rover/install/tractor_control/lib/python3.12/site-packages/tractor_control-0.0.0-py3.12.egg-info' (and everything under it)
[4.593s] Copying ../../build/tractor_control/tractor_control.egg-info to /home/ubuntu/ros2-rover/install/tractor_control/lib/python3.12/site-packages/tractor_control-0.0.0-py3.12.egg-info
[4.594s] running install_scripts
[4.813s] Installing hiwonder_motor_driver script to /home/ubuntu/ros2-rover/install/tractor_control/lib/tractor_control
[4.813s] Installing xbox_controller_teleop script to /home/ubuntu/ros2-rover/install/tractor_control/lib/tractor_control
[4.814s] writing list of installed files to '/home/ubuntu/ros2-rover/build/tractor_control/install.log'
[4.901s] Invoked command in '/home/ubuntu/ros2-rover/src/tractor_control' returned '0': PYTHONPATH=/home/ubuntu/ros2-rover/build/tractor_control/prefix_override:/usr/lib/python3/dist-packages/colcon_core/task/python/colcon_distutils_commands:/home/ubuntu/ros2-rover/install/tractor_control/lib/python3.12/site-packages:${PYTHONPATH} /usr/bin/python3 -W ignore:setup.py install is deprecated -W ignore:easy_install command is deprecated setup.py egg_info --egg-base ../../build/tractor_control build --build-base /home/ubuntu/ros2-rover/build/tractor_control/build install --record /home/ubuntu/ros2-rover/build/tractor_control/install.log --single-version-externally-managed install_data
