[4.587s] Invoking command in '/home/ubuntu/ros2-rover/build/tractor_control': PYTHONPATH=/home/ubuntu/ros2-rover/build/tractor_control/prefix_override:/usr/lib/python3/dist-packages/colcon_core/task/python/colcon_distutils_commands:/home/ubuntu/ros2-rover/install/tractor_control/lib/python3.12/site-packages:${PYTHONPATH} /usr/bin/python3 -W ignore:setup.py install is deprecated -W ignore:easy_install command is deprecated setup.py develop --editable --build-directory /home/ubuntu/ros2-rover/build/tractor_control/build --no-deps symlink_data --force
[5.830s] running develop
[6.154s] running egg_info
[6.188s] writing tractor_control.egg-info/PKG-INFO
[6.189s] writing dependency_links to tractor_control.egg-info/dependency_links.txt
[6.190s] writing entry points to tractor_control.egg-info/entry_points.txt
[6.191s] writing requirements to tractor_control.egg-info/requires.txt
[6.191s] writing top-level names to tractor_control.egg-info/top_level.txt
[6.259s] reading manifest file 'tractor_control.egg-info/SOURCES.txt'
[6.260s] writing manifest file 'tractor_control.egg-info/SOURCES.txt'
[6.296s] running build_ext
[6.297s] Creating /home/ubuntu/ros2-rover/install/tractor_control/lib/python3.12/site-packages/tractor-control.egg-link (link to .)
[6.298s] Installing hiwonder_motor_driver script to /home/ubuntu/ros2-rover/install/tractor_control/lib/tractor_control
[6.298s] Installing velocity_feedback_controller script to /home/ubuntu/ros2-rover/install/tractor_control/lib/tractor_control
[6.299s] Installing xbox_controller_teleop script to /home/ubuntu/ros2-rover/install/tractor_control/lib/tractor_control
[6.300s] 
[6.300s] Installed /home/ubuntu/ros2-rover/build/tractor_control
[6.301s] running symlink_data
[6.301s] symbolically linking /home/ubuntu/ros2-rover/build/tractor_control/resource/tractor_control -> /home/ubuntu/ros2-rover/install/tractor_control/share/ament_index/resource_index/packages
[6.302s] symbolically linking /home/ubuntu/ros2-rover/build/tractor_control/package.xml -> /home/ubuntu/ros2-rover/install/tractor_control/share/tractor_control
[6.387s] Invoked command in '/home/ubuntu/ros2-rover/build/tractor_control' returned '0': PYTHONPATH=/home/ubuntu/ros2-rover/build/tractor_control/prefix_override:/usr/lib/python3/dist-packages/colcon_core/task/python/colcon_distutils_commands:/home/ubuntu/ros2-rover/install/tractor_control/lib/python3.12/site-packages:${PYTHONPATH} /usr/bin/python3 -W ignore:setup.py install is deprecated -W ignore:easy_install command is deprecated setup.py develop --editable --build-directory /home/ubuntu/ros2-rover/build/tractor_control/build --no-deps symlink_data --force
