[4.225s] Invoking command in '/home/ubuntu/ros2-rover/build/tractor_implements': PYTHONPATH=/home/ubuntu/ros2-rover/build/tractor_implements/prefix_override:/usr/lib/python3/dist-packages/colcon_core/task/python/colcon_distutils_commands:/home/ubuntu/ros2-rover/install/tractor_implements/lib/python3.12/site-packages:${PYTHONPATH} /usr/bin/python3 -W ignore:setup.py install is deprecated -W ignore:easy_install command is deprecated setup.py develop --uninstall --editable --build-directory /home/ubuntu/ros2-rover/build/tractor_implements/build
[4.740s] running develop
[5.083s] Removing /home/ubuntu/ros2-rover/install/tractor_implements/lib/python3.12/site-packages/tractor-implements.egg-link (link to .)
[5.178s] Invoked command in '/home/ubuntu/ros2-rover/build/tractor_implements' returned '0': PYTHONPATH=/home/ubuntu/ros2-rover/build/tractor_implements/prefix_override:/usr/lib/python3/dist-packages/colcon_core/task/python/colcon_distutils_commands:/home/ubuntu/ros2-rover/install/tractor_implements/lib/python3.12/site-packages:${PYTHONPATH} /usr/bin/python3 -W ignore:setup.py install is deprecated -W ignore:easy_install command is deprecated setup.py develop --uninstall --editable --build-directory /home/ubuntu/ros2-rover/build/tractor_implements/build
[5.179s] Invoking command in '/home/ubuntu/ros2-rover/src/tractor_implements': PYTHONPATH=/home/ubuntu/ros2-rover/build/tractor_implements/prefix_override:/usr/lib/python3/dist-packages/colcon_core/task/python/colcon_distutils_commands:/home/ubuntu/ros2-rover/install/tractor_implements/lib/python3.12/site-packages:${PYTHONPATH} /usr/bin/python3 -W ignore:setup.py install is deprecated -W ignore:easy_install command is deprecated setup.py egg_info --egg-base ../../build/tractor_implements build --build-base /home/ubuntu/ros2-rover/build/tractor_implements/build install --record /home/ubuntu/ros2-rover/build/tractor_implements/install.log --single-version-externally-managed install_data --force
[6.113s] running egg_info
[6.114s] writing ../../build/tractor_implements/tractor_implements.egg-info/PKG-INFO
[6.115s] writing dependency_links to ../../build/tractor_implements/tractor_implements.egg-info/dependency_links.txt
[6.115s] writing entry points to ../../build/tractor_implements/tractor_implements.egg-info/entry_points.txt
[6.116s] writing requirements to ../../build/tractor_implements/tractor_implements.egg-info/requires.txt
[6.116s] writing top-level names to ../../build/tractor_implements/tractor_implements.egg-info/top_level.txt
[6.177s] reading manifest file '../../build/tractor_implements/tractor_implements.egg-info/SOURCES.txt'
[6.178s] writing manifest file '../../build/tractor_implements/tractor_implements.egg-info/SOURCES.txt'
[6.179s] running build
[6.179s] running build_py
[6.180s] running install
[6.189s] running install_lib
[6.221s] creating /home/ubuntu/ros2-rover/install/tractor_implements/lib/python3.12/site-packages/tractor_implements
[6.222s] copying /home/ubuntu/ros2-rover/build/tractor_implements/build/lib/tractor_implements/mower_controller.py -> /home/ubuntu/ros2-rover/install/tractor_implements/lib/python3.12/site-packages/tractor_implements
[6.222s] copying /home/ubuntu/ros2-rover/build/tractor_implements/build/lib/tractor_implements/sprayer_controller.py -> /home/ubuntu/ros2-rover/install/tractor_implements/lib/python3.12/site-packages/tractor_implements
[6.223s] copying /home/ubuntu/ros2-rover/build/tractor_implements/build/lib/tractor_implements/__init__.py -> /home/ubuntu/ros2-rover/install/tractor_implements/lib/python3.12/site-packages/tractor_implements
[6.226s] byte-compiling /home/ubuntu/ros2-rover/install/tractor_implements/lib/python3.12/site-packages/tractor_implements/mower_controller.py to mower_controller.cpython-312.pyc
[6.239s] byte-compiling /home/ubuntu/ros2-rover/install/tractor_implements/lib/python3.12/site-packages/tractor_implements/sprayer_controller.py to sprayer_controller.cpython-312.pyc
[6.248s] byte-compiling /home/ubuntu/ros2-rover/install/tractor_implements/lib/python3.12/site-packages/tractor_implements/__init__.py to __init__.cpython-312.pyc
[6.249s] running install_data
[6.249s] copying resource/tractor_implements -> /home/ubuntu/ros2-rover/install/tractor_implements/share/ament_index/resource_index/packages
[6.250s] copying package.xml -> /home/ubuntu/ros2-rover/install/tractor_implements/share/tractor_implements
[6.250s] running install_egg_info
[6.284s] Copying ../../build/tractor_implements/tractor_implements.egg-info to /home/ubuntu/ros2-rover/install/tractor_implements/lib/python3.12/site-packages/tractor_implements-0.0.0-py3.12.egg-info
[6.287s] running install_scripts
[6.526s] Installing mower_controller script to /home/ubuntu/ros2-rover/install/tractor_implements/lib/tractor_implements
[6.526s] Installing sprayer_controller script to /home/ubuntu/ros2-rover/install/tractor_implements/lib/tractor_implements
[6.527s] writing list of installed files to '/home/ubuntu/ros2-rover/build/tractor_implements/install.log'
[6.605s] Invoked command in '/home/ubuntu/ros2-rover/src/tractor_implements' returned '0': PYTHONPATH=/home/ubuntu/ros2-rover/build/tractor_implements/prefix_override:/usr/lib/python3/dist-packages/colcon_core/task/python/colcon_distutils_commands:/home/ubuntu/ros2-rover/install/tractor_implements/lib/python3.12/site-packages:${PYTHONPATH} /usr/bin/python3 -W ignore:setup.py install is deprecated -W ignore:easy_install command is deprecated setup.py egg_info --egg-base ../../build/tractor_implements build --build-base /home/ubuntu/ros2-rover/build/tractor_implements/build install --record /home/ubuntu/ros2-rover/build/tractor_implements/install.log --single-version-externally-managed install_data --force
