[6.145s] Invoking command in '/home/ubuntu/ros2-rover/build/tractor_control': PYTHONPATH=/home/ubuntu/ros2-rover/build/tractor_control/prefix_override:/usr/lib/python3/dist-packages/colcon_core/task/python/colcon_distutils_commands:/home/ubuntu/ros2-rover/install/tractor_control/lib/python3.12/site-packages:${PYTHONPATH} /usr/bin/python3 -W ignore:setup.py install is deprecated -W ignore:easy_install command is deprecated setup.py develop --uninstall --editable --build-directory /home/ubuntu/ros2-rover/build/tractor_control/build
[6.704s] running develop
[7.037s] Removing /home/ubuntu/ros2-rover/install/tractor_control/lib/python3.12/site-packages/tractor-control.egg-link (link to .)
[7.190s] Invoked command in '/home/ubuntu/ros2-rover/build/tractor_control' returned '0': PYTHONPATH=/home/ubuntu/ros2-rover/build/tractor_control/prefix_override:/usr/lib/python3/dist-packages/colcon_core/task/python/colcon_distutils_commands:/home/ubuntu/ros2-rover/install/tractor_control/lib/python3.12/site-packages:${PYTHONPATH} /usr/bin/python3 -W ignore:setup.py install is deprecated -W ignore:easy_install command is deprecated setup.py develop --uninstall --editable --build-directory /home/ubuntu/ros2-rover/build/tractor_control/build
[7.191s] Invoking command in '/home/ubuntu/ros2-rover/src/tractor_control': PYTHONPATH=/home/ubuntu/ros2-rover/build/tractor_control/prefix_override:/usr/lib/python3/dist-packages/colcon_core/task/python/colcon_distutils_commands:/home/ubuntu/ros2-rover/install/tractor_control/lib/python3.12/site-packages:${PYTHONPATH} /usr/bin/python3 -W ignore:setup.py install is deprecated -W ignore:easy_install command is deprecated setup.py egg_info --egg-base ../../build/tractor_control build --build-base /home/ubuntu/ros2-rover/build/tractor_control/build install --record /home/ubuntu/ros2-rover/build/tractor_control/install.log --single-version-externally-managed install_data --force
[7.642s] running egg_info
[7.679s] writing ../../build/tractor_control/tractor_control.egg-info/PKG-INFO
[7.680s] writing dependency_links to ../../build/tractor_control/tractor_control.egg-info/dependency_links.txt
[7.681s] writing entry points to ../../build/tractor_control/tractor_control.egg-info/entry_points.txt
[7.682s] writing requirements to ../../build/tractor_control/tractor_control.egg-info/requires.txt
[7.682s] writing top-level names to ../../build/tractor_control/tractor_control.egg-info/top_level.txt
[7.753s] reading manifest file '../../build/tractor_control/tractor_control.egg-info/SOURCES.txt'
[7.754s] writing manifest file '../../build/tractor_control/tractor_control.egg-info/SOURCES.txt'
[7.755s] running build
[7.756s] running build_py
[7.756s] running install
[7.767s] running install_lib
[7.803s] copying /home/ubuntu/ros2-rover/build/tractor_control/build/lib/tractor_control/hiwonder_motor_driver.py -> /home/ubuntu/ros2-rover/install/tractor_control/lib/python3.12/site-packages/tractor_control
[7.803s] copying /home/ubuntu/ros2-rover/build/tractor_control/build/lib/tractor_control/xbox_controller_teleop.py -> /home/ubuntu/ros2-rover/install/tractor_control/lib/python3.12/site-packages/tractor_control
[7.804s] copying /home/ubuntu/ros2-rover/build/tractor_control/build/lib/tractor_control/velocity_feedback_controller.py -> /home/ubuntu/ros2-rover/install/tractor_control/lib/python3.12/site-packages/tractor_control
[7.804s] copying /home/ubuntu/ros2-rover/build/tractor_control/build/lib/tractor_control/__init__.py -> /home/ubuntu/ros2-rover/install/tractor_control/lib/python3.12/site-packages/tractor_control
[7.806s] byte-compiling /home/ubuntu/ros2-rover/install/tractor_control/lib/python3.12/site-packages/tractor_control/hiwonder_motor_driver.py to hiwonder_motor_driver.cpython-312.pyc
[7.814s] byte-compiling /home/ubuntu/ros2-rover/install/tractor_control/lib/python3.12/site-packages/tractor_control/xbox_controller_teleop.py to xbox_controller_teleop.cpython-312.pyc
[7.817s] byte-compiling /home/ubuntu/ros2-rover/install/tractor_control/lib/python3.12/site-packages/tractor_control/velocity_feedback_controller.py to velocity_feedback_controller.cpython-312.pyc
[7.821s] byte-compiling /home/ubuntu/ros2-rover/install/tractor_control/lib/python3.12/site-packages/tractor_control/__init__.py to __init__.cpython-312.pyc
[7.822s] running install_data
[7.822s] copying resource/tractor_control -> /home/ubuntu/ros2-rover/install/tractor_control/share/ament_index/resource_index/packages
[7.822s] copying package.xml -> /home/ubuntu/ros2-rover/install/tractor_control/share/tractor_control
[7.822s] running install_egg_info
[7.861s] Copying ../../build/tractor_control/tractor_control.egg-info to /home/ubuntu/ros2-rover/install/tractor_control/lib/python3.12/site-packages/tractor_control-0.0.0-py3.12.egg-info
[7.863s] running install_scripts
[8.089s] Installing hiwonder_motor_driver script to /home/ubuntu/ros2-rover/install/tractor_control/lib/tractor_control
[8.089s] Installing velocity_feedback_controller script to /home/ubuntu/ros2-rover/install/tractor_control/lib/tractor_control
[8.090s] Installing xbox_controller_teleop script to /home/ubuntu/ros2-rover/install/tractor_control/lib/tractor_control
[8.090s] writing list of installed files to '/home/ubuntu/ros2-rover/build/tractor_control/install.log'
[8.190s] Invoked command in '/home/ubuntu/ros2-rover/src/tractor_control' returned '0': PYTHONPATH=/home/ubuntu/ros2-rover/build/tractor_control/prefix_override:/usr/lib/python3/dist-packages/colcon_core/task/python/colcon_distutils_commands:/home/ubuntu/ros2-rover/install/tractor_control/lib/python3.12/site-packages:${PYTHONPATH} /usr/bin/python3 -W ignore:setup.py install is deprecated -W ignore:easy_install command is deprecated setup.py egg_info --egg-base ../../build/tractor_control build --build-base /home/ubuntu/ros2-rover/build/tractor_control/build install --record /home/ubuntu/ros2-rover/build/tractor_control/install.log --single-version-externally-managed install_data --force
