[3.973s] Invoking command in '/home/ubuntu/ros2-rover/src/tractor_implements': PYTHONPATH=/home/ubuntu/ros2-rover/build/tractor_implements/prefix_override:/usr/lib/python3/dist-packages/colcon_core/task/python/colcon_distutils_commands:/home/ubuntu/ros2-rover/install/tractor_implements/lib/python3.12/site-packages:${PYTHONPATH} /usr/bin/python3 -W ignore:setup.py install is deprecated -W ignore:easy_install command is deprecated setup.py egg_info --egg-base ../../build/tractor_implements build --build-base /home/ubuntu/ros2-rover/build/tractor_implements/build install --record /home/ubuntu/ros2-rover/build/tractor_implements/install.log --single-version-externally-managed install_data
[4.964s] running egg_info
[5.006s] writing ../../build/tractor_implements/tractor_implements.egg-info/PKG-INFO
[5.007s] writing dependency_links to ../../build/tractor_implements/tractor_implements.egg-info/dependency_links.txt
[5.007s] writing entry points to ../../build/tractor_implements/tractor_implements.egg-info/entry_points.txt
[5.007s] writing requirements to ../../build/tractor_implements/tractor_implements.egg-info/requires.txt
[5.007s] writing top-level names to ../../build/tractor_implements/tractor_implements.egg-info/top_level.txt
[5.095s] reading manifest file '../../build/tractor_implements/tractor_implements.egg-info/SOURCES.txt'
[5.096s] writing manifest file '../../build/tractor_implements/tractor_implements.egg-info/SOURCES.txt'
[5.097s] running build
[5.098s] running build_py
[5.098s] running install
[5.110s] running install_lib
[5.143s] running install_data
[5.146s] running install_egg_info
[5.178s] removing '/home/ubuntu/ros2-rover/install/tractor_implements/lib/python3.12/site-packages/tractor_implements-0.0.0-py3.12.egg-info' (and everything under it)
[5.179s] Copying ../../build/tractor_implements/tractor_implements.egg-info to /home/ubuntu/ros2-rover/install/tractor_implements/lib/python3.12/site-packages/tractor_implements-0.0.0-py3.12.egg-info
[5.180s] running install_scripts
[5.401s] Installing mower_controller script to /home/ubuntu/ros2-rover/install/tractor_implements/lib/tractor_implements
[5.401s] Installing sprayer_controller script to /home/ubuntu/ros2-rover/install/tractor_implements/lib/tractor_implements
[5.402s] writing list of installed files to '/home/ubuntu/ros2-rover/build/tractor_implements/install.log'
[5.496s] Invoked command in '/home/ubuntu/ros2-rover/src/tractor_implements' returned '0': PYTHONPATH=/home/ubuntu/ros2-rover/build/tractor_implements/prefix_override:/usr/lib/python3/dist-packages/colcon_core/task/python/colcon_distutils_commands:/home/ubuntu/ros2-rover/install/tractor_implements/lib/python3.12/site-packages:${PYTHONPATH} /usr/bin/python3 -W ignore:setup.py install is deprecated -W ignore:easy_install command is deprecated setup.py egg_info --egg-base ../../build/tractor_implements build --build-base /home/ubuntu/ros2-rover/build/tractor_implements/build install --record /home/ubuntu/ros2-rover/build/tractor_implements/install.log --single-version-externally-managed install_data
