running egg_info
writing ../../build/tractor_bringup/tractor_bringup.egg-info/PKG-INFO
writing dependency_links to ../../build/tractor_bringup/tractor_bringup.egg-info/dependency_links.txt
writing entry points to ../../build/tractor_bringup/tractor_bringup.egg-info/entry_points.txt
writing requirements to ../../build/tractor_bringup/tractor_bringup.egg-info/requires.txt
writing top-level names to ../../build/tractor_bringup/tractor_bringup.egg-info/top_level.txt
reading manifest file '../../build/tractor_bringup/tractor_bringup.egg-info/SOURCES.txt'
writing manifest file '../../build/tractor_bringup/tractor_bringup.egg-info/SOURCES.txt'
running build
running build_py
copying tractor_bringup/npu_exploration.py -> /home/ubuntu/ros2-rover/build/tractor_bringup/build/lib/tractor_bringup
copying tractor_bringup/rknn_trainer.py -> /home/ubuntu/ros2-rover/build/tractor_bringup/build/lib/tractor_bringup
running install
running install_lib
copying /home/ubuntu/ros2-rover/build/tractor_bringup/build/lib/tractor_bringup/npu_exploration.py -> /home/ubuntu/ros2-rover/install/tractor_bringup/lib/python3.12/site-packages/tractor_bringup
copying /home/ubuntu/ros2-rover/build/tractor_bringup/build/lib/tractor_bringup/rknn_trainer.py -> /home/ubuntu/ros2-rover/install/tractor_bringup/lib/python3.12/site-packages/tractor_bringup
byte-compiling /home/ubuntu/ros2-rover/install/tractor_bringup/lib/python3.12/site-packages/tractor_bringup/npu_exploration.py to npu_exploration.cpython-312.pyc
byte-compiling /home/ubuntu/ros2-rover/install/tractor_bringup/lib/python3.12/site-packages/tractor_bringup/rknn_trainer.py to rknn_trainer.cpython-312.pyc
running install_data
running install_egg_info
removing '/home/ubuntu/ros2-rover/install/tractor_bringup/lib/python3.12/site-packages/tractor_bringup-0.0.0-py3.12.egg-info' (and everything under it)
Copying ../../build/tractor_bringup/tractor_bringup.egg-info to /home/ubuntu/ros2-rover/install/tractor_bringup/lib/python3.12/site-packages/tractor_bringup-0.0.0-py3.12.egg-info
running install_scripts
Installing autonomous_mapping.py script to /home/ubuntu/ros2-rover/install/tractor_bringup/lib/tractor_bringup
Installing frontier_explorer.py script to /home/ubuntu/ros2-rover/install/tractor_bringup/lib/tractor_bringup
Installing npu_exploration.py script to /home/ubuntu/ros2-rover/install/tractor_bringup/lib/tractor_bringup
Installing safety_monitor.py script to /home/ubuntu/ros2-rover/install/tractor_bringup/lib/tractor_bringup
Installing simple_safety_monitor.py script to /home/ubuntu/ros2-rover/install/tractor_bringup/lib/tractor_bringup
writing list of installed files to '/home/ubuntu/ros2-rover/build/tractor_bringup/install.log'
