[1.678s] Invoking command in '/home/ubuntu/ros2-rover/build/tractor_bringup': PYTHONPATH=/home/ubuntu/ros2-rover/build/tractor_bringup/prefix_override:/usr/lib/python3/dist-packages/colcon_core/task/python/colcon_distutils_commands:/home/ubuntu/ros2-rover/install/tractor_bringup/lib/python3.12/site-packages:${PYTHONPATH} /usr/bin/python3 -W ignore:setup.py install is deprecated -W ignore:easy_install command is deprecated setup.py develop --uninstall --editable --build-directory /home/ubuntu/ros2-rover/build/tractor_bringup/build
[2.236s] running develop
[2.568s] Removing /home/ubuntu/ros2-rover/install/tractor_bringup/lib/python3.12/site-packages/tractor-bringup.egg-link (link to .)
[2.665s] Invoked command in '/home/ubuntu/ros2-rover/build/tractor_bringup' returned '0': PYTHONPATH=/home/ubuntu/ros2-rover/build/tractor_bringup/prefix_override:/usr/lib/python3/dist-packages/colcon_core/task/python/colcon_distutils_commands:/home/ubuntu/ros2-rover/install/tractor_bringup/lib/python3.12/site-packages:${PYTHONPATH} /usr/bin/python3 -W ignore:setup.py install is deprecated -W ignore:easy_install command is deprecated setup.py develop --uninstall --editable --build-directory /home/ubuntu/ros2-rover/build/tractor_bringup/build
[2.669s] Invoking command in '/home/ubuntu/ros2-rover/src/tractor_bringup': PYTHONPATH=/home/ubuntu/ros2-rover/build/tractor_bringup/prefix_override:/usr/lib/python3/dist-packages/colcon_core/task/python/colcon_distutils_commands:/home/ubuntu/ros2-rover/install/tractor_bringup/lib/python3.12/site-packages:${PYTHONPATH} /usr/bin/python3 -W ignore:setup.py install is deprecated -W ignore:easy_install command is deprecated setup.py egg_info --egg-base ../../build/tractor_bringup build --build-base /home/ubuntu/ros2-rover/build/tractor_bringup/build install --record /home/ubuntu/ros2-rover/build/tractor_bringup/install.log --single-version-externally-managed install_data --force
[3.101s] running egg_info
[3.133s] writing ../../build/tractor_bringup/tractor_bringup.egg-info/PKG-INFO
[3.133s] writing dependency_links to ../../build/tractor_bringup/tractor_bringup.egg-info/dependency_links.txt
[3.134s] writing entry points to ../../build/tractor_bringup/tractor_bringup.egg-info/entry_points.txt
[3.134s] writing requirements to ../../build/tractor_bringup/tractor_bringup.egg-info/requires.txt
[3.135s] writing top-level names to ../../build/tractor_bringup/tractor_bringup.egg-info/top_level.txt
[3.203s] reading manifest file '../../build/tractor_bringup/tractor_bringup.egg-info/SOURCES.txt'
[3.205s] writing manifest file '../../build/tractor_bringup/tractor_bringup.egg-info/SOURCES.txt'
[3.206s] running build
[3.206s] running build_py
[3.206s] running install
[3.216s] running install_lib
[3.252s] creating /home/ubuntu/ros2-rover/install/tractor_bringup/lib/python3.12/site-packages/tractor_bringup
[3.253s] copying /home/ubuntu/ros2-rover/build/tractor_bringup/build/lib/tractor_bringup/autonomous_mapping.py -> /home/ubuntu/ros2-rover/install/tractor_bringup/lib/python3.12/site-packages/tractor_bringup
[3.254s] copying /home/ubuntu/ros2-rover/build/tractor_bringup/build/lib/tractor_bringup/safety_monitor.py -> /home/ubuntu/ros2-rover/install/tractor_bringup/lib/python3.12/site-packages/tractor_bringup
[3.254s] copying /home/ubuntu/ros2-rover/build/tractor_bringup/build/lib/tractor_bringup/__init__.py -> /home/ubuntu/ros2-rover/install/tractor_bringup/lib/python3.12/site-packages/tractor_bringup
[3.254s] byte-compiling /home/ubuntu/ros2-rover/install/tractor_bringup/lib/python3.12/site-packages/tractor_bringup/autonomous_mapping.py to autonomous_mapping.cpython-312.pyc
[3.259s] byte-compiling /home/ubuntu/ros2-rover/install/tractor_bringup/lib/python3.12/site-packages/tractor_bringup/safety_monitor.py to safety_monitor.cpython-312.pyc
[3.262s] byte-compiling /home/ubuntu/ros2-rover/install/tractor_bringup/lib/python3.12/site-packages/tractor_bringup/__init__.py to __init__.cpython-312.pyc
[3.263s] running install_data
[3.264s] copying resource/tractor_bringup -> /home/ubuntu/ros2-rover/install/tractor_bringup/share/ament_index/resource_index/packages
[3.265s] copying package.xml -> /home/ubuntu/ros2-rover/install/tractor_bringup/share/tractor_bringup
[3.266s] copying launch/control.launch.py -> /home/ubuntu/ros2-rover/install/tractor_bringup/share/tractor_bringup/launch
[3.268s] copying launch/implements.launch.py -> /home/ubuntu/ros2-rover/install/tractor_bringup/share/tractor_bringup/launch
[3.269s] copying launch/navigation.launch.py -> /home/ubuntu/ros2-rover/install/tractor_bringup/share/tractor_bringup/launch
[3.269s] copying launch/robot_description.launch.py -> /home/ubuntu/ros2-rover/install/tractor_bringup/share/tractor_bringup/launch
[3.270s] copying launch/sensors.launch.py -> /home/ubuntu/ros2-rover/install/tractor_bringup/share/tractor_bringup/launch
[3.270s] copying launch/tractor_bringup.launch.py -> /home/ubuntu/ros2-rover/install/tractor_bringup/share/tractor_bringup/launch
[3.270s] copying launch/tractor_gazebo.launch.py -> /home/ubuntu/ros2-rover/install/tractor_bringup/share/tractor_bringup/launch
[3.271s] copying launch/tractor_sim.launch.py -> /home/ubuntu/ros2-rover/install/tractor_bringup/share/tractor_bringup/launch
[3.271s] copying launch/vision.launch.py -> /home/ubuntu/ros2-rover/install/tractor_bringup/share/tractor_bringup/launch
[3.272s] copying launch/hiwonder_control.launch.py -> /home/ubuntu/ros2-rover/install/tractor_bringup/share/tractor_bringup/launch
[3.272s] copying launch/robot_localization.launch.py -> /home/ubuntu/ros2-rover/install/tractor_bringup/share/tractor_bringup/launch
[3.273s] copying launch/slam_mapping.launch.py -> /home/ubuntu/ros2-rover/install/tractor_bringup/share/tractor_bringup/launch
[3.273s] copying launch/control_with_feedback.launch.py -> /home/ubuntu/ros2-rover/install/tractor_bringup/share/tractor_bringup/launch
[3.273s] copying launch/xbox_teleop_with_feedback.launch.py -> /home/ubuntu/ros2-rover/install/tractor_bringup/share/tractor_bringup/launch
[3.274s] copying launch/realsense_opencv.launch.py -> /home/ubuntu/ros2-rover/install/tractor_bringup/share/tractor_bringup/launch
[3.274s] copying launch/realsense_nav2.launch.py -> /home/ubuntu/ros2-rover/install/tractor_bringup/share/tractor_bringup/launch
[3.275s] copying launch/autonomous_mapping.launch.py -> /home/ubuntu/ros2-rover/install/tractor_bringup/share/tractor_bringup/launch
[3.275s] copying urdf/tractor.urdf.xacro -> /home/ubuntu/ros2-rover/install/tractor_bringup/share/tractor_bringup/urdf
[3.276s] copying config/nav2_params.yaml -> /home/ubuntu/ros2-rover/install/tractor_bringup/share/tractor_bringup/config
[3.276s] copying config/robot_localization.yaml -> /home/ubuntu/ros2-rover/install/tractor_bringup/share/tractor_bringup/config
[3.276s] copying config/slam_toolbox_params.yaml -> /home/ubuntu/ros2-rover/install/tractor_bringup/share/tractor_bringup/config
[3.277s] copying config/hiwonder_motor_params.yaml -> /home/ubuntu/ros2-rover/install/tractor_bringup/share/tractor_bringup/config
[3.277s] copying maps/yard_map.yaml -> /home/ubuntu/ros2-rover/install/tractor_bringup/share/tractor_bringup/maps
[3.278s] copying maps/yard_map.pgm -> /home/ubuntu/ros2-rover/install/tractor_bringup/share/tractor_bringup/maps
[3.278s] running install_egg_info
[3.308s] Copying ../../build/tractor_bringup/tractor_bringup.egg-info to /home/ubuntu/ros2-rover/install/tractor_bringup/lib/python3.12/site-packages/tractor_bringup-0.0.0-py3.12.egg-info
[3.309s] running install_scripts
[3.551s] Installing autonomous_mapping.py script to /home/ubuntu/ros2-rover/install/tractor_bringup/lib/tractor_bringup
[3.551s] Installing safety_monitor.py script to /home/ubuntu/ros2-rover/install/tractor_bringup/lib/tractor_bringup
[3.552s] writing list of installed files to '/home/ubuntu/ros2-rover/build/tractor_bringup/install.log'
[3.677s] Invoked command in '/home/ubuntu/ros2-rover/src/tractor_bringup' returned '0': PYTHONPATH=/home/ubuntu/ros2-rover/build/tractor_bringup/prefix_override:/usr/lib/python3/dist-packages/colcon_core/task/python/colcon_distutils_commands:/home/ubuntu/ros2-rover/install/tractor_bringup/lib/python3.12/site-packages:${PYTHONPATH} /usr/bin/python3 -W ignore:setup.py install is deprecated -W ignore:easy_install command is deprecated setup.py egg_info --egg-base ../../build/tractor_bringup build --build-base /home/ubuntu/ros2-rover/build/tractor_bringup/build install --record /home/ubuntu/ros2-rover/build/tractor_bringup/install.log --single-version-externally-managed install_data --force
